#
# There is insufficient memory for the Java Runtime Environment to continue.
# Native memory allocation (malloc) failed to allocate 783696 bytes for Chunk::new
# Possible reasons:
#   The system is out of physical RAM or swap space
#   In 32 bit mode, the process size limit was hit
# Possible solutions:
#   Reduce memory load on the system
#   Increase physical memory or swap space
#   Check if swap backing store is full
#   Use 64 bit Java on a 64 bit OS
#   Decrease Java heap size (-Xmx/-Xms)
#   Decrease number of Java threads
#   Decrease Java thread stack sizes (-Xss)
#   Set larger code cache with -XX:ReservedCodeCacheSize=
# This output file may be truncated or incomplete.
#
#  Out of Memory Error (allocation.cpp:328), pid=8428, tid=7936
#
# JRE version: 7.0_11-b21
# Java VM: Java HotSpot(TM) 64-Bit Server VM (23.6-b04 mixed mode windows-amd64 compressed oops)
# Failed to write core dump. Minidumps are not enabled by default on client versions of Windows
#

---------------  T H R E A D  ---------------

Current thread (0x000000001bf65800):  JavaThread "C2 CompilerThread1" daemon [_thread_in_native, id=7936, stack(0x000000001d940000,0x000000001da40000)]

Stack: [0x000000001d940000,0x000000001da40000]

Current CompileTask:
C2:   8474  331             com.android.dx.ssa.DeadCodeRemover::run (194 bytes)


---------------  P R O C E S S  ---------------

Java Threads: ( => current thread )
  0x000000001de45000 JavaThread "pool-2-thread-4" [_thread_in_vm, id=6100, stack(0x000000001ea30000,0x000000001eb30000)]
  0x000000001de44800 JavaThread "pool-2-thread-3" [_thread_in_Java, id=3404, stack(0x000000001e840000,0x000000001e940000)]
  0x000000001de44000 JavaThread "pool-2-thread-2" [_thread_in_vm, id=5812, stack(0x000000001e650000,0x000000001e750000)]
  0x000000001de27000 JavaThread "pool-3-thread-1" [_thread_blocked, id=4900, stack(0x000000001e480000,0x000000001e580000)]
  0x000000001de26000 JavaThread "pool-2-thread-1" [_thread_in_Java, id=7840, stack(0x000000001e320000,0x000000001e420000)]
  0x000000001bf66800 JavaThread "Service Thread" daemon [_thread_blocked, id=7656, stack(0x000000001db40000,0x000000001dc40000)]
=>0x000000001bf65800 JavaThread "C2 CompilerThread1" daemon [_thread_in_native, id=7936, stack(0x000000001d940000,0x000000001da40000)]
  0x000000001bf5c000 JavaThread "C2 CompilerThread0" daemon [_thread_in_native, id=8892, stack(0x000000001d730000,0x000000001d830000)]
  0x000000001bf5a800 JavaThread "Attach Listener" daemon [_thread_blocked, id=4176, stack(0x000000001d570000,0x000000001d670000)]
  0x000000001bf53800 JavaThread "Signal Dispatcher" daemon [_thread_blocked, id=4160, stack(0x000000001d430000,0x000000001d530000)]
  0x0000000002627000 JavaThread "Finalizer" daemon [_thread_blocked, id=8940, stack(0x000000001d2f0000,0x000000001d3f0000)]
  0x0000000002620000 JavaThread "Reference Handler" daemon [_thread_blocked, id=7476, stack(0x000000001d170000,0x000000001d270000)]
  0x000000000252c800 JavaThread "main" [_thread_in_Java, id=2476, stack(0x00000000027e0000,0x00000000028e0000)]

Other Threads:
  0x000000001beb1800 VMThread [stack: 0x000000001cf40000,0x000000001d040000] [id=8660]
  0x000000001dc58800 WatcherThread [stack: 0x000000001e150000,0x000000001e250000] [id=9164]

VM state:not at safepoint (normal execution)

VM Mutex/Monitor currently owned by a thread: None

Heap
 PSYoungGen      total 37760K, used 27975K [0x0000000755560000, 0x0000000757f80000, 0x0000000800000000)
  eden space 32384K, 69% used [0x0000000755560000,0x0000000756b79008,0x0000000757500000)
  from space 5376K, 99% used [0x0000000757a40000,0x0000000757f78cb8,0x0000000757f80000)
  to   space 5376K, 0% used [0x0000000757500000,0x0000000757500000,0x0000000757a40000)
 ParOldGen       total 86272K, used 5942K [0x0000000600000000, 0x0000000605440000, 0x0000000755560000)
  object space 86272K, 6% used [0x0000000600000000,0x00000006005cdb78,0x0000000605440000)
 PSPermGen       total 21248K, used 5991K [0x00000005fae00000, 0x00000005fc2c0000, 0x0000000600000000)
  object space 21248K, 28% used [0x00000005fae00000,0x00000005fb3d9d10,0x00000005fc2c0000)

Card table byte_map: [0x00000000058e0000,0x0000000006910000] byte_map_base: 0x0000000002909000

Polling page: 0x0000000000340000

Code Cache  [0x00000000028e0000, 0x0000000002b50000, 0x00000000058e0000)
 total_blobs=576 nmethods=339 adapters=188 free_code_cache=47798Kb largest_free_block=48879488

Compilation events (10 events):
Event: 8.322 Thread 0x000000001bf5c000 nmethod 335 0x0000000002a0c150 code [0x0000000002a0c2a0, 0x0000000002a0c3b8]
Event: 8.322 Thread 0x000000001bf5c000  336             java.lang.Long::numberOfTrailingZeros (116 bytes)
Event: 8.324 Thread 0x000000001bf5c000 nmethod 336 0x0000000002a0bf10 code [0x0000000002a0c040, 0x0000000002a0c0f8]
Event: 8.324 Thread 0x000000001bf5c000  337             com.android.dx.ssa.SsaMethod::getExitBlockIndex (5 bytes)
Event: 8.324 Thread 0x000000001bf5c000 nmethod 337 0x0000000002969410 code [0x0000000002969540, 0x0000000002969598]
Event: 8.324 Thread 0x000000001bf5c000  338             com.android.dx.rop.type.Type::getBasicType (5 bytes)
Event: 8.324 Thread 0x000000001bf5c000 nmethod 338 0x0000000002a0bc90 code [0x0000000002a0bdc0, 0x0000000002a0be18]
Event: 8.324 Thread 0x000000001bf5c000  339             com.android.dx.cf.code.BasicBlocker::addWorkIfNecessary (32 bytes)
Event: 8.325 Thread 0x000000001bf5c000 nmethod 339 0x000000000296b010 code [0x000000000296b160, 0x000000000296b2b8]
Event: 8.325 Thread 0x000000001bf5c000  340             com.android.dx.ssa.back.FirstFitLocalCombiningAllocator::handleNormalUnassociated (99 bytes)

GC Heap History (4 events):
Event: 6.879 GC heap before
{Heap before GC invocations=1 (full 0):
 PSYoungGen      total 37760K, used 32384K [0x0000000755560000, 0x0000000757f80000, 0x0000000800000000)
  eden space 32384K, 100% used [0x0000000755560000,0x0000000757500000,0x0000000757500000)
  from space 5376K, 0% used [0x0000000757a40000,0x0000000757a40000,0x0000000757f80000)
  to   space 5376K, 0% used [0x0000000757500000,0x0000000757500000,0x0000000757a40000)
 ParOldGen       total 86272K, used 0K [0x0000000600000000, 0x0000000605440000, 0x0000000755560000)
  object space 86272K, 0% used [0x0000000600000000,0x0000000600000000,0x0000000605440000)
 PSPermGen       total 21248K, used 5900K [0x00000005fae00000, 0x00000005fc2c0000, 0x0000000600000000)
  object space 21248K, 27% used [0x00000005fae00000,0x00000005fb3c3318,0x00000005fc2c0000)
Event: 7.156 GC heap after
Heap after GC invocations=1 (full 0):
 PSYoungGen      total 37760K, used 5366K [0x0000000755560000, 0x0000000757f80000, 0x0000000800000000)
  eden space 32384K, 0% used [0x0000000755560000,0x0000000755560000,0x0000000757500000)
  from space 5376K, 99% used [0x0000000757500000,0x0000000757a3d8c0,0x0000000757a40000)
  to   space 5376K, 0% used [0x0000000757a40000,0x0000000757a40000,0x0000000757f80000)
 ParOldGen       total 86272K, used 2374K [0x0000000600000000, 0x0000000605440000, 0x0000000755560000)
  object space 86272K, 2% used [0x0000000600000000,0x0000000600251ac0,0x0000000605440000)
 PSPermGen       total 21248K, used 5900K [0x00000005fae00000, 0x00000005fc2c0000, 0x0000000600000000)
  object space 21248K, 27% used [0x00000005fae00000,0x00000005fb3c3318,0x00000005fc2c0000)
}
Event: 8.218 GC heap before
{Heap before GC invocations=2 (full 0):
 PSYoungGen      total 37760K, used 37750K [0x0000000755560000, 0x0000000757f80000, 0x0000000800000000)
  eden space 32384K, 100% used [0x0000000755560000,0x0000000757500000,0x0000000757500000)
  from space 5376K, 99% used [0x0000000757500000,0x0000000757a3d8c0,0x0000000757a40000)
  to   space 5376K, 0% used [0x0000000757a40000,0x0000000757a40000,0x0000000757f80000)
 ParOldGen       total 86272K, used 2374K [0x0000000600000000, 0x0000000605440000, 0x0000000755560000)
  object space 86272K, 2% used [0x0000000600000000,0x0000000600251ac0,0x0000000605440000)
 PSPermGen       total 21248K, used 5963K [0x00000005fae00000, 0x00000005fc2c0000, 0x0000000600000000)
  object space 21248K, 28% used [0x00000005fae00000,0x00000005fb3d2d30,0x00000005fc2c0000)
Event: 8.245 GC heap after
Heap after GC invocations=2 (full 0):
 PSYoungGen      total 37760K, used 5347K [0x0000000755560000, 0x0000000757f80000, 0x0000000800000000)
  eden space 32384K, 0% used [0x0000000755560000,0x0000000755560000,0x0000000757500000)
  from space 5376K, 99% used [0x0000000757a40000,0x0000000757f78cb8,0x0000000757f80000)
  to   space 5376K, 0% used [0x0000000757500000,0x0000000757500000,0x0000000757a40000)
 ParOldGen       total 86272K, used 5942K [0x0000000600000000, 0x0000000605440000, 0x0000000755560000)
  object space 86272K, 6% used [0x0000000600000000,0x00000006005cdb78,0x0000000605440000)
 PSPermGen       total 21248K, used 5963K [0x00000005fae00000, 0x00000005fc2c0000, 0x0000000600000000)
  object space 21248K, 28% used [0x00000005fae00000,0x00000005fb3d2d30,0x00000005fc2c0000)
}

Deoptimization events (10 events):
Event: 6.014 Thread 0x000000001de26000 Uncommon trap -58 fr.pc 0x000000000296922c
Event: 6.234 Thread 0x000000001de26000 Uncommon trap -83 fr.pc 0x000000000296df58
Event: 6.799 Thread 0x000000000252c800 Uncommon trap -12 fr.pc 0x00000000029a622c
Event: 7.515 Thread 0x000000001de26000 Uncommon trap -12 fr.pc 0x0000000002981f28
Event: 8.299 Thread 0x000000001de44800 Uncommon trap -83 fr.pc 0x00000000029b455c
Event: 8.299 Thread 0x000000001de44800 Uncommon trap 78 fr.pc 0x0000000002a24148
Event: 8.320 Thread 0x000000001de44800 Uncommon trap -58 fr.pc 0x0000000002a153e0
Event: 8.320 Thread 0x000000001de44800 Uncommon trap -58 fr.pc 0x0000000002a15360
Event: 8.320 Thread 0x000000001de44800 Uncommon trap -58 fr.pc 0x0000000002a15ac8
Event: 8.320 Thread 0x000000001de44800 Uncommon trap -58 fr.pc 0x0000000002a153e0

Internal exceptions (10 events):
Event: 6.057 Thread 0x000000001de26000 Threw 0x00000007561e5210 at C:\jdk7u1_64p\jdk7u11\hotspot\src\share\vm\prims\jvm.cpp:1166
Event: 6.102 Thread 0x000000001de45000 Threw 0x00000007565eb218 at C:\jdk7u1_64p\jdk7u11\hotspot\src\share\vm\prims\jvm.cpp:1166
Event: 6.209 Thread 0x000000001de26000 Threw 0x000000075624e040 at C:\jdk7u1_64p\jdk7u11\hotspot\src\share\vm\prims\jvm.cpp:1166
Event: 6.210 Thread 0x000000001de26000 Threw 0x00000007566c2700 at C:\jdk7u1_64p\jdk7u11\hotspot\src\share\vm\prims\jvm.cpp:1166
Event: 6.210 Thread 0x000000001de26000 Threw 0x00000007566c7ab8 at C:\jdk7u1_64p\jdk7u11\hotspot\src\share\vm\prims\jvm.cpp:1166
Event: 6.258 Thread 0x000000001de26000 Threw 0x0000000756736578 at C:\jdk7u1_64p\jdk7u11\hotspot\src\share\vm\prims\jvm.cpp:1166
Event: 6.367 Thread 0x000000000252c800 Threw 0x00000007569093b8 at C:\jdk7u1_64p\jdk7u11\hotspot\src\share\vm\prims\jvm.cpp:1166
Event: 6.799 Thread 0x000000000252c800 Implicit null exception at 0x00000000029a5b47 to 0x00000000029a621d
Event: 7.515 Thread 0x000000001de26000 Implicit null exception at 0x0000000002981e22 to 0x0000000002981f1a
Event: 8.299 Thread 0x000000001de44800 Threw 0x0000000755afc500 at C:\jdk7u1_64p\jdk7u11\hotspot\src\share\vm\prims\jvm.cpp:1166

Events (10 events):
Event: 8.323 Executing VM operation: RevokeBias
Event: 8.323 Executing VM operation: RevokeBias done
Event: 8.323 Executing VM operation: RevokeBias
Event: 8.323 Executing VM operation: RevokeBias done
Event: 8.323 Executing VM operation: RevokeBias
Event: 8.323 Executing VM operation: RevokeBias done
Event: 8.323 Executing VM operation: RevokeBias
Event: 8.323 Executing VM operation: RevokeBias done
Event: 8.323 Executing VM operation: RevokeBias
Event: 8.323 Executing VM operation: RevokeBias done


Dynamic libraries:
0x000000013f3e0000 - 0x000000013f413000 	C:\Program Files\Java\jdk1.7.0_11\bin\java.exe
0x00000000775d0000 - 0x0000000077779000 	C:\Windows\SYSTEM32\ntdll.dll
0x00000000774b0000 - 0x00000000775cf000 	C:\Windows\system32\kernel32.dll
0x000007fefd740000 - 0x000007fefd7ab000 	C:\Windows\system32\KERNELBASE.dll
0x000007fefedc0000 - 0x000007fefee9b000 	C:\Windows\system32\ADVAPI32.dll
0x000007fefded0000 - 0x000007fefdf6f000 	C:\Windows\system32\msvcrt.dll
0x000007feff860000 - 0x000007feff87f000 	C:\Windows\SYSTEM32\sechost.dll
0x000007feff730000 - 0x000007feff85d000 	C:\Windows\system32\RPCRT4.dll
0x00000000773b0000 - 0x00000000774aa000 	C:\Windows\system32\USER32.dll
0x000007feff100000 - 0x000007feff167000 	C:\Windows\system32\GDI32.dll
0x000007fefdf70000 - 0x000007fefdf7e000 	C:\Windows\system32\LPK.dll
0x000007feff420000 - 0x000007feff4e9000 	C:\Windows\system32\USP10.dll
0x000007fefbf90000 - 0x000007fefc184000 	C:\Windows\WinSxS\amd64_microsoft.windows.common-controls_6595b64144ccf1df_6.0.7601.17514_none_fa396087175ac9ac\COMCTL32.dll
0x000007fefd8f0000 - 0x000007fefd961000 	C:\Windows\system32\SHLWAPI.dll
0x000007feff4f0000 - 0x000007feff51e000 	C:\Windows\system32\IMM32.DLL
0x000007feff540000 - 0x000007feff649000 	C:\Windows\system32\MSCTF.dll
0x0000000073e70000 - 0x0000000073f41000 	C:\Program Files\Java\jdk1.7.0_11\jre\bin\msvcr100.dll
0x0000000054dd0000 - 0x00000000554ef000 	C:\Program Files\Java\jdk1.7.0_11\jre\bin\server\jvm.dll
0x000007fef73e0000 - 0x000007fef73e9000 	C:\Windows\system32\WSOCK32.dll
0x000007fefeea0000 - 0x000007fefeeed000 	C:\Windows\system32\WS2_32.dll
0x000007fefed10000 - 0x000007fefed18000 	C:\Windows\system32\NSI.dll
0x000007fefb420000 - 0x000007fefb45b000 	C:\Windows\system32\WINMM.dll
0x00000000777a0000 - 0x00000000777a7000 	C:\Windows\system32\PSAPI.DLL
0x0000000074000000 - 0x000000007400f000 	C:\Program Files\Java\jdk1.7.0_11\jre\bin\verify.dll
0x0000000073b60000 - 0x0000000073b88000 	C:\Program Files\Java\jdk1.7.0_11\jre\bin\java.dll
0x00000000739b0000 - 0x00000000739c5000 	C:\Program Files\Java\jdk1.7.0_11\jre\bin\zip.dll
0x0000000073990000 - 0x00000000739a9000 	C:\Program Files\Java\jdk1.7.0_11\jre\bin\net.dll
0x000007fefcd50000 - 0x000007fefcda5000 	C:\Windows\system32\mswsock.dll
0x000007fefcd40000 - 0x000007fefcd47000 	C:\Windows\System32\wship6.dll
0x0000000073970000 - 0x0000000073981000 	C:\Program Files\Java\jdk1.7.0_11\jre\bin\nio.dll

VM Arguments:
jvm_args: -Djava.awt.headless=true -Xmx8g -Dfile.encoding=GBK -Duser.country=CN -Duser.language=zh -Duser.variant 
java_command: com.android.dx.command.Main --dex --force-jumbo --num-threads=4 --multi-dex --output E:\studio\VkoCircleS\app\build\intermediates\transforms\dex\official\debug\folders\1000\10\com.android.support-support-v4-23.0.1_2e1fd7e81eea2a6e1eaa6dca01b8fc0059688401 E:\studio\VkoCircleS\app\build\intermediates\exploded-aar\com.android.support\support-v4\23.0.1\jars\classes.jar
Launcher Type: SUN_STANDARD

Environment Variables:
JAVA_HOME=C:\Program Files\Java\jdk1.7.0_11
CLASSPATH=.;C:\Program Files\Java\jdk1.7.0_11\lib\dt.jar;C:\Program Files\Java\jdk1.7.0_11\lib\tools.jar;
PATH=C:\Program Files\Java\jdk1.7.0_11\bin;C:\Program Files\Java\jdk1.7.0_11\jre\bin;C:\Windows\system32;C:\Windows;C:\Windows\System32\Wbem;C:\Windows\System32\WindowsPowerShell\v1.0\;C:\Program Files\nodejs\;d:\dev\maven\bin;C:\Users\JiaRH\AppData\Local\Android\Sdk\platform-tools.*;C:\Program Files\TortoiseSVN\bin;F:\zookeeper\zookeeper-3.4.8\zookeeper-3.4.8\bin
USERNAME=JiaRH
OS=Windows_NT
PROCESSOR_IDENTIFIER=Intel64 Family 6 Model 58 Stepping 9, GenuineIntel



---------------  S Y S T E M  ---------------

OS: Windows 7 , 64 bit Build 7601 Service Pack 1

CPU:total 4 (2 cores per cpu, 2 threads per core) family 6 model 58 stepping 9, cmov, cx8, fxsr, mmx, sse, sse2, sse3, ssse3, sse4.1, sse4.2, popcnt, avx, ht, tsc, tscinvbit, tscinv

Memory: 4k page, physical 8279396k(2262432k free), swap 8687152k(542576k free)

vm_info: Java HotSpot(TM) 64-Bit Server VM (23.6-b04) for windows-amd64 JRE (1.7.0_11-b21), built on Jan 12 2013 02:38:42 by "java_re" with unknown MS VC++:1600

time: Wed Nov 09 14:39:01 2016
elapsed time: 8 seconds

