#
# There is insufficient memory for the Java Runtime Environment to continue.
# Native memory allocation (malloc) failed to allocate 32744 bytes for ChunkPool::allocate
# Possible reasons:
#   The system is out of physical RAM or swap space
#   In 32 bit mode, the process size limit was hit
# Possible solutions:
#   Reduce memory load on the system
#   Increase physical memory or swap space
#   Check if swap backing store is full
#   Use 64 bit Java on a 64 bit OS
#   Decrease Java heap size (-Xmx/-Xms)
#   Decrease number of Java threads
#   Decrease Java thread stack sizes (-Xss)
#   Set larger code cache with -XX:ReservedCodeCacheSize=
# This output file may be truncated or incomplete.
#
#  Out of Memory Error (allocation.cpp:222), pid=1484, tid=9976
#
# JRE version: 7.0_11-b21
# Java VM: Java HotSpot(TM) 64-Bit Server VM (23.6-b04 mixed mode windows-amd64 compressed oops)
# Failed to write core dump. Minidumps are not enabled by default on client versions of Windows
#

---------------  T H R E A D  ---------------

Current thread (0x000000001c18f000):  JavaThread "C2 CompilerThread1" daemon [_thread_in_native, id=9976, stack(0x000000001da50000,0x000000001db50000)]

Stack: [0x000000001da50000,0x000000001db50000]

Current CompileTask:
C2:   3968  213             com.android.dx.ssa.SCCP::run (298 bytes)


---------------  P R O C E S S  ---------------

Java Threads: ( => current thread )
  0x000000001dd0e000 JavaThread "pool-2-thread-4" [_thread_in_vm, id=5532, stack(0x000000001e500000,0x000000001e600000)]
  0x000000001ddad000 JavaThread "pool-2-thread-3" [_thread_in_Java, id=4636, stack(0x000000001e3b0000,0x000000001e4b0000)]
  0x000000001dc3a000 JavaThread "pool-2-thread-2" [_thread_in_Java, id=10124, stack(0x000000001ceb0000,0x000000001cfb0000)]
  0x000000001dc1b800 JavaThread "pool-3-thread-1" [_thread_blocked, id=7076, stack(0x000000001e0c0000,0x000000001e1c0000)]
  0x000000001db93800 JavaThread "pool-2-thread-1" [_thread_in_Java, id=6456, stack(0x000000001e1c0000,0x000000001e2c0000)]
  0x000000001c19b000 JavaThread "Service Thread" daemon [