#
# There is insufficient memory for the Java Runtime Environment to continue.
# Native memory allocation (malloc) failed to allocate 659536 bytes for Chunk::new
# Possible reasons:
#   The system is out of physical RAM or swap space
#   In 32 bit mode, the process size limit was hit
# Possible solutions:
#   Reduce memory load on the system
#   Increase physical memory or swap space
#   Check if swap backing store is full
#   Use 64 bit Java on a 64 bit OS
#   Decrease Java heap size (-Xmx/-Xms)
#   Decrease number of Java threads
#   Decrease Java thread stack sizes (-Xss)
#   Set larger code cache with -XX:ReservedCodeCacheSize=
# This output file may be truncated or incomplete.
#
#  Out of Memory Error (allocation.cpp:328), pid=1644, tid=4576
#
# JRE version: 7.0_11-b21
# Java VM: Java HotSpot(TM) 64-Bit Server VM (23.6-b04 mixed mode windows-amd64 compressed oops)
# Failed to write core dump. Minidumps are not enabled by default on client versions of Windows
#

---------------  T H R E A D  ---------------

Current thread (0x000000001c09d800):  JavaThread "C2 CompilerThread1" daemon [_thread_in_native, id=4576, stack(0x000000001d8f0000,0x000000001d9f0000)]

Stack: [0x000000001d8f0000,0x000000001d9f0000]

Current CompileTask:
C2:   2465  232   !         com.android.dx.cf.code.BytecodeArray::parseInstruction (2764 bytes)


---------------  P R O C E S S  ---------------

Java Threads: ( => current thread )
  0x000000001dd6c000 JavaThread "pool-2-thread-4" [_thread_in_Java, id=7096, stack(0x000000001e650000,0x000000001e750000)]
  0x000000001dd6b800 JavaThread "pool-2-thread-3" [_thread_in_vm, id=8752, stack(0x000000001e530000,0x000000001e630000)]
  0x000000001dd5d800 JavaThread "pool-2-thread-2" [_thread_blocked, id=4664, stack(0x000000001e400000,0x000000001e500000)]
  0x000000001dd5b000 JavaThread "pool-3-thread-1" [_thread_blocked, id=3492, stack(0x000000001e040000,0x000000001e140000)]
  0x000000001dd0b000 JavaThread "pool-2-thread-1" [_thread_blocked, id=2360, stack(0x000000001e170000,0x000000001e270000)]
  0x000000001c09e000 JavaThread "Service Thread" daemon [_thread_blocked, id=5276, stack(0x000000001d580000,0x000000001d680000)]
=>0x000000001c09d800 JavaThread "C2 CompilerThread1" daemon [_thread_in_native, id=4576, stack(0x000000001d8f0000,0x000000001d9f0000)]
  0x000000001c09b800 JavaThread "C2 CompilerThread0" daemon [_thread_in_native, id=5420, stack(0x000000001d750000,0x000000001d850000)]
  0x000000001c09a800 JavaThread "Attach Listener" daemon [_thread_blocked, id=1148, stack(0x000000001d480000,0x000000001d580000)]
  0x000000001c093800 JavaThread "Signal Dispatcher" daemon [_thread_blocked, id=4412, stack(0x000000001d370000,0x000000001d470000)]
  0x00000000025e1800 JavaThread "Finalizer" daemon [_thread_blocked, id=5200, stack(0x000000001cf90000,0x000000001d090000)]
  0x00000000025e0000 JavaThread "Reference Handler" daemon [_thread_blocked, id=8856, stack(0x000000001d1b0000,0x000000001d2b0000)]
  0x000000000263c800 JavaThread "main" [_thread_in_vm, id=8132, stack(0x00000000026b0000,0x00000000027b0000)]

Other Threads:
  0x000000001bff1800 VMThread [stack: 0x000000001d0a0000,0x000000001d1a0000] [id=9140]
  0x000000001c09f800 WatcherThread [stack: 0x000000001db40000,0x000000001dc40000] [id=3548]

VM state:not at safepoint (normal execution)

VM Mutex/Monitor currently owned by a thread: None

Heap
 PSYoungGen      total 37760K, used 25523K [0x0000000755560000, 0x0000000757f80000, 0x0000000800000000)
  eden space 32384K, 62% used [0x0000000755560000,0x000000075690ef78,0x0000000757500000)
  from space 5376K, 99% used [0x0000000757500000,0x0000000757a3e048,0x0000000757a40000)
  to   space 5376K, 0% used [0x0000000757a40000,0x0000000757a40000,0x0000000757f80000)
 ParOldGen       total 86272K, used 1411K [0x0000000600000000, 0x0000000605440000, 0x0000000755560000)
  object space 86272K, 1% used [0x0000000600000000,0x0000000600160ed0,0x0000000605440000)
 PSPermGen       total 21248K, used 5458K [0x00000005fae00000, 0x00000005fc2c0000, 0x0000000600000000)
  object space 21248K, 25% used [0x00000005fae00000,0x00000005fb354b28,0x00000005fc2c0000)

Card table byte_map: [0x00000000058b0000,0x00000000068e0000] byte_map_base: 0x00000000028d9000

Polling page: 0x0000000000330000

Code Cache  [0x00000000028b0000, 0x0000000002b20000, 0x00000000058b0000)
 total_blobs=449 nmethods=234 adapters=166 free_code_cache=48141Kb largest_free_block=49259072

Compilation events (10 events):
Event: 2.363 Thread 0x000000001c09d800 nmethod 227 0x00000000029ae690 code [0x00000000029aea40, 0x00000000029b0e78]
Event: 2.363 Thread 0x000000001c09d800  228   !         com.android.dx.rop.code.LocalVariableInfo::getStarts0 (18 bytes)
Event: 2.364 Thread 0x000000001c09d800 nmethod 228 0x000000000299ba10 code [0x000000000299bb40, 0x000000000299bbd8]
Event: 2.364 Thread 0x000000001c09d800  229             com.android.dx.dex.code.CodeAddress::<init> (11 bytes)
Event: 2.364 Thread 0x000000001c09d800 nmethod 229 0x000000000299e6d0 code [0x000000000299e820, 0x000000000299e8d8]
Event: 2.364 Thread 0x000000001c09d800  230             com.android.dx.dex.code.CodeAddress::<init> (7 bytes)
Event: 2.365 Thread 0x000000001c09d800 nmethod 230 0x000000000299e410 code [0x000000000299e560, 0x000000000299e618]
Event: 2.365 Thread 0x000000001c09d800  231             com.android.dx.rop.code.InsnList::getLast (11 bytes)
Event: 2.366 Thread 0x000000001c09d800 nmethod 231 0x000000000299e090 code [0x000000000299e1e0, 0x000000000299e2b8]
Event: 2.366 Thread 0x000000001c09d800  232   !         com.android.dx.cf.code.BytecodeArray::parseInstruction (2764 bytes)

GC Heap History (2 events):
Event: 1.825 GC heap before
{Heap before GC invocations=1 (full 0):
 PSYoungGen      total 37760K, used 32384K [0x0000000755560000, 0x0000000757f80000, 0x0000000800000000)
  eden space 32384K, 100% used [0x0000000755560000,0x0000000757500000,0x0000000757500000)
  from space 5376K, 0% used [0x0000000757a40000,0x0000000757a40000,0x0000000757f80000)
  to   space 5376K, 0% used [0x0000000757500000,0x0000000757500000,0x0000000757a40000)
 ParOldGen       total 86272K, used 0K [0x0000000600000000, 0x0000000605440000, 0x0000000755560000)
  object space 86272K, 0% used [0x0000000600000000,0x0000000600000000,0x0000000605440000)
 PSPermGen       total 21248K, used 5423K [0x00000005fae00000, 0x00000005fc2c0000, 0x0000000600000000)
  object space 21248K, 25% used [0x00000005fae00000,0x00000005fb34be50,0x00000005fc2c0000)
Event: 1.892 GC heap after
Heap after GC invocations=1 (full 0):
 PSYoungGen      total 37760K, used 5368K [0x0000000755560000, 0x0000000757f80000, 0x0000000800000000)
  eden space 32384K, 0% used [0x0000000755560000,0x0000000755560000,0x0000000757500000)
  from space 5376K, 99% used [0x0000000757500000,0x0000000757a3e048,0x0000000757a40000)
  to   space 5376K, 0% used [0x0000000757a40000,0x0000000757a40000,0x0000000757f80000)
 ParOldGen       total 86272K, used 1411K [0x0000000600000000, 0x0000000605440000, 0x0000000755560000)
  object space 86272K, 1% used [0x0000000600000000,0x0000000600160ed0,0x0000000605440000)
 PSPermGen       total 21248K, used 5423K [0x00000005fae00000, 0x00000005fc2c0000, 0x0000000600000000)
  object space 21248K, 25% used [0x00000005fae00000,0x00000005fb34be50,0x00000005fc2c0000)
}

Deoptimization events (10 events):
Event: 1.074 Thread 0x000000001dd6b800 Uncommon trap -83 fr.pc 0x0000000002925590
Event: 1.297 Thread 0x000000001dd6b800 Uncommon trap 52 fr.pc 0x0000000002925e28
Event: 1.304 Thread 0x000000001dd6b800 Uncommon trap -83 fr.pc 0x000000000293bb78
Event: 1.317 Thread 0x000000001dd6b800 Uncommon trap -83 fr.pc 0x00000000029369b8
Event: 1.361 Thread 0x000000001dd6c000 Uncommon trap -83 fr.pc 0x000000000294ce8c
Event: 1.516 Thread 0x000000001dd5d800 Uncommon trap -83 fr.pc 0x0000000002955958
Event: 1.517 Thread 0x000000001dd5d800 Uncommon trap -12 fr.pc 0x000000000295e280
Event: 1.521 Thread 0x000000001dd5d800 Uncommon trap -83 fr.pc 0x000000000291a418
Event: 1.796 Thread 0x000000001dd0b000 Uncommon trap -83 fr.pc 0x00000000029940d4
Event: 2.141 Thread 0x000000001dd5d800 Uncommon trap -83 fr.pc 0x0000000002964e30

Internal exceptions (10 events):
Event: 1.003 Thread 0x000000001dd6b800 Threw 0x0000000755fe07e8 at C:\jdk7u1_64p\jdk7u11\hotspot\src\share\vm\prims\jvm.cpp:1166
Event: 1.003 Thread 0x000000001dd6b800 Threw 0x0000000755fe5dd0 at C:\jdk7u1_64p\jdk7u11\hotspot\src\share\vm\prims\jvm.cpp:1166
Event: 1.004 Thread 0x000000001dd6b800 Threw 0x0000000755fee640 at C:\jdk7u1_64p\jdk7u11\hotspot\src\share\vm\prims\jvm.cpp:1166
Event: 1.005 Thread 0x000000001dd6b800 Threw 0x0000000755ff36f8 at C:\jdk7u1_64p\jdk7u11\hotspot\src\share\vm\prims\jvm.cpp:1166
Event: 1.006 Thread 0x000000001dd6b800 Threw 0x0000000755ff65b8 at C:\jdk7u1_64p\jdk7u11\hotspot\src\share\vm\prims\jvm.cpp:1166
Event: 1.006 Thread 0x000000001dd6b800 Threw 0x0000000755ff9a40 at C:\jdk7u1_64p\jdk7u11\hotspot\src\share\vm\prims\jvm.cpp:1166
Event: 1.029 Thread 0x000000001dd5d800 Threw 0x0000000755bb0260 at C:\jdk7u1_64p\jdk7u11\hotspot\src\share\vm\prims\jvm.cpp:1166
Event: 1.355 Thread 0x000000001dd6c000 Threw 0x000000075671a010 at C:\jdk7u1_64p\jdk7u11\hotspot\src\share\vm\prims\jvm.cpp:1166
Event: 1.419 Thread 0x000000000263c800 Threw 0x00000007561f89a0 at C:\jdk7u1_64p\jdk7u11\hotspot\src\share\vm\prims\jvm.cpp:1166
Event: 1.420 Thread 0x000000000263c800 Threw 0x00000007561fe220 at C:\jdk7u1_64p\jdk7u11\hotspot\src\share\vm\prims\jvm.cpp:1166

Events (10 events):
Event: 1.717 Executing VM operation: Deoptimize
Event: 1.717 Executing VM operation: Deoptimize done
Event: 1.796 Thread 0x000000001dd0b000 DEOPT PACKING pc=0x00000000029940d4 sp=0x000000001e26f110
Event: 1.796 Thread 0x000000001dd0b000 DEOPT UNPACKING pc=0x00000000028e9164 sp=0x000000001e26f0a0 mode 2
Event: 1.822 Executing VM operation: ParallelGCFailedAllocation
Event: 1.892 Executing VM operation: ParallelGCFailedAllocation done
Event: 2.041 loading class 0x00000000025d6f00
Event: 2.041 loading class 0x00000000025d6f00 done
Event: 2.141 Thread 0x000000001dd5d800 DEOPT PACKING pc=0x0000000002964e30 sp=0x000000001e4fe7d0
Event: 2.141 Thread 0x000000001dd5d800 DEOPT UNPACKING pc=0x00000000028e9164 sp=0x000000001e4fe798 mode 2


Dynamic libraries:
0x000000013f3e0000 - 0x000000013f413000 	C:\Program Files\Java\jdk1.7.0_11\bin\java.exe
0x00000000775d0000 - 0x0000000077779000 	C:\Windows\SYSTEM32\ntdll.dll
0x00000000774b0000 - 0x00000000775cf000 	C:\Windows\system32\kernel32.dll
0x000007fefd740000 - 0x000007fefd7ab000 	C:\Windows\system32\KERNELBASE.dll
0x000007fefedc0000 - 0x000007fefee9b000 	C:\Windows\system32\ADVAPI32.dll
0x000007fefded0000 - 0x000007fefdf6f000 	C:\Windows\system32\msvcrt.dll
0x000007feff860000 - 0x000007feff87f000 	C:\Windows\SYSTEM32\sechost.dll
0x000007feff730000 - 0x000007feff85d000 	C:\Windows\system32\RPCRT4.dll
0x00000000773b0000 - 0x00000000774aa000 	C:\Windows\system32\USER32.dll
0x000007feff100000 - 0x000007feff167000 	C:\Windows\system32\GDI32.dll
0x000007fefdf70000 - 0x000007fefdf7e000 	C:\Windows\system32\LPK.dll
0x000007feff420000 - 0x000007feff4e9000 	C:\Windows\system32\USP10.dll
0x000007fefbf90000 - 0x000007fefc184000 	C:\Windows\WinSxS\amd64_microsoft.windows.common-controls_6595b64144ccf1df_6.0.7601.17514_none_fa396087175ac9ac\COMCTL32.dll
0x000007fefd8f0000 - 0x000007fefd961000 	C:\Windows\system32\SHLWAPI.dll
0x000007feff4f0000 - 0x000007feff51e000 	C:\Windows\system32\IMM32.DLL
0x000007feff540000 - 0x000007feff649000 	C:\Windows\system32\MSCTF.dll
0x0000000073e70000 - 0x0000000073f41000 	C:\Program Files\Java\jdk1.7.0_11\jre\bin\msvcr100.dll
0x0000000054dd0000 - 0x00000000554ef000 	C:\Program Files\Java\jdk1.7.0_11\jre\bin\server\jvm.dll
0x000007fef73e0000 - 0x000007fef73e9000 	C:\Windows\system32\WSOCK32.dll
0x000007fefeea0000 - 0x000007fefeeed000 	C:\Windows\system32\WS2_32.dll
0x000007fefed10000 - 0x000007fefed18000 	C:\Windows\system32\NSI.dll
0x000007fefb420000 - 0x000007fefb45b000 	C:\Windows\system32\WINMM.dll
0x00000000777a0000 - 0x00000000777a7000 	C:\Windows\system32\PSAPI.DLL
0x0000000074000000 - 0x000000007400f000 	C:\Program Files\Java\jdk1.7.0_11\jre\bin\verify.dll
0x0000000073b60000 - 0x0000000073b88000 	C:\Program Files\Java\jdk1.7.0_11\jre\bin\java.dll
0x00000000739b0000 - 0x00000000739c5000 	C:\Program Files\Java\jdk1.7.0_11\jre\bin\zip.dll

VM Arguments:
jvm_args: -Djava.awt.headless=true -Xmx8g -Dfile.encoding=GBK -Duser.country=CN -Duser.language=zh -Duser.variant 
java_command: com.android.dx.command.Main --dex --force-jumbo --num-threads=4 --multi-dex --output E:\studio\VkoCircleS\app\build\intermediates\transforms\dex\official\debug\folders\1000\5\slice_2 E:\studio\VkoCircleS\app\build\intermediates\transforms\instantRunSlicer\official\debug\folders\1\5\slice_2
Launcher Type: SUN_STANDARD

Environment Variables:
JAVA_HOME=C:\Program Files\Java\jdk1.7.0_11
CLASSPATH=.;C:\Program Files\Java\jdk1.7.0_11\lib\dt.jar;C:\Program Files\Java\jdk1.7.0_11\lib\tools.jar;
PATH=C:\Program Files\Java\jdk1.7.0_11\bin;C:\Program Files\Java\jdk1.7.0_11\jre\bin;C:\Windows\system32;C:\Windows;C:\Windows\System32\Wbem;C:\Windows\System32\WindowsPowerShell\v1.0\;C:\Program Files\nodejs\;d:\dev\maven\bin;C:\Users\JiaRH\AppData\Local\Android\Sdk\platform-tools.*;C:\Program Files\TortoiseSVN\bin;F:\zookeeper\zookeeper-3.4.8\zookeeper-3.4.8\bin
USERNAME=JiaRH
OS=Windows_NT
PROCESSOR_IDENTIFIER=Intel64 Family 6 Model 58 Stepping 9, GenuineIntel



---------------  S Y S T E M  ---------------

OS: Windows 7 , 64 bit Build 7601 Service Pack 1

CPU:total 4 (2 cores per cpu, 2 threads per core) family 6 model 58 stepping 9, cmov, cx8, fxsr, mmx, sse, sse2, sse3, ssse3, sse4.1, sse4.2, popcnt, avx, ht, tsc, tscinvbit, tscinv

Memory: 4k page, physical 8279396k(1764784k free), swap 8687152k(5584k free)

vm_info: Java HotSpot(TM) 64-Bit Server VM (23.6-b04) for windows-amd64 JRE (1.7.0_11-b21), built on Jan 12 2013 02:38:42 by "java_re" with unknown MS VC++:1600

time: Wed Nov 09 14:43:45 2016
elapsed time: 2 seconds

