#
# There is insufficient memory for the Java Runtime Environment to continue.
# Native memory allocation (malloc) failed to allocate 303456 bytes for Chunk::new
# Possible reasons:
#   The system is out of physical RAM or swap space
#   In 32 bit mode, the process size limit was hit
# Possible solutions:
#   Reduce memory load on the system
#   Increase physical memory or swap space
#   Check if swap backing store is full
#   Use 64 bit Java on a 64 bit OS
#   Decrease Java heap size (-Xmx/-Xms)
#   Decrease number of Java threads
#   Decrease Java thread stack sizes (-Xss)
#   Set larger code cache with -XX:ReservedCodeCacheSize=
# This output file may be truncated or incomplete.
#
#  Out of Memory Error (allocation.cpp:328), pid=1944, tid=4452
#
# JRE version: 7.0_11-b21
# Java VM: Java HotSpot(TM) 64-Bit Server VM (23.6-b04 mixed mode windows-amd64 compressed oops)
# Failed to write core dump. Minidumps are not enabled by default on client versions of Windows
#

---------------  T H R E A D  ---------------

Current thread (0x000000001c14b800):  JavaThread "C2 CompilerThread0" daemon [_thread_in_native, id=4452, stack(0x000000001d890000,0x000000001d990000)]

Stack: [0x000000001d890000,0x000000001d990000]

Current CompileTask:
C2:  15694  656             com.android.dx.dex.file.CodeItem::addContents (174 bytes)


---------------  P R O C E S S  ---------------

Java Threads: ( => current thread )
  0x000000001dfbe000 JavaThread "pool-1-thread-1" [_thread_in_vm, id=1800, stack(0x000000001e3c0000,0x000000001e4c0000)]
  0x000000001c159800 JavaThread "Service Thread" daemon [_thread_blocked, id=6772, stack(0x000000001dbd0000,0x000000001dcd0000)]
  0x000000001c159000 JavaThread "C2 CompilerThread1" daemon [_thread_in_native, id=6916, stack(0x000000001da50000,0x000000001db50000)]
=>0x000000001c14b800 JavaThread "C2 CompilerThread0" daemon [_thread_in_native, id=4452, stack(0x000000001d890000,0x000000001d990000)]
  0x000000001c14a800 JavaThread "Attach Listener" daemon [_thread_blocked, id=9240, stack(0x000000001d6a0000,0x000000001d7a0000)]
  0x000000001c143800 JavaThread "Signal Dispatcher" daemon [_thread_blocked, id=572, stack(0x000000001d330000,0x000000001d430000)]
  0x0000000002571800 JavaThread "Finalizer" daemon [_thread_blocked, id=8876, stack(0x000000001d450000,0x000000001d550000)]
  0x0000000002570000 JavaThread "Reference Handler" daemon [_thread_blocked, id=7648, stack(0x000000001d160000,0x000000001d260000)]
  0x000000000267c800 JavaThread "main" [_thread_blocked, id=5660, stack(0x00000000028f0000,0x00000000029f0000)]

Other Threads:
  0x000000001c0a1800 VMThread [stack: 0x000000001d010000,0x000000001d110000] [id=2708]
  0x000000001c17b000 WatcherThread [stack: 0x000000001de20000,0x000000001df20000] [id=9996]

VM state:not at safepoint (normal execution)

VM Mutex/Monitor currently owned by a thread: None

Heap
 PSYoungGen      total 134912K, used 50476K [0x0000000755560000, 0x000000075de60000, 0x0000000800000000)
  eden space 129536K, 34% used [0x0000000755560000,0x00000007581711a8,0x000000075d3e0000)
  from space 5376K, 99% used [0x000000075d3e0000,0x000000075d91a0b0,0x000000075d920000)
  to   space 5376K, 0% used [0x000000075d920000,0x000000075d920000,0x000000075de60000)
 ParOldGen       total 86272K, used 53439K [0x0000000600000000, 0x0000000605440000, 0x0000000755560000)
  object space 86272K, 61% used [0x0000000600000000,0x000000060342fc30,0x0000000605440000)
 PSPermGen       total 21248K, used 5703K [0x00000005fae00000, 0x00000005fc2c0000, 0x0000000600000000)
  object space 21248K, 26% used [0x00000005fae00000,0x00000005fb391c00,0x00000005fc2c0000)

Card table byte_map: [0x00000000059f0000,0x0000000006a20000] byte_map_base: 0x0000000002a19000

Polling page: 0x0000000000240000

Code Cache  [0x00000000029f0000, 0x0000000002c80000, 0x00000000059f0000)
 total_blobs=846 nmethods=631 adapters=166 free_code_cache=46710Kb largest_free_block=47655360

Compilation events (10 events):
Event: 15.655 Thread 0x000000001c14b800 nmethod 652 0x0000000002bc23d0 code [0x0000000002bc2520, 0x0000000002bc25c8]
Event: 15.667 Thread 0x000000001c14b800  653             com.android.dx.dex.code.StdCatchBuilder::hasAnyCatches (57 bytes)
Event: 15.668 Thread 0x000000001c159000 nmethod 651 0x0000000002aabe50 code [0x0000000002aac0a0, 0x0000000002aac9b0]
Event: 15.668 Thread 0x000000001c159000    7 %           com.android.dx.dex.code.OutputFinisher::getAllConstants @ 18 (47 bytes)
Event: 15.670 Thread 0x000000001c14b800 nmethod 653 0x0000000002acf550 code [0x0000000002acf6c0, 0x0000000002acf978]
Event: 15.671 Thread 0x000000001c159000 nmethod 7% 0x0000000002bbaa90 code [0x0000000002bbac00, 0x0000000002bbaea8]
Event: 15.683 Thread 0x000000001c14b800  654             java.util.HashMap$HashIterator::hasNext (13 bytes)
Event: 15.683 Thread 0x000000001c14b800 nmethod 654 0x0000000002bba890 code [0x0000000002bba9c0, 0x0000000002bbaa38]
Event: 15.683 Thread 0x000000001c159000  655             com.android.dx.dex.file.DexFile::internIfAppropriate (128 bytes)
Event: 15.685 Thread 0x000000001c14b800  656             com.android.dx.dex.file.CodeItem::addContents (174 bytes)

GC Heap History (10 events):
Event: 3.407 GC heap before
{Heap before GC invocations=1 (full 0):
 PSYoungGen      total 37760K, used 32384K [0x0000000755560000, 0x0000000757f80000, 0x0000000800000000)
  eden space 32384K, 100% used [0x0000000755560000,0x0000000757500000,0x0000000757500000)
  from space 5376K, 0% used [0x0000000757a40000,0x0000000757a40000,0x0000000757f80000)
  to   space 5376K, 0% used [0x0000000757500000,0x0000000757500000,0x0000000757a40000)
 ParOldGen       total 86272K, used 0K [0x0000000600000000, 0x0000000605440000, 0x0000000755560000)
  object space 86272K, 0% used [0x0000000600000000,0x0000000600000000,0x0000000605440000)
 PSPermGen       total 21248K, used 5434K [0x00000005fae00000, 0x00000005fc2c0000, 0x0000000600000000)
  object space 21248K, 25% used [0x00000005fae00000,0x00000005fb34ea70,0x00000005fc2c0000)
Event: 4.362 GC heap after
Heap after GC invocations=1 (full 0):
 PSYoungGen      total 37760K, used 5368K [0x0000000755560000, 0x0000000759f20000, 0x0000000800000000)
  eden space 32384K, 0% used [0x0000000755560000,0x0000000755560000,0x0000000757500000)
  from space 5376K, 99% used [0x0000000757500000,0x0000000757a3e058,0x0000000757a40000)
  to   space 5376K, 0% used [0x00000007599e0000,0x00000007599e0000,0x0000000759f20000)
 ParOldGen       total 86272K, used 2196K [0x0000000600000000, 0x0000000605440000, 0x0000000755560000)
  object space 86272K, 2% used [0x0000000600000000,0x0000000600225018,0x0000000605440000)
 PSPermGen       total 21248K, used 5434K [0x00000005fae00000, 0x00000005fc2c0000, 0x0000000600000000)
  object space 21248K, 25% used [0x00000005fae00000,0x00000005fb34ea70,0x00000005fc2c0000)
}
Event: 5.008 GC heap before
{Heap before GC invocations=2 (full 0):
 PSYoungGen      total 37760K, used 37752K [0x0000000755560000, 0x0000000759f20000, 0x0000000800000000)
  eden space 32384K, 100% used [0x0000000755560000,0x0000000757500000,0x0000000757500000)
  from space 5376K, 99% used [0x0000000757500000,0x0000000757a3e058,0x0000000757a40000)
  to   space 5376K, 0% used [0x00000007599e0000,0x00000007599e0000,0x0000000759f20000)
 ParOldGen       total 86272K, used 2196K [0x0000000600000000, 0x0000000605440000, 0x0000000755560000)
  object space 86272K, 2% used [0x0000000600000000,0x0000000600225018,0x0000000605440000)
 PSPermGen       total 21248K, used 5503K [0x00000005fae00000, 0x00000005fc2c0000, 0x0000000600000000)
  object space 21248K, 25% used [0x00000005fae00000,0x00000005fb35fd30,0x00000005fc2c0000)
Event: 5.367 GC heap after
Heap after GC invocations=2 (full 0):
 PSYoungGen      total 70144K, used 5352K [0x0000000755560000, 0x0000000759f20000, 0x0000000800000000)
  eden space 64768K, 0% used [0x0000000755560000,0x0000000755560000,0x00000007594a0000)
  from space 5376K, 99% used [0x00000007599e0000,0x0000000759f1a2c8,0x0000000759f20000)
  to   space 5376K, 0% used [0x00000007594a0000,0x00000007594a0000,0x00000007599e0000)
 ParOldGen       total 86272K, used 6275K [0x0000000600000000, 0x0000000605440000, 0x0000000755560000)
  object space 86272K, 7% used [0x0000000600000000,0x0000000600620cf0,0x0000000605440000)
 PSPermGen       total 21248K, used 5503K [0x00000005fae00000, 0x00000005fc2c0000, 0x0000000600000000)
  object space 21248K, 25% used [0x00000005fae00000,0x00000005fb35fd30,0x00000005fc2c0000)
}
Event: 7.725 GC heap before
{Heap before GC invocations=3 (full 0):
 PSYoungGen      total 70144K, used 70120K [0x0000000755560000, 0x0000000759f20000, 0x0000000800000000)
  eden space 64768K, 100% used [0x0000000755560000,0x00000007594a0000,0x00000007594a0000)
  from space 5376K, 99% used [0x00000007599e0000,0x0000000759f1a2c8,0x0000000759f20000)
  to   space 5376K, 0% used [0x00000007594a0000,0x00000007594a0000,0x00000007599e0000)
 ParOldGen       total 86272K, used 6275K [0x0000000600000000, 0x0000000605440000, 0x0000000755560000)
  object space 86272K, 7% used [0x0000000600000000,0x0000000600620cf0,0x0000000605440000)
 PSPermGen       total 21248K, used 5539K [0x00000005fae00000, 0x00000005fc2c0000, 0x0000000600000000)
  object space 21248K, 26% used [0x00000005fae00000,0x00000005fb368ce8,0x00000005fc2c0000)
Event: 9.351 GC heap after
Heap after GC invocations=3 (full 0):
 PSYoungGen      total 70144K, used 5350K [0x0000000755560000, 0x000000075de60000, 0x0000000800000000)
  eden space 64768K, 0% used [0x0000000755560000,0x0000000755560000,0x00000007594a0000)
  from space 5376K, 99% used [0x00000007594a0000,0x00000007599d98c8,0x00000007599e0000)
  to   space 5376K, 0% used [0x000000075d920000,0x000000075d920000,0x000000075de60000)
 ParOldGen       total 86272K, used 16047K [0x0000000600000000, 0x0000000605440000, 0x0000000755560000)
  object space 86272K, 18% used [0x0000000600000000,0x0000000600fabe30,0x0000000605440000)
 PSPermGen       total 21248K, used 5539K [0x00000005fae00000, 0x00000005fc2c0000, 0x0000000600000000)
  object space 21248K, 26% used [0x00000005fae00000,0x00000005fb368ce8,0x00000005fc2c0000)
}
Event: 11.702 GC heap before
{Heap before GC invocations=4 (full 0):
 PSYoungGen      total 70144K, used 70118K [0x0000000755560000, 0x000000075de60000, 0x0000000800000000)
  eden space 64768K, 100% used [0x0000000755560000,0x00000007594a0000,0x00000007594a0000)
  from space 5376K, 99% used [0x00000007594a0000,0x00000007599d98c8,0x00000007599e0000)
  to   space 5376K, 0% used [0x000000075d920000,0x000000075d920000,0x000000075de60000)
 ParOldGen       total 86272K, used 16047K [0x0000000600000000, 0x0000000605440000, 0x0000000755560000)
  object space 86272K, 18% used [0x0000000600000000,0x0000000600fabe30,0x0000000605440000)
 PSPermGen       total 21248K, used 5569K [0x00000005fae00000, 0x00000005fc2c0000, 0x0000000600000000)
  object space 21248K, 26% used [0x00000005fae00000,0x00000005fb370690,0x00000005fc2c0000)
Event: 11.775 GC heap after
Heap after GC invocations=4 (full 0):
 PSYoungGen      total 134912K, used 5374K [0x0000000755560000, 0x000000075de60000, 0x0000000800000000)
  eden space 129536K, 0% used [0x0000000755560000,0x0000000755560000,0x000000075d3e0000)
  from space 5376K, 99% used [0x000000075d920000,0x000000075de5f8f0,0x000000075de60000)
  to   space 5376K, 0% used [0x000000075d3e0000,0x000000075d3e0000,0x000000075d920000)
 ParOldGen       total 86272K, used 28450K [0x0000000600000000, 0x0000000605440000, 0x0000000755560000)
  object space 86272K, 32% used [0x0000000600000000,0x0000000601bc8ae0,0x0000000605440000)
 PSPermGen       total 21248K, used 5569K [0x00000005fae00000, 0x00000005fc2c0000, 0x0000000600000000)
  object space 21248K, 26% used [0x00000005fae00000,0x00000005fb370690,0x00000005fc2c0000)
}
Event: 14.608 GC heap before
{Heap before GC invocations=5 (full 0):
 PSYoungGen      total 134912K, used 134910K [0x0000000755560000, 0x000000075de60000, 0x0000000800000000)
  eden space 129536K, 100% used [0x0000000755560000,0x000000075d3e0000,0x000000075d3e0000)
  from space 5376K, 99% used [0x000000075d920000,0x000000075de5f8f0,0x000000075de60000)
  to   space 5376K, 0% used [0x000000075d3e0000,0x000000075d3e0000,0x000000075d920000)
 ParOldGen       total 86272K, used 28450K [0x0000000600000000, 0x0000000605440000, 0x0000000755560000)
  object space 86272K, 32% used [0x0000000600000000,0x0000000601bc8ae0,0x0000000605440000)
 PSPermGen       total 21248K, used 5632K [0x00000005fae00000, 0x00000005fc2c0000, 0x0000000600000000)
  object space 21248K, 26% used [0x00000005fae00000,0x00000005fb3803f8,0x00000005fc2c0000)
Event: 14.933 GC heap after
Heap after GC invocations=5 (full 0):
 PSYoungGen      total 134912K, used 5352K [0x0000000755560000, 0x000000075de60000, 0x0000000800000000)
  eden space 129536K, 0% used [0x0000000755560000,0x0000000755560000,0x000000075d3e0000)
  from space 5376K, 99% used [0x000000075d3e0000,0x000000075d91a0b0,0x000000075d920000)
  to   space 5376K, 0% used [0x000000075d920000,0x000000075d920000,0x000000075de60000)
 ParOldGen       total 86272K, used 53439K [0x0000000600000000, 0x0000000605440000, 0x0000000755560000)
  object space 86272K, 61% used [0x0000000600000000,0x000000060342fc30,0x0000000605440000)
 PSPermGen       total 21248K, used 5632K [0x00000005fae00000, 0x00000005fc2c0000, 0x0000000600000000)
  object space 21248K, 26% used [0x00000005fae00000,0x00000005fb3803f8,0x00000005fc2c0000)
}

Deoptimization events (10 events):
Event: 15.187 Thread 0x000000001dfc1000 Uncommon trap -58 fr.pc 0x0000000002bac57c
Event: 15.187 Thread 0x000000001dfc1000 Uncommon trap -58 fr.pc 0x0000000002bac57c
Event: 15.253 Thread 0x000000001dfb8800 Uncommon trap -58 fr.pc 0x0000000002bddd20
Event: 15.253 Thread 0x000000001dfb8800 Uncommon trap -58 fr.pc 0x0000000002bac57c
Event: 15.339 Thread 0x000000000267c800 Uncommon trap -34 fr.pc 0x0000000002bcb7cc
Event: 15.367 Thread 0x000000000267c800 Uncommon trap -34 fr.pc 0x0000000002bcb7cc
Event: 15.367 Thread 0x000000000267c800 Uncommon trap -34 fr.pc 0x0000000002bcb7cc
Event: 15.474 Thread 0x000000001dfc1000 Uncommon trap -58 fr.pc 0x0000000002c59618
Event: 15.474 Thread 0x000000001dfc1000 Uncommon trap -58 fr.pc 0x0000000002c59618
Event: 15.476 Thread 0x000000001dfc1000 Uncommon trap -34 fr.pc 0x0000000002c3d35c

Internal exceptions (10 events):
Event: 11.107 Thread 0x000000001e034000 Threw 0x00000007576f7cf0 at C:\jdk7u1_64p\jdk7u11\hotspot\src\share\vm\prims\jvm.cpp:1166
Event: 11.624 Thread 0x000000000267c800 Threw 0x0000000758a3d560 at C:\jdk7u1_64p\jdk7u11\hotspot\src\share\vm\prims\jvm.cpp:1166
Event: 11.825 Thread 0x000000001dfb9000 Threw 0x0000000755b9f610 at C:\jdk7u1_64p\jdk7u11\hotspot\src\share\vm\prims\jvm.cpp:1166
Event: 11.830 Thread 0x000000001dfb9000 Threw 0x0000000755be2110 at C:\jdk7u1_64p\jdk7u11\hotspot\src\share\vm\prims\jvm.cpp:1166
Event: 14.124 Thread 0x000000000267c800 Threw 0x000000075bd58940 at C:\jdk7u1_64p\jdk7u11\hotspot\src\share\vm\prims\jvm.cpp:1166
Event: 14.367 Thread 0x000000001dfb9000 Threw 0x000000075c8eaa60 at C:\jdk7u1_64p\jdk7u11\hotspot\src\share\vm\prims\jvm.cpp:1166
Event: 14.448 Thread 0x000000001dfb8800 Implicit null exception at 0x0000000002c0841c to 0x0000000002c09d15
Event: 15.481 Thread 0x000000000267c800 Threw 0x00000007571dd158 at C:\jdk7u1_64p\jdk7u11\hotspot\src\share\vm\prims\jvm.cpp:1166
Event: 15.535 Thread 0x000000001dfbe000 Threw 0x000000075802ff80 at C:\jdk7u1_64p\jdk7u11\hotspot\src\share\vm\prims\jvm.cpp:1166
Event: 15.584 Thread 0x000000001dfbe000 Threw 0x0000000758079f50 at C:\jdk7u1_64p\jdk7u11\hotspot\src\share\vm\prims\jvm.cpp:1166

Events (10 events):
Event: 15.532 loading class 0x000000001e0b1570 done
Event: 15.532 loading class 0x000000001c0bb8c0 done
Event: 15.532 loading class 0x000000001c0b2910
Event: 15.532 loading class 0x000000001c0b2910 done
Event: 15.534 loading class 0x000000001c0ba1e0
Event: 15.534 loading class 0x000000001c0ba1e0 done
Event: 15.535 loading class 0x000000001dfef360
Event: 15.535 loading class 0x000000001dfef360 done
Event: 15.584 loading class 0x000000001e1e2520
Event: 15.584 loading class 0x000000001e1e2520 done


Dynamic libraries:
0x000000013f5a0000 - 0x000000013f5d3000 	C:\Program Files\Java\jdk1.7.0_11\bin\java.exe
0x0000000077210000 - 0x00000000773b9000 	C:\Windows\SYSTEM32\ntdll.dll
0x0000000076ff0000 - 0x000000007710f000 	C:\Windows\system32\kernel32.dll
0x000007fefd480000 - 0x000007fefd4eb000 	C:\Windows\system32\KERNELBASE.dll
0x000007fefd830000 - 0x000007fefd90b000 	C:\Windows\system32\ADVAPI32.dll
0x000007fefd530000 - 0x000007fefd5cf000 	C:\Windows\system32\msvcrt.dll
0x000007feff210000 - 0x000007feff22f000 	C:\Windows\SYSTEM32\sechost.dll
0x000007feff0e0000 - 0x000007feff20d000 	C:\Windows\system32\RPCRT4.dll
0x0000000077110000 - 0x000000007720a000 	C:\Windows\system32\USER32.dll
0x000007feff230000 - 0x000007feff297000 	C:\Windows\system32\GDI32.dll
0x000007fefde30000 - 0x000007fefde3e000 	C:\Windows\system32\LPK.dll
0x000007fefde40000 - 0x000007fefdf09000 	C:\Windows\system32\USP10.dll
0x000007fefb980000 - 0x000007fefbb74000 	C:\Windows\WinSxS\amd64_microsoft.windows.common-controls_6595b64144ccf1df_6.0.7601.17514_none_fa396087175ac9ac\COMCTL32.dll
0x000007fefee00000 - 0x000007fefee71000 	C:\Windows\system32\SHLWAPI.dll
0x000007feff380000 - 0x000007feff3ae000 	C:\Windows\system32\IMM32.DLL
0x000007feff400000 - 0x000007feff509000 	C:\Windows\system32\MSCTF.dll
0x00000000739f0000 - 0x0000000073ac1000 	C:\Program Files\Java\jdk1.7.0_11\jre\bin\msvcr100.dll
0x000000006a1c0000 - 0x000000006a8df000 	C:\Program Files\Java\jdk1.7.0_11\jre\bin\server\jvm.dll
0x000007fefb300000 - 0x000007fefb309000 	C:\Windows\system32\WSOCK32.dll
0x000007feff3b0000 - 0x000007feff3fd000 	C:\Windows\system32\WS2_32.dll
0x000007feff510000 - 0x000007feff518000 	C:\Windows\system32\NSI.dll
0x000007fefaf60000 - 0x000007fefaf9b000 	C:\Windows\system32\WINMM.dll
0x00000000773d0000 - 0x00000000773d7000 	C:\Windows\system32\PSAPI.DLL
0x00000000740a0000 - 0x00000000740af000 	C:\Program Files\Java\jdk1.7.0_11\jre\bin\verify.dll
0x0000000073b80000 - 0x0000000073ba8000 	C:\Program Files\Java\jdk1.7.0_11\jre\bin\java.dll
0x0000000073b60000 - 0x0000000073b75000 	C:\Program Files\Java\jdk1.7.0_11\jre\bin\zip.dll

VM Arguments:
jvm_args: -Djava.awt.headless=true -Xmx8g -Dfile.encoding=GBK -Duser.country=CN -Duser.language=zh -Duser.variant 
java_command: com.android.dx.command.Main --dex --force-jumbo --num-threads=4 --multi-dex --output E:\studio\VkoCircleS\app\build\intermediates\transforms\dex\debug\folders\1000\5\slice_9 E:\studio\VkoCircleS\app\build\intermediates\transforms\instantRunSlicer\debug\folders\1\5\slice_9
Launcher Type: SUN_STANDARD

Environment Variables:
JAVA_HOME=C:\Program Files\Java\jdk1.7.0_11
CLASSPATH=.;C:\Program Files\Java\jdk1.7.0_11\lib\dt.jar;C:\Program Files\Java\jdk1.7.0_11\lib\tools.jar;
PATH=C:\Program Files\Java\jdk1.7.0_11\bin;C:\Program Files\Java\jdk1.7.0_11\jre\bin;C:\Windows\system32;C:\Windows;C:\Windows\System32\Wbem;C:\Windows\System32\WindowsPowerShell\v1.0\;C:\Program Files\nodejs\;d:\dev\maven\bin;C:\Users\JiaRH\AppData\Local\Android\Sdk\platform-tools.*;C:\Program Files\TortoiseSVN\bin;F:\zookeeper\zookeeper-3.4.8\zookeeper-3.4.8\bin
USERNAME=JiaRH
OS=Windows_NT
PROCESSOR_IDENTIFIER=Intel64 Family 6 Model 58 Stepping 9, GenuineIntel



---------------  S Y S T E M  ---------------

OS: Windows 7 , 64 bit Build 7601 Service Pack 1

CPU:total 4 (2 cores per cpu, 2 threads per core) family 6 model 58 stepping 9, cmov, cx8, fxsr, mmx, sse, sse2, sse3, ssse3, sse4.1, sse4.2, popcnt, avx, ht, tsc, tscinvbit, tscinv

Memory: 4k page, physical 8279396k(2098400k free), swap 8687152k(5268k free)

vm_info: Java HotSpot(TM) 64-Bit Server VM (23.6-b04) for windows-amd64 JRE (1.7.0_11-b21), built on Jan 12 2013 02:38:42 by "java_re" with unknown MS VC++:1600

time: Wed Nov 02 12:07:09 2016
elapsed time: 15 seconds

