#
# There is insufficient memory for the Java Runtime Environment to continue.
# Native memory allocation (malloc) failed to allocate 366816 bytes for Chunk::new
# Possible reasons:
#   The system is out of physical RAM or swap space
#   In 32 bit mode, the process size limit was hit
# Possible solutions:
#   Reduce memory load on the system
#   Increase physical memory or swap space
#   Check if swap backing store is full
#   Use 64 bit Java on a 64 bit OS
#   Decrease Java heap size (-Xmx/-Xms)
#   Decrease number of Java threads
#   Decrease Java thread stack sizes (-Xss)
#   Set larger code cache with -XX:ReservedCodeCacheSize=
# This output file may be truncated or incomplete.
#
#  Out of Memory Error (allocation.cpp:328), pid=6808, tid=9532
#
# JRE version: 7.0_11-b21
# Java VM: Java HotSpot(TM) 64-Bit Server VM (23.6-b04 mixed mode windows-amd64 compressed oops)
# Failed to write core dump. Minidumps are not enabled by default on client versions of Windows
#

---------------  T H R E A D  ---------------

Current thread (0x000000001c03b800):  JavaThread "C2 CompilerThread0" daemon [_thread_in_native, id=9532, stack(0x000000001d760000,0x000000001d860000)]

Stack: [0x000000001d760000,0x000000001d860000]

Current CompileTask:
C2:   3441  222             com.android.dx.ssa.back.IdenticalBlockCombiner::process (323 bytes)


---------------  P R O C E S S  ---------------

Java Threads: ( => current thread )
  0x000000001dda0000 JavaThread "pool-2-thread-4" [_thread_blocked, id=2108, stack(0x000000001e620000,0x000000001e720000)]
  0x000000001ddd6000 JavaThread "pool-2-thread-3" [_thread_blocked, id=2316, stack(0x000000001e430000,0x000000001e530000)]
  0x000000001de0d800 JavaThread "pool-2-thread-2" [_thread_blocked, id=6976, stack(0x000000001e0c0000,0x000000001e1c0000)]
  0x000000001de0d000 JavaThread "pool-3-thread-1" [_thread_blocked, id=5432, stack(0x000000001e300000,0x000000001e400000)]
  0x000000001dc56000 JavaThread "pool-2-thread-1" [_thread_in_Java, id=7064, stack(0x000000001e1d0000,0x000000001e2d0000)]
  0x000000001c049800 JavaThread "Service Thread" daemon [_thread_blocked, id=10028, stack(0x000000001d930000,0x000000001da30000)]
  0x000000001c049000 JavaThread "C2 CompilerThread1" daemon [_thread_blocked, id=9932, stack(0x000000001d210000,0x000000001d310000)]
=>0x000000001c03b800 JavaThread "C2 CompilerThread0" daemon [_thread_in_native, id=9532, stack(0x000000001d760000,0x000000001d860000)]
  0x000000001c03a800 JavaThread "Attach Listener" daemon [_thread_blocked, id=9832, stack(0x000000001d570000,0x000000001d670000)]
  0x000000001c033800 JavaThread "Signal Dispatcher" daemon [_thread_blocked, id=9224, stack(0x000000001d360000,0x000000001d460000)]
  0x0000000002497000 JavaThread "Finalizer" daemon [_thread_blocked, id=4536, stack(0x000000001cfa0000,0x000000001d0a0000)]
  0x0000000002490000 JavaThread "Reference Handler" daemon [_thread_blocked, id=4952, stack(0x000000001d0e0000,0x000000001d1e0000)]
  0x00000000024fc800 JavaThread "main" [_thread_blocked, id=8856, stack(0x0000000002820000,0x0000000002920000)]

Other Threads:
  0x000000001bf91800 VMThread [stack: 0x000000001ce60000,0x000000001cf60000] [id=4760]
  0x000000001c05a800 WatcherThread [stack: 0x000000001db10000,0x000000001dc10000] [id=7592]

VM state:not at safepoint (normal execution)

VM Mutex/Monitor currently owned by a thread: None

Heap
 PSYoungGen      total 37760K, used 27881K [0x0000000755560000, 0x0000000757f80000, 0x0000000800000000)
  eden space 32384K, 86% used [0x0000000755560000,0x000000075709a730,0x0000000757500000)
  from space 5376K, 0% used [0x0000000757a40000,0x0000000757a40000,0x0000000757f80000)
  to   space 5376K, 0% used [0x0000000757500000,0x0000000757500000,0x0000000757a40000)
 ParOldGen       total 86272K, used 0K [0x0000000600000000, 0x0000000605440000, 0x0000000755560000)
  object space 86272K, 0% used [0x0000000600000000,0x0000000600000000,0x0000000605440000)
 PSPermGen       total 21248K, used 5814K [0x00000005fae00000, 0x00000005fc2c0000, 0x0000000600000000)
  object space 21248K, 27% used [0x00000005fae00000,0x00000005fb3ad830,0x00000005fc2c0000)

Card table byte_map: [0x0000000005920000,0x0000000006950000] byte_map_base: 0x0000000002949000

Polling page: 0x0000000000340000

Code Cache  [0x0000000002920000, 0x0000000002b90000, 0x0000000005920000)
 total_blobs=461 nmethods=224 adapters=188 free_code_cache=48281Kb largest_free_block=49408000

Compilation events (10 events):
Event: 3.430 Thread 0x000000001c049000  220             com.android.dx.dex.code.ZeroSizeInsn::<init> (12 bytes)
Event: 3.431 Thread 0x000000001c049000 nmethod 220 0x00000000029fcd10 code [0x00000000029fce60, 0x00000000029fcf18]
Event: 3.431 Thread 0x000000001c049000  221             com.android.dx.rop.cst.CstType::compareTo0 (25 bytes)
Event: 3.431 Thread 0x000000001c03b800 nmethod 219 0x00000000029fb3d0 code [0x00000000029fb520, 0x00000000029fb6f8]
Event: 3.431 Thread 0x000000001c03b800  222             com.android.dx.ssa.back.IdenticalBlockCombiner::process (323 bytes)
Event: 3.432 Thread 0x000000001c049000 nmethod 221 0x00000000029fe090 code [0x00000000029fe1e0, 0x00000000029fe398]
Event: 3.432 Thread 0x000000001c049000  223             com.android.dx.rop.cst.CstMemberRef::compareTo0 (49 bytes)
Event: 3.434 Thread 0x000000001c049000 nmethod 223 0x00000000029fd810 code [0x00000000029fd960, 0x00000000029fdc98]
Event: 3.436 Thread 0x000000001c049000  224             java.util.HashMap::<init> (9 bytes)
Event: 3.437 Thread 0x000000001c049000 nmethod 224 0x00000000029fca50 code [0x00000000029fcbc0, 0x00000000029fcc48]

GC Heap History (0 events):
No events

Deoptimization events (10 events):
Event: 1.013 Thread 0x000000001dc56000 Uncommon trap -12 fr.pc 0x000000000299e6d0
Event: 2.139 Thread 0x000000001dda0000 Uncommon trap -34 fr.pc 0x00000000029a8d04
Event: 2.139 Thread 0x000000001dda0000 Uncommon trap -34 fr.pc 0x00000000029a8d04
Event: 2.139 Thread 0x000000001dda0000 Uncommon trap -34 fr.pc 0x00000000029a8d04
Event: 2.140 Thread 0x000000001dda0000 Uncommon trap -34 fr.pc 0x00000000029a8d04
Event: 2.168 Thread 0x000000001dc56000 Uncommon trap -34 fr.pc 0x00000000029a2f58
Event: 2.168 Thread 0x000000001dc56000 Uncommon trap -34 fr.pc 0x00000000029a2f58
Event: 2.169 Thread 0x000000001dc56000 Uncommon trap -34 fr.pc 0x00000000029a2f58
Event: 2.169 Thread 0x000000001dc56000 Uncommon trap -34 fr.pc 0x00000000029a2f58
Event: 2.284 Thread 0x000000001dda0000 Uncommon trap -12 fr.pc 0x00000000029de0a0

Internal exceptions (10 events):
Event: 0.763 Thread 0x000000001ddd6000 Threw 0x0000000755cbad30 at C:\jdk7u1_64p\jdk7u11\hotspot\src\share\vm\prims\jvm.cpp:1166
Event: 0.772 Thread 0x000000001ddd6000 Threw 0x0000000755cc7390 at C:\jdk7u1_64p\jdk7u11\hotspot\src\share\vm\prims\jvm.cpp:1166
Event: 0.800 Thread 0x000000001dc56000 Threw 0x0000000755e8ef70 at C:\jdk7u1_64p\jdk7u11\hotspot\src\share\vm\prims\jvm.cpp:1166
Event: 0.802 Thread 0x000000001dc56000 Threw 0x0000000755e95818 at C:\jdk7u1_64p\jdk7u11\hotspot\src\share\vm\prims\jvm.cpp:1166
Event: 0.869 Thread 0x000000001dc56000 Threw 0x0000000756035b10 at C:\jdk7u1_64p\jdk7u11\hotspot\src\share\vm\prims\jvm.cpp:1166
Event: 0.939 Thread 0x00000000024fc800 Threw 0x0000000755e3e018 at C:\jdk7u1_64p\jdk7u11\hotspot\src\share\vm\prims\jvm.cpp:1166
Event: 1.013 Thread 0x000000001dc56000 Implicit null exception at 0x000000000299dec4 to 0x000000000299e6b5
Event: 1.019 Thread 0x000000001dc56000 Threw 0x00000007560b4570 at C:\jdk7u1_64p\jdk7u11\hotspot\src\share\vm\prims\jvm.cpp:1166
Event: 2.284 Thread 0x000000001dda0000 Implicit null exception at 0x00000000029dd077 to 0x00000000029de079
Event: 2.563 Thread 0x000000001dda0000 Threw 0x0000000756ea2e00 at C:\jdk7u1_64p\jdk7u11\hotspot\src\share\vm\prims\jvm.cpp:1166

Events (10 events):
Event: 2.168 Thread 0x000000001dc56000 DEOPT PACKING pc=0x00000000029a2f58 sp=0x000000001e2ce770
Event: 2.168 Thread 0x000000001dc56000 DEOPT UNPACKING pc=0x0000000002959164 sp=0x000000001e2ce708 mode 2
Event: 2.169 Thread 0x000000001dc56000 DEOPT PACKING pc=0x00000000029a2f58 sp=0x000000001e2ce770
Event: 2.169 Thread 0x000000001dc56000 DEOPT UNPACKING pc=0x0000000002959164 sp=0x000000001e2ce708 mode 2
Event: 2.169 Thread 0x000000001dc56000 DEOPT PACKING pc=0x00000000029a2f58 sp=0x000000001e2ce8d0
Event: 2.169 Thread 0x000000001dc56000 DEOPT UNPACKING pc=0x0000000002959164 sp=0x000000001e2ce868 mode 2
Event: 2.284 Thread 0x000000001dda0000 DEOPT PACKING pc=0x00000000029de0a0 sp=0x000000001e71f000
Event: 2.284 Thread 0x000000001dda0000 DEOPT UNPACKING pc=0x0000000002959164 sp=0x000000001e71ef08 mode 2
Event: 2.563 loading class 0x000000001de09af0
Event: 2.563 loading class 0x000000001de09af0 done


Dynamic libraries:
0x000000013f5a0000 - 0x000000013f5d3000 	C:\Program Files\Java\jdk1.7.0_11\bin\java.exe
0x0000000077210000 - 0x00000000773b9000 	C:\Windows\SYSTEM32\ntdll.dll
0x0000000076ff0000 - 0x000000007710f000 	C:\Windows\system32\kernel32.dll
0x000007fefd480000 - 0x000007fefd4eb000 	C:\Windows\system32\KERNELBASE.dll
0x000007fefd830000 - 0x000007fefd90b000 	C:\Windows\system32\ADVAPI32.dll
0x000007fefd530000 - 0x000007fefd5cf000 	C:\Windows\system32\msvcrt.dll
0x000007feff210000 - 0x000007feff22f000 	C:\Windows\SYSTEM32\sechost.dll
0x000007feff0e0000 - 0x000007feff20d000 	C:\Windows\system32\RPCRT4.dll
0x0000000077110000 - 0x000000007720a000 	C:\Windows\system32\USER32.dll
0x000007feff230000 - 0x000007feff297000 	C:\Windows\system32\GDI32.dll
0x000007fefde30000 - 0x000007fefde3e000 	C:\Windows\system32\LPK.dll
0x000007fefde40000 - 0x000007fefdf09000 	C:\Windows\system32\USP10.dll
0x000007fefb980000 - 0x000007fefbb74000 	C:\Windows\WinSxS\amd64_microsoft.windows.common-controls_6595b64144ccf1df_6.0.7601.17514_none_fa396087175ac9ac\COMCTL32.dll
0x000007fefee00000 - 0x000007fefee71000 	C:\Windows\system32\SHLWAPI.dll
0x000007feff380000 - 0x000007feff3ae000 	C:\Windows\system32\IMM32.DLL
0x000007feff400000 - 0x000007feff509000 	C:\Windows\system32\MSCTF.dll
0x00000000739f0000 - 0x0000000073ac1000 	C:\Program Files\Java\jdk1.7.0_11\jre\bin\msvcr100.dll
0x000000006a1c0000 - 0x000000006a8df000 	C:\Program Files\Java\jdk1.7.0_11\jre\bin\server\jvm.dll
0x000007fefb300000 - 0x000007fefb309000 	C:\Windows\system32\WSOCK32.dll
0x000007feff3b0000 - 0x000007feff3fd000 	C:\Windows\system32\WS2_32.dll
0x000007feff510000 - 0x000007feff518000 	C:\Windows\system32\NSI.dll
0x000007fefaf60000 - 0x000007fefaf9b000 	C:\Windows\system32\WINMM.dll
0x00000000773d0000 - 0x00000000773d7000 	C:\Windows\system32\PSAPI.DLL
0x00000000740a0000 - 0x00000000740af000 	C:\Program Files\Java\jdk1.7.0_11\jre\bin\verify.dll
0x0000000073b80000 - 0x0000000073ba8000 	C:\Program Files\Java\jdk1.7.0_11\jre\bin\java.dll
0x0000000073b60000 - 0x0000000073b75000 	C:\Program Files\Java\jdk1.7.0_11\jre\bin\zip.dll
0x0000000073b20000 - 0x0000000073b39000 	C:\Program Files\Java\jdk1.7.0_11\jre\bin\net.dll
0x000007fefc990000 - 0x000007fefc9e5000 	C:\Windows\system32\mswsock.dll
0x000007fefc980000 - 0x000007fefc987000 	C:\Windows\System32\wship6.dll
0x0000000073b40000 - 0x0000000073b51000 	C:\Program Files\Java\jdk1.7.0_11\jre\bin\nio.dll

VM Arguments:
jvm_args: -Djava.awt.headless=true -Xmx8g -Dfile.encoding=GBK -Duser.country=CN -Duser.language=zh -Duser.variant 
java_command: com.android.dx.command.Main --dex --force-jumbo --num-threads=4 --multi-dex --output E:\studio\VkoCircleS\app\build\intermediates\transforms\dex\debug\folders\1000\10\com.android.support-appcompat-v7-21.0.3_9cb6dcb9a094e6deaa3d90b7272ffa48bd0a2d05 E:\studio\VkoCircleS\app\build\intermediates\exploded-aar\com.android.support\appcompat-v7\21.0.3\jars\classes.jar
Launcher Type: SUN_STANDARD

Environment Variables:
JAVA_HOME=C:\Program Files\Java\jdk1.7.0_11
CLASSPATH=.;C:\Program Files\Java\jdk1.7.0_11\lib\dt.jar;C:\Program Files\Java\jdk1.7.0_11\lib\tools.jar;
PATH=C:\Program Files\Java\jdk1.7.0_11\bin;C:\Program Files\Java\jdk1.7.0_11\jre\bin;C:\Windows\system32;C:\Windows;C:\Windows\System32\Wbem;C:\Windows\System32\WindowsPowerShell\v1.0\;C:\Program Files\nodejs\;d:\dev\maven\bin;C:\Users\JiaRH\AppData\Local\Android\Sdk\platform-tools.*;C:\Program Files\TortoiseSVN\bin;F:\zookeeper\zookeeper-3.4.8\zookeeper-3.4.8\bin
USERNAME=JiaRH
OS=Windows_NT
PROCESSOR_IDENTIFIER=Intel64 Family 6 Model 58 Stepping 9, GenuineIntel



---------------  S Y S T E M  ---------------

OS: Windows 7 , 64 bit Build 7601 Service Pack 1

CPU:total 4 (2 cores per cpu, 2 threads per core) family 6 model 58 stepping 9, cmov, cx8, fxsr, mmx, sse, sse2, sse3, ssse3, sse4.1, sse4.2, popcnt, avx, ht, tsc, tscinvbit, tscinv

Memory: 4k page, physical 8279396k(2587148k free), swap 8687152k(5080k free)

vm_info: Java HotSpot(TM) 64-Bit Server VM (23.6-b04) for windows-amd64 JRE (1.7.0_11-b21), built on Jan 12 2013 02:38:42 by "java_re" with unknown MS VC++:1600

time: Wed Nov 02 12:08:14 2016
elapsed time: 3 seconds

