#
# There is insufficient memory for the Java Runtime Environment to continue.
# Native memory allocation (malloc) failed to allocate 65552 bytes for Chunk::new
# Possible reasons:
#   The system is out of physical RAM or swap space
#   In 32 bit mode, the process size limit was hit
# Possible solutions:
#   Reduce memory load on the system
#   Increase physical memory or swap space
#   Check if swap backing store is full
#   Use 64 bit Java on a 64 bit OS
#   Decrease Java heap size (-Xmx/-Xms)
#   Decrease number of Java threads
#   Decrease Java thread stack sizes (-Xss)
#   Set larger code cache with -XX:ReservedCodeCacheSize=
# This output file may be truncated or incomplete.
#
#  Out of Memory Error (allocation.cpp:328), pid=3224, tid=7708
#
# JRE version: 7.0_11-b21
# Java VM: Java HotSpot(TM) 64-Bit Server VM (23.6-b04 mixed mode windows-amd64 compressed oops)
# Failed to write core dump. Minidumps are not enabled by default on client versions of Windows
#

---------------  T H R E A D  ---------------

Current thread (0x000000001bfdc000):  JavaThread "C2 CompilerThread0" daemon [_thread_in_native, id=7708, stack(0x000000001d8e0000,0x000000001d9e0000)]

Stack: [0x000000001d8e0000,0x000000001d9e0000]

Current CompileTask:
C2:   2285  197             com.android.dx.ssa.SCCP::run (298 bytes)


---------------  P R O C E S S  ---------------

Java Threads: ( => current thread )
  0x000000001dee5800 JavaThread "pool-2-thread-4" [_thread_in_Java, id=6640, stack(0x000000001e870000,0x000000001e970000)]
  0x000000001def2800 JavaThread "pool-2-thread-3" [_thread_in_Java, id=8584, stack(0x000000001e2a0000,0x000000001e3a0000)]
  0x000000001dd7a800 JavaThread "pool-2-thread-2" [_thread_in_Java, id=1164, stack(0x000000001e680000,0x000000001e780000)]
  0x000000001dd80000 JavaThread "pool-3-thread-1" [_thread_blocked, id=6680, stack(0x000000001e520000,0x000000001e620000)]
  0x000000001dedc800 JavaThread "pool-2-thread-1" [_thread_in_Java, id=5356, stack(0x000000001e3c0000,0x000000001e4c0000)]
  0x000000001bfe1800 JavaThread "Service Thread" daemon [_thread_blocked, id=6788, stack(0x000000001d650000,0x000000001d750000)]
  0x000000001bfe1000 JavaThread "C2 CompilerThread1" daemon [_thread_in_native, id=1972, stack(0x000000001daf0000,0x000000001dbf0000)]
=>0x000000001bfdc000 JavaThread "C2 CompilerThread0" daemon [_thread_in_native, id=7708, stack(0x000000001d8e0000,0x000000001d9e0000)]
  0x000000001bfda800 JavaThread "Attach Listener" daemon [_thread_blocked, id=5500, stack(0x000000001d770000,0x000000001d870000)]
  0x000000001bfd3800 JavaThread "Signal Dispatcher" daemon [_thread_blocked, id=2452, stack(0x000000001d4f0000,0x000000001d5f0000)]
  0x0000000001e41800 JavaThread "Finalizer" daemon [_thread_blocked, id=4604, stack(0x000000001d320000,0x000000001d420000)]
  0x0000000001e40000 JavaThread "Reference Handler" daemon [_thread_blocked, id=8440, stack(0x000000001d100000,0x000000001d200000)]
  0x000000000278c800 JavaThread "main" [_thread_in_Java, id=8428, stack(0x0000000002600000,0x0000000002700000)]

Other Threads:
  0x000000001bf31800 VMThread [stack: 0x000000001cf00000,0x000000001d000000] [id=3356]
  0x000000001bff3000 WatcherThread [stack: 0x000000001dbf0000,0x000000001dcf0000] [id=2752]

VM state:not at safepoint (normal execution)

VM Mutex/Monitor currently owned by a thread: None

Heap
 PSYoungGen      total 37760K, used 28566K [0x0000000755560000, 0x0000000759f20000, 0x0000000800000000)
  eden space 32384K, 71% used [0x0000000755560000,0x0000000756c05ed0,0x0000000757500000)
  from space 5376K, 99% used [0x0000000757500000,0x0000000757a3fca8,0x0000000757a40000)
  to   space 5376K, 0% used [0x00000007599e0000,0x00000007599e0000,0x0000000759f20000)
 ParOldGen       total 86272K, used 1977K [0x0000000600000000, 0x0000000605440000, 0x0000000755560000)
  object space 86272K, 2% used [0x0000000600000000,0x00000006001ee700,0x0000000605440000)
 PSPermGen       total 21248K, used 6001K [0x00000005fae00000, 0x00000005fc2c0000, 0x0000000600000000)
  object space 21248K, 28% used [0x00000005fae00000,0x00000005fb3dc560,0x00000005fc2c0000)

Card table byte_map: [0x0000000005a00000,0x0000000006a30000] byte_map_base: 0x0000000002a29000

Polling page: 0x0000000000330000

Code Cache  [0x0000000002a00000, 0x0000000002c70000, 0x0000000005a00000)
 total_blobs=452 nmethods=214 adapters=187 free_code_cache=48301Kb largest_free_block=49445760

Compilation events (10 events):
Event: 2.103 Thread 0x000000001bfe1000 nmethod 207 0x0000000002aca290 code [0x0000000002aca3c0, 0x0000000002aca418]
Event: 2.103 Thread 0x000000001bfe1000  208             java.util.HashMap::transfer (115 bytes)
Event: 2.107 Thread 0x000000001bfe1000 nmethod 208 0x0000000002ac5ed0 code [0x0000000002ac6020, 0x0000000002ac6308]
Event: 2.107 Thread 0x000000001bfe1000  209             java.util.concurrent.atomic.AtomicLong::get (5 bytes)
Event: 2.108 Thread 0x000000001bfe1000 nmethod 209 0x0000000002ac7d10 code [0x0000000002ac7e40, 0x0000000002ac7e98]
Event: 2.108 Thread 0x000000001bfe1000  210             java.util.Random::next (47 bytes)
Event: 2.109 Thread 0x000000001bfe1000 nmethod 210 0x0000000002ac7a10 code [0x0000000002ac7b40, 0x0000000002ac7c38]
Event: 2.109 Thread 0x000000001bfe1000  211             java.util.concurrent.atomic.AtomicLong::compareAndSet (13 bytes)
Event: 2.109 Thread 0x000000001bfe1000 nmethod 211 0x0000000002ac7810 code [0x0000000002ac7940, 0x0000000002ac79b8]
Event: 2.109 Thread 0x000000001bfe1000  212             com.android.dx.ssa.SCCP::simulateBlock (54 bytes)

GC Heap History (2 events):
Event: 1.446 GC heap before
{Heap before GC invocations=1 (full 0):
 PSYoungGen      total 37760K, used 32384K [0x0000000755560000, 0x0000000757f80000, 0x0000000800000000)
  eden space 32384K, 100% used [0x0000000755560000,0x0000000757500000,0x0000000757500000)
  from space 5376K, 0% used [0x0000000757a40000,0x0000000757a40000,0x0000000757f80000)
  to   space 5376K, 0% used [0x0000000757500000,0x0000000757500000,0x0000000757a40000)
 ParOldGen       total 86272K, used 0K [0x0000000600000000, 0x0000000605440000, 0x0000000755560000)
  object space 86272K, 0% used [0x0000000600000000,0x0000000600000000,0x0000000605440000)
 PSPermGen       total 21248K, used 5947K [0x00000005fae00000, 0x00000005fc2c0000, 0x0000000600000000)
  object space 21248K, 27% used [0x00000005fae00000,0x00000005fb3cec70,0x00000005fc2c0000)
Event: 1.907 GC heap after
Heap after GC invocations=1 (full 0):
 PSYoungGen      total 37760K, used 5375K [0x0000000755560000, 0x0000000759f20000, 0x0000000800000000)
  eden space 32384K, 0% used [0x0000000755560000,0x0000000755560000,0x0000000757500000)
  from space 5376K, 99% used [0x0000000757500000,0x0000000757a3fca8,0x0000000757a40000)
  to   space 5376K, 0% used [0x00000007599e0000,0x00000007599e0000,0x0000000759f20000)
 ParOldGen       total 86272K, used 1977K [0x0000000600000000, 0x0000000605440000, 0x0000000755560000)
  object space 86272K, 2% used [0x0000000600000000,0x00000006001ee700,0x0000000605440000)
 PSPermGen       total 21248K, used 5947K [0x00000005fae00000, 0x00000005fc2c0000, 0x0000000600000000)
  object space 21248K, 27% used [0x00000005fae00000,0x00000005fb3cec70,0x00000005fc2c0000)
}

Deoptimization events (7 events):
Event: 1.364 Thread 0x000000000278c800 Uncommon trap -34 fr.pc 0x0000000002a87464
Event: 1.408 Thread 0x000000001def2800 Uncommon trap -34 fr.pc 0x0000000002a87464
Event: 2.087 Thread 0x000000001dd7a800 Uncommon trap -34 fr.pc 0x0000000002ace320
Event: 2.166 Thread 0x000000001dd7a800 Uncommon trap -34 fr.pc 0x0000000002ace320
Event: 2.219 Thread 0x000000001dd7a800 Uncommon trap -34 fr.pc 0x0000000002a87464
Event: 2.228 Thread 0x000000001dd7a800 Uncommon trap -34 fr.pc 0x0000000002ace320
Event: 2.229 Thread 0x000000001dd7a800 Uncommon trap -34 fr.pc 0x0000000002a87464

Internal exceptions (10 events):
Event: 0.733 Thread 0x000000000278c800 Threw 0x0000000755fdb340 at C:\jdk7u1_64p\jdk7u11\hotspot\src\share\vm\prims\jvm.cpp:1166
Event: 0.733 Thread 0x000000000278c800 Threw 0x0000000755fdf6a0 at C:\jdk7u1_64p\jdk7u11\hotspot\src\share\vm\prims\jvm.cpp:1166
Event: 0.735 Thread 0x000000000278c800 Threw 0x0000000755fe2dd0 at C:\jdk7u1_64p\jdk7u11\hotspot\src\share\vm\prims\jvm.cpp:1166
Event: 0.735 Thread 0x000000000278c800 Threw 0x0000000755fe5d38 at C:\jdk7u1_64p\jdk7u11\hotspot\src\share\vm\prims\jvm.cpp:1166
Event: 0.755 Thread 0x000000001dedc800 Threw 0x0000000755d160b8 at C:\jdk7u1_64p\jdk7u11\hotspot\src\share\vm\prims\jvm.cpp:1166
Event: 0.870 Thread 0x000000000278c800 Threw 0x0000000756029d48 at C:\jdk7u1_64p\jdk7u11\hotspot\src\share\vm\prims\jvm.cpp:1166
Event: 1.066 Thread 0x000000001dedc800 Threw 0x000000075654c928 at C:\jdk7u1_64p\jdk7u11\hotspot\src\share\vm\prims\jvm.cpp:1166
Event: 1.306 Thread 0x000000000278c800 Threw 0x0000000756bba138 at C:\jdk7u1_64p\jdk7u11\hotspot\src\share\vm\prims\jvm.cpp:1166
Event: 1.309 Thread 0x000000000278c800 Threw 0x0000000756db5aa8 at C:\jdk7u1_64p\jdk7u11\hotspot\src\share\vm\prims\jvm.cpp:1166
Event: 1.951 Thread 0x000000001dee5800 Threw 0x000000075595aa78 at C:\jdk7u1_64p\jdk7u11\hotspot\src\share\vm\prims\jvm.cpp:1166

Events (10 events):
Event: 2.087 Thread 0x000000001dd7a800 DEOPT PACKING pc=0x0000000002ace320 sp=0x000000001e77ec60
Event: 2.087 Thread 0x000000001dd7a800 DEOPT UNPACKING pc=0x0000000002a39164 sp=0x000000001e77ebf8 mode 2
Event: 2.166 Thread 0x000000001dd7a800 DEOPT PACKING pc=0x0000000002ace320 sp=0x000000001e77ec60
Event: 2.166 Thread 0x000000001dd7a800 DEOPT UNPACKING pc=0x0000000002a39164 sp=0x000000001e77ebf8 mode 2
Event: 2.219 Thread 0x000000001dd7a800 DEOPT PACKING pc=0x0000000002a87464 sp=0x000000001e77ec70
Event: 2.219 Thread 0x000000001dd7a800 DEOPT UNPACKING pc=0x0000000002a39164 sp=0x000000001e77eb50 mode 2
Event: 2.228 Thread 0x000000001dd7a800 DEOPT PACKING pc=0x0000000002ace320 sp=0x000000001e77ec60
Event: 2.228 Thread 0x000000001dd7a800 DEOPT UNPACKING pc=0x0000000002a39164 sp=0x000000001e77ebf8 mode 2
Event: 2.229 Thread 0x000000001dd7a800 DEOPT PACKING pc=0x0000000002a87464 sp=0x000000001e77ec30
Event: 2.229 Thread 0x000000001dd7a800 DEOPT UNPACKING pc=0x0000000002a39164 sp=0x000000001e77eb10 mode 2


Dynamic libraries:
0x000000013f3e0000 - 0x000000013f413000 	C:\Program Files\Java\jdk1.7.0_11\bin\java.exe
0x00000000775d0000 - 0x0000000077779000 	C:\Windows\SYSTEM32\ntdll.dll
0x00000000774b0000 - 0x00000000775cf000 	C:\Windows\system32\kernel32.dll
0x000007fefd740000 - 0x000007fefd7ab000 	C:\Windows\system32\KERNELBASE.dll
0x000007fefedc0000 - 0x000007fefee9b000 	C:\Windows\system32\ADVAPI32.dll
0x000007fefded0000 - 0x000007fefdf6f000 	C:\Windows\system32\msvcrt.dll
0x000007feff860000 - 0x000007feff87f000 	C:\Windows\SYSTEM32\sechost.dll
0x000007feff730000 - 0x000007feff85d000 	C:\Windows\system32\RPCRT4.dll
0x00000000773b0000 - 0x00000000774aa000 	C:\Windows\system32\USER32.dll
0x000007feff100000 - 0x000007feff167000 	C:\Windows\system32\GDI32.dll
0x000007fefdf70000 - 0x000007fefdf7e000 	C:\Windows\system32\LPK.dll
0x000007feff420000 - 0x000007feff4e9000 	C:\Windows\system32\USP10.dll
0x000007fefbf90000 - 0x000007fefc184000 	C:\Windows\WinSxS\amd64_microsoft.windows.common-controls_6595b64144ccf1df_6.0.7601.17514_none_fa396087175ac9ac\COMCTL32.dll
0x000007fefd8f0000 - 0x000007fefd961000 	C:\Windows\system32\SHLWAPI.dll
0x000007feff4f0000 - 0x000007feff51e000 	C:\Windows\system32\IMM32.DLL
0x000007feff540000 - 0x000007feff649000 	C:\Windows\system32\MSCTF.dll
0x0000000073e70000 - 0x0000000073f41000 	C:\Program Files\Java\jdk1.7.0_11\jre\bin\msvcr100.dll
0x0000000054dd0000 - 0x00000000554ef000 	C:\Program Files\Java\jdk1.7.0_11\jre\bin\server\jvm.dll
0x000007fef73e0000 - 0x000007fef73e9000 	C:\Windows\system32\WSOCK32.dll
0x000007fefeea0000 - 0x000007fefeeed000 	C:\Windows\system32\WS2_32.dll
0x000007fefed10000 - 0x000007fefed18000 	C:\Windows\system32\NSI.dll
0x000007fefb420000 - 0x000007fefb45b000 	C:\Windows\system32\WINMM.dll
0x00000000777a0000 - 0x00000000777a7000 	C:\Windows\system32\PSAPI.DLL
0x0000000074000000 - 0x000000007400f000 	C:\Program Files\Java\jdk1.7.0_11\jre\bin\verify.dll
0x0000000073b60000 - 0x0000000073b88000 	C:\Program Files\Java\jdk1.7.0_11\jre\bin\java.dll
0x00000000739b0000 - 0x00000000739c5000 	C:\Program Files\Java\jdk1.7.0_11\jre\bin\zip.dll
0x0000000073990000 - 0x00000000739a9000 	C:\Program Files\Java\jdk1.7.0_11\jre\bin\net.dll
0x000007fefcd50000 - 0x000007fefcda5000 	C:\Windows\system32\mswsock.dll
0x000007fefcd40000 - 0x000007fefcd47000 	C:\Windows\System32\wship6.dll
0x0000000073970000 - 0x0000000073981000 	C:\Program Files\Java\jdk1.7.0_11\jre\bin\nio.dll

VM Arguments:
jvm_args: -Djava.awt.headless=true -Xmx8g -Dfile.encoding=GBK -Duser.country=CN -Duser.language=zh -Duser.variant 
java_command: com.android.dx.command.Main --dex --force-jumbo --num-threads=4 --multi-dex --output E:\studio\VkoCircleS\app\build\intermediates\transforms\dex\official\debug\folders\1000\8\nim-sdk-2.1.2_2604157d854c5d853d7f063ad5a12e78b9963874 E:\studio\VkoCircleS\app\build\intermediates\exploded-aar\VkoCircleS\uikit\unspecified\jars\libs\nim-sdk-2.1.2.jar
Launcher Type: SUN_STANDARD

Environment Variables:
JAVA_HOME=C:\Program Files\Java\jdk1.7.0_11
CLASSPATH=.;C:\Program Files\Java\jdk1.7.0_11\lib\dt.jar;C:\Program Files\Java\jdk1.7.0_11\lib\tools.jar;
PATH=C:\Program Files\Java\jdk1.7.0_11\bin;C:\Program Files\Java\jdk1.7.0_11\jre\bin;C:\Windows\system32;C:\Windows;C:\Windows\System32\Wbem;C:\Windows\System32\WindowsPowerShell\v1.0\;C:\Program Files\nodejs\;d:\dev\maven\bin;C:\Users\JiaRH\AppData\Local\Android\Sdk\platform-tools.*;C:\Program Files\TortoiseSVN\bin;F:\zookeeper\zookeeper-3.4.8\zookeeper-3.4.8\bin
USERNAME=JiaRH
OS=Windows_NT
PROCESSOR_IDENTIFIER=Intel64 Family 6 Model 58 Stepping 9, GenuineIntel



---------------  S Y S T E M  ---------------

OS: Windows 7 , 64 bit Build 7601 Service Pack 1

CPU:total 4 (2 cores per cpu, 2 threads per core) family 6 model 58 stepping 9, cmov, cx8, fxsr, mmx, sse, sse2, sse3, ssse3, sse4.1, sse4.2, popcnt, avx, ht, tsc, tscinvbit, tscinv

Memory: 4k page, physical 8279396k(2213204k free), swap 8687152k(5164k free)

vm_info: Java HotSpot(TM) 64-Bit Server VM (23.6-b04) for windows-amd64 JRE (1.7.0_11-b21), built on Jan 12 2013 02:38:42 by "java_re" with unknown MS VC++:1600

time: Wed Nov 09 14:44:04 2016
elapsed time: 2 seconds

