#
# There is insufficient memory for the Java Runtime Environment to continue.
# Native memory allocation (malloc) failed to allocate 65552 bytes for Chunk::new
# Possible reasons:
#   The system is out of physical RAM or swap space
#   In 32 bit mode, the process size limit was hit
# Possible solutions:
#   Reduce memory load on the system
#   Increase physical memory or swap space
#   Check if swap backing store is full
#   Use 64 bit Java on a 64 bit OS
#   Decrease Java heap size (-Xmx/-Xms)
#   Decrease number of Java threads
#   Decrease Java thread stack sizes (-Xss)
#   Set larger code cache with -XX:ReservedCodeCacheSize=
# This output file may be truncated or incomplete.
#
#  Out of Memory Error (allocation.cpp:328), pid=8344, tid=10036
#
# JRE version: 7.0_11-b21
# Java VM: Java HotSpot(TM) 64-Bit Server VM (23.6-b04 mixed mode windows-amd64 compressed oops)
# Failed to write core dump. Minidumps are not enabled by default on client versions of Windows
#

---------------  T H R E A D  ---------------

Current thread (0x000000001c280000):  JavaThread "C2 CompilerThread1" daemon [_thread_in_native, id=10036, stack(0x000000001d830000,0x000000001d930000)]

Stack: [0x000000001d830000,0x000000001d930000]

Current CompileTask:
C2:   5600  549             com.android.dx.dex.cf.CfTranslator::translate0 (259 bytes)


---------------  P R O C E S S  ---------------

Java Threads: ( => current thread )
  0x000000001dd56800 JavaThread "pool-2-thread-4" [_thread_in_Java, id=5008, stack(0x000000001e790000,0x000000001e890000)]
  0x000000001dd08000 JavaThread "pool-2-thread-3" [_thread_in_vm, id=10160, stack(0x000000001e500000,0x000000001e600000)]
  0x000000001dd25000 JavaThread "pool-2-thread-2" [_thread_in_Java, id=9420, stack(0x000000001e310000,0x000000001e410000)]
  0x000000001dc58000 JavaThread "pool-3-thread-1" [_thread_blocked, id=9616, stack(0x000000001e040000,0x000000001e140000)]
  0x000000001dc5b000 JavaThread "pool-2-thread-1" [_thread_blocked, id=9540, stack(0x000000001e140000,0x000000001e240000)]
  0x000000001c281000 JavaThread "Service Thread" daemon [_thread_blocked, id=8388, stack(0x000000001db00000,0x000000001dc00000)]
=>0x000000001c280000 JavaThread "C2 CompilerThread1" daemon [_thread_in_native, id=10036, stack(0x000000001d830000,0x000000001d930000)]
  0x000000001c27e800 JavaThread "C2 CompilerThread0" daemon [_thread_in_native, id=9804, stack(0x000000001d510000,0x000000001d610000)]
  0x000000001c27d800 JavaThread "Attach Listener" daemon [_thread_blocked, id=9608, stack(0x000000001d6a0000,0x000000001d7a0000)]
  0x000000001c276800 JavaThread "Signal Dispatcher" daemon [_thread_blocked, id=7476, stack(0x000000001d120000,0x000000001d220000)]
  0x000000000254a800 JavaThread "Finalizer" daemon [_thread_blocked, id=428, stack(0x000000001d3c0000,0x000000001d4c0000)]
  0x0000000002544000 JavaThread "Reference Handler" daemon [_thread_blocked, id=8900, stack(0x000000001d2b0000,0x000000001d3b0000)]
  0x00000000025dc800 JavaThread "main" [_thread_blocked, id=5972, stack(0x00000000027e0000,0x00000000028e0000)]

Other Threads:
  0x000000001c1d1800 VMThread [stack: 0x000000001d010000,0x000000001d110000] [id=5760]
  0x000000001c281800 WatcherThread [stack: 0x000000001d940000,0x000000001da40000] [id=9244]

VM state:not at safepoint (normal execution)

VM Mutex/Monitor currently owned by a thread: None

Heap
 PSYoungGen      total 70144K, used 51229K [0x0000000755560000, 0x0000000759f20000, 0x0000000800000000)
  eden space 64768K, 70% used [0x0000000755560000,0x0000000758229b18,0x00000007594a0000)
  from space 5376K, 99% used [0x00000007594a0000,0x00000007599dd9b8,0x00000007599e0000)
  to   space 5376K, 0% used [0x00000007599e0000,0x00000007599e0000,0x0000000759f20000)
 ParOldGen       total 86272K, used 20744K [0x0000000600000000, 0x0000000605440000, 0x0000000755560000)
  object space 86272K, 24% used [0x0000000600000000,0x0000000601442300,0x0000000605440000)
 PSPermGen       total 21248K, used 5557K [0x00000005fae00000, 0x00000005fc2c0000, 0x0000000600000000)
  object space 21248K, 26% used [0x00000005fae00000,0x00000005fb36d5e0,0x00000005fc2c0000)

Card table byte_map: [0x00000000058e0000,0x0000000006910000] byte_map_base: 0x0000000002909000

Polling page: 0x0000000000340000

Code Cache  [0x00000000028e0000, 0x0000000002b50000, 0x00000000058e0000)
 total_blobs=754 nmethods=539 adapters=166 free_code_cache=47056Kb largest_free_block=48078272

Compilation events (10 events):
Event: 5.560 Thread 0x000000001c280000 nmethod 545 0x0000000002afe510 code [0x0000000002afe640, 0x0000000002afe6b8]
Event: 5.560 Thread 0x000000001c280000  546             com.android.dx.cf.attrib.AttCode::getCatches (5 bytes)
Event: 5.560 Thread 0x000000001c280000 nmethod 546 0x0000000002afe310 code [0x0000000002afe440, 0x0000000002afe4b8]
Event: 5.564 Thread 0x000000001c27e800 nmethod 543 0x000000000298fc50 code [0x000000000298fda0, 0x0000000002990168]
Event: 5.573 Thread 0x000000001c280000  547             com.android.dx.cf.direct.DirectClassFile::getBytes (5 bytes)
Event: 5.573 Thread 0x000000001c280000 nmethod 547 0x0000000002afe0d0 code [0x0000000002afe200, 0x0000000002afe278]
Event: 5.576 Thread 0x000000001c27e800    6 %           com.android.dx.rop.code.LocalVariableExtractor::processBlock @ 68 (327 bytes)
Event: 5.577 Thread 0x000000001c280000  548             com.android.dx.rop.code.ThrowingInsn::accept (8 bytes)
Event: 5.577 Thread 0x000000001c280000 nmethod 548 0x000000000298fa10 code [0x000000000298fb60, 0x000000000298fbd8]
Event: 5.581 Thread 0x000000001c280000  549             com.android.dx.dex.cf.CfTranslator::translate0 (259 bytes)

GC Heap History (6 events):
Event: 0.969 GC heap before
{Heap before GC invocations=1 (full 0):
 PSYoungGen      total 37760K, used 32384K [0x0000000755560000, 0x0000000757f80000, 0x0000000800000000)
  eden space 32384K, 100% used [0x0000000755560000,0x0000000757500000,0x0000000757500000)
  from space 5376K, 0% used [0x0000000757a40000,0x0000000757a40000,0x0000000757f80000)
  to   space 5376K, 0% used [0x0000000757500000,0x0000000757500000,0x0000000757a40000)
 ParOldGen       total 86272K, used 0K [0x0000000600000000, 0x0000000605440000, 0x0000000755560000)
  object space 86272K, 0% used [0x0000000600000000,0x0000000600000000,0x0000000605440000)
 PSPermGen       total 21248K, used 5442K [0x00000005fae00000, 0x00000005fc2c0000, 0x0000000600000000)
  object space 21248K, 25% used [0x00000005fae00000,0x00000005fb3509d0,0x00000005fc2c0000)
Event: 0.979 GC heap after
Heap after GC invocations=1 (full 0):
 PSYoungGen      total 37760K, used 5352K [0x0000000755560000, 0x0000000759f20000, 0x0000000800000000)
  eden space 32384K, 0% used [0x0000000755560000,0x0000000755560000,0x0000000757500000)
  from space 5376K, 99% used [0x0000000757500000,0x0000000757a3a248,0x0000000757a40000)
  to   space 5376K, 0% used [0x00000007599e0000,0x00000007599e0000,0x0000000759f20000)
 ParOldGen       total 86272K, used 1402K [0x0000000600000000, 0x0000000605440000, 0x0000000755560000)
  object space 86272K, 1% used [0x0000000600000000,0x000000060015ea60,0x0000000605440000)
 PSPermGen       total 21248K, used 5442K [0x00000005fae00000, 0x00000005fc2c0000, 0x0000000600000000)
  object space 21248K, 25% used [0x00000005fae00000,0x00000005fb3509d0,0x00000005fc2c0000)
}
Event: 1.723 GC heap before
{Heap before GC invocations=2 (full 0):
 PSYoungGen      total 37760K, used 37736K [0x0000000755560000, 0x0000000759f20000, 0x0000000800000000)
  eden space 32384K, 100% used [0x0000000755560000,0x0000000757500000,0x0000000757500000)
  from space 5376K, 99% used [0x0000000757500000,0x0000000757a3a248,0x0000000757a40000)
  to   space 5376K, 0% used [0x00000007599e0000,0x00000007599e0000,0x0000000759f20000)
 ParOldGen       total 86272K, used 1402K [0x0000000600000000, 0x0000000605440000, 0x0000000755560000)
  object space 86272K, 1% used [0x0000000600000000,0x000000060015ea60,0x0000000605440000)
 PSPermGen       total 21248K, used 5496K [0x00000005fae00000, 0x00000005fc2c0000, 0x0000000600000000)
  object space 21248K, 25% used [0x00000005fae00000,0x00000005fb35e3a0,0x00000005fc2c0000)
Event: 1.763 GC heap after
Heap after GC invocations=2 (full 0):
 PSYoungGen      total 70144K, used 5357K [0x0000000755560000, 0x0000000759f20000, 0x0000000800000000)
  eden space 64768K, 0% used [0x0000000755560000,0x0000000755560000,0x00000007594a0000)
  from space 5376K, 99% used [0x00000007599e0000,0x0000000759f1b568,0x0000000759f20000)
  to   space 5376K, 0% used [0x00000007594a0000,0x00000007594a0000,0x00000007599e0000)
 ParOldGen       total 86272K, used 9652K [0x0000000600000000, 0x0000000605440000, 0x0000000755560000)
  object space 86272K, 11% used [0x0000000600000000,0x000000060096d3c0,0x0000000605440000)
 PSPermGen       total 21248K, used 5496K [0x00000005fae00000, 0x00000005fc2c0000, 0x0000000600000000)
  object space 21248K, 25% used [0x00000005fae00000,0x00000005fb35e3a0,0x00000005fc2c0000)
}
Event: 4.975 GC heap before
{Heap before GC invocations=3 (full 0):
 PSYoungGen      total 70144K, used 70125K [0x0000000755560000, 0x0000000759f20000, 0x0000000800000000)
  eden space 64768K, 100% used [0x0000000755560000,0x00000007594a0000,0x00000007594a0000)
  from space 5376K, 99% used [0x00000007599e0000,0x0000000759f1b568,0x0000000759f20000)
  to   space 5376K, 0% used [0x00000007594a0000,0x00000007594a0000,0x00000007599e0000)
 ParOldGen       total 86272K, used 9652K [0x0000000600000000, 0x0000000605440000, 0x0000000755560000)
  object space 86272K, 11% used [0x0000000600000000,0x000000060096d3c0,0x0000000605440000)
 PSPermGen       total 21248K, used 5549K [0x00000005fae00000, 0x00000005fc2c0000, 0x0000000600000000)
  object space 21248K, 26% used [0x00000005fae00000,0x00000005fb36b630,0x00000005fc2c0000)
Event: 5.478 GC heap after
Heap after GC invocations=3 (full 0):
 PSYoungGen      total 70144K, used 5366K [0x0000000755560000, 0x0000000759f20000, 0x0000000800000000)
  eden space 64768K, 0% used [0x0000000755560000,0x0000000755560000,0x00000007594a0000)
  from space 5376K, 99% used [0x00000007594a0000,0x00000007599dd9b8,0x00000007599e0000)
  to   space 5376K, 0% used [0x00000007599e0000,0x00000007599e0000,0x0000000759f20000)
 ParOldGen       total 86272K, used 20744K [0x0000000600000000, 0x0000000605440000, 0x0000000755560000)
  object space 86272K, 24% used [0x0000000600000000,0x0000000601442300,0x0000000605440000)
 PSPermGen       total 21248K, used 5549K [0x00000005fae00000, 0x00000005fc2c0000, 0x0000000600000000)
  object space 21248K, 26% used [0x00000005fae00000,0x00000005fb36b630,0x00000005fc2c0000)
}

Deoptimization events (10 events):
Event: 0.985 Thread 0x000000001dd25000 Uncommon trap -34 fr.pc 0x00000000029a44a4
Event: 0.986 Thread 0x000000001dd25000 Uncommon trap -34 fr.pc 0x00000000029a44a4
Event: 0.988 Thread 0x000000001dd25000 Uncommon trap -34 fr.pc 0x00000000029a9b9c
Event: 3.447 Thread 0x00000000025dc800 Uncommon trap -12 fr.pc 0x0000000002acaf0c
Event: 3.463 Thread 0x000000001dd25000 Uncommon trap -83 fr.pc 0x0000000002a639e8
Event: 3.826 Thread 0x000000001dd25000 Uncommon trap -12 fr.pc 0x0000000002aec034
Event: 3.897 Thread 0x000000001dd56800 Uncommon trap -28 fr.pc 0x0000000002b009b0
Event: 5.535 Thread 0x000000001dd25000 Uncommon trap -83 fr.pc 0x00000000029dce50
Event: 5.550 Thread 0x000000001dd25000 Uncommon trap -83 fr.pc 0x000000000294d9d8
Event: 5.580 Thread 0x000000001dc5b000 Uncommon trap -12 fr.pc 0x0000000002b03f6c

Internal exceptions (10 events):
Event: 0.941 Thread 0x000000001dd56800 Threw 0x00000007571fa2e8 at C:\jdk7u1_64p\jdk7u11\hotspot\src\share\vm\prims\jvm.cpp:1166
Event: 0.963 Thread 0x000000001dd25000 Threw 0x0000000756eb2168 at C:\jdk7u1_64p\jdk7u11\hotspot\src\share\vm\prims\jvm.cpp:1166
Event: 1.357 Thread 0x00000000025dc800 Threw 0x00000007570b90e8 at C:\jdk7u1_64p\jdk7u11\hotspot\src\share\vm\prims\jvm.cpp:1166
Event: 1.365 Thread 0x00000000025dc800 Threw 0x0000000757121000 at C:\jdk7u1_64p\jdk7u11\hotspot\src\share\vm\prims\jvm.cpp:1166
Event: 3.447 Thread 0x00000000025dc800 Implicit null exception at 0x0000000002aca81f to 0x0000000002acaf01
Event: 3.463 Thread 0x000000001dd25000 Implicit null exception at 0x0000000002a6354c to 0x0000000002a63985
Event: 3.826 Thread 0x000000001dd25000 Implicit null exception at 0x0000000002aeb9f0 to 0x0000000002aec025
Event: 5.523 Thread 0x000000001dd25000 Threw 0x0000000755d4ec28 at C:\jdk7u1_64p\jdk7u11\hotspot\src\share\vm\prims\jvm.cpp:1166
Event: 5.535 Thread 0x000000001dd25000 Implicit null exception at 0x00000000029dbe35 to 0x00000000029dce41
Event: 5.580 Thread 0x000000001dc5b000 Implicit null exception at 0x0000000002b03794 to 0x0000000002b03f5d

Events (10 events):
Event: 5.498 Thread 0x000000001c27e800 flushing nmethod 0x00000000029a2d90
Event: 5.498 Thread 0x000000001c27e800 flushing nmethod 0x00000000029a8550
Event: 5.517 loading class 0x000000001dca4980
Event: 5.517 loading class 0x000000001dca4980 done
Event: 5.535 Thread 0x000000001dd25000 DEOPT PACKING pc=0x00000000029dce50 sp=0x000000001e40ee80
Event: 5.535 Thread 0x000000001dd25000 DEOPT UNPACKING pc=0x0000000002919164 sp=0x000000001e40ed40 mode 2
Event: 5.550 Thread 0x000000001dd25000 DEOPT PACKING pc=0x000000000294d9d8 sp=0x000000001e40e970
Event: 5.550 Thread 0x000000001dd25000 DEOPT UNPACKING pc=0x0000000002919164 sp=0x000000001e40e910 mode 2
Event: 5.580 Thread 0x000000001dc5b000 DEOPT PACKING pc=0x0000000002b03f6c sp=0x000000001e23ec90
Event: 5.580 Thread 0x000000001dc5b000 DEOPT UNPACKING pc=0x0000000002919164 sp=0x000000001e23ebd8 mode 2


Dynamic libraries:
0x000000013fe30000 - 0x000000013fe63000 	C:\Program Files\Java\jdk1.7.0_11\bin\java.exe
0x0000000077210000 - 0x00000000773b9000 	C:\Windows\SYSTEM32\ntdll.dll
0x0000000076ff0000 - 0x000000007710f000 	C:\Windows\system32\kernel32.dll
0x000007fefd310000 - 0x000007fefd37b000 	C:\Windows\system32\KERNELBASE.dll
0x000007fefe750000 - 0x000007fefe82b000 	C:\Windows\system32\ADVAPI32.dll
0x000007fefedd0000 - 0x000007fefee6f000 	C:\Windows\system32\msvcrt.dll
0x000007feff410000 - 0x000007feff42f000 	C:\Windows\SYSTEM32\sechost.dll
0x000007fefd530000 - 0x000007fefd65d000 	C:\Windows\system32\RPCRT4.dll
0x0000000077110000 - 0x000000007720a000 	C:\Windows\system32\USER32.dll
0x000007feff430000 - 0x000007feff497000 	C:\Windows\system32\GDI32.dll
0x000007fefedc0000 - 0x000007fefedce000 	C:\Windows\system32\LPK.dll
0x000007fefe860000 - 0x000007fefe929000 	C:\Windows\system32\USP10.dll
0x000007fefbc30000 - 0x000007fefbe24000 	C:\Windows\WinSxS\amd64_microsoft.windows.common-controls_6595b64144ccf1df_6.0.7601.17514_none_fa396087175ac9ac\COMCTL32.dll
0x000007feff390000 - 0x000007feff401000 	C:\Windows\system32\SHLWAPI.dll
0x000007fefe830000 - 0x000007fefe85e000 	C:\Windows\system32\IMM32.DLL
0x000007feff000000 - 0x000007feff109000 	C:\Windows\system32\MSCTF.dll
0x0000000070190000 - 0x0000000070261000 	C:\Program Files\Java\jdk1.7.0_11\jre\bin\msvcr100.dll
0x000000006a580000 - 0x000000006ac9f000 	C:\Program Files\Java\jdk1.7.0_11\jre\bin\server\jvm.dll
0x000007feee8c0000 - 0x000007feee8c9000 	C:\Windows\system32\WSOCK32.dll
0x000007feff240000 - 0x000007feff28d000 	C:\Windows\system32\WS2_32.dll
0x000007fefef50000 - 0x000007fefef58000 	C:\Windows\system32\NSI.dll
0x000007fefaf30000 - 0x000007fefaf6b000 	C:\Windows\system32\WINMM.dll
0x00000000773e0000 - 0x00000000773e7000 	C:\Windows\system32\PSAPI.DLL
0x0000000073fe0000 - 0x0000000073fef000 	C:\Program Files\Java\jdk1.7.0_11\jre\bin\verify.dll
0x0000000073fb0000 - 0x0000000073fd8000 	C:\Program Files\Java\jdk1.7.0_11\jre\bin\java.dll
0x0000000073f90000 - 0x0000000073fa5000 	C:\Program Files\Java\jdk1.7.0_11\jre\bin\zip.dll

VM Arguments:
jvm_args: -Djava.awt.headless=true -Xmx8g -Dfile.encoding=GBK -Duser.country=CN -Duser.language=zh -Duser.variant 
java_command: com.android.dx.command.Main --dex --force-jumbo --num-threads=4 --multi-dex --output E:\studio\VkoCircleS\app\build\intermediates\transforms\dex\debug\folders\1000\5\slice_0 E:\studio\VkoCircleS\app\build\intermediates\transforms\instantRunSlicer\debug\folders\1\5\slice_0
Launcher Type: SUN_STANDARD

Environment Variables:
JAVA_HOME=C:\Program Files\Java\jdk1.7.0_11
CLASSPATH=.;C:\Program Files\Java\jdk1.7.0_11\lib\dt.jar;C:\Program Files\Java\jdk1.7.0_11\lib\tools.jar;
PATH=C:\Program Files\Java\jdk1.7.0_11\bin;C:\Program Files\Java\jdk1.7.0_11\jre\bin;C:\Windows\system32;C:\Windows;C:\Windows\System32\Wbem;C:\Windows\System32\WindowsPowerShell\v1.0\;C:\Program Files\nodejs\;d:\dev\maven\bin;C:\Users\JiaRH\AppData\Local\Android\Sdk\platform-tools.*;C:\Program Files\TortoiseSVN\bin;F:\zookeeper\zookeeper-3.4.8\zookeeper-3.4.8\bin
USERNAME=JiaRH
OS=Windows_NT
PROCESSOR_IDENTIFIER=Intel64 Family 6 Model 58 Stepping 9, GenuineIntel



---------------  S Y S T E M  ---------------

OS: Windows 7 , 64 bit Build 7601 Service Pack 1

CPU:total 4 (2 cores per cpu, 2 threads per core) family 6 model 58 stepping 9, cmov, cx8, fxsr, mmx, sse, sse2, sse3, ssse3, sse4.1, sse4.2, popcnt, avx, ht, tsc, tscinvbit, tscinv

Memory: 4k page, physical 8279396k(2675048k free), swap 8687152k(5056k free)

vm_info: Java HotSpot(TM) 64-Bit Server VM (23.6-b04) for windows-amd64 JRE (1.7.0_11-b21), built on Jan 12 2013 02:38:42 by "java_re" with unknown MS VC++:1600

time: Mon Nov 14 17:19:10 2016
elapsed time: 5 seconds

