#
# There is insufficient memory for the Java Runtime Environment to continue.
# Native memory allocation (malloc) failed to allocate 310576 bytes for Chunk::new
# Possible reasons:
#   The system is out of physical RAM or swap space
#   In 32 bit mode, the process size limit was hit
# Possible solutions:
#   Reduce memory load on the system
#   Increase physical memory or swap space
#   Check if swap backing store is full
#   Use 64 bit Java on a 64 bit OS
#   Decrease Java heap size (-Xmx/-Xms)
#   Decrease number of Java threads
#   Decrease Java thread stack sizes (-Xss)
#   Set larger code cache with -XX:ReservedCodeCacheSize=
# This output file may be truncated or incomplete.
#
#  Out of Memory Error (allocation.cpp:328), pid=8740, tid=9588
#
# JRE version: 7.0_11-b21
# Java VM: Java HotSpot(TM) 64-Bit Server VM (23.6-b04 mixed mode windows-amd64 compressed oops)
# Failed to write core dump. Minidumps are not enabled by default on client versions of Windows
#

---------------  T H R E A D  ---------------

Current thread (0x000000001c10b800):  JavaThread "C2 CompilerThread0" daemon [_thread_in_native, id=9588, stack(0x000000001d5d0000,0x000000001d6d0000)]

Stack: [0x000000001d5d0000,0x000000001d6d0000]

Current CompileTask:
C2:   3428  221             com.android.dx.ssa.back.IdenticalBlockCombiner::process (323 bytes)


---------------  P R O C E S S  ---------------

Java Threads: ( => current thread )
  0x000000001db94800 JavaThread "pool-2-thread-4" [_thread_in_vm, id=8460, stack(0x000000001e3e0000,0x000000001e4e0000)]
  0x000000001db93800 JavaThread "pool-2-thread-3" [_thread_in_vm, id=4812, stack(0x000000001e000000,0x000000001e100000)]
  0x000000001db93000 JavaThread "pool-2-thread-2" [_thread_in_Java, id=9684, stack(0x000000001d4d0000,0x000000001d5d0000)]
  0x000000001dc73800 JavaThread "pool-3-thread-1" [_thread_blocked, id=6236, stack(0x000000001e2c0000,0x000000001e3c0000)]
  0x000000001daaa000 JavaThread "pool-2-thread-1" [_thread_blocked, id=8760, stack(0x000000001e170000,0x000000001e270000)]
  0x000000001c10e800 JavaThread "Service Thread" daemon [_thread_blocked, id=3144, stack(0x000000001d6d0000,0x000000001d7d0000)]
  0x000000001c10d800 JavaThread "C2 CompilerThread1" daemon [_thread_in_native, id=9448, stack(0x000000001d810000,0x000000001d910000)]
=>0x000000001c10b800 JavaThread "C2 CompilerThread0" daemon [_thread_in_native, id=9588, stack(0x000000001d5d0000,0x000000001d6d0000)]
  0x000000001c10a800 JavaThread "Attach Listener" daemon [_thread_blocked, id=10152, stack(0x000000001d3d0000,0x000000001d4d0000)]
  0x000000001c103800 JavaThread "Signal Dispatcher" daemon [_thread_blocked, id=1904, stack(0x000000001d0e0000,0x000000001d1e0000)]
  0x0000000002601800 JavaThread "Finalizer" daemon [_thread_blocked, id=8256, stack(0x000000001d210000,0x000000001d310000)]
  0x0000000002600000 JavaThread "Reference Handler" daemon [_thread_blocked, id=6472, stack(0x000000001cfc0000,0x000000001d0c0000)]
  0x00000000000fc800 JavaThread "main" [_thread_blocked, id=4848, stack(0x00000000028d0000,0x00000000029d0000)]

Other Threads:
  0x000000001c061800 VMThread [stack: 0x000000001ceb0000,0x000000001cfb0000] [id=9272]
  0x000000001c12f800 WatcherThread [stack: 0x000000001d950000,0x000000001da50000] [id=5972]

VM state:not at safepoint (normal execution)

VM Mutex/Monitor currently owned by a thread: None

Heap
 PSYoungGen      total 37760K, used 7957K [0x0000000755560000, 0x0000000759f20000, 0x0000000800000000)
  eden space 32384K, 7% used [0x0000000755560000,0x00000007557e6290,0x0000000757500000)
  from space 5376K, 99% used [0x0000000757500000,0x0000000757a3f540,0x0000000757a40000)
  to   space 5376K, 0% used [0x00000007599e0000,0x00000007599e0000,0x0000000759f20000)
 ParOldGen       total 86272K, used 1099K [0x0000000600000000, 0x0000000605440000, 0x0000000755560000)
  object space 86272K, 1% used [0x0000000600000000,0x0000000600112e80,0x0000000605440000)
 PSPermGen       total 21248K, used 5839K [0x00000005fae00000, 0x00000005fc2c0000, 0x0000000600000000)
  object space 21248K, 27% used [0x00000005fae00000,0x00000005fb3b3e30,0x00000005fc2c0000)

Card table byte_map: [0x00000000059d0000,0x0000000006a00000] byte_map_base: 0x00000000029f9000

Polling page: 0x0000000000140000

Code Cache  [0x00000000029d0000, 0x0000000002c40000, 0x00000000059d0000)
 total_blobs=455 nmethods=219 adapters=187 free_code_cache=48251Kb largest_free_block=49374400

Compilation events (10 events):
Event: 3.365 Thread 0x000000001c10b800 nmethod 216 0x0000000002aa4510 code [0x0000000002aa4660, 0x0000000002aa4778]
Event: 3.365 Thread 0x000000001c10b800  217             com.android.dx.rop.code.BasicBlockList::forEachInsn (39 bytes)
Event: 3.368 Thread 0x000000001c10b800 nmethod 217 0x0000000002aa6b90 code [0x0000000002aa6ce0, 0x0000000002aa6f98]
Event: 3.368 Thread 0x000000001c10b800  218             com.android.dx.ssa.SsaMethod::buildUseList (112 bytes)
Event: 3.380 Thread 0x000000001c10b800 nmethod 218 0x0000000002aa3290 code [0x0000000002aa3460, 0x0000000002aa3f88]
Event: 3.380 Thread 0x000000001c10b800  219             com.android.dx.cf.code.Frame::getStack (5 bytes)
Event: 3.381 Thread 0x000000001c10b800 nmethod 219 0x0000000002aa3090 code [0x0000000002aa31c0, 0x0000000002aa3238]
Event: 3.381 Thread 0x000000001c10b800  220             com.android.dx.rop.type.Type::equals (31 bytes)
Event: 3.381 Thread 0x000000001c10b800 nmethod 220 0x0000000002a88610 code [0x0000000002a88760, 0x0000000002a888f8]
Event: 3.382 Thread 0x000000001c10b800  221             com.android.dx.ssa.back.IdenticalBlockCombiner::process (323 bytes)

GC Heap History (2 events):
Event: 2.181 GC heap before
{Heap before GC invocations=1 (full 0):
 PSYoungGen      total 37760K, used 32384K [0x0000000755560000, 0x0000000757f80000, 0x0000000800000000)
  eden space 32384K, 100% used [0x0000000755560000,0x0000000757500000,0x0000000757500000)
  from space 5376K, 0% used [0x0000000757a40000,0x0000000757a40000,0x0000000757f80000)
  to   space 5376K, 0% used [0x0000000757500000,0x0000000757500000,0x0000000757a40000)
 ParOldGen       total 86272K, used 0K [0x0000000600000000, 0x0000000605440000, 0x0000000755560000)
  object space 86272K, 0% used [0x0000000600000000,0x0000000600000000,0x0000000605440000)
 PSPermGen       total 21248K, used 5838K [0x00000005fae00000, 0x00000005fc2c0000, 0x0000000600000000)
  object space 21248K, 27% used [0x00000005fae00000,0x00000005fb3b3bc0,0x00000005fc2c0000)
Event: 2.979 GC heap after
Heap after GC invocations=1 (full 0):
 PSYoungGen      total 37760K, used 5373K [0x0000000755560000, 0x0000000759f20000, 0x0000000800000000)
  eden space 32384K, 0% used [0x0000000755560000,0x0000000755560000,0x0000000757500000)
  from space 5376K, 99% used [0x0000000757500000,0x0000000757a3f540,0x0000000757a40000)
  to   space 5376K, 0% used [0x00000007599e0000,0x00000007599e0000,0x0000000759f20000)
 ParOldGen       total 86272K, used 1099K [0x0000000600000000, 0x0000000605440000, 0x0000000755560000)
  object space 86272K, 1% used [0x0000000600000000,0x0000000600112e80,0x0000000605440000)
 PSPermGen       total 21248K, used 5838K [0x00000005fae00000, 0x00000005fc2c0000, 0x0000000600000000)
  object space 21248K, 27% used [0x00000005fae00000,0x00000005fb3b3bc0,0x00000005fc2c0000)
}

Deoptimization events (1 events):
Event: 2.016 Thread 0x00000000000fc800 Uncommon trap -12 fr.pc 0x0000000002a63968

Internal exceptions (10 events):
Event: 0.770 Thread 0x00000000000fc800 Threw 0x0000000756027608 at C:\jdk7u1_64p\jdk7u11\hotspot\src\share\vm\prims\jvm.cpp:1166
Event: 0.777 Thread 0x00000000000fc800 Threw 0x000000075602a250 at C:\jdk7u1_64p\jdk7u11\hotspot\src\share\vm\prims\jvm.cpp:1166
Event: 0.799 Thread 0x00000000000fc800 Threw 0x000000075602d2f0 at C:\jdk7u1_64p\jdk7u11\hotspot\src\share\vm\prims\jvm.cpp:1166
Event: 0.800 Thread 0x00000000000fc800 Threw 0x00000007560362e0 at C:\jdk7u1_64p\jdk7u11\hotspot\src\share\vm\prims\jvm.cpp:1166
Event: 0.800 Thread 0x00000000000fc800 Threw 0x000000075603a640 at C:\jdk7u1_64p\jdk7u11\hotspot\src\share\vm\prims\jvm.cpp:1166
Event: 1.105 Thread 0x000000001db93800 Threw 0x0000000756561e48 at C:\jdk7u1_64p\jdk7u11\hotspot\src\share\vm\prims\jvm.cpp:1166
Event: 1.853 Thread 0x000000001db93800 Threw 0x0000000756813148 at C:\jdk7u1_64p\jdk7u11\hotspot\src\share\vm\prims\jvm.cpp:1166
Event: 1.865 Thread 0x000000001db93800 Threw 0x0000000756914650 at C:\jdk7u1_64p\jdk7u11\hotspot\src\share\vm\prims\jvm.cpp:1166
Event: 1.985 Thread 0x000000001db93800 Threw 0x0000000756bbbbe8 at C:\jdk7u1_64p\jdk7u11\hotspot\src\share\vm\prims\jvm.cpp:1166
Event: 2.016 Thread 0x00000000000fc800 Implicit null exception at 0x0000000002a63862 to 0x0000000002a6395a

Events (10 events):
Event: 1.853 loading class 0x000000001dc53500
Event: 1.853 loading class 0x000000001dc53500 done
Event: 1.865 loading class 0x000000001dc56370
Event: 1.865 loading class 0x000000001dc56370 done
Event: 1.936 loading class 0x000000001db9bc30
Event: 1.936 loading class 0x000000001db9bc30 done
Event: 2.016 Thread 0x00000000000fc800 DEOPT PACKING pc=0x0000000002a63968 sp=0x00000000029ce4d0
Event: 2.016 Thread 0x00000000000fc800 DEOPT UNPACKING pc=0x0000000002a09164 sp=0x00000000029ce468 mode 2
Event: 2.139 Executing VM operation: ParallelGCFailedAllocation
Event: 2.979 Executing VM operation: ParallelGCFailedAllocation done


Dynamic libraries:
0x000000013f5a0000 - 0x000000013f5d3000 	C:\Program Files\Java\jdk1.7.0_11\bin\java.exe
0x0000000077210000 - 0x00000000773b9000 	C:\Windows\SYSTEM32\ntdll.dll
0x0000000076ff0000 - 0x000000007710f000 	C:\Windows\system32\kernel32.dll
0x000007fefd480000 - 0x000007fefd4eb000 	C:\Windows\system32\KERNELBASE.dll
0x000007fefd830000 - 0x000007fefd90b000 	C:\Windows\system32\ADVAPI32.dll
0x000007fefd530000 - 0x000007fefd5cf000 	C:\Windows\system32\msvcrt.dll
0x000007feff210000 - 0x000007feff22f000 	C:\Windows\SYSTEM32\sechost.dll
0x000007feff0e0000 - 0x000007feff20d000 	C:\Windows\system32\RPCRT4.dll
0x0000000077110000 - 0x000000007720a000 	C:\Windows\system32\USER32.dll
0x000007feff230000 - 0x000007feff297000 	C:\Windows\system32\GDI32.dll
0x000007fefde30000 - 0x000007fefde3e000 	C:\Windows\system32\LPK.dll
0x000007fefde40000 - 0x000007fefdf09000 	C:\Windows\system32\USP10.dll
0x000007fefb980000 - 0x000007fefbb74000 	C:\Windows\WinSxS\amd64_microsoft.windows.common-controls_6595b64144ccf1df_6.0.7601.17514_none_fa396087175ac9ac\COMCTL32.dll
0x000007fefee00000 - 0x000007fefee71000 	C:\Windows\system32\SHLWAPI.dll
0x000007feff380000 - 0x000007feff3ae000 	C:\Windows\system32\IMM32.DLL
0x000007feff400000 - 0x000007feff509000 	C:\Windows\system32\MSCTF.dll
0x00000000739f0000 - 0x0000000073ac1000 	C:\Program Files\Java\jdk1.7.0_11\jre\bin\msvcr100.dll
0x000000006a1c0000 - 0x000000006a8df000 	C:\Program Files\Java\jdk1.7.0_11\jre\bin\server\jvm.dll
0x000007fefb300000 - 0x000007fefb309000 	C:\Windows\system32\WSOCK32.dll
0x000007feff3b0000 - 0x000007feff3fd000 	C:\Windows\system32\WS2_32.dll
0x000007feff510000 - 0x000007feff518000 	C:\Windows\system32\NSI.dll
0x000007fefaf60000 - 0x000007fefaf9b000 	C:\Windows\system32\WINMM.dll
0x00000000773d0000 - 0x00000000773d7000 	C:\Windows\system32\PSAPI.DLL
0x00000000740a0000 - 0x00000000740af000 	C:\Program Files\Java\jdk1.7.0_11\jre\bin\verify.dll
0x0000000073b80000 - 0x0000000073ba8000 	C:\Program Files\Java\jdk1.7.0_11\jre\bin\java.dll
0x0000000073b60000 - 0x0000000073b75000 	C:\Program Files\Java\jdk1.7.0_11\jre\bin\zip.dll
0x0000000073b20000 - 0x0000000073b39000 	C:\Program Files\Java\jdk1.7.0_11\jre\bin\net.dll
0x000007fefc990000 - 0x000007fefc9e5000 	C:\Windows\system32\mswsock.dll
0x000007fefc980000 - 0x000007fefc987000 	C:\Windows\System32\wship6.dll
0x0000000073b40000 - 0x0000000073b51000 	C:\Program Files\Java\jdk1.7.0_11\jre\bin\nio.dll

VM Arguments:
jvm_args: -Djava.awt.headless=true -Xmx8g -Dfile.encoding=GBK -Duser.country=CN -Duser.language=zh -Duser.variant 
java_command: com.android.dx.command.Main --dex --force-jumbo --num-threads=4 --multi-dex --output E:\studio\VkoCircleS\app\build\intermediates\transforms\dex\debug\folders\1000\8\com.umeng.message_v2.8.1_b70f90749a1744beed94873d5c3419d3ecfc1a88 E:\studio\VkoCircleS\app\build\intermediates\exploded-aar\VkoCircleS\PushSDK\unspecified\jars\libs\com.umeng.message_v2.8.1.jar
Launcher Type: SUN_STANDARD

Environment Variables:
JAVA_HOME=C:\Program Files\Java\jdk1.7.0_11
CLASSPATH=.;C:\Program Files\Java\jdk1.7.0_11\lib\dt.jar;C:\Program Files\Java\jdk1.7.0_11\lib\tools.jar;
PATH=C:\Program Files\Java\jdk1.7.0_11\bin;C:\Program Files\Java\jdk1.7.0_11\jre\bin;C:\Windows\system32;C:\Windows;C:\Windows\System32\Wbem;C:\Windows\System32\WindowsPowerShell\v1.0\;C:\Program Files\nodejs\;d:\dev\maven\bin;C:\Users\JiaRH\AppData\Local\Android\Sdk\platform-tools.*;C:\Program Files\TortoiseSVN\bin;F:\zookeeper\zookeeper-3.4.8\zookeeper-3.4.8\bin
USERNAME=JiaRH
OS=Windows_NT
PROCESSOR_IDENTIFIER=Intel64 Family 6 Model 58 Stepping 9, GenuineIntel



---------------  S Y S T E M  ---------------

OS: Windows 7 , 64 bit Build 7601 Service Pack 1

CPU:total 4 (2 cores per cpu, 2 threads per core) family 6 model 58 stepping 9, cmov, cx8, fxsr, mmx, sse, sse2, sse3, ssse3, sse4.1, sse4.2, popcnt, avx, ht, tsc, tscinvbit, tscinv

Memory: 4k page, physical 8279396k(2589248k free), swap 8687152k(5120k free)

vm_info: Java HotSpot(TM) 64-Bit Server VM (23.6-b04) for windows-amd64 JRE (1.7.0_11-b21), built on Jan 12 2013 02:38:42 by "java_re" with unknown MS VC++:1600

time: Wed Nov 02 12:08:14 2016
elapsed time: 3 seconds

