#
# There is insufficient memory for the Java Runtime Environment to continue.
# Native memory allocation (malloc) failed to allocate 139216 bytes for Chunk::new
# Possible reasons:
#   The system is out of physical RAM or swap space
#   In 32 bit mode, the process size limit was hit
# Possible solutions:
#   Reduce memory load on the system
#   Increase physical memory or swap space
#   Check if swap backing store is full
#   Use 64 bit Java on a 64 bit OS
#   Decrease Java heap size (-Xmx/-Xms)
#   Decrease number of Java threads
#   Decrease Java thread stack sizes (-Xss)
#   Set larger code cache with -XX:ReservedCodeCacheSize=
# This output file may be truncated or incomplete.
#
#  Out of Memory Error (allocation.cpp:328), pid=8884, tid=8608
#
# JRE version: 7.0_11-b21
# Java VM: Java HotSpot(TM) 64-Bit Server VM (23.6-b04 mixed mode windows-amd64 compressed oops)
# Failed to write core dump. Minidumps are not enabled by default on client versions of Windows
#

---------------  T H R E A D  ---------------

Current thread (0x000000001c03b800):  JavaThread "C2 CompilerThread0" daemon [_thread_in_native, id=8608, stack(0x000000001d630000,0x000000001d730000)]

Stack: [0x000000001d630000,0x000000001d730000]

Current CompileTask:
C2:   5983  357             com.android.dx.ssa.SsaMethod::makeExitBlock (134 bytes)


---------------  P R O C E S S  ---------------

Java Threads: ( => current thread )
  0x000000001dd4a800 JavaThread "pool-2-thread-4" [_thread_in_Java, id=6160, stack(0x000000001e5a0000,0x000000001e6a0000)]
  0x000000001dcf1000 JavaThread "pool-2-thread-3" [_thread_blocked, id=8524, stack(0x000000001e420000,0x000000001e520000)]
  0x000000001dc61000 JavaThread "pool-2-thread-2" [_thread_blocked, id=8452, stack(0x000000001e230000,0x000000001e330000)]
  0x000000001dc86800 JavaThread "pool-3-thread-1" [_thread_blocked, id=5552, stack(0x000000001dff0000,0x000000001e0f0000)]
  0x000000001dca1000 JavaThread "pool-2-thread-1" [_thread_blocked, id=8664, stack(0x000000001e0f0000,0x000000001e1f0000)]
  0x000000001c049800 JavaThread "Service Thread" daemon [_thread_blocked, id=2432, stack(0x000000001d530000,0x000000001d630000)]
  0x000000001c049000 JavaThread "C2 CompilerThread1" daemon [_thread_in_native, id=9000, stack(0x000000001d8e0000,0x000000001d9e0000)]
=>0x000000001c03b800 JavaThread "C2 CompilerThread0" daemon [_thread_in_native, id=8608, stack(0x000000001d630000,0x000000001d730000)]
  0x000000001c03a800 JavaThread "Attach Listener" daemon [_thread_blocked, id=9112, stack(0x000000001d410000,0x000000001d510000)]
  0x000000001c033800 JavaThread "Signal Dispatcher" daemon [_thread_blocked, id=3492, stack(0x000000001d2c0000,0x000000001d3c0000)]
  0x0000000002521800 JavaThread "Finalizer" daemon [_thread_blocked, id=7800, stack(0x000000001cee0000,0x000000001cfe0000)]
  0x0000000002520000 JavaThread "Reference Handler" daemon [_thread_blocked, id=6860, stack(0x000000001d150000,0x000000001d250000)]
  0x000000000255c800 JavaThread "main" [_thread_in_Java, id=7892, stack(0x00000000025a0000,0x00000000026a0000)]

Other Threads:
  0x000000001bf91800 VMThread [stack: 0x000000001d000000,0x000000001d100000] [id=6752]
  0x000000001c05a800 WatcherThread [stack: 0x000000001dac0000,0x000000001dbc0000] [id=7204]

VM state:not at safepoint (normal execution)

VM Mutex/Monitor currently owned by a thread: None

Heap
 PSYoungGen      total 37760K, used 12784K [0x0000000755560000, 0x0000000759f20000, 0x0000000800000000)
  eden space 32384K, 22% used [0x0000000755560000,0x0000000755c9c288,0x0000000757500000)
  from space 5376K, 99% used [0x0000000757500000,0x0000000757a3fe68,0x0000000757a40000)
  to   space 5376K, 0% used [0x00000007599e0000,0x00000007599e0000,0x0000000759f20000)
 ParOldGen       total 86272K, used 10005K [0x0000000600000000, 0x0000000605440000, 0x0000000755560000)
  object space 86272K, 11% used [0x0000000600000000,0x00000006009c57d0,0x0000000605440000)
 PSPermGen       total 21248K, used 6021K [0x00000005fae00000, 0x00000005fc2c0000, 0x0000000600000000)
  object space 21248K, 28% used [0x00000005fae00000,0x00000005fb3e15c0,0x00000005fc2c0000)

Card table byte_map: [0x0000000005790000,0x00000000067c0000] byte_map_base: 0x00000000027b9000

Polling page: 0x0000000001c60000

Code Cache  [0x0000000002790000, 0x0000000002a00000, 0x0000000005790000)
 total_blobs=592 nmethods=356 adapters=187 free_code_cache=47700Kb largest_free_block=48813632

Compilation events (10 events):
Event: 5.960 Thread 0x000000001c03b800 nmethod 352 0x00000000028ec6d0 code [0x00000000028ec840, 0x00000000028ecbc8]
Event: 5.960 Thread 0x000000001c03b800  353             com.android.dx.ssa.SsaConverter::needsNewSuccessor (53 bytes)
Event: 5.963 Thread 0x000000001c03b800 nmethod 353 0x00000000028f4c50 code [0x00000000028f4da0, 0x00000000028f4f98]
Event: 5.963 Thread 0x000000001c03b800  354             com.android.dx.cf.code.BaseMachine::popArgs (62 bytes)
Event: 5.969 Thread 0x000000001c03b800 nmethod 354 0x00000000028f2450 code [0x00000000028f25c0, 0x00000000028f2b08]
Event: 5.969 Thread 0x000000001c03b800  355             com.android.dx.rop.code.ThrowingCstInsn::withNewRegisters (25 bytes)
Event: 5.971 Thread 0x000000001c03b800 nmethod 355 0x00000000028f1e50 code [0x00000000028f1fa0, 0x00000000028f21b8]
Event: 5.971 Thread 0x000000001c03b800  356             com.android.dx.ssa.RegisterMapper::<init> (5 bytes)
Event: 5.971 Thread 0x000000001c03b800 nmethod 356 0x00000000028f1c50 code [0x00000000028f1d80, 0x00000000028f1dd8]
Event: 5.972 Thread 0x000000001c03b800  357             com.android.dx.ssa.SsaMethod::makeExitBlock (134 bytes)

GC Heap History (6 events):
Event: 2.966 GC heap before
{Heap before GC invocations=1 (full 0):
 PSYoungGen      total 37760K, used 32384K [0x0000000755560000, 0x0000000757f80000, 0x0000000800000000)
  eden space 32384K, 100% used [0x0000000755560000,0x0000000757500000,0x0000000757500000)
  from space 5376K, 0% used [0x0000000757a40000,0x0000000757a40000,0x0000000757f80000)
  to   space 5376K, 0% used [0x0000000757500000,0x0000000757500000,0x0000000757a40000)
 ParOldGen       total 86272K, used 0K [0x0000000600000000, 0x0000000605440000, 0x0000000755560000)
  object space 86272K, 0% used [0x0000000600000000,0x0000000600000000,0x0000000605440000)
 PSPermGen       total 21248K, used 5912K [0x00000005fae00000, 0x00000005fc2c0000, 0x0000000600000000)
  object space 21248K, 27% used [0x00000005fae00000,0x00000005fb3c6020,0x00000005fc2c0000)
Event: 3.303 GC heap after
Heap after GC invocations=1 (full 0):
 PSYoungGen      total 37760K, used 5365K [0x0000000755560000, 0x0000000757f80000, 0x0000000800000000)
  eden space 32384K, 0% used [0x0000000755560000,0x0000000755560000,0x0000000757500000)
  from space 5376K, 99% used [0x0000000757500000,0x0000000757a3d548,0x0000000757a40000)
  to   space 5376K, 0% used [0x0000000757a40000,0x0000000757a40000,0x0000000757f80000)
 ParOldGen       total 86272K, used 1106K [0x0000000600000000, 0x0000000605440000, 0x0000000755560000)
  object space 86272K, 1% used [0x0000000600000000,0x0000000600114ba8,0x0000000605440000)
 PSPermGen       total 21248K, used 5912K [0x00000005fae00000, 0x00000005fc2c0000, 0x0000000600000000)
  object space 21248K, 27% used [0x00000005fae00000,0x00000005fb3c6020,0x00000005fc2c0000)
}
Event: 3.957 GC heap before
{Heap before GC invocations=2 (full 0):
 PSYoungGen      total 37760K, used 37749K [0x0000000755560000, 0x0000000757f80000, 0x0000000800000000)
  eden space 32384K, 100% used [0x0000000755560000,0x0000000757500000,0x0000000757500000)
  from space 5376K, 99% used [0x0000000757500000,0x0000000757a3d548,0x0000000757a40000)
  to   space 5376K, 0% used [0x0000000757a40000,0x0000000757a40000,0x0000000757f80000)
 ParOldGen       total 86272K, used 1106K [0x0000000600000000, 0x0000000605440000, 0x0000000755560000)
  object space 86272K, 1% used [0x0000000600000000,0x0000000600114ba8,0x0000000605440000)
 PSPermGen       total 21248K, used 5960K [0x00000005fae00000, 0x00000005fc2c0000, 0x0000000600000000)
  object space 21248K, 28% used [0x00000005fae00000,0x00000005fb3d22b8,0x00000005fc2c0000)
Event: 4.368 GC heap after
Heap after GC invocations=2 (full 0):
 PSYoungGen      total 37760K, used 5359K [0x0000000755560000, 0x0000000757f80000, 0x0000000800000000)
  eden space 32384K, 0% used [0x0000000755560000,0x0000000755560000,0x0000000757500000)
  from space 5376K, 99% used [0x0000000757a40000,0x0000000757f7be78,0x0000000757f80000)
  to   space 5376K, 0% used [0x0000000757500000,0x0000000757500000,0x0000000757a40000)
 ParOldGen       total 86272K, used 5430K [0x0000000600000000, 0x0000000605440000, 0x0000000755560000)
  object space 86272K, 6% used [0x0000000600000000,0x000000060054daf8,0x0000000605440000)
 PSPermGen       total 21248K, used 5960K [0x00000005fae00000, 0x00000005fc2c0000, 0x0000000600000000)
  object space 21248K, 28% used [0x00000005fae00000,0x00000005fb3d22b8,0x00000005fc2c0000)
}
Event: 5.043 GC heap before
{Heap before GC invocations=3 (full 0):
 PSYoungGen      total 37760K, used 37743K [0x0000000755560000, 0x0000000757f80000, 0x0000000800000000)
  eden space 32384K, 100% used [0x0000000755560000,0x0000000757500000,0x0000000757500000)
  from space 5376K, 99% used [0x0000000757a40000,0x0000000757f7be78,0x0000000757f80000)
  to   space 5376K, 0% used [0x0000000757500000,0x0000000757500000,0x0000000757a40000)
 ParOldGen       total 86272K, used 5430K [0x0000000600000000, 0x0000000605440000, 0x0000000755560000)
  object space 86272K, 6% used [0x0000000600000000,0x000000060054daf8,0x0000000605440000)
 PSPermGen       total 21248K, used 6017K [0x00000005fae00000, 0x00000005fc2c0000, 0x0000000600000000)
  object space 21248K, 28% used [0x00000005fae00000,0x00000005fb3e0588,0x00000005fc2c0000)
Event: 5.861 GC heap after
Heap after GC invocations=3 (full 0):
 PSYoungGen      total 37760K, used 5375K [0x0000000755560000, 0x0000000759f20000, 0x0000000800000000)
  eden space 32384K, 0% used [0x0000000755560000,0x0000000755560000,0x0000000757500000)
  from space 5376K, 99% used [0x0000000757500000,0x0000000757a3fe68,0x0000000757a40000)
  to   space 5376K, 0% used [0x00000007599e0000,0x00000007599e0000,0x0000000759f20000)
 ParOldGen       total 86272K, used 10005K [0x0000000600000000, 0x0000000605440000, 0x0000000755560000)
  object space 86272K, 11% used [0x0000000600000000,0x00000006009c57d0,0x0000000605440000)
 PSPermGen       total 21248K, used 6017K [0x00000005fae00000, 0x00000005fc2c0000, 0x0000000600000000)
  object space 21248K, 28% used [0x00000005fae00000,0x00000005fb3e0588,0x00000005fc2c0000)
}

Deoptimization events (10 events):
Event: 2.712 Thread 0x000000001dc61000 Uncommon trap -58 fr.pc 0x0000000002833e80
Event: 2.887 Thread 0x000000001dc61000 Uncommon trap -34 fr.pc 0x00000000028550d8
Event: 2.887 Thread 0x000000001dc61000 Uncommon trap -83 fr.pc 0x0000000002854da0
Event: 4.610 Thread 0x000000000255c800 Uncommon trap -12 fr.pc 0x000000000289f474
Event: 4.760 Thread 0x000000001dcf1000 Uncommon trap -58 fr.pc 0x00000000028c7190
Event: 4.760 Thread 0x000000001dcf1000 Uncommon trap -58 fr.pc 0x00000000028c6c1c
Event: 4.760 Thread 0x000000001dcf1000 Uncommon trap -58 fr.pc 0x00000000028c7190
Event: 4.760 Thread 0x000000001dcf1000 Uncommon trap -58 fr.pc 0x00000000028c6c9c
Event: 4.760 Thread 0x000000001dcf1000 Uncommon trap -58 fr.pc 0x00000000028c7190
Event: 4.949 Thread 0x000000000255c800 Uncommon trap -12 fr.pc 0x00000000028de9ac

Internal exceptions (10 events):
Event: 2.057 Thread 0x000000001dcf1000 Threw 0x00000007562e7d58 at C:\jdk7u1_64p\jdk7u11\hotspot\src\share\vm\prims\jvm.cpp:1166
Event: 2.766 Thread 0x000000000255c800 Threw 0x00000007571840d8 at C:\jdk7u1_64p\jdk7u11\hotspot\src\share\vm\prims\jvm.cpp:1166
Event: 4.610 Thread 0x000000000255c800 Implicit null exception at 0x000000000289ccbc to 0x000000000289f469
Event: 4.703 Thread 0x000000000255c800 Threw 0x0000000755c2edd8 at C:\jdk7u1_64p\jdk7u11\hotspot\src\share\vm\prims\jvm.cpp:1166
Event: 4.704 Thread 0x000000000255c800 Threw 0x0000000755c386c8 at C:\jdk7u1_64p\jdk7u11\hotspot\src\share\vm\prims\jvm.cpp:1166
Event: 4.704 Thread 0x000000000255c800 Threw 0x0000000755c3a9c0 at C:\jdk7u1_64p\jdk7u11\hotspot\src\share\vm\prims\jvm.cpp:1166
Event: 4.705 Thread 0x000000000255c800 Threw 0x0000000755c3d9f0 at C:\jdk7u1_64p\jdk7u11\hotspot\src\share\vm\prims\jvm.cpp:1166
Event: 4.705 Thread 0x000000000255c800 Threw 0x0000000755c3fb10 at C:\jdk7u1_64p\jdk7u11\hotspot\src\share\vm\prims\jvm.cpp:1166
Event: 4.929 Thread 0x000000001dcf1000 Threw 0x000000075641f230 at C:\jdk7u1_64p\jdk7u11\hotspot\src\share\vm\prims\jvm.cpp:1166
Event: 4.949 Thread 0x000000000255c800 Implicit null exception at 0x00000000028de2c7 to 0x00000000028de99d

Events (10 events):
Event: 4.760 Thread 0x000000001dcf1000 DEOPT PACKING pc=0x00000000028c6c9c sp=0x000000001e51edf0
Event: 4.760 Thread 0x000000001dcf1000 DEOPT UNPACKING pc=0x00000000027c9164 sp=0x000000001e51ed98 mode 2
Event: 4.760 Thread 0x000000001dcf1000 DEOPT PACKING pc=0x00000000028c7190 sp=0x000000001e51edf0
Event: 4.760 Thread 0x000000001dcf1000 DEOPT UNPACKING pc=0x00000000027c9164 sp=0x000000001e51ed98 mode 2
Event: 4.929 loading class 0x000000001dcd4230
Event: 4.929 loading class 0x000000001dcd4230 done
Event: 4.949 Thread 0x000000000255c800 DEOPT PACKING pc=0x00000000028de9ac sp=0x000000000269eb60
Event: 4.949 Thread 0x000000000255c800 DEOPT UNPACKING pc=0x00000000027c9164 sp=0x000000000269ea80 mode 2
Event: 5.041 Executing VM operation: ParallelGCFailedAllocation
Event: 5.861 Executing VM operation: ParallelGCFailedAllocation done


Dynamic libraries:
0x000000013f3e0000 - 0x000000013f413000 	C:\Program Files\Java\jdk1.7.0_11\bin\java.exe
0x00000000775d0000 - 0x0000000077779000 	C:\Windows\SYSTEM32\ntdll.dll
0x00000000774b0000 - 0x00000000775cf000 	C:\Windows\system32\kernel32.dll
0x000007fefd740000 - 0x000007fefd7ab000 	C:\Windows\system32\KERNELBASE.dll
0x000007fefedc0000 - 0x000007fefee9b000 	C:\Windows\system32\ADVAPI32.dll
0x000007fefded0000 - 0x000007fefdf6f000 	C:\Windows\system32\msvcrt.dll
0x000007feff860000 - 0x000007feff87f000 	C:\Windows\SYSTEM32\sechost.dll
0x000007feff730000 - 0x000007feff85d000 	C:\Windows\system32\RPCRT4.dll
0x00000000773b0000 - 0x00000000774aa000 	C:\Windows\system32\USER32.dll
0x000007feff100000 - 0x000007feff167000 	C:\Windows\system32\GDI32.dll
0x000007fefdf70000 - 0x000007fefdf7e000 	C:\Windows\system32\LPK.dll
0x000007feff420000 - 0x000007feff4e9000 	C:\Windows\system32\USP10.dll
0x000007fefbf90000 - 0x000007fefc184000 	C:\Windows\WinSxS\amd64_microsoft.windows.common-controls_6595b64144ccf1df_6.0.7601.17514_none_fa396087175ac9ac\COMCTL32.dll
0x000007fefd8f0000 - 0x000007fefd961000 	C:\Windows\system32\SHLWAPI.dll
0x000007feff4f0000 - 0x000007feff51e000 	C:\Windows\system32\IMM32.DLL
0x000007feff540000 - 0x000007feff649000 	C:\Windows\system32\MSCTF.dll
0x0000000073e70000 - 0x0000000073f41000 	C:\Program Files\Java\jdk1.7.0_11\jre\bin\msvcr100.dll
0x0000000054dd0000 - 0x00000000554ef000 	C:\Program Files\Java\jdk1.7.0_11\jre\bin\server\jvm.dll
0x000007fef73e0000 - 0x000007fef73e9000 	C:\Windows\system32\WSOCK32.dll
0x000007fefeea0000 - 0x000007fefeeed000 	C:\Windows\system32\WS2_32.dll
0x000007fefed10000 - 0x000007fefed18000 	C:\Windows\system32\NSI.dll
0x000007fefb420000 - 0x000007fefb45b000 	C:\Windows\system32\WINMM.dll
0x00000000777a0000 - 0x00000000777a7000 	C:\Windows\system32\PSAPI.DLL
0x0000000074000000 - 0x000000007400f000 	C:\Program Files\Java\jdk1.7.0_11\jre\bin\verify.dll
0x0000000073b60000 - 0x0000000073b88000 	C:\Program Files\Java\jdk1.7.0_11\jre\bin\java.dll
0x00000000739b0000 - 0x00000000739c5000 	C:\Program Files\Java\jdk1.7.0_11\jre\bin\zip.dll
0x0000000073990000 - 0x00000000739a9000 	C:\Program Files\Java\jdk1.7.0_11\jre\bin\net.dll
0x000007fefcd50000 - 0x000007fefcda5000 	C:\Windows\system32\mswsock.dll
0x000007fefcd40000 - 0x000007fefcd47000 	C:\Windows\System32\wship6.dll
0x0000000073970000 - 0x0000000073981000 	C:\Program Files\Java\jdk1.7.0_11\jre\bin\nio.dll

VM Arguments:
jvm_args: -Djava.awt.headless=true -Xmx8g -Dfile.encoding=GBK -Duser.country=CN -Duser.language=zh -Duser.variant 
java_command: com.android.dx.command.Main --dex --force-jumbo --num-threads=4 --multi-dex --output E:\studio\VkoCircleS\app\build\intermediates\transforms\dex\official\debug\folders\1000\8\nrtc-sdk_27149d5bf15c8924b960b643ee05587dbcf8242c E:\studio\VkoCircleS\app\build\intermediates\exploded-aar\VkoCircleS\uikit\unspecified\jars\libs\nrtc-sdk.jar
