#
# There is insufficient memory for the Java Runtime Environment to continue.
# Native memory allocation (malloc) failed to allocate 822256 bytes for Chunk::new
# Possible reasons:
#   The system is out of physical RAM or swap space
#   In 32 bit mode, the process size limit was hit
# Possible solutions:
#   Reduce memory load on the system
#   Increase physical memory or swap space
#   Check if swap backing store is full
#   Use 64 bit Java on a 64 bit OS
#   Decrease Java heap size (-Xmx/-Xms)
#   Decrease number of Java threads
#   Decrease Java thread stack sizes (-Xss)
#   Set larger code cache with -XX:ReservedCodeCacheSize=
# This output file may be truncated or incomplete.
#
#  Out of Memory Error (allocation.cpp:328), pid=7656, tid=6660
#
# JRE version: 7.0_11-b21
# Java VM: Java HotSpot(TM) 64-Bit Server VM (23.6-b04 mixed mode windows-amd64 compressed oops)
# Failed to write core dump. Minidumps are not enabled by default on client versions of Windows
#

---------------  T H R E A D  ---------------

Current thread (0x000000001bf27000):  JavaThread "C2 CompilerThread1" daemon [_thread_in_native, id=6660, stack(0x000000001d8a0000,0x000000001d9a0000)]

Stack: [0x000000001d8a0000,0x000000001d9a0000]

Current CompileTask:
C2:   3980  350   !         com.android.dx.cf.code.Ropper::processBlock (1101 bytes)


---------------  P R O C E S S  ---------------

Java Threads: ( => current thread )
  0x000000001df49000 JavaThread "pool-2-thread-4" [_thread_blocked, id=7816, stack(0x000000001e5a0000,0x000000001e6a0000)]
  0x000000001df4c000 JavaThread "pool-2-thread-3" [_thread_blocked, id=8580, stack(0x000000001e6f0000,0x000000001e7f0000)]
  0x000000001df42000 JavaThread "pool-2-thread-2" [_thread_in_Java, id=2916, stack(0x000000001d640000,0x000000001d740000)]
  0x000000001dea2000 JavaThread "pool-3-thread-1" [_thread_blocked_trans, id=480, stack(0x000000001e490000,0x000000001e590000)]
  0x000000001dea1000 JavaThread "pool-2-thread-1" [_thread_in_Java, id=4516, stack(0x000000001e2a0000,0x000000001e3a0000)]
  0x000000001bf28000 JavaThread "Service Thread" daemon [_thread_blocked, id=8688, stack(0x000000001da90000,0x000000001db90000)]
=>0x000000001bf27000 JavaThread "C2 CompilerThread1" daemon [_thread_in_native, id=6660, stack(0x000000001d8a0000,0x000000001d9a0000)]
  0x000000001bf1d000 JavaThread "C2 CompilerThread0" daemon [_thread_blocked, id=3260, stack(0x000000001d770000,0x000000001d870000)]
  0x000000001bf1c000 JavaThread "Attach Listener" daemon [_thread_blocked, id=8464, stack(0x000000001d530000,0x000000001d630000)]
  0x000000001bf15000 JavaThread "Signal Dispatcher" daemon [_thread_blocked, id=4916, stack(0x000000001d380000,0x000000001d480000)]
  0x0000000002536800 JavaThread "Finalizer" daemon [_thread_blocked, id=3724, stack(0x000000001d110000,0x000000001d210000)]
  0x0000000002530000 JavaThread "Reference Handler" daemon [_thread_blocked, id=3612, stack(0x000000001cd30000,0x000000001ce30000)]
  0x000000000243c800 JavaThread "main" [_thread_blocked, id=8784, stack(0x0000000002600000,0x0000000002700000)]

Other Threads:
  0x000000001be6f800 VMThread [stack: 0x000000001cf10000,0x000000001d010000] [id=1864]
  0x000000001bf39000 WatcherThread [stack: 0x000000001dc40000,0x000000001dd40000] [id=3164]

VM state:not at safepoint (normal execution)

VM Mutex/Monitor currently owned by a thread: None

Heap
 PSYoungGen      total 70144K, used 6607K [0x0000000755560000, 0x0000000759f20000, 0x0000000800000000)
  eden space 64768K, 1% used [0x0000000755560000,0x0000000755696910,0x00000007594a0000)
  from space 5376K, 99% used [0x00000007599e0000,0x0000000759f1d530,0x0000000759f20000)
  to   space 5376K, 0% used [0x00000007594a0000,0x00000007594a0000,0x00000007599e0000)
 ParOldGen       total 86272K, used 4062K [0x0000000600000000, 0x0000000605440000, 0x0000000755560000)
  object space 86272K, 4% used [0x0000000600000000,0x00000006003f7940,0x0000000605440000)
 PSPermGen       total 21248K, used 5951K [0x00000005fae00000, 0x00000005fc2c0000, 0x0000000600000000)
  object space 21248K, 28% used [0x00000005fae00000,0x00000005fb3cfcf0,0x00000005fc2c0000)

Card table byte_map: [0x00000000057c0000,0x00000000067f0000] byte_map_base: 0x00000000027e9000

Polling page: 0x0000000000340000

Code Cache  [0x0000000002700000, 0x0000000002970000, 0x0000000005700000)
 total_blobs=586 nmethods=349 adapters=188 free_code_cache=47763Kb largest_free_block=48879488

Compilation events (10 events):
Event: 3.695 Thread 0x000000001bf1d000  345   !         com.android.dx.cf.code.BytecodeArray::parseInstruction (2764 bytes)
Event: 3.695 Thread 0x000000001bf27000  346             com.android.dx.cf.code.ByteOps::opInfo (6 bytes)
Event: 3.695 Thread 0x000000001bf27000 nmethod 346 0x00000000028594d0 code [0x0000000002859600, 0x0000000002859658]
Event: 3.697 Thread 0x000000001bf27000  347             com.android.dx.cf.code.Ropper::addExceptionSetupBlocks (203 bytes)
Event: 3.711 Thread 0x000000001bf27000 nmethod 347 0x000000000285f250 code [0x000000000285f4a0, 0x000000000285fe80]
Event: 3.711 Thread 0x000000001bf27000  348             com.android.dx.cf.code.BasicBlocker::getBlockList (208 bytes)
Event: 3.747 Thread 0x000000001bf27000 nmethod 348 0x0000000002860e50 code [0x0000000002861020, 0x0000000002861e68]
Event: 3.747 Thread 0x000000001bf27000  349             com.android.dx.ssa.back.FirstFitLocalCombiningAllocator::getParameterIndexForReg (55 bytes)
Event: 3.751 Thread 0x000000001bf27000 nmethod 349 0x00000000028572d0 code [0x0000000002857440, 0x0000000002857748]
Event: 3.751 Thread 0x000000001bf27000  350   !         com.android.dx.cf.code.Ropper::processBlock (1101 bytes)

GC Heap History (4 events):
Event: 2.347 GC heap before
{Heap before GC invocations=1 (full 0):
 PSYoungGen      total 37760K, used 32384K [0x0000000755560000, 0x0000000757f80000, 0x0000000800000000)
  eden space 32384K, 100% used [0x0000000755560000,0x0000000757500000,0x0000000757500000)
  from space 5376K, 0% used [0x0000000757a40000,0x0000000757a40000,0x0000000757f80000)
  to   space 5376K, 0% used [0x0000000757500000,0x0000000757500000,0x0000000757a40000)
 ParOldGen       total 86272K, used 0K [0x0000000600000000, 0x0000000605440000, 0x0000000755560000)
  object space 86272K, 0% used [0x0000000600000000,0x0000000600000000,0x0000000605440000)
 PSPermGen       total 21248K, used 5866K [0x00000005fae00000, 0x00000005fc2c0000, 0x0000000600000000)
  object space 21248K, 27% used [0x00000005fae00000,0x00000005fb3baba8,0x00000005fc2c0000)
Event: 2.621 GC heap after
Heap after GC invocations=1 (full 0):
 PSYoungGen      total 37760K, used 5375K [0x0000000755560000, 0x0000000759f20000, 0x0000000800000000)
  eden space 32384K, 0% used [0x0000000755560000,0x0000000755560000,0x0000000757500000)
  from space 5376K, 99% used [0x0000000757500000,0x0000000757a3fca8,0x0000000757a40000)
  to   space 5376K, 0% used [0x00000007599e0000,0x00000007599e0000,0x0000000759f20000)
 ParOldGen       total 86272K, used 2474K [0x0000000600000000, 0x0000000605440000, 0x0000000755560000)
  object space 86272K, 2% used [0x0000000600000000,0x000000060026a940,0x0000000605440000)
 PSPermGen       total 21248K, used 5866K [0x00000005fae00000, 0x00000005fc2c0000, 0x0000000600000000)
  object space 21248K, 27% used [0x00000005fae00000,0x00000005fb3baba8,0x00000005fc2c0000)
}
Event: 3.771 GC heap before
{Heap before GC invocations=2 (full 0):
 PSYoungGen      total 37760K, used 37759K [0x0000000755560000, 0x0000000759f20000, 0x0000000800000000)
  eden space 32384K, 100% used [0x0000000755560000,0x0000000757500000,0x0000000757500000)
  from space 5376K, 99% used [0x0000000757500000,0x0000000757a3fca8,0x0000000757a40000)
  to   space 5376K, 0% used [0x00000007599e0000,0x00000007599e0000,0x0000000759f20000)
 ParOldGen       total 86272K, used 2474K [0x0000000600000000, 0x0000000605440000, 0x0000000755560000)
  object space 86272K, 2% used [0x0000000600000000,0x000000060026a940,0x0000000605440000)
 PSPermGen       total 21248K, used 5951K [0x00000005fae00000, 0x00000005fc2c0000, 0x0000000600000000)
  object space 21248K, 28% used [0x00000005fae00000,0x00000005fb3cfcf0,0x00000005fc2c0000)
Event: 3.978 GC heap after
Heap after GC invocations=2 (full 0):
 PSYoungGen      total 70144K, used 5365K [0x0000000755560000, 0x0000000759f20000, 0x0000000800000000)
  eden space 64768K, 0% used [0x0000000755560000,0x0000000755560000,0x00000007594a0000)
  from space 5376K, 99% used [0x00000007599e0000,0x0000000759f1d530,0x0000000759f20000)
  to   space 5376K, 0% used [0x00000007594a0000,0x00000007594a0000,0x00000007599e0000)
 ParOldGen       total 86272K, used 4062K [0x0000000600000000, 0x0000000605440000, 0x0000000755560000)
  object space 86272K, 4% used [0x0000000600000000,0x00000006003f7940,0x0000000605440000)
 PSPermGen       total 21248K, used 5951K [0x00000005fae00000, 0x00000005fc2c0000, 0x0000000600000000)
  object space 21248K, 28% used [0x00000005fae00000,0x00000005fb3cfcf0,0x00000005fc2c0000)
}

Deoptimization events (10 events):
Event: 1.748 Thread 0x000000001df49000 Uncommon trap -12 fr.pc 0x00000000027bcc48
Event: 1.748 Thread 0x000000001df49000 Uncommon trap -12 fr.pc 0x00000000027ebe60
Event: 1.750 Thread 0x000000001df49000 Uncommon trap -12 fr.pc 0x00000000027e8634
Event: 3.450 Thread 0x000000001df42000 Uncommon trap -58 fr.pc 0x0000000002836c84
Event: 3.672 Thread 0x000000001dea1000 Uncommon trap -58 fr.pc 0x0000000002836c84
Event: 3.679 Thread 0x000000001dea1000 Uncommon trap -12 fr.pc 0x000000000282bb50
Event: 3.680 Thread 0x000000001dea1000 Uncommon trap -58 fr.pc 0x0000000002836c84
Event: 3.680 Thread 0x000000001df42000 Uncommon trap -34 fr.pc 0x00000000027e65c0
Event: 3.681 Thread 0x000000001dea1000 Uncommon trap -58 fr.pc 0x0000000002836c84
Event: 3.686 Thread 0x000000001df42000 Uncommon trap -58 fr.pc 0x000000000283ad60

Internal exceptions (10 events):
Event: 1.198 Thread 0x000000000243c800 Threw 0x0000000756409ee0 at C:\jdk7u1_64p\jdk7u11\hotspot\src\share\vm\prims\jvm.cpp:1166
Event: 1.748 Thread 0x000000001df49000 Implicit null exception at 0x00000000027bb842 to 0x00000000027bcc11
Event: 1.748 Thread 0x000000001df49000 Implicit null exception at 0x00000000027eb2ff to 0x00000000027ebe49
Event: 1.750 Thread 0x000000001df49000 Implicit null exception at 0x00000000027e79e4 to 0x00000000027e8619
Event: 3.094 Thread 0x000000001df49000 Threw 0x0000000756937e58 at C:\jdk7u1_64p\jdk7u11\hotspot\src\share\vm\prims\jvm.cpp:1166
Event: 3.095 Thread 0x000000001df49000 Threw 0x000000075693d480 at C:\jdk7u1_64p\jdk7u11\hotspot\src\share\vm\prims\jvm.cpp:1166
Event: 3.096 Thread 0x000000001df49000 Threw 0x00000007569427e8 at C:\jdk7u1_64p\jdk7u11\hotspot\src\share\vm\prims\jvm.cpp:1166
Event: 3.512 Thread 0x000000000243c800 Threw 0x0000000756bc09a8 at C:\jdk7u1_64p\jdk7u11\hotspot\src\share\vm\prims\jvm.cpp:1166
Event: 3.630 Thread 0x000000000243c800 Threw 0x0000000756bd17c8 at C:\jdk7u1_64p\jdk7u11\hotspot\src\share\vm\prims\jvm.cpp:1166
Event: 3.679 Thread 0x000000001dea1000 Implicit null exception at 0x0000000002829bc8 to 0x000000000282bb45

Events (10 events):
Event: 3.680 Thread 0x000000001dea1000 DEOPT PACKING pc=0x0000000002836c84 sp=0x000000001e39e730
Event: 3.680 Thread 0x000000001dea1000 DEOPT UNPACKING pc=0x0000000002739164 sp=0x000000001e39e5e8 mode 2
Event: 3.680 Thread 0x000000001df42000 DEOPT PACKING pc=0x00000000027e65c0 sp=0x000000001d73e5d0
Event: 3.680 Thread 0x000000001df42000 DEOPT UNPACKING pc=0x0000000002739164 sp=0x000000001d73e540 mode 2
Event: 3.681 Thread 0x000000001dea1000 DEOPT PACKING pc=0x0000000002836c84 sp=0x000000001e39e730
Event: 3.682 Thread 0x000000001dea1000 DEOPT UNPACKING pc=0x0000000002739164 sp=0x000000001e39e5e8 mode 2
Event: 3.686 Thread 0x000000001df42000 DEOPT PACKING pc=0x000000000283ad60 sp=0x000000001d73e620
Event: 3.686 Thread 0x000000001df42000 DEOPT UNPACKING pc=0x0000000002739164 sp=0x000000001d73e550 mode 2
Event: 3.771 Executing VM operation: ParallelGCFailedAllocation
Event: 3.978 Executing VM operation: ParallelGCFailedAllocation done


Dynamic libraries:
0x000000013f3e0000 - 0x000000013f413000 	C:\Program Files\Java\jdk1.7.0_11\bin\java.exe
0x00000000775d0000 - 0x0000000077779000 	C:\Windows\SYSTEM32\ntdll.dll
0x00000000774b0000 - 0x00000000775cf000 	C:\Windows\system32\kernel32.dll
0x000007fefd740000 - 0x000007fefd7ab000 	C:\Windows\system32\KERNELBASE.dll
0x000007fefedc0000 - 0x000007fefee9b000 	C:\Windows\system32\ADVAPI32.dll
0x000007fefded0000 - 0x000007fefdf6f000 	C:\Windows\system32\msvcrt.dll
0x000007feff860000 - 0x000007feff87f000 	C:\Windows\SYSTEM32\sechost.dll
0x000007feff730000 - 0x000007feff85d000 	C:\Windows\system32\RPCRT4.dll
0x00000000773b0000 - 0x00000000774aa000 	C:\Windows\system32\USER32.dll
0x000007feff100000 - 0x000007feff167000 	C:\Windows\system32\GDI32.dll
0x000007fefdf70000 - 0x000007fefdf7e000 	C:\Windows\system32\LPK.dll
0x000007feff420000 - 0x000007feff4e9000 	C:\Windows\system32\USP10.dll
0x000007fefbf90000 - 0x000007fefc184000 	C:\Windows\WinSxS\amd64_microsoft.windows.common-controls_6595b64144ccf1df_6.0.7601.17514_none_fa396087175ac9ac\COMCTL32.dll
0x000007fefd8f0000 - 0x000007fefd961000 	C:\Windows\system32\SHLWAPI.dll
0x000007feff4f0000 - 0x000007feff51e000 	C:\Windows\system32\IMM32.DLL
0x000007feff540000 - 0x000007feff649000 	C:\Windows\system32\MSCTF.dll
0x0000000073e70000 - 0x0000000073f41000 	C:\Program Files\Java\jdk1.7.0_11\jre\bin\msvcr100.dll
0x0000000054dd0000 - 0x00000000554ef000 	C:\Program Files\Java\jdk1.7.0_11\jre\bin\server\jvm.dll
0x000007fef73e0000 - 0x000007fef73e9000 	C:\Windows\system32\WSOCK32.dll
0x000007fefeea0000 - 0x000007fefeeed000 	C:\Windows\system32\WS2_32.dll
0x000007fefed10000 - 0x000007fefed18000 	C:\Windows\system32\NSI.dll
0x000007fefb420000 - 0x000007fefb45b000 	C:\Windows\system32\WINMM.dll
0x00000000777a0000 - 0x00000000777a7000 	C:\Windows\system32\PSAPI.DLL
0x0000000074000000 - 0x000000007400f000 	C:\Program Files\Java\jdk1.7.0_11\jre\bin\verify.dll
0x0000000073b60000 - 0x0000000073b88000 	C:\Program Files\Java\jdk1.7.0_11\jre\bin\java.dll
0x00000000739b0000 - 0x00000000739c5000 	C:\Program Files\Java\jdk1.7.0_11\jre\bin\zip.dll
0x0000000073990000 - 0x00000000739a9000 	C:\Program Files\Java\jdk1.7.0_11\jre\bin\net.dll
0x000007fefcd50000 - 0x000007fefcda5000 	C:\Windows\system32\mswsock.dll
0x000007fefcd40000 - 0x000007fefcd47000 	C:\Windows\System32\wship6.dll
0x0000000073970000 - 0x0000000073981000 	C:\Program Files\Java\jdk1.7.0_11\jre\bin\nio.dll

VM Arguments:
jvm_args: -Djava.awt.headless=true -Xmx8g -Dfile.encoding=GBK -Duser.country=CN -Duser.language=zh -Duser.variant 
java_command: com.android.dx.command.Main --dex --force-jumbo --num-threads=4 --multi-dex --output E:\studio\VkoCircleS\app\build\intermediates\transforms\dex\official\debug\folders\1000\2\polyvSDK1.0.26_dec48e02f3f37a32187c588ad4f41403c2480ce9 E:\studio\VkoCircleS\app\libs\polyvSDK1.0.26.jar
Launcher Type: SUN_STANDARD

Environment Variables:
JAVA_HOME=C:\Program Files\Java\jdk1.7.0_11
CLASSPATH=.;C:\Program Files\Java\jdk1.7.0_11\lib\dt.jar;C:\Program Files\Java\jdk1.7.0_11\lib\tools.jar;
PATH=C:\Program Files\Java\jdk1.7.0_11\bin;C:\Program Files\Java\jdk1.7.0_11\jre\bin;C:\Windows\system32;C:\Windows;C:\Windows\System32\Wbem;C:\Windows\System32\WindowsPowerShell\v1.0\;C:\Program Files\nodejs\;d:\dev\maven\bin;C:\Users\JiaRH\AppData\Local\Android\Sdk\platform-tools.*;C:\Program Files\TortoiseSVN\bin;F:\zookeeper\zookeeper-3.4.8\zookeeper-3.4.8\bin
USERNAME=JiaRH
OS=Windows_NT
PROCESSOR_IDENTIFIER=Intel64 Family 6 Model 58 Stepping 9, GenuineIntel



---------------  S Y S T E M  ---------------

OS: Windows 7 , 64 bit Build 7601 Service Pack 1

CPU:total 4 (2 cores per cpu, 2 threads per core) family 6 model 58 stepping 9, cmov, cx8, fxsr, mmx, sse, sse2, sse3, ssse3, sse4.1, sse4.2, popcnt, avx, ht, tsc, tscinvbit, tscinv

Memory: 4k page, physical 8279396k(2275604k free), swap 8687152k(5156k free)

vm_info: Java HotSpot(TM) 64-Bit Server VM (23.6-b04) for windows-amd64 JRE (1.7.0_11-b21), built on Jan 12 2013 02:38:42 by "java_re" with unknown MS VC++:1600

time: Wed Nov 09 14:43:19 2016
elapsed time: 3 seconds

