#
# There is insufficient memory for the Java Runtime Environment to continue.
# Native memory allocation (malloc) failed to allocate 1462096 bytes for Chunk::new
# Possible reasons:
#   The system is out of physical RAM or swap space
#   In 32 bit mode, the process size limit was hit
# Possible solutions:
#   Reduce memory load on the system
#   Increase physical memory or swap space
#   Check if swap backing store is full
#   Use 64 bit Java on a 64 bit OS
#   Decrease Java heap size (-Xmx/-Xms)
#   Decrease number of Java threads
#   Decrease Java thread stack sizes (-Xss)
#   Set larger code cache with -XX:ReservedCodeCacheSize=
# This output file may be truncated or incomplete.
#
#  Out of Memory Error (allocation.cpp:328), pid=7552, tid=7056
#
# JRE version: 7.0_11-b21
# Java VM: Java HotSpot(TM) 64-Bit Server VM (23.6-b04 mixed mode windows-amd64 compressed oops)
# Failed to write core dump. Minidumps are not enabled by default on client versions of Windows
#

---------------  T H R E A D  ---------------

Current thread (0x000000001c02b800):  JavaThread "C2 CompilerThread0" daemon [_thread_in_native, id=7056, stack(0x000000001d5e0000,0x000000001d6e0000)]

Stack: [0x000000001d5e0000,0x000000001d6e0000]

Current CompileTask:
C2:   3848  437   !         com.android.dx.cf.code.BytecodeArray::parseInstruction (2764 bytes)


---------------  P R O C E S S  ---------------

Java Threads: ( => current thread )
  0x000000001db2e800 JavaThread "pool-2-thread-4" [_thread_blocked, id=6556, stack(0x000000001e330000,0x000000001e430000)]
  0x000000001db2d800 JavaThread "pool-2-thread-3" [_thread_blocked, id=7640, stack(0x000000001e220000,0x000000001e320000)]
  0x000000001daf6000 JavaThread "pool-2-thread-2" [_thread_blocked, id=7468, stack(0x000000001e0a0000,0x000000001e1a0000)]
  0x000000001db38000 JavaThread "pool-3-thread-1" [_thread_blocked, id=6820, stack(0x000000001dd40000,0x000000001de40000)]
  0x000000001db37800 JavaThread "pool-2-thread-1" [_thread_blocked, id=8108, stack(0x000000001d4b0000,0x000000001d5b0000)]
  0x000000001c03e000 JavaThread "Service Thread" daemon [_thread_blocked, id=5832, stack(0x000000001d810000,0x000000001d910000)]
  0x000000001c035800 JavaThread "C2 CompilerThread1" daemon [_thread_in_native, id=7836, stack(0x000000001d710000,0x000000001d810000)]
=>0x000000001c02b800 JavaThread "C2 CompilerThread0" daemon [_thread_in_native, id=7056, stack(0x000000001d5e0000,0x000000001d6e0000)]
  0x000000001c02a800 JavaThread "Attach Listener" daemon [_thread_blocked, id=7560, stack(0x000000001d380000,0x000000001d480000)]
  0x000000001c023800 JavaThread "Signal Dispatcher" daemon [_thread_blocked, id=7688, stack(0x000000001d220000,0x000000001d320000)]
  0x00000000024b7000 JavaThread "Finalizer" daemon [_thread_blocked, id=7544, stack(0x000000001d0c0000,0x000000001d1c0000)]
  0x00000000024b0000 JavaThread "Reference Handler" daemon [_thread_blocked, id=7332, stack(0x000000001cfa0000,0x000000001d0a0000)]
  0x000000000254c800 JavaThread "main" [_thread_blocked, id=4476, stack(0x0000000002610000,0x0000000002710000)]

Other Threads:
  0x000000001bf81800 VMThread [stack: 0x000000001cea0000,0x000000001cfa0000] [id=7872]
  0x000000001c04e800 WatcherThread [stack: 0x000000001cd30000,0x000000001ce30000] [id=6800]

VM state:not at safepoint (normal execution)

VM Mutex/Monitor currently owned by a thread: None

Heap
 PSYoungGen      total 37760K, used 5973K [0x0000000755560000, 0x0000000759f20000, 0x0000000800000000)
  eden space 32384K, 1% used [0x0000000755560000,0x00000007555f7728,0x0000000757500000)
  from space 5376K, 99% used [0x0000000757500000,0x0000000757a3e038,0x0000000757a40000)
  to   space 5376K, 0% used [0x00000007599e0000,0x00000007599e0000,0x0000000759f20000)
 ParOldGen       total 86272K, used 10193K [0x0000000600000000, 0x0000000605440000, 0x0000000755560000)
  object space 86272K, 11% used [0x0000000600000000,0x00000006009f4560,0x0000000605440000)
 PSPermGen       total 21248K, used 5940K [0x00000005fae00000, 0x00000005fc2c0000, 0x0000000600000000)
  object space 21248K, 27% used [0x00000005fae00000,0x00000005fb3cd150,0x00000005fc2c0000)

Card table byte_map: [0x00000000057a0000,0x00000000067d0000] byte_map_base: 0x00000000027c9000

Polling page: 0x0000000000430000

Code Cache  [0x00000000027a0000, 0x0000000002a10000, 0x00000000057a0000)
 total_blobs=671 nmethods=435 adapters=187 free_code_cache=47401Kb largest_free_block=48507008

Compilation events (10 events):
Event: 3.747 Thread 0x000000001c02b800 nmethod 432 0x0000000002955d10 code [0x0000000002955e40, 0x0000000002955eb8]
Event: 3.747 Thread 0x000000001c02b800  433             com.android.dx.rop.cst.CstString::equals (24 bytes)
Event: 3.748 Thread 0x000000001c02b800 nmethod 433 0x00000000029540d0 code [0x0000000002954220, 0x0000000002954398]
Event: 3.748 Thread 0x000000001c02b800  434             com.android.dx.cf.code.BasicBlocker::visitCommon (34 bytes)
Event: 3.750 Thread 0x000000001c02b800 nmethod 434 0x0000000002957310 code [0x0000000002957460, 0x00000000029575f8]
Event: 3.750 Thread 0x000000001c02b800  435             com.android.dx.cf.attrib.AttCode::getCatches (5 bytes)
Event: 3.750 Thread 0x000000001c02b800 nmethod 435 0x0000000002953ed0 code [0x0000000002954000, 0x0000000002954078]
Event: 3.750 Thread 0x000000001c02b800  436             com.android.dx.cf.code.ConcreteMethod::getCatches (8 bytes)
Event: 3.751 Thread 0x000000001c02b800 nmethod 436 0x0000000002953c50 code [0x0000000002953d80, 0x0000000002953df8]
Event: 3.751 Thread 0x000000001c02b800  437   !         com.android.dx.cf.code.BytecodeArray::parseInstruction (2764 bytes)

GC Heap History (6 events):
Event: 1.936 GC heap before
{Heap before GC invocations=1 (full 0):
 PSYoungGen      total 37760K, used 32384K [0x0000000755560000, 0x0000000757f80000, 0x0000000800000000)
  eden space 32384K, 100% used [0x0000000755560000,0x0000000757500000,0x0000000757500000)
  from space 5376K, 0% used [0x0000000757a40000,0x0000000757a40000,0x0000000757f80000)
  to   space 5376K, 0% used [0x0000000757500000,0x0000000757500000,0x0000000757a40000)
 ParOldGen       total 86272K, used 0K [0x0000000600000000, 0x0000000605440000, 0x0000000755560000)
  object space 86272K, 0% used [0x0000000600000000,0x0000000600000000,0x0000000605440000)
 PSPermGen       total 21248K, used 5877K [0x00000005fae00000, 0x00000005fc2c0000, 0x0000000600000000)
  object space 21248K, 27% used [0x00000005fae00000,0x00000005fb3bd610,0x00000005fc2c0000)
Event: 1.966 GC heap after
Heap after GC invocations=1 (full 0):
 PSYoungGen      total 37760K, used 5375K [0x0000000755560000, 0x0000000757f80000, 0x0000000800000000)
  eden space 32384K, 0% used [0x0000000755560000,0x0000000755560000,0x0000000757500000)
  from space 5376K, 99% used [0x0000000757500000,0x0000000757a3fca8,0x0000000757a40000)
  to   space 5376K, 0% used [0x0000000757a40000,0x0000000757a40000,0x0000000757f80000)
 ParOldGen       total 86272K, used 1750K [0x0000000600000000, 0x0000000605440000, 0x0000000755560000)
  object space 86272K, 2% used [0x0000000600000000,0x00000006001b5ba0,0x0000000605440000)
 PSPermGen       total 21248K, used 5877K [0x00000005fae00000, 0x00000005fc2c0000, 0x0000000600000000)
  object space 21248K, 27% used [0x00000005fae00000,0x00000005fb3bd610,0x00000005fc2c0000)
}
Event: 3.414 GC heap before
{Heap before GC invocations=2 (full 0):
 PSYoungGen      total 37760K, used 37759K [0x0000000755560000, 0x0000000757f80000, 0x0000000800000000)
  eden space 32384K, 100% used [0x0000000755560000,0x0000000757500000,0x0000000757500000)
  from space 5376K, 99% used [0x0000000757500000,0x0000000757a3fca8,0x0000000757a40000)
  to   space 5376K, 0% used [0x0000000757a40000,0x0000000757a40000,0x0000000757f80000)
 ParOldGen       total 86272K, used 1750K [0x0000000600000000, 0x0000000605440000, 0x0000000755560000)
  object space 86272K, 2% used [0x0000000600000000,0x00000006001b5ba0,0x0000000605440000)
 PSPermGen       total 21248K, used 5927K [0x00000005fae00000, 0x00000005fc2c0000, 0x0000000600000000)
  object space 21248K, 27% used [0x00000005fae00000,0x00000005fb3c9c08,0x00000005fc2c0000)
Event: 3.424 GC heap after
Heap after GC invocations=2 (full 0):
 PSYoungGen      total 37760K, used 5359K [0x0000000755560000, 0x0000000759f20000, 0x0000000800000000)
  eden space 32384K, 0% used [0x0000000755560000,0x0000000755560000,0x0000000757500000)
  from space 5376K, 99% used [0x0000000757a40000,0x0000000757f7bc98,0x0000000757f80000)
  to   space 5376K, 0% used [0x0000000757500000,0x0000000757500000,0x0000000757a40000)
 ParOldGen       total 86272K, used 6609K [0x0000000600000000, 0x0000000605440000, 0x0000000755560000)
  object space 86272K, 7% used [0x0000000600000000,0x0000000600674420,0x0000000605440000)
 PSPermGen       total 21248K, used 5927K [0x00000005fae00000, 0x00000005fc2c0000, 0x0000000600000000)
  object space 21248K, 27% used [0x00000005fae00000,0x00000005fb3c9c08,0x00000005fc2c0000)
}
Event: 3.669 GC heap before
{Heap before GC invocations=3 (full 0):
 PSYoungGen      total 37760K, used 37743K [0x0000000755560000, 0x0000000759f20000, 0x0000000800000000)
  eden space 32384K, 100% used [0x0000000755560000,0x0000000757500000,0x0000000757500000)
  from space 5376K, 99% used [0x0000000757a40000,0x0000000757f7bc98,0x0000000757f80000)
  to   space 5376K, 0% used [0x0000000757500000,0x0000000757500000,0x0000000757a40000)
 ParOldGen       total 86272K, used 6609K [0x0000000600000000, 0x0000000605440000, 0x0000000755560000)
  object space 86272K, 7% used [0x0000000600000000,0x0000000600674420,0x0000000605440000)
 PSPermGen       total 21248K, used 5940K [0x00000005fae00000, 0x00000005fc2c0000, 0x0000000600000000)
  object space 21248K, 27% used [0x00000005fae00000,0x00000005fb3cd130,0x00000005fc2c0000)
Event: 3.686 GC heap after
Heap after GC invocations=3 (full 0):
 PSYoungGen      total 37760K, used 5368K [0x0000000755560000, 0x0000000759f20000, 0x0000000800000000)
  eden space 32384K, 0% used [0x0000000755560000,0x0000000755560000,0x0000000757500000)
  from space 5376K, 99% used [0x0000000757500000,0x0000000757a3e038,0x0000000757a40000)
  to   space 5376K, 0% used [0x00000007599e0000,0x00000007599e0000,0x0000000759f20000)
 ParOldGen       total 86272K, used 10193K [0x0000000600000000, 0x0000000605440000, 0x0000000755560000)
  object space 86272K, 11% used [0x0000000600000000,0x00000006009f4560,0x0000000605440000)
 PSPermGen       total 21248K, used 5940K [0x00000005fae00000, 0x00000005fc2c0000, 0x0000000600000000)
  object space 21248K, 27% used [0x00000005fae00000,0x00000005fb3cd130,0x00000005fc2c0000)
}

Deoptimization events (10 events):
Event: 3.616 Thread 0x000000001db2d800 Uncommon trap -58 fr.pc 0x00000000029290b0
Event: 3.637 Thread 0x000000001db37800 Uncommon trap -58 fr.pc 0x00000000029290b0
Event: 3.637 Thread 0x000000001db37800 Uncommon trap -58 fr.pc 0x00000000029290b0
Event: 3.637 Thread 0x000000001db37800 Uncommon trap -58 fr.pc 0x00000000029290b0
Event: 3.641 Thread 0x000000000254c800 Uncommon trap -34 fr.pc 0x000000000286d628
Event: 3.641 Thread 0x000000000254c800 Uncommon trap -34 fr.pc 0x000000000286d628
Event: 3.653 Thread 0x000000001db2d800 Uncommon trap -58 fr.pc 0x00000000028c3e70
Event: 3.653 Thread 0x000000001db2d800 Uncommon trap -58 fr.pc 0x00000000028c3e70
Event: 3.654 Thread 0x000000001db2d800 Uncommon trap -58 fr.pc 0x00000000028c3e70
Event: 3.654 Thread 0x000000001db2d800 Uncommon trap -58 fr.pc 0x00000000028c3e70

Internal exceptions (10 events):
Event: 1.498 Thread 0x000000001db2d800 Threw 0x00000007564aa250 at C:\jdk7u1_64p\jdk7u11\hotspot\src\share\vm\prims\jvm.cpp:1166
Event: 1.684 Thread 0x000000001db2d800 Threw 0x000000075697cb08 at C:\jdk7u1_64p\jdk7u11\hotspot\src\share\vm\prims\jvm.cpp:1166
Event: 1.763 Thread 0x000000000254c800 Threw 0x000000075624ca18 at C:\jdk7u1_64p\jdk7u11\hotspot\src\share\vm\prims\jvm.cpp:1166
Event: 1.764 Thread 0x000000000254c800 Threw 0x000000075624ec98 at C:\jdk7u1_64p\jdk7u11\hotspot\src\share\vm\prims\jvm.cpp:1166
Event: 1.768 Thread 0x000000001db2d800 Threw 0x0000000756bb5f38 at C:\jdk7u1_64p\jdk7u11\hotspot\src\share\vm\prims\jvm.cpp:1166
Event: 1.788 Thread 0x000000000254c800 Threw 0x0000000756259b00 at C:\jdk7u1_64p\jdk7u11\hotspot\src\share\vm\prims\jvm.cpp:1166
Event: 1.999 Thread 0x000000000254c800 Threw 0x00000007557a3ea0 at C:\jdk7u1_64p\jdk7u11\hotspot\src\share\vm\prims\jvm.cpp:1166
Event: 2.367 Thread 0x000000001db37800 Implicit null exception at 0x000000000289d339 to 0x000000000289f4a9
Event: 3.060 Thread 0x000000000254c800 Implicit null exception at 0x00000000028dcd0f to 0x00000000028dd3e5
Event: 3.476 Thread 0x000000001daf6000 Threw 0x0000000755b4a260 at C:\jdk7u1_64p\jdk7u11\hotspot\src\share\vm\prims\jvm.cpp:1166

Events (10 events):
Event: 3.653 Thread 0x000000001db2d800 DEOPT PACKING pc=0x00000000028c3e70 sp=0x000000001e31ee50
Event: 3.653 Thread 0x000000001db2d800 DEOPT UNPACKING pc=0x00000000027d9164 sp=0x000000001e31edf8 mode 2
Event: 3.653 Thread 0x000000001db2d800 DEOPT PACKING pc=0x00000000028c3e70 sp=0x000000001e31ee50
Event: 3.653 Thread 0x000000001db2d800 DEOPT UNPACKING pc=0x00000000027d9164 sp=0x000000001e31edf8 mode 2
Event: 3.654 Thread 0x000000001db2d800 DEOPT PACKING pc=0x00000000028c3e70 sp=0x000000001e31ee40
Event: 3.654 Thread 0x000000001db2d800 DEOPT UNPACKING pc=0x00000000027d9164 sp=0x000000001e31ede8 mode 2
Event: 3.654 Thread 0x000000001db2d800 DEOPT PACKING pc=0x00000000028c3e70 sp=0x000000001e31ee40
Event: 3.654 Thread 0x000000001db2d800 DEOPT UNPACKING pc=0x00000000027d9164 sp=0x000000001e31ede8 mode 2
Event: 3.669 Executing VM operation: ParallelGCFailedAllocation
Event: 3.686 Executing VM operation: ParallelGCFailedAllocation done


Dynamic libraries:
0x000000013f220000 - 0x000000013f253000 	C:\Program Files\Java\jdk1.7.0_11\bin\java.exe
0x0000000077000000 - 0x00000000771a9000 	C:\Windows\SYSTEM32\ntdll.dll
0x0000000076de0000 - 0x0000000076eff000 	C:\Windows\system32\kernel32.dll
0x000007fefd000000 - 0x000007fefd06b000 	C:\Windows\system32\KERNELBASE.dll
0x000007fefe430000 - 0x000007fefe50b000 	C:\Windows\system32\ADVAPI32.dll
0x000007feff270000 - 0x000007feff30f000 	C:\Windows\system32\msvcrt.dll
0x000007fefe810000 - 0x000007fefe82f000 	C:\Windows\SYSTEM32\sechost.dll
0x000007feff070000 - 0x000007feff19d000 	C:\Windows\system32\RPCRT4.dll
0x0000000076f00000 - 0x0000000076ffa000 	C:\Windows\system32\USER32.dll
0x000007fefe520000 - 0x000007fefe587000 	C:\Windows\system32\GDI32.dll
0x000007fefee00000 - 0x000007fefee0e000 	C:\Windows\system32\LPK.dll
0x000007feff1a0000 - 0x000007feff269000 	C:\Windows\system32\USP10.dll
0x000007fefb7b0000 - 0x000007fefb9a4000 	C:\Windows\WinSxS\amd64_microsoft.windows.common-controls_6595b64144ccf1df_6.0.7601.17514_none_fa396087175ac9ac\COMCTL32.dll
0x000007fefe3b0000 - 0x000007fefe421000 	C:\Windows\system32\SHLWAPI.dll
0x000007fefeb10000 - 0x000007fefeb3e000 	C:\Windows\system32\IMM32.DLL
0x000007fefe830000 - 0x000007fefe939000 	C:\Windows\system32\MSCTF.dll
0x0000000073d80000 - 0x0000000073e51000 	C:\Program Files\Java\jdk1.7.0_11\jre\bin\msvcr100.dll
0x00000000701a0000 - 0x00000000708bf000 	C:\Program Files\Java\jdk1.7.0_11\jre\bin\server\jvm.dll
0x000007feed700000 - 0x000007feed709000 	C:\Windows\system32\WSOCK32.dll
0x000007fefd320000 - 0x000007fefd36d000 	C:\Windows\system32\WS2_32.dll
0x000007fefe510000 - 0x000007fefe518000 	C:\Windows\system32\NSI.dll
0x000007fefad20000 - 0x000007fefad5b000 	C:\Windows\system32\WINMM.dll
0x00000000771c0000 - 0x00000000771c7000 	C:\Windows\system32\PSAPI.DLL
0x0000000073d70000 - 0x0000000073d7f000 	C:\Program Files\Java\jdk1.7.0_11\jre\bin\verify.dll
0x0000000073d40000 - 0x0000000073d68000 	C:\Program Files\Java\jdk1.7.0_11\jre\bin\java.dll
0x0000000073d20000 - 0x0000000073d35000 	C:\Program Files\Java\jdk1.7.0_11\jre\bin\zip.dll
0x0000000073cc0000 - 0x0000000073cd9000 	C:\Program Files\Java\jdk1.7.0_11\jre\bin\net.dll
0x000007fefc780000 - 0x000007fefc7d5000 	C:\Windows\system32\mswsock.dll
0x000007fefc770000 - 0x000007fefc777000 	C:\Windows\System32\wship6.dll
0x0000000073ca0000 - 0x0000000073cb1000 	C:\Program Files\Java\jdk1.7.0_11\jre\bin\nio.dll

VM Arguments:
jvm_args: -Djava.awt.headless=true -Xmx8g -Dfile.encoding=GBK -Duser.country=CN -Duser.language=zh -Duser.variant 
java_command: com.android.dx.command.Main --dex --force-jumbo --num-threads=4 --multi-dex --output E:\studio\VkoCircleS\app\build\intermediates\transforms\dex\official\debug\folders\1000\2\open_sdk_r5509_c34883d3954a3de654e75437773319756865c171 E:\studio\VkoCircleS\app\libs\open_sdk_r5509.jar
Launcher Type: SUN_STANDARD

Environment Variables:
JAVA_HOME=C:\Program Files\Java\jdk1.7.0_11
CLASSPATH=.;C:\Program Files\Java\jdk1.7.0_11\lib\dt.jar;C:\Program Files\Java\jdk1.7.0_11\lib\tools.jar;
PATH=C:\Program Files\Java\jdk1.7.0_11\bin;C:\Program Files\Java\jdk1.7.0_11\jre\bin;C:\Windows\system32;C:\Windows;C:\Windows\System32\Wbem;C:\Windows\System32\WindowsPowerShell\v1.0\;C:\Program Files\nodejs\;d:\dev\maven\bin;C:\Users\JiaRH\AppData\Local\Android\Sdk\platform-tools.*;C:\Program Files\TortoiseSVN\bin;F:\zookeeper\zookeeper-3.4.8\zookeeper-3.4.8\bin
USERNAME=JiaRH
OS=Windows_NT
PROCESSOR_IDENTIFIER=Intel64 Family 6 Model 58 Stepping 9, GenuineIntel



---------------  S Y S T E M  ---------------

OS: Windows 7 , 64 bit Build 7601 Service Pack 1

CPU:total 4 (2 cores per cpu, 2 threads per core) family 6 model 58 stepping 9, cmov, cx8, fxsr, mmx, sse, sse2, sse3, ssse3, sse4.1, sse4.2, popcnt, avx, ht, tsc, tscinvbit, tscinv

Memory: 4k page, physical 8279396k(2110728k free), swap 8687152k(5708k free)

vm_info: Java HotSpot(TM) 64-Bit Server VM (23.6-b04) for windows-amd64 JRE (1.7.0_11-b21), built on Jan 12 2013 02:38:42 by "java_re" with unknown MS VC++:1600

time: Wed Nov 09 15:26:20 2016
elapsed time: 3 seconds

