#
# There is insufficient memory for the Java Runtime Environment to continue.
# Native memory allocation (malloc) failed to allocate 1473696 bytes for Chunk::new
# Possible reasons:
#   The system is out of physical RAM or swap space
#   In 32 bit mode, the process size limit was hit
# Possible solutions:
#   Reduce memory load on the system
#   Increase physical memory or swap space
#   Check if swap backing store is full
#   Use 64 bit Java on a 64 bit OS
#   Decrease Java heap size (-Xmx/-Xms)
#   Decrease number of Java threads
#   Decrease Java thread stack sizes (-Xss)
#   Set larger code cache with -XX:ReservedCodeCacheSize=
# This output file may be truncated or incomplete.
#
#  Out of Memory Error (allocation.cpp:328), pid=8392, tid=7156
#
# JRE version: 7.0_11-b21
# Java VM: Java HotSpot(TM) 64-Bit Server VM (23.6-b04 mixed mode windows-amd64 compressed oops)
# Failed to write core dump. Minidumps are not enabled by default on client versions of Windows
#

---------------  T H R E A D  ---------------

Current thread (0x000000001bfbd800):  JavaThread "C2 CompilerThread0" daemon [_thread_in_native, id=7156, stack(0x000000001d8e0000,0x000000001d9e0000)]

Stack: [0x000000001d8e0000,0x000000001d9e0000]

Current CompileTask:
C2:   5918  467   !         com.android.dx.cf.code.BytecodeArray::parseInstruction (2764 bytes)


---------------  P R O C E S S  ---------------

Java Threads: ( => current thread )
  0x000000001de5a000 JavaThread "pool-2-thread-4" [_thread_blocked, id=4936, stack(0x000000001e520000,0x000000001e620000)]
  0x000000001de86000 JavaThread "pool-2-thread-3" [_thread_blocked, id=4620, stack(0x000000001e640000,0x000000001e740000)]
  0x000000001dd5b800 JavaThread "pool-2-thread-2" [_thread_blocked, id=7236, stack(0x000000001d580000,0x000000001d680000)]
  0x000000001ddd4000 JavaThread "pool-3-thread-1" [_thread_blocked, id=2012, stack(0x000000001e3a0000,0x000000001e4a0000)]
  0x000000001dd44000 JavaThread "pool-2-thread-1" [_thread_blocked, id=2212, stack(0x000000001e1d0000,0x000000001e2d0000)]
  0x000000001bfc0000 JavaThread "Service Thread" daemon [_thread_blocked, id=4324, stack(0x000000001d7b0000,0x000000001d8b0000)]
  0x000000001bfbf000 JavaThread "C2 CompilerThread1" daemon [_thread_blocked, id=6836, stack(0x000000001da40000,0x000000001db40000)]
=>0x000000001bfbd800 JavaThread "C2 CompilerThread0" daemon [_thread_in_native, id=7156, stack(0x000000001d8e0000,0x000000001d9e0000)]
  0x000000001bfbc800 JavaThread "Attach Listener" daemon [_thread_blocked, id=9060, stack(0x000000001d6b0000,0x000000001d7b0000)]
  0x000000001bfb5000 JavaThread "Signal Dispatcher" daemon [_thread_blocked, id=3920, stack(0x000000001d440000,0x000000001d540000)]
  0x0000000002583800 JavaThread "Finalizer" daemon [_thread_blocked, id=9844, stack(0x000000001d330000,0x000000001d430000)]
  0x0000000002582000 JavaThread "Reference Handler" daemon [_thread_blocked, id=9696, stack(0x000000001d160000,0x000000001d260000)]
  0x000000000016c800 JavaThread "main" [_thread_blocked, id=5592, stack(0x0000000002720000,0x0000000002820000)]

Other Threads:
  0x000000001bf12800 VMThread [stack: 0x000000001d010000,0x000000001d110000] [id=8784]
  0x000000001bfc1000 WatcherThread [stack: 0x000000001dc00000,0x000000001dd00000] [id=4512]

VM state:not at safepoint (normal execution)

VM Mutex/Monitor currently owned by a thread: None

Heap
 PSYoungGen      total 37760K, used 19010K [0x0000000755560000, 0x0000000757f80000, 0x0000000800000000)
  eden space 32384K, 42% used [0x0000000755560000,0x00000007562b2610,0x0000000757500000)
  from space 5376K, 99% used [0x0000000757500000,0x0000000757a3e290,0x0000000757a40000)
  to   space 5376K, 0% used [0x0000000757a40000,0x0000000757a40000,0x0000000757f80000)
 ParOldGen       total 86272K, used 10311K [0x0000000600000000, 0x0000000605440000, 0x0000000755560000)
  object space 86272K, 11% used [0x0000000600000000,0x0000000600a11dc8,0x0000000605440000)
 PSPermGen       total 21248K, used 5512K [0x00000005fae00000, 0x00000005fc2c0000, 0x0000000600000000)
  object space 21248K, 25% used [0x00000005fae00000,0x00000005fb362198,0x00000005fc2c0000)

Card table byte_map: [0x0000000005820000,0x0000000006850000] byte_map_base: 0x0000000002849000

Polling page: 0x0000000000140000

Code Cache  [0x0000000002820000, 0x0000000002a90000, 0x0000000005820000)
 total_blobs=675 nmethods=460 adapters=166 free_code_cache=47191Kb largest_free_block=48289344

Compilation events (10 events):
Event: 5.866 Thread 0x000000001bfbd800 nmethod 463 0x0000000002902b90 code [0x0000000002902ce0, 0x0000000002903048]
Event: 5.881 Thread 0x000000001bfbf000  465             com.android.dx.cf.code.Simulator$SimVisitor::visitConstant (332 bytes)
Event: 5.883 Thread 0x000000001bfbd800  466             com.android.dx.ssa.NormalSsaInsn::<init> (15 bytes)
Event: 5.884 Thread 0x000000001bfbd800 nmethod 466 0x00000000029f0f10 code [0x00000000029f1040, 0x00000000029f1118]
Event: 5.889 Thread 0x000000001bfbd800  467   !         com.android.dx.cf.code.BytecodeArray::parseInstruction (2764 bytes)
Event: 5.903 Thread 0x000000001bfbf000 nmethod 465 0x0000000002a0e510 code [0x0000000002a0e8a0, 0x0000000002a0f858]
Event: 5.910 Thread 0x000000001bfbf000  468             java.util.BitSet::set (124 bytes)
Event: 5.916 Thread 0x000000001bfbf000 nmethod 468 0x0000000002a08510 code [0x0000000002a08660, 0x0000000002a08a28]
Event: 5.916 Thread 0x000000001bfbf000  469             java.util.BitSet::checkRange (104 bytes)
Event: 5.916 Thread 0x000000001bfbf000 nmethod 469 0x0000000002a06a90 code [0x0000000002a06bc0, 0x0000000002a06c38]

GC Heap History (6 events):
Event: 3.314 GC heap before
{Heap before GC invocations=1 (full 0):
 PSYoungGen      total 37760K, used 32384K [0x0000000755560000, 0x0000000757f80000, 0x0000000800000000)
  eden space 32384K, 100% used [0x0000000755560000,0x0000000757500000,0x0000000757500000)
  from space 5376K, 0% used [0x0000000757a40000,0x0000000757a40000,0x0000000757f80000)
  to   space 5376K, 0% used [0x0000000757500000,0x0000000757500000,0x0000000757a40000)
 ParOldGen       total 86272K, used 0K [0x0000000600000000, 0x0000000605440000, 0x0000000755560000)
  object space 86272K, 0% used [0x0000000600000000,0x0000000600000000,0x0000000605440000)
 PSPermGen       total 21248K, used 5419K [0x00000005fae00000, 0x00000005fc2c0000, 0x0000000600000000)
  object space 21248K, 25% used [0x00000005fae00000,0x00000005fb34af88,0x00000005fc2c0000)
Event: 3.324 GC heap after
Heap after GC invocations=1 (full 0):
 PSYoungGen      total 37760K, used 5352K [0x0000000755560000, 0x0000000757f80000, 0x0000000800000000)
  eden space 32384K, 0% used [0x0000000755560000,0x0000000755560000,0x0000000757500000)
  from space 5376K, 99% used [0x0000000757500000,0x0000000757a3a058,0x0000000757a40000)
  to   space 5376K, 0% used [0x0000000757a40000,0x0000000757a40000,0x0000000757f80000)
 ParOldGen       total 86272K, used 1338K [0x0000000600000000, 0x0000000605440000, 0x0000000755560000)
  object space 86272K, 1% used [0x0000000600000000,0x000000060014e998,0x0000000605440000)
 PSPermGen       total 21248K, used 5419K [0x00000005fae00000, 0x00000005fc2c0000, 0x0000000600000000)
  object space 21248K, 25% used [0x00000005fae00000,0x00000005fb34af88,0x00000005fc2c0000)
}
Event: 5.133 GC heap before
{Heap before GC invocations=2 (full 0):
 PSYoungGen      total 37760K, used 37736K [0x0000000755560000, 0x0000000757f80000, 0x0000000800000000)
  eden space 32384K, 100% used [0x0000000755560000,0x0000000757500000,0x0000000757500000)
  from space 5376K, 99% used [0x0000000757500000,0x0000000757a3a058,0x0000000757a40000)
  to   space 5376K, 0% used [0x0000000757a40000,0x0000000757a40000,0x0000000757f80000)
 ParOldGen       total 86272K, used 1338K [0x0000000600000000, 0x0000000605440000, 0x0000000755560000)
  object space 86272K, 1% used [0x0000000600000000,0x000000060014e998,0x0000000605440000)
 PSPermGen       total 21248K, used 5463K [0x00000005fae00000, 0x00000005fc2c0000, 0x0000000600000000)
  object space 21248K, 25% used [0x00000005fae00000,0x00000005fb355f78,0x00000005fc2c0000)
Event: 5.143 GC heap after
Heap after GC invocations=2 (full 0):
 PSYoungGen      total 37760K, used 5368K [0x0000000755560000, 0x0000000757f80000, 0x0000000800000000)
  eden space 32384K, 0% used [0x0000000755560000,0x0000000755560000,0x0000000757500000)
  from space 5376K, 99% used [0x0000000757a40000,0x0000000757f7e290,0x0000000757f80000)
  to   space 5376K, 0% used [0x0000000757500000,0x0000000757500000,0x0000000757a40000)
 ParOldGen       total 86272K, used 5490K [0x0000000600000000, 0x0000000605440000, 0x0000000755560000)
  object space 86272K, 6% used [0x0000000600000000,0x000000060055c998,0x0000000605440000)
 PSPermGen       total 21248K, used 5463K [0x00000005fae00000, 0x00000005fc2c0000, 0x0000000600000000)
  object space 21248K, 25% used [0x00000005fae00000,0x00000005fb355f78,0x00000005fc2c0000)
}
Event: 5.636 GC heap before
{Heap before GC invocations=3 (full 0):
 PSYoungGen      total 37760K, used 37752K [0x0000000755560000, 0x0000000757f80000, 0x0000000800000000)
  eden space 32384K, 100% used [0x0000000755560000,0x0000000757500000,0x0000000757500000)
  from space 5376K, 99% used [0x0000000757a40000,0x0000000757f7e290,0x0000000757f80000)
  to   space 5376K, 0% used [0x0000000757500000,0x0000000757500000,0x0000000757a40000)
 ParOldGen       total 86272K, used 5490K [0x0000000600000000, 0x0000000605440000, 0x0000000755560000)
  object space 86272K, 6% used [0x0000000600000000,0x000000060055c998,0x0000000605440000)
 PSPermGen       total 21248K, used 5499K [0x00000005fae00000, 0x00000005fc2c0000, 0x0000000600000000)
  object space 21248K, 25% used [0x00000005fae00000,0x00000005fb35eee0,0x00000005fc2c0000)
Event: 5.660 GC heap after
Heap after GC invocations=3 (full 0):
 PSYoungGen      total 37760K, used 5368K [0x0000000755560000, 0x0000000757f80000, 0x0000000800000000)
  eden space 32384K, 0% used [0x0000000755560000,0x0000000755560000,0x0000000757500000)
  from space 5376K, 99% used [0x0000000757500000,0x0000000757a3e290,0x0000000757a40000)
  to   space 5376K, 0% used [0x0000000757a40000,0x0000000757a40000,0x0000000757f80000)
 ParOldGen       total 86272K, used 10311K [0x0000000600000000, 0x0000000605440000, 0x0000000755560000)
  object space 86272K, 11% used [0x0000000600000000,0x0000000600a11dc8,0x0000000605440000)
 PSPermGen       total 21248K, used 5499K [0x00000005fae00000, 0x00000005fc2c0000, 0x0000000600000000)
  object space 21248K, 25% used [0x00000005fae00000,0x00000005fb35eee0,0x00000005fc2c0000)
}

Deoptimization events (10 events):
Event: 5.144 Thread 0x000000001dd44000 Uncommon trap -12 fr.pc 0x00000000029e6b44
Event: 5.150 Thread 0x000000000016c800 Uncommon trap 210 fr.pc 0x0000000002975ec0
Event: 5.183 Thread 0x000000001dd44000 Uncommon trap -12 fr.pc 0x000000000291f8e8
Event: 5.183 Thread 0x000000001dd44000 Uncommon trap -12 fr.pc 0x000000000292e570
Event: 5.250 Thread 0x000000001de86000 Uncommon trap -12 fr.pc 0x00000000029e6afc
Event: 5.387 Thread 0x000000000016c800 Uncommon trap -12 fr.pc 0x00000000029e6b44
Event: 5.410 Thread 0x000000001dd44000 Uncommon trap -83 fr.pc 0x000000000299963c
Event: 5.854 Thread 0x000000001de86000 Uncommon trap -83 fr.pc 0x000000000299aed8
Event: 5.885 Thread 0x000000001de5a000 Uncommon trap -34 fr.pc 0x00000000029fd3ec
Event: 5.886 Thread 0x000000001de5a000 Uncommon trap -34 fr.pc 0x00000000029fd3ec

Internal exceptions (10 events):
Event: 2.679 Thread 0x000000001dd44000 Implicit null exception at 0x00000000028f2d7b to 0x00000000028f3e59
Event: 4.826 Thread 0x000000001de86000 Implicit null exception at 0x00000000029b3648 to 0x00000000029b4091
Event: 5.144 Thread 0x000000001dd44000 Implicit null exception at 0x00000000029e644c to 0x00000000029e6b35
Event: 5.183 Thread 0x000000001dd44000 Implicit null exception at 0x000000000291da61 to 0x000000000291f8b1
Event: 5.183 Thread 0x000000001dd44000 Implicit null exception at 0x000000000292cc4a to 0x000000000292e53d
Event: 5.250 Thread 0x000000001de86000 Implicit null exception at 0x00000000029e6220 to 0x00000000029e6aed
Event: 5.387 Thread 0x000000000016c800 Implicit null exception at 0x00000000029e644c to 0x00000000029e6b35
Event: 5.410 Thread 0x000000001dd44000 Implicit null exception at 0x000000000299933a to 0x00000000029995dd
Event: 5.879 Thread 0x000000000016c800 Threw 0x0000000755faf578 at C:\jdk7u1_64p\jdk7u11\hotspot\src\share\vm\prims\jvm.cpp:1166
Event: 5.888 Thread 0x000000001de5a000 Threw 0x00000007561e9670 at C:\jdk7u1_64p\jdk7u11\hotspot\src\share\vm\prims\jvm.cpp:1166

Events (10 events):
Event: 5.854 Thread 0x000000001de86000 DEOPT PACKING pc=0x000000000299aed8 sp=0x000000001e73e8c0
Event: 5.854 Thread 0x000000001de86000 DEOPT UNPACKING pc=0x0000000002859164 sp=0x000000001e73e848 mode 2
Event: 5.879 loading class 0x000000001dd6ff30
Event: 5.879 loading class 0x000000001dd6ff30 done
Event: 5.885 Thread 0x000000001de5a000 DEOPT PACKING pc=0x00000000029fd3ec sp=0x000000001e61eae0
Event: 5.885 Thread 0x000000001de5a000 DEOPT UNPACKING pc=0x0000000002859164 sp=0x000000001e61ea50 mode 2
Event: 5.886 Thread 0x000000001de5a000 DEOPT PACKING pc=0x00000000029fd3ec sp=0x000000001e61eba0
Event: 5.886 Thread 0x000000001de5a000 DEOPT UNPACKING pc=0x0000000002859164 sp=0x000000001e61eb10 mode 2
Event: 5.888 loading class 0x000000001dd5ad70
Event: 5.888 loading class 0x000000001dd5ad70 done


Dynamic libraries:
0x000000013fe30000 - 0x000000013fe63000 	C:\Program Files\Java\jdk1.7.0_11\bin\java.exe
0x0000000077210000 - 0x00000000773b9000 	C:\Windows\SYSTEM32\ntdll.dll
0x0000000076ff0000 - 0x000000007710f000 	C:\Windows\system32\kernel32.dll
0x000007fefd310000 - 0x000007fefd37b000 	C:\Windows\system32\KERNELBASE.dll
0x000007fefe750000 - 0x000007fefe82b000 	C:\Windows\system32\ADVAPI32.dll
0x000007fefedd0000 - 0x000007fefee6f000 	C:\Windows\system32\msvcrt.dll
0x000007feff410000 - 0x000007feff42f000 	C:\Windows\SYSTEM32\sechost.dll
0x000007fefd530000 - 0x000007fefd65d000 	C:\Windows\system32\RPCRT4.dll
0x0000000077110000 - 0x000000007720a000 	C:\Windows\system32\USER32.dll
0x000007feff430000 - 0x000007feff497000 	C:\Windows\system32\GDI32.dll
0x000007fefedc0000 - 0x000007fefedce000 	C:\Windows\system32\LPK.dll
0x000007fefe860000 - 0x000007fefe929000 	C:\Windows\system32\USP10.dll
0x000007fefbc30000 - 0x000007fefbe24000 	C:\Windows\WinSxS\amd64_microsoft.windows.common-controls_6595b64144ccf1df_6.0.7601.17514_none_fa396087175ac9ac\COMCTL32.dll
0x000007feff390000 - 0x000007feff401000 	C:\Windows\system32\SHLWAPI.dll
0x000007fefe830000 - 0x000007fefe85e000 	C:\Windows\system32\IMM32.DLL
0x000007feff000000 - 0x000007feff109000 	C:\Windows\system32\MSCTF.dll
0x0000000070190000 - 0x0000000070261000 	C:\Program Files\Java\jdk1.7.0_11\jre\bin\msvcr100.dll
0x000000006a580000 - 0x000000006ac9f000 	C:\Program Files\Java\jdk1.7.0_11\jre\bin\server\jvm.dll
0x000007feee8c0000 - 0x000007feee8c9000 	C:\Windows\system32\WSOCK32.dll
0x000007feff240000 - 0x000007feff28d000 	C:\Windows\system32\WS2_32.dll
0x000007fefef50000 - 0x000007fefef58000 	C:\Windows\system32\NSI.dll
0x000007fefaf30000 - 0x000007fefaf6b000 	C:\Windows\system32\WINMM.dll
0x00000000773e0000 - 0x00000000773e7000 	C:\Windows\system32\PSAPI.DLL
0x0000000073fe0000 - 0x0000000073fef000 	C:\Program Files\Java\jdk1.7.0_11\jre\bin\verify.dll
0x0000000073fb0000 - 0x0000000073fd8000 	C:\Program Files\Java\jdk1.7.0_11\jre\bin\java.dll
0x0000000073f90000 - 0x0000000073fa5000 	C:\Program Files\Java\jdk1.7.0_11\jre\bin\zip.dll

VM Arguments:
jvm_args: -Djava.awt.headless=true -Xmx8g -Dfile.encoding=GBK -Duser.country=CN -Duser.language=zh -Duser.variant 
java_command: com.android.dx.command.Main --dex --force-jumbo --num-threads=4 --multi-dex --output E:\studio\VkoCircleS\app\build\intermediates\transforms\dex\debug\folders\1000\5\slice_2 E:\studio\VkoCircleS\app\build\intermediates\transforms\instantRunSlicer\debug\folders\1\5\slice_2
Launcher Type: SUN_STANDARD

Environment Variables:
JAVA_HOME=C:\Program Files\Java\jdk1.7.0_11
CLASSPATH=.;C:\Program Files\Java\jdk1.7.0_11\lib\dt.jar;C:\Program Files\Java\jdk1.7.0_11\lib\tools.jar;
PATH=C:\Program Files\Java\jdk1.7.0_11\bin;C:\Program Files\Java\jdk1.7.0_11\jre\bin;C:\Windows\system32;C:\Windows;C:\Windows\System32\Wbem;C:\Windows\System32\WindowsPowerShell\v1.0\;C:\Program Files\nodejs\;d:\dev\maven\bin;C:\Users\JiaRH\AppData\Local\Android\Sdk\platform-tools.*;C:\Program Files\TortoiseSVN\bin;F:\zookeeper\zookeeper-3.4.8\zookeeper-3.4.8\bin
USERNAME=JiaRH
OS=Windows_NT
PROCESSOR_IDENTIFIER=Intel64 Family 6 Model 58 Stepping 9, GenuineIntel



---------------  S Y S T E M  ---------------

OS: Windows 7 , 64 bit Build 7601 Service Pack 1

CPU:total 4 (2 cores per cpu, 2 threads per core) family 6 model 58 stepping 9, cmov, cx8, fxsr, mmx, sse, sse2, sse3, ssse3, sse4.1, sse4.2, popcnt, avx, ht, tsc, tscinvbit, tscinv

Memory: 4k page, physical 8279396k(2424796k free), swap 8687152k(5800k free)

vm_info: Java HotSpot(TM) 64-Bit Server VM (23.6-b04) for windows-amd64 JRE (1.7.0_11-b21), built on Jan 12 2013 02:38:42 by "java_re" with unknown MS VC++:1600

time: Mon Nov 14 17:15:46 2016
elapsed time: 5 seconds

