#
# There is insufficient memory for the Java Runtime Environment to continue.
# Native memory allocation (malloc) failed to allocate 65552 bytes for Chunk::new
# Possible reasons:
#   The system is out of physical RAM or swap space
#   In 32 bit mode, the process size limit was hit
# Possible solutions:
#   Reduce memory load on the system
#   Increase physical memory or swap space
#   Check if swap backing store is full
#   Use 64 bit Java on a 64 bit OS
#   Decrease Java heap size (-Xmx/-Xms)
#   Decrease number of Java threads
#   Decrease Java thread stack sizes (-Xss)
#   Set larger code cache with -XX:ReservedCodeCacheSize=
# This output file may be truncated or incomplete.
#
#  Out of Memory Error (allocation.cpp:328), pid=7936, tid=6880
#
# JRE version: 7.0_11-b21
# Java VM: Java HotSpot(TM) 64-Bit Server VM (23.6-b04 mixed mode windows-amd64 compressed oops)
# Failed to write core dump. Minidumps are not enabled by default on client versions of Windows
#

---------------  T H R E A D  ---------------

Current thread (0x000000001bfeb800):  JavaThread "C2 CompilerThread0" daemon [_thread_in_native, id=6880, stack(0x000000001d760000,0x000000001d860000)]

Stack: [0x000000001d760000,0x000000001d860000]

Current CompileTask:
C2:   2681  224             com.android.dx.ssa.back.IdenticalBlockCombiner::process (323 bytes)


---------------  P R O C E S S  ---------------

Java Threads: ( => current thread )
  0x000000001dd4b800 JavaThread "pool-1-thread-1" [_thread_in_Java, id=8664, stack(0x000000001e1a0000,0x000000001e2a0000)]
  0x000000001bff9800 JavaThread "Service Thread" daemon [_thread_blocked, id=3356, stack(0x000000001d900000,0x000000001da00000)]
  0x000000001bff9000 JavaThread "C2 CompilerThread1" daemon [_thread_in_native, id=5664, stack(0x000000001ce60000,0x000000001cf60000)]
=>0x000000001bfeb800 JavaThread "C2 CompilerThread0" daemon [_thread_in_native, id=6880, stack(0x000000001d760000,0x000000001d860000)]
  0x000000001bfea800 JavaThread "Attach Listener" daemon [_thread_blocked, id=7852, stack(0x000000001d5b0000,0x000000001d6b0000)]
  0x000000001bfe3800 JavaThread "Signal Dispatcher" daemon [_thread_blocked, id=8348, stack(0x000000001d3c0000,0x000000001d4c0000)]
  0x00000000024d1800 JavaThread "Finalizer" daemon [_thread_blocked, id=5844, stack(0x000000001d240000,0x000000001d340000)]
  0x00000000024d0000 JavaThread "Reference Handler" daemon [_thread_blocked, id=7532, stack(0x000000001d110000,0x000000001d210000)]
  0x000000000259c800 JavaThread "main" [_thread_blocked, id=8456, stack(0x0000000002710000,0x0000000002810000)]

Other Threads:
  0x000000001bf41800 VMThread [stack: 0x000000001cfa0000,0x000000001d0a0000] [id=8848]
  0x000000001c012800 WatcherThread [stack: 0x000000001dba0000,0x000000001dca0000] [id=6820]

VM state:not at safepoint (normal execution)

VM Mutex/Monitor currently owned by a thread: None

Heap
 PSYoungGen      total 37760K, used 31773K [0x0000000755560000, 0x0000000757f80000, 0x0000000800000000)
  eden space 32384K, 98% used [0x0000000755560000,0x0000000757467400,0x0000000757500000)
  from space 5376K, 0% used [0x0000000757a40000,0x0000000757a40000,0x0000000757f80000)
  to   space 5376K, 0% used [0x0000000757500000,0x0000000757500000,0x0000000757a40000)
 ParOldGen       total 86272K, used 0K [0x0000000600000000, 0x0000000605440000, 0x0000000755560000)
  object space 86272K, 0% used [0x0000000600000000,0x0000000600000000,0x0000000605440000)
 PSPermGen       total 21248K, used 5939K [0x00000005fae00000, 0x00000005fc2c0000, 0x0000000600000000)
  object space 21248K, 27% used [0x00000005fae00000,0x00000005fb3ccf58,0x00000005fc2c0000)

Card table byte_map: [0x0000000005810000,0x0000000006840000] byte_map_base: 0x0000000002839000

Polling page: 0x0000000000330000

Code Cache  [0x0000000002810000, 0x0000000002a80000, 0x0000000005810000)
 total_blobs=459 nmethods=222 adapters=188 free_code_cache=48248Kb largest_free_block=49370048

Compilation events (10 events):
Event: 2.457 Thread 0x000000001bfeb800 nmethod 219 0x00000000028ea890 code [0x00000000028ea9c0, 0x00000000028eaab8]
Event: 2.457 Thread 0x000000001bfeb800  220             com.android.dx.ssa.SCCP::simulateBlock (54 bytes)
Event: 2.608 Thread 0x000000001bfeb800 nmethod 220 0x00000000028efc90 code [0x00000000028f0000, 0x00000000028f2100]
Event: 2.608 Thread 0x000000001bfeb800  221             com.android.dx.rop.code.Rop::isCallLike (5 bytes)
Event: 2.608 Thread 0x000000001bfeb800 nmethod 221 0x00000000028efa90 code [0x00000000028efbc0, 0x00000000028efc18]
Event: 2.608 Thread 0x000000001bfeb800  222             com.android.dx.rop.code.LocalVariableExtractor::processBlock (327 bytes)
Event: 2.658 Thread 0x000000001bfeb800 nmethod 222 0x00000000028f6a50 code [0x00000000028f6d20, 0x00000000028f83e8]
Event: 2.658 Thread 0x000000001bfeb800  223             java.util.ArrayList::ensureCapacity (10 bytes)
Event: 2.660 Thread 0x000000001bfeb800 nmethod 223 0x00000000028ef7d0 code [0x00000000028ef920, 0x00000000028ef9c8]
Event: 2.660 Thread 0x000000001bfeb800  224             com.android.dx.ssa.back.IdenticalBlockCombiner::process (323 bytes)

GC Heap History (0 events):
No events

Deoptimization events (10 events):
Event: 1.553 Thread 0x000000000259c800 Uncommon trap -34 fr.pc 0x000000000288615c
Event: 1.556 Thread 0x000000000259c800 Uncommon trap -34 fr.pc 0x000000000288615c
Event: 1.593 Thread 0x000000001dd4b800 Uncommon trap -34 fr.pc 0x000000000288615c
Event: 1.641 Thread 0x000000001ddd6800 Uncommon trap -12 fr.pc 0x00000000028901d4
Event: 1.662 Thread 0x000000001ddcb000 Uncommon trap -34 fr.pc 0x000000000288615c
Event: 2.095 Thread 0x000000001ddcb000 Uncommon trap -12 fr.pc 0x0000000002897dec
Event: 2.643 Thread 0x000000001dd4b800 Uncommon trap -34 fr.pc 0x00000000028a92f8
Event: 2.643 Thread 0x000000001dd4b800 Uncommon trap -34 fr.pc 0x00000000028a92f8
Event: 2.643 Thread 0x000000001dd4b800 Uncommon trap -34 fr.pc 0x00000000028a92f8
Event: 2.644 Thread 0x000000001dd4b800 Uncommon trap -34 fr.pc 0x00000000028a92f8

Internal exceptions (10 events):
Event: 1.600 Thread 0x000000000259c800 Threw 0x0000000755d53b10 at C:\jdk7u1_64p\jdk7u11\hotspot\src\share\vm\prims\jvm.cpp:1166
Event: 1.601 Thread 0x000000000259c800 Threw 0x0000000755d573b0 at C:\jdk7u1_64p\jdk7u11\hotspot\src\share\vm\prims\jvm.cpp:1166
Event: 1.601 Thread 0x000000000259c800 Threw 0x0000000755d59468 at C:\jdk7u1_64p\jdk7u11\hotspot\src\share\vm\prims\jvm.cpp:1166
Event: 1.641 Thread 0x000000001ddd6800 Implicit null exception at 0x000000000288fe3e to 0x00000000028901c1
Event: 1.899 Thread 0x000000000259c800 Threw 0x0000000756560ed0 at C:\jdk7u1_64p\jdk7u11\hotspot\src\share\vm\prims\jvm.cpp:1166
Event: 2.095 Thread 0x000000001ddcb000 Implicit null exception at 0x0000000002897365 to 0x0000000002897dd1
Event: 2.286 Thread 0x000000001ddd5800 Threw 0x0000000756f66f98 at C:\jdk7u1_64p\jdk7u11\hotspot\src\share\vm\prims\jvm.cpp:1166
Event: 2.634 Thread 0x000000000259c800 Threw 0x0000000756ceb248 at C:\jdk7u1_64p\jdk7u11\hotspot\src\share\vm\prims\jvm.cpp:1166
Event: 2.639 Thread 0x000000001dd4b800 Threw 0x00000007573c8580 at C:\jdk7u1_64p\jdk7u11\hotspot\src\share\vm\prims\jvm.cpp:1166
Event: 2.646 Thread 0x000000001dd4b800 Threw 0x00000007573d4ed8 at C:\jdk7u1_64p\jdk7u11\hotspot\src\share\vm\prims\jvm.cpp:1166

Events (10 events):
Event: 2.643 Thread 0x000000001dd4b800 DEOPT PACKING pc=0x00000000028a92f8 sp=0x000000001e29ef40
Event: 2.643 Thread 0x000000001dd4b800 DEOPT UNPACKING pc=0x0000000002849164 sp=0x000000001e29eee8 mode 2
Event: 2.643 Thread 0x000000001dd4b800 DEOPT PACKING pc=0x00000000028a92f8 sp=0x000000001e29ef40
Event: 2.643 Thread 0x000000001dd4b800 DEOPT UNPACKING pc=0x0000000002849164 sp=0x000000001e29eee8 mode 2
Event: 2.643 Thread 0x000000001dd4b800 DEOPT PACKING pc=0x00000000028a92f8 sp=0x000000001e29ef40
Event: 2.643 Thread 0x000000001dd4b800 DEOPT UNPACKING pc=0x0000000002849164 sp=0x000000001e29eee8 mode 2
Event: 2.644 Thread 0x000000001dd4b800 DEOPT PACKING pc=0x00000000028a92f8 sp=0x000000001e29ef40
Event: 2.644 Thread 0x000000001dd4b800 DEOPT UNPACKING pc=0x0000000002849164 sp=0x000000001e29eee8 mode 2
Event: 2.645 loading class 0x000000001dd96460
Event: 2.645 loading class 0x000000001dd96460 done


Dynamic libraries:
0x000000013f3e0000 - 0x000000013f413000 	C:\Program Files\Java\jdk1.7.0_11\bin\java.exe
0x00000000775d0000 - 0x0000000077779000 	C:\Windows\SYSTEM32\ntdll.dll
0x00000000774b0000 - 0x00000000775cf000 	C:\Windows\system32\kernel32.dll
0x000007fefd740000 - 0x000007fefd7ab000 	C:\Windows\system32\KERNELBASE.dll
0x000007fefedc0000 - 0x000007fefee9b000 	C:\Windows\system32\ADVAPI32.dll
0x000007fefded0000 - 0x000007fefdf6f000 	C:\Windows\system32\msvcrt.dll
0x000007feff860000 - 0x000007feff87f000 	C:\Windows\SYSTEM32\sechost.dll
0x000007feff730000 - 0x000007feff85d000 	C:\Windows\system32\RPCRT4.dll
0x00000000773b0000 - 0x00000000774aa000 	C:\Windows\system32\USER32.dll
0x000007feff100000 - 0x000007feff167000 	C:\Windows\system32\GDI32.dll
0x000007fefdf70000 - 0x000007fefdf7e000 	C:\Windows\system32\LPK.dll
0x000007feff420000 - 0x000007feff4e9000 	C:\Windows\system32\USP10.dll
0x000007fefbf90000 - 0x000007fefc184000 	C:\Windows\WinSxS\amd64_microsoft.windows.common-controls_6595b64144ccf1df_6.0.7601.17514_none_fa396087175ac9ac\COMCTL32.dll
0x000007fefd8f0000 - 0x000007fefd961000 	C:\Windows\system32\SHLWAPI.dll
0x000007feff4f0000 - 0x000007feff51e000 	C:\Windows\system32\IMM32.DLL
0x000007feff540000 - 0x000007feff649000 	C:\Windows\system32\MSCTF.dll
0x0000000073e70000 - 0x0000000073f41000 	C:\Program Files\Java\jdk1.7.0_11\jre\bin\msvcr100.dll
0x0000000054dd0000 - 0x00000000554ef000 	C:\Program Files\Java\jdk1.7.0_11\jre\bin\server\jvm.dll
0x000007fef73e0000 - 0x000007fef73e9000 	C:\Windows\system32\WSOCK32.dll
0x000007fefeea0000 - 0x000007fefeeed000 	C:\Windows\system32\WS2_32.dll
0x000007fefed10000 - 0x000007fefed18000 	C:\Windows\system32\NSI.dll
0x000007fefb420000 - 0x000007fefb45b000 	C:\Windows\system32\WINMM.dll
0x00000000777a0000 - 0x00000000777a7000 	C:\Windows\system32\PSAPI.DLL
0x0000000074000000 - 0x000000007400f000 	C:\Program Files\Java\jdk1.7.0_11\jre\bin\verify.dll
0x0000000073b60000 - 0x0000000073b88000 	C:\Program Files\Java\jdk1.7.0_11\jre\bin\java.dll
0x00000000739b0000 - 0x00000000739c5000 	C:\Program Files\Java\jdk1.7.0_11\jre\bin\zip.dll
0x0000000073990000 - 0x00000000739a9000 	C:\Program Files\Java\jdk1.7.0_11\jre\bin\net.dll
0x000007fefcd50000 - 0x000007fefcda5000 	C:\Windows\system32\mswsock.dll
0x000007fefcd40000 - 0x000007fefcd47000 	C:\Windows\System32\wship6.dll
0x0000000073970000 - 0x0000000073981000 	C:\Program Files\Java\jdk1.7.0_11\jre\bin\nio.dll

VM Arguments:
jvm_args: -Djava.awt.headless=true -Xmx8g -Dfile.encoding=GBK -Duser.country=CN -Duser.language=zh -Duser.variant 
java_command: com.android.dx.command.Main --dex --force-jumbo --num-threads=4 --multi-dex --output E:\studio\VkoCircleS\app\build\intermediates\transforms\dex\official\debug\folders\1000\10\eventbus-3.0.0_fbf6be9e9234aff58398976158cf880b5cd2726f C:\Users\JiaRH\.gradle\caches\modules-2\files-2.1\org.greenrobot\eventbus\3.0.0\ddd99896e9569eaababbe81b35d80e1b91c4ad85\eventbus-3.0.0.jar
Launcher Type: SUN_STANDARD

Environment Variables:
JAVA_HOME=C:\Program Files\Java\jdk1.7.0_11
CLASSPATH=.;C:\Program Files\Java\jdk1.7.0_11\lib\dt.jar;C:\Program Files\Java\jdk1.7.0_11\lib\tools.jar;
PATH=C:\Program Files\Java\jdk1.7.0_11\bin;C:\Program Files\Java\jdk1.7.0_11\jre\bin;C:\Windows\system32;C:\Windows;C:\Windows\System32\Wbem;C:\Windows\System32\WindowsPowerShell\v1.0\;C:\Program Files\nodejs\;d:\dev\maven\bin;C:\Users\JiaRH\AppData\Local\Android\Sdk\platform-tools.*;C:\Program Files\TortoiseSVN\bin;F:\zookeeper\zookeeper-3.4.8\zookeeper-3.4.8\bin
USERNAME=JiaRH
OS=Windows_NT
PROCESSOR_IDENTIFIER=Intel64 Family 6 Model 58 Stepping 9, GenuineIntel



---------------  S Y S T E M  ---------------

OS: Windows 7 , 64 bit Build 7601 Service Pack 1

CPU:total 4 (2 cores per cpu, 2 threads per core) family 6 model 58 stepping 9, cmov, cx8, fxsr, mmx, sse, sse2, sse3, ssse3, sse4.1, sse4.2, popcnt, avx, ht, tsc, tscinvbit, tscinv

Memory: 4k page, physical 8279396k(2264028k free), swap 8687152k(10008k free)

vm_info: Java HotSpot(TM) 64-Bit Server VM (23.6-b04) for windows-amd64 JRE (1.7.0_11-b21), built on Jan 12 2013 02:38:42 by "java_re" with unknown MS VC++:1600

time: Wed Nov 09 14:39:39 2016
elapsed time: 2 seconds

