#
# There is insufficient memory for the Java Runtime Environment to continue.
# Native memory allocation (malloc) failed to allocate 880896 bytes for Chunk::new
# Possible reasons:
#   The system is out of physical RAM or swap space
#   In 32 bit mode, the process size limit was hit
# Possible solutions:
#   Reduce memory load on the system
#   Increase physical memory or swap space
#   Check if swap backing store is full
#   Use 64 bit Java on a 64 bit OS
#   Decrease Java heap size (-Xmx/-Xms)
#   Decrease number of Java threads
#   Decrease Java thread stack sizes (-Xss)
#   Set larger code cache with -XX:ReservedCodeCacheSize=
# This output file may be truncated or incomplete.
#
#  Out of Memory Error (allocation.cpp:328), pid=9996, tid=7236
#
# JRE version: 7.0_11-b21
# Java VM: Java HotSpot(TM) 64-Bit Server VM (23.6-b04 mixed mode windows-amd64 compressed oops)
# Failed to write core dump. Minidumps are not enabled by default on client versions of Windows
#

---------------  T H R E A D  ---------------

Current thread (0x000000001bffb800):  JavaThread "C2 CompilerThread0" daemon [_thread_in_native, id=7236, stack(0x000000001d480000,0x000000001d580000)]

Stack: [0x000000001d480000,0x000000001d580000]

Current CompileTask:
C2:   1341  212             com.android.dx.ssa.SCCP::simulateBlock (54 bytes)


---------------  P R O C E S S  ---------------

Java Threads: ( => current thread )
  0x000000001dcaa000 JavaThread "pool-2-thread-4" [_thread_blocked, id=9316, stack(0x000000001e690000,0x000000001e790000)]
  0x000000001dca9000 JavaThread "pool-2-thread-3" [_thread_blocked, id=6632, stack(0x000000001e0f0000,0x000000001e1f0000)]
  0x000000001dcb4000 JavaThread "pool-2-thread-2" [_thread_blocked, id=9636, stack(0x000000001def0000,0x000000001dff0000)]
  0x000000001dcba800 JavaThread "pool-3-thread-1" [_thread_blocked, id=8872, stack(0x000000001e3f0000,0x000000001e4f0000)]
  0x000000001dba3000 JavaThread "pool-2-thread-1" [_thread_in_vm, id=9624, stack(0x000000001e250000,0x000000001e350000)]
  0x000000001c006800 JavaThread "Service Thread" daemon [_thread_blocked, id=4700, stack(0x000000001d860000,0x000000001d960000)]
  0x000000001bffd800 JavaThread "C2 CompilerThread1" daemon [_thread_in_native, id=7636, stack(0x000000001d750000,0x000000001d850000)]
=>0x000000001bffb800 JavaThread "C2 CompilerThread0" daemon [_thread_in_native, id=7236, stack(0x000000001d480000,0x000000001d580000)]
  0x000000001bffa800 JavaThread "Attach Listener" daemon [_thread_blocked, id=2440, stack(0x000000001d640000,0x000000001d740000)]
  0x000000001bff3800 JavaThread "Signal Dispatcher" daemon [_thread_blocked, id=8128, stack(0x000000001d370000,0x000000001d470000)]
  0x0000000002501800 JavaThread "Finalizer" daemon [_thread_blocked, id=8488, stack(0x000000001d1f0000,0x000000001d2f0000)]
  0x0000000002500000 JavaThread "Reference Handler" daemon [_thread_blocked, id=9060, stack(0x000000001d0f0000,0x000000001d1f0000)]
  0x00000000025fc800 JavaThread "main" [_thread_blocked, id=9312, stack(0x00000000026b0000,0x00000000027b0000)]

Other Threads:
  0x000000001bf51800 VMThread [stack: 0x000000001cf00000,0x000000001d000000] [id=8156]
  0x000000001c017800 WatcherThread [stack: 0x000000001d9f0000,0x000000001daf0000] [id=5368]

VM state:not at safepoint (normal execution)

VM Mutex/Monitor currently owned by a thread: None

Heap
 PSYoungGen      total 37760K, used 5992K [0x0000000755560000, 0x0000000759f20000, 0x0000000800000000)
  eden space 32384K, 2% used [0x0000000755560000,0x0000000755601f38,0x0000000757500000)
  from space 5376K, 99% used [0x0000000757500000,0x0000000757a38360,0x0000000757a40000)
  to   space 5376K, 0% used [0x00000007599e0000,0x00000007599e0000,0x0000000759f20000)
 ParOldGen       total 86272K, used 1297K [0x0000000600000000, 0x0000000605440000, 0x0000000755560000)
  object space 86272K, 1% used [0x0000000600000000,0x0000000600144740,0x0000000605440000)
 PSPermGen       total 21248K, used 5963K [0x00000005fae00000, 0x00000005fc2c0000, 0x0000000600000000)
  object space 21248K, 28% used [0x00000005fae00000,0x00000005fb3d2c40,0x00000005fc2c0000)

Card table byte_map: [0x00000000057b0000,0x00000000067e0000] byte_map_base: 0x00000000027d9000

Polling page: 0x0000000001c60000

Code Cache  [0x00000000027b0000, 0x0000000002a20000, 0x00000000057b0000)
 total_blobs=446 nmethods=210 adapters=187 free_code_cache=48339Kb largest_free_block=49474688

Compilation events (10 events):
Event: 1.266 Thread 0x000000001bffb800 nmethod 207 0x0000000002867510 code [0x0000000002867640, 0x00000000028676b8]
Event: 1.266 Thread 0x000000001bffb800  208   !         com.android.dx.rop.code.BasicBlock::<init> (273 bytes)
Event: 1.275 Thread 0x000000001bffb800 nmethod 208 0x0000000002876a10 code [0x0000000002876b80, 0x0000000002877098]
Event: 1.275 Thread 0x000000001bffb800  209             com.android.dx.rop.code.RegisterSpecList::set (7 bytes)
Event: 1.276 Thread 0x000000001bffb800 nmethod 209 0x000000000287dd50 code [0x000000000287dea0, 0x000000000287dfb8]
Event: 1.276 Thread 0x000000001bffb800  210             com.android.dx.rop.code.InsnList::set (7 bytes)
Event: 1.277 Thread 0x000000001bffb800 nmethod 210 0x0000000002876650 code [0x00000000028767a0, 0x00000000028768b8]
Event: 1.277 Thread 0x000000001bffb800  211             java.util.HashMap::transfer (115 bytes)
Event: 1.281 Thread 0x000000001bffb800 nmethod 211 0x0000000002876010 code [0x0000000002876160, 0x0000000002876448]
Event: 1.281 Thread 0x000000001bffb800  212             com.android.dx.ssa.SCCP::simulateBlock (54 bytes)

GC Heap History (2 events):
Event: 1.184 GC heap before
{Heap before GC invocations=1 (full 0):
 PSYoungGen      total 37760K, used 32384K [0x0000000755560000, 0x0000000757f80000, 0x0000000800000000)
  eden space 32384K, 100% used [0x0000000755560000,0x0000000757500000,0x0000000757500000)
  from space 5376K, 0% used [0x0000000757a40000,0x0000000757a40000,0x0000000757f80000)
  to   space 5376K, 0% used [0x0000000757500000,0x0000000757500000,0x0000000757a40000)
 ParOldGen       total 86272K, used 0K [0x0000000600000000, 0x0000000605440000, 0x0000000755560000)
  object space 86272K, 0% used [0x0000000600000000,0x0000000600000000,0x0000000605440000)
 PSPermGen       total 21248K, used 5963K [0x00000005fae00000, 0x00000005fc2c0000, 0x0000000600000000)
  object space 21248K, 28% used [0x00000005fae00000,0x00000005fb3d2c40,0x00000005fc2c0000)
Event: 1.239 GC heap after
Heap after GC invocations=1 (full 0):
 PSYoungGen      total 37760K, used 5344K [0x0000000755560000, 0x0000000759f20000, 0x0000000800000000)
  eden space 32384K, 0% used [0x0000000755560000,0x0000000755560000,0x0000000757500000)
  from space 5376K, 99% used [0x0000000757500000,0x0000000757a38360,0x0000000757a40000)
  to   space 5376K, 0% used [0x00000007599e0000,0x00000007599e0000,0x0000000759f20000)
 ParOldGen       total 86272K, used 1297K [0x0000000600000000, 0x0000000605440000, 0x0000000755560000)
  object space 86272K, 1% used [0x0000000600000000,0x0000000600144740,0x0000000605440000)
 PSPermGen       total 21248K, used 5963K [0x00000005fae00000, 0x00000005fc2c0000, 0x0000000600000000)
  object space 21248K, 28% used [0x00000005fae00000,0x00000005fb3d2c40,0x00000005fc2c0000)
}

Deoptimization events (10 events):
Event: 0.871 Thread 0x000000001dca9000 Uncommon trap -34 fr.pc 0x000000000282ffd8
Event: 0.871 Thread 0x000000001dca9000 Uncommon trap -34 fr.pc 0x000000000282ffd8
Event: 0.871 Thread 0x000000001dca9000 Uncommon trap -34 fr.pc 0x000000000282ffd8
Event: 0.871 Thread 0x000000001dca9000 Uncommon trap -34 fr.pc 0x000000000282ffd8
Event: 0.915 Thread 0x00000000025fc800 Uncommon trap -34 fr.pc 0x000000000283e5dc
Event: 0.915 Thread 0x00000000025fc800 Uncommon trap -34 fr.pc 0x000000000282764c
Event: 0.928 Thread 0x00000000025fc800 Uncommon trap -34 fr.pc 0x000000000283e5dc
Event: 0.945 Thread 0x000000001dcaa000 Uncommon trap -34 fr.pc 0x000000000283e5dc
Event: 1.109 Thread 0x000000001dcaa000 Uncommon trap -83 fr.pc 0x000000000282f518
Event: 1.132 Thread 0x000000001dca9000 Uncommon trap -12 fr.pc 0x00000000028454a8

Internal exceptions (10 events):
Event: 0.620 Thread 0x000000001dba3000 Threw 0x0000000755eb2f98 at C:\jdk7u1_64p\jdk7u11\hotspot\src\share\vm\prims\jvm.cpp:1166
Event: 0.630 Thread 0x000000001dba3000 Threw 0x0000000755ed6078 at C:\jdk7u1_64p\jdk7u11\hotspot\src\share\vm\prims\jvm.cpp:1166
Event: 0.655 Thread 0x000000001dcaa000 Threw 0x0000000755a92bd8 at C:\jdk7u1_64p\jdk7u11\hotspot\src\share\vm\prims\jvm.cpp:1166
Event: 0.695 Thread 0x000000001dcb4000 Threw 0x0000000755a54e40 at C:\jdk7u1_64p\jdk7u11\hotspot\src\share\vm\prims\jvm.cpp:1166
Event: 0.768 Thread 0x000000001dcb4000 Threw 0x00000007560f6938 at C:\jdk7u1_64p\jdk7u11\hotspot\src\share\vm\prims\jvm.cpp:1166
Event: 0.770 Thread 0x000000001dcb4000 Threw 0x0000000756103018 at C:\jdk7u1_64p\jdk7u11\hotspot\src\share\vm\prims\jvm.cpp:1166
Event: 0.894 Thread 0x00000000025fc800 Threw 0x00000007565687e8 at C:\jdk7u1_64p\jdk7u11\hotspot\src\share\vm\prims\jvm.cpp:1166
Event: 0.897 Thread 0x00000000025fc800 Threw 0x0000000756578a68 at C:\jdk7u1_64p\jdk7u11\hotspot\src\share\vm\prims\jvm.cpp:1166
Event: 0.952 Thread 0x00000000025fc800 Threw 0x0000000756812e60 at C:\jdk7u1_64p\jdk7u11\hotspot\src\share\vm\prims\jvm.cpp:1166
Event: 1.132 Thread 0x000000001dca9000 Implicit null exception at 0x00000000028453a2 to 0x000000000284549a

Events (10 events):
Event: 0.945 Thread 0x000000001dcaa000 DEOPT PACKING pc=0x000000000283e5dc sp=0x000000001e78ea10
Event: 0.945 Thread 0x000000001dcaa000 DEOPT UNPACKING pc=0x00000000027e9164 sp=0x000000001e78e920 mode 2
Event: 0.952 loading class 0x000000001db409b0
Event: 0.952 loading class 0x000000001db409b0 done
Event: 1.109 Thread 0x000000001dcaa000 DEOPT PACKING pc=0x000000000282f518 sp=0x000000001e78e760
Event: 1.109 Thread 0x000000001dcaa000 DEOPT UNPACKING pc=0x00000000027e9164 sp=0x000000001e78e700 mode 2
Event: 1.132 Thread 0x000000001dca9000 DEOPT PACKING pc=0x00000000028454a8 sp=0x000000001e1ee650
Event: 1.132 Thread 0x000000001dca9000 DEOPT UNPACKING pc=0x00000000027e9164 sp=0x000000001e1ee5e8 mode 2
Event: 1.184 Executing VM operation: ParallelGCFailedAllocation
Event: 1.239 Executing VM operation: ParallelGCFailedAllocation done


Dynamic libraries:
0x000000013fe30000 - 0x000000013fe63000 	C:\Program Files\Java\jdk1.7.0_11\bin\java.exe
0x0000000077210000 - 0x00000000773b9000 	C:\Windows\SYSTEM32\ntdll.dll
0x0000000076ff0000 - 0x000000007710f000 	C:\Windows\system32\kernel32.dll
0x000007fefd310000 - 0x000007fefd37b000 	C:\Windows\system32\KERNELBASE.dll
0x000007fefe750000 - 0x000007fefe82b000 	C:\Windows\system32\ADVAPI32.dll
0x000007fefedd0000 - 0x000007fefee6f000 	C:\Windows\system32\msvcrt.dll
0x000007feff410000 - 0x000007feff42f000 	C:\Windows\SYSTEM32\sechost.dll
0x000007fefd530000 - 0x000007fefd65d000 	C:\Windows\system32\RPCRT4.dll
0x0000000077110000 - 0x000000007720a000 	C:\Windows\system32\USER32.dll
0x000007feff430000 - 0x000007feff497000 	C:\Windows\system32\GDI32.dll
0x000007fefedc0000 - 0x000007fefedce000 	C:\Windows\system32\LPK.dll
0x000007fefe860000 - 0x000007fefe929000 	C:\Windows\system32\USP10.dll
0x000007fefbc30000 - 0x000007fefbe24000 	C:\Windows\WinSxS\amd64_microsoft.windows.common-controls_6595b64144ccf1df_6.0.7601.17514_none_fa396087175ac9ac\COMCTL32.dll
0x000007feff390000 - 0x000007feff401000 	C:\Windows\system32\SHLWAPI.dll
0x000007fefe830000 - 0x000007fefe85e000 	C:\Windows\system32\IMM32.DLL
0x000007feff000000 - 0x000007feff109000 	C:\Windows\system32\MSCTF.dll
0x0000000070190000 - 0x0000000070261000 	C:\Program Files\Java\jdk1.7.0_11\jre\bin\msvcr100.dll
0x000000006a580000 - 0x000000006ac9f000 	C:\Program Files\Java\jdk1.7.0_11\jre\bin\server\jvm.dll
0x000007feee8c0000 - 0x000007feee8c9000 	C:\Windows\system32\WSOCK32.dll
0x000007feff240000 - 0x000007feff28d000 	C:\Windows\system32\WS2_32.dll
0x000007fefef50000 - 0x000007fefef58000 	C:\Windows\system32\NSI.dll
0x000007fefaf30000 - 0x000007fefaf6b000 	C:\Windows\system32\WINMM.dll
0x00000000773e0000 - 0x00000000773e7000 	C:\Windows\system32\PSAPI.DLL
0x0000000073fe0000 - 0x0000000073fef000 	C:\Program Files\Java\jdk1.7.0_11\jre\bin\verify.dll
0x0000000073fb0000 - 0x0000000073fd8000 	C:\Program Files\Java\jdk1.7.0_11\jre\bin\java.dll
0x0000000073f90000 - 0x0000000073fa5000 	C:\Program Files\Java\jdk1.7.0_11\jre\bin\zip.dll
0x0000000073f70000 - 0x0000000073f89000 	C:\Program Files\Java\jdk1.7.0_11\jre\bin\net.dll
0x000007fefc990000 - 0x000007fefc9e5000 	C:\Windows\system32\mswsock.dll
0x000007fefc980000 - 0x000007fefc987000 	C:\Windows\System32\wship6.dll
0x0000000073d70000 - 0x0000000073d81000 	C:\Program Files\Java\jdk1.7.0_11\jre\bin\nio.dll

VM Arguments:
jvm_args: -Djava.awt.headless=true -Xmx8g -Dfile.encoding=GBK -Duser.country=CN -Duser.language=zh -Duser.variant 
java_command: com.android.dx.command.Main --dex --force-jumbo --num-threads=4 --multi-dex --output E:\studio\VkoCircleS\app\build\intermediates\transforms\dex\debug\folders\1000\2\umeng_social_sdk_26a90e9b36e7dfb44e3307e9197f5e036612e6d5 E:\studio\VkoCircleS\app\libs\umeng_social_sdk.jar
Launcher Type: SUN_STANDARD

Environment Variables:
JAVA_HOME=C:\Program Files\Java\jdk1.7.0_11
CLASSPATH=.;C:\Program Files\Java\jdk1.7.0_11\lib\dt.jar;C:\Program Files\Java\jdk1.7.0_11\lib\tools.jar;
PATH=C:\Program Files\Java\jdk1.7.0_11\bin;C:\Program Files\Java\jdk1.7.0_11\jre\bin;C:\Windows\system32;C:\Windows;C:\Windows\System32\Wbem;C:\Windows\System32\WindowsPowerShell\v1.0\;C:\Program Files\nodejs\;d:\dev\maven\bin;C:\Users\JiaRH\AppData\Local\Android\Sdk\platform-tools.*;C:\Program Files\TortoiseSVN\bin;F:\zookeeper\zookeeper-3.4.8\zookeeper-3.4.8\bin
USERNAME=JiaRH
OS=Windows_NT
PROCESSOR_IDENTIFIER=Intel64 Family 6 Model 58 Stepping 9, GenuineIntel



---------------  S Y S T E M  ---------------

OS: Windows 7 , 64 bit Build 7601 Service Pack 1

CPU:total 4 (2 cores per cpu, 2 threads per core) family 6 model 58 stepping 9, cmov, cx8, fxsr, mmx, sse, sse2, sse3, ssse3, sse4.1, sse4.2, popcnt, avx, ht, tsc, tscinvbit, tscinv

Memory: 4k page, physical 8279396k(2787716k free), swap 8687152k(6628k free)

vm_info: Java HotSpot(TM) 64-Bit Server VM (23.6-b04) for windows-amd64 JRE (1.7.0_11-b21), built on Jan 12 2013 02:38:42 by "java_re" with unknown MS VC++:1600

time: Mon Nov 14 17:18:53 2016
elapsed time: 1 seconds

