#
# There is insufficient memory for the Java Runtime Environment to continue.
# Native memory allocation (malloc) failed to allocate 154336 bytes for Chunk::new
# Possible reasons:
#   The system is out of physical RAM or swap space
#   In 32 bit mode, the process size limit was hit
# Possible solutions:
#   Reduce memory load on the system
#   Increase physical memory or swap space
#   Check if swap backing store is full
#   Use 64 bit Java on a 64 bit OS
#   Decrease Java heap size (-Xmx/-Xms)
#   Decrease number of Java threads
#   Decrease Java thread stack sizes (-Xss)
#   Set larger code cache with -XX:ReservedCodeCacheSize=
# This output file may be truncated or incomplete.
#
#  Out of Memory Error (allocation.cpp:328), pid=7644, tid=6696
#
# JRE version: 7.0_11-b21
# Java VM: Java HotSpot(TM) 64-Bit Server VM (23.6-b04 mixed mode windows-amd64 compressed oops)
# Failed to write core dump. Minidumps are not enabled by default on client versions of Windows
#

---------------  T H R E A D  ---------------

Current thread (0x000000001c13e000):  JavaThread "C2 CompilerThread0" daemon [_thread_in_native, id=6696, stack(0x000000001cf70000,0x000000001d070000)]

Stack: [0x000000001cf70000,0x000000001d070000]

Current CompileTask:
C2:  15697  649             com.android.dx.dex.code.StdCatchBuilder::handlersFor (216 bytes)


---------------  P R O C E S S  ---------------

Java Threads: ( => current thread )
  0x000000001dc57000 JavaThread "pool-1-thread-1" [_thread_in_vm, id=1856, stack(0x000000001e000000,0x000000001e100000)]
  0x000000001c14c000 JavaThread "Service Thread" daemon [_thread_blocked, id=9080, stack(0x000000001d9b0000,0x000000001dab0000)]
  0x000000001c143000 JavaThread "C2 CompilerThread1" daemon [_thread_in_native, id=5384, stack(0x000000001d890000,0x000000001d990000)]
=>0x000000001c13e000 JavaThread "C2 CompilerThread0" daemon [_thread_in_native, id=6696, stack(0x000000001cf70000,0x000000001d070000)]
  0x000000001c13d800 JavaThread "Attach Listener" daemon [_thread_blocked, id=9656, stack(0x000000001d610000,0x000000001d710000)]
  0x000000001c136800 JavaThread "Signal Dispatcher" daemon [_thread_blocked, id=8560, stack(0x000000001d460000,0x000000001d560000)]
  0x0000000002484800 JavaThread "Finalizer" daemon [_thread_blocked, id=8732, stack(0x000000001d320000,0x000000001d420000)]
  0x0000000002483000 JavaThread "Reference Handler" daemon [_thread_blocked, id=3292, stack(0x000000001d130000,0x000000001d230000)]
  0x000000000253c800 JavaThread "main" [_thread_blocked, id=9524, stack(0x0000000002800000,0x0000000002900000)]

Other Threads:
  0x000000001c091800 VMThread [stack: 0x0000000002600000,0x0000000002700000] [id=3716]
  0x000000001c15c800 WatcherThread [stack: 0x000000001dab0000,0x000000001dbb0000] [id=10004]

VM state:not at safepoint (normal execution)

VM Mutex/Monitor currently owned by a thread: None

Heap
 PSYoungGen      total 134912K, used 113508K [0x0000000755560000, 0x000000075de60000, 0x0000000800000000)
  eden space 129536K, 83% used [0x0000000755560000,0x000000075befaef0,0x000000075d3e0000)
  from space 5376K, 99% used [0x000000075d920000,0x000000075de5e3d0,0x000000075de60000)
  to   space 5376K, 0% used [0x000000075d3e0000,0x000000075d3e0000,0x000000075d920000)
 ParOldGen       total 86272K, used 25158K [0x0000000600000000, 0x0000000605440000, 0x0000000755560000)
  object space 86272K, 29% used [0x0000000600000000,0x00000006018918d0,0x0000000605440000)
 PSPermGen       total 21248K, used 6213K [0x00000005fae00000, 0x00000005fc2c0000, 0x0000000600000000)
  object space 21248K, 29% used [0x00000005fae00000,0x00000005fb411430,0x00000005fc2c0000)

Card table byte_map: [0x0000000005900000,0x0000000006930000] byte_map_base: 0x0000000002929000

Polling page: 0x0000000001b60000

Code Cache  [0x0000000002900000, 0x0000000002b80000, 0x0000000005900000)
 total_blobs=879 nmethods=641 adapters=187 free_code_cache=46637Kb largest_free_block=47725632

Compilation events (10 events):
Event: 15.663 Thread 0x000000001c13e000 nmethod 644 0x0000000002ae7f10 code [0x0000000002ae80c0, 0x0000000002ae8430]
Event: 15.668 Thread 0x000000001c13e000  645             com.android.dx.dex.code.form.Form35c::wordCount (74 bytes)
Event: 15.671 Thread 0x000000001c13e000 nmethod 645 0x0000000002ae3cd0 code [0x0000000002ae3e20, 0x0000000002ae4098]
Event: 15.675 Thread 0x000000001c13e000  646             java.util.Arrays::equals (78 bytes)
Event: 15.679 Thread 0x000000001c13e000 nmethod 646 0x0000000002ae3550 code [0x0000000002ae36e0, 0x0000000002ae39e8]
Event: 15.684 Thread 0x000000001c13e000  647             com.android.dx.dex.code.CstInsn::setIndex (37 bytes)
Event: 15.685 Thread 0x000000001c13e000 nmethod 647 0x0000000002ae51d0 code [0x0000000002ae5300, 0x0000000002ae5398]
Event: 15.688 Thread 0x000000001c13e000  648             com.android.dx.dex.code.DalvInsn::getAddress (22 bytes)
Event: 15.688 Thread 0x000000001c13e000 nmethod 648 0x0000000002ae3310 code [0x0000000002ae3440, 0x0000000002ae34b8]
Event: 15.688 Thread 0x000000001c13e000  649             com.android.dx.dex.code.StdCatchBuilder::handlersFor (216 bytes)

GC Heap History (8 events):
Event: 3.514 GC heap before
{Heap before GC invocations=1 (full 0):
 PSYoungGen      total 37760K, used 32384K [0x0000000755560000, 0x0000000757f80000, 0x0000000800000000)
  eden space 32384K, 100% used [0x0000000755560000,0x0000000757500000,0x0000000757500000)
  from space 5376K, 0% used [0x0000000757a40000,0x0000000757a40000,0x0000000757f80000)
  to   space 5376K, 0% used [0x0000000757500000,0x0000000757500000,0x0000000757a40000)
 ParOldGen       total 86272K, used 0K [0x0000000600000000, 0x0000000605440000, 0x0000000755560000)
  object space 86272K, 0% used [0x0000000600000000,0x0000000600000000,0x0000000605440000)
 PSPermGen       total 21248K, used 5870K [0x00000005fae00000, 0x00000005fc2c0000, 0x0000000600000000)
  object space 21248K, 27% used [0x00000005fae00000,0x00000005fb3bba10,0x00000005fc2c0000)
Event: 4.003 GC heap after
Heap after GC invocations=1 (full 0):
 PSYoungGen      total 37760K, used 5359K [0x0000000755560000, 0x0000000759f20000, 0x0000000800000000)
  eden space 32384K, 0% used [0x0000000755560000,0x0000000755560000,0x0000000757500000)
  from space 5376K, 99% used [0x0000000757500000,0x0000000757a3bc98,0x0000000757a40000)
  to   space 5376K, 0% used [0x00000007599e0000,0x00000007599e0000,0x0000000759f20000)
 ParOldGen       total 86272K, used 1831K [0x0000000600000000, 0x0000000605440000, 0x0000000755560000)
  object space 86272K, 2% used [0x0000000600000000,0x00000006001c9ff0,0x0000000605440000)
 PSPermGen       total 21248K, used 5870K [0x00000005fae00000, 0x00000005fc2c0000, 0x0000000600000000)
  object space 21248K, 27% used [0x00000005fae00000,0x00000005fb3bba10,0x00000005fc2c0000)
}
Event: 5.300 GC heap before
{Heap before GC invocations=2 (full 0):
 PSYoungGen      total 37760K, used 37743K [0x0000000755560000, 0x0000000759f20000, 0x0000000800000000)
  eden space 32384K, 100% used [0x0000000755560000,0x0000000757500000,0x0000000757500000)
  from space 5376K, 99% used [0x0000000757500000,0x0000000757a3bc98,0x0000000757a40000)
  to   space 5376K, 0% used [0x00000007599e0000,0x00000007599e0000,0x0000000759f20000)
 ParOldGen       total 86272K, used 1831K [0x0000000600000000, 0x0000000605440000, 0x0000000755560000)
  object space 86272K, 2% used [0x0000000600000000,0x00000006001c9ff0,0x0000000605440000)
 PSPermGen       total 21248K, used 5920K [0x00000005fae00000, 0x00000005fc2c0000, 0x0000000600000000)
  object space 21248K, 27% used [0x00000005fae00000,0x00000005fb3c80e8,0x00000005fc2c0000)
Event: 5.328 GC heap after
Heap after GC invocations=2 (full 0):
 PSYoungGen      total 70144K, used 5368K [0x0000000755560000, 0x0000000759f20000, 0x0000000800000000)
  eden space 64768K, 0% used [0x0000000755560000,0x0000000755560000,0x00000007594a0000)
  from space 5376K, 99% used [0x00000007599e0000,0x0000000759f1e038,0x0000000759f20000)
  to   space 5376K, 0% used [0x00000007594a0000,0x00000007594a0000,0x00000007599e0000)
 ParOldGen       total 86272K, used 6307K [0x0000000600000000, 0x0000000605440000, 0x0000000755560000)
  object space 86272K, 7% used [0x0000000600000000,0x0000000600628dc0,0x0000000605440000)
 PSPermGen       total 21248K, used 5920K [0x00000005fae00000, 0x00000005fc2c0000, 0x0000000600000000)
  object space 21248K, 27% used [0x00000005fae00000,0x00000005fb3c80e8,0x00000005fc2c0000)
}
Event: 8.479 GC heap before
{Heap before GC invocations=3 (full 0):
 PSYoungGen      total 70144K, used 70136K [0x0000000755560000, 0x0000000759f20000, 0x0000000800000000)
  eden space 64768K, 100% used [0x0000000755560000,0x00000007594a0000,0x00000007594a0000)
  from space 5376K, 99% used [0x00000007599e0000,0x0000000759f1e038,0x0000000759f20000)
  to   space 5376K, 0% used [0x00000007594a0000,0x00000007594a0000,0x00000007599e0000)
 ParOldGen       total 86272K, used 6307K [0x0000000600000000, 0x0000000605440000, 0x0000000755560000)
  object space 86272K, 7% used [0x0000000600000000,0x0000000600628dc0,0x0000000605440000)
 PSPermGen       total 21248K, used 5955K [0x00000005fae00000, 0x00000005fc2c0000, 0x0000000600000000)
  object space 21248K, 28% used [0x00000005fae00000,0x00000005fb3d0ee0,0x00000005fc2c0000)
Event: 9.484 GC heap after
Heap after GC invocations=3 (full 0):
 PSYoungGen      total 70144K, used 5360K [0x0000000755560000, 0x000000075de60000, 0x0000000800000000)
  eden space 64768K, 0% used [0x0000000755560000,0x0000000755560000,0x00000007594a0000)
  from space 5376K, 99% used [0x00000007594a0000,0x00000007599dc3e0,0x00000007599e0000)
  to   space 5376K, 0% used [0x000000075d920000,0x000000075d920000,0x000000075de60000)
 ParOldGen       total 86272K, used 15470K [0x0000000600000000, 0x0000000605440000, 0x0000000755560000)
  object space 86272K, 17% used [0x0000000600000000,0x0000000600f1bb58,0x0000000605440000)
 PSPermGen       total 21248K, used 5955K [0x00000005fae00000, 0x00000005fc2c0000, 0x0000000600000000)
  object space 21248K, 28% used [0x00000005fae00000,0x00000005fb3d0ee0,0x00000005fc2c0000)
}
Event: 12.168 GC heap before
{Heap before GC invocations=4 (full 0):
 PSYoungGen      total 70144K, used 70128K [0x0000000755560000, 0x000000075de60000, 0x0000000800000000)
  eden space 64768K, 100% used [0x0000000755560000,0x00000007594a0000,0x00000007594a0000)
  from space 5376K, 99% used [0x00000007594a0000,0x00000007599dc3e0,0x00000007599e0000)
  to   space 5376K, 0% used [0x000000075d920000,0x000000075d920000,0x000000075de60000)
 ParOldGen       total 86272K, used 15470K [0x0000000600000000, 0x0000000605440000, 0x0000000755560000)
  object space 86272K, 17% used [0x0000000600000000,0x0000000600f1bb58,0x0000000605440000)
 PSPermGen       total 21248K, used 5989K [0x00000005fae00000, 0x00000005fc2c0000, 0x0000000600000000)
  object space 21248K, 28% used [0x00000005fae00000,0x00000005fb3d9558,0x00000005fc2c0000)
Event: 12.198 GC heap after
Heap after GC invocations=4 (full 0):
 PSYoungGen      total 134912K, used 5368K [0x0000000755560000, 0x000000075de60000, 0x0000000800000000)
  eden space 129536K, 0% used [0x0000000755560000,0x0000000755560000,0x000000075d3e0000)
  from space 5376K, 99% used [0x000000075d920000,0x000000075de5e3d0,0x000000075de60000)
  to   space 5376K, 0% used [0x000000075d3e0000,0x000000075d3e0000,0x000000075d920000)
 ParOldGen       total 86272K, used 25158K [0x0000000600000000, 0x0000000605440000, 0x0000000755560000)
  object space 86272K, 29% used [0x0000000600000000,0x00000006018918d0,0x0000000605440000)
 PSPermGen       total 21248K, used 5989K [0x00000005fae00000, 0x00000005fc2c0000, 0x0000000600000000)
  object space 21248K, 28% used [0x00000005fae00000,0x00000005fb3d9558,0x00000005fc2c0000)
}

Deoptimization events (10 events):
Event: 14.509 Thread 0x000000001ddaf800 Uncommon trap -58 fr.pc 0x0000000002b6ec6c
Event: 15.036 Thread 0x000000001ddaf800 Uncommon trap -34 fr.pc 0x0000000002a92028
Event: 15.300 Thread 0x000000001dc57000 Uncommon trap -12 fr.pc 0x0000000002a8bbdc
Event: 15.331 Thread 0x000000001dc57000 Uncommon trap -12 fr.pc 0x0000000002a844dc
Event: 15.552 Thread 0x000000001dc57000 Uncommon trap -34 fr.pc 0x0000000002aed888
Event: 15.554 Thread 0x000000001dc57000 Uncommon trap -34 fr.pc 0x0000000002aed888
Event: 15.556 Thread 0x000000001dc57000 Uncommon trap -34 fr.pc 0x0000000002aed888
Event: 15.559 Thread 0x000000001dc57000 Uncommon trap -34 fr.pc 0x0000000002aed888
Event: 15.592 Thread 0x000000001dc57000 Uncommon trap -83 fr.pc 0x0000000002acb038
Event: 15.593 Thread 0x000000001dc57000 Uncommon trap -83 fr.pc 0x0000000002aca4d8

Internal exceptions (10 events):
Event: 15.442 Thread 0x000000001dc57000 Threw 0x000000075bc7af10 at C:\jdk7u1_64p\jdk7u11\hotspot\src\share\vm\prims\jvm.cpp:1166
Event: 15.443 Thread 0x000000001dc57000 Threw 0x000000075bc7e388 at C:\jdk7u1_64p\jdk7u11\hotspot\src\share\vm\prims\jvm.cpp:1166
Event: 15.443 Thread 0x000000001dc57000 Threw 0x000000075bc80a80 at C:\jdk7u1_64p\jdk7u11\hotspot\src\share\vm\prims\jvm.cpp:1166
Event: 15.444 Thread 0x000000001dc57000 Threw 0x000000075bc858c8 at C:\jdk7u1_64p\jdk7u11\hotspot\src\share\vm\prims\jvm.cpp:1166
Event: 15.445 Thread 0x000000001dc57000 Threw 0x000000075bc8bae8 at C:\jdk7u1_64p\jdk7u11\hotspot\src\share\vm\prims\jvm.cpp:1166
Event: 15.445 Thread 0x000000001dc57000 Threw 0x000000075bc8fe48 at C:\jdk7u1_64p\jdk7u11\hotspot\src\share\vm\prims\jvm.cpp:1166
Event: 15.454 Thread 0x000000001dc57000 Threw 0x000000075bca15b8 at C:\jdk7u1_64p\jdk7u11\hotspot\src\share\vm\prims\jvm.cpp:1166
Event: 15.454 Thread 0x000000001dc57000 Threw 0x000000075bca4438 at C:\jdk7u1_64p\jdk7u11\hotspot\src\share\vm\prims\jvm.cpp:1166
Event: 15.455 Thread 0x000000001dc57000 Threw 0x000000075bca7250 at C:\jdk7u1_64p\jdk7u11\hotspot\src\share\vm\prims\jvm.cpp:1166
Event: 15.592 Thread 0x000000001dc57000 Threw 0x000000075bd8c338 at C:\jdk7u1_64p\jdk7u11\hotspot\src\share\vm\prims\jvm.cpp:1166

Events (10 events):
Event: 15.556 Thread 0x000000001dc57000 DEOPT PACKING pc=0x0000000002aed888 sp=0x000000001e0fe930
Event: 15.556 Thread 0x000000001dc57000 DEOPT UNPACKING pc=0x0000000002939164 sp=0x000000001e0fe8d8 mode 2
Event: 15.559 Thread 0x000000001dc57000 DEOPT PACKING pc=0x0000000002aed888 sp=0x000000001e0fe930
Event: 15.559 Thread 0x000000001dc57000 DEOPT UNPACKING pc=0x0000000002939164 sp=0x000000001e0fe8d8 mode 2
Event: 15.592 Thread 0x000000001dc57000 DEOPT PACKING pc=0x0000000002acb038 sp=0x000000001e0fe8a0
Event: 15.592 Thread 0x000000001dc57000 DEOPT UNPACKING pc=0x0000000002939164 sp=0x000000001e0fe7d8 mode 2
Event: 15.592 loading class 0x000000001dd429e0
Event: 15.592 loading class 0x000000001dd429e0 done
Event: 15.593 Thread 0x000000001dc57000 DEOPT PACKING pc=0x0000000002aca4d8 sp=0x000000001e0fe810
Event: 15.593 Thread 0x000000001dc57000 DEOPT UNPACKING pc=0x0000000002939164 sp=0x000000001e0fe7c8 mode 2


Dynamic libraries:
0x000000013f5a0000 - 0x000000013f5d3000 	C:\Program Files\Java\jdk1.7.0_11\bin\java.exe
0x0000000077210000 - 0x00000000773b9000 	C:\Windows\SYSTEM32\ntdll.dll
0x0000000076ff0000 - 0x000000007710f000 	C:\Windows\system32\kernel32.dll
0x000007fefd480000 - 0x000007fefd4eb000 	C:\Windows\system32\KERNELBASE.dll
0x000007fefd830000 - 0x000007fefd90b000 	C:\Windows\system32\ADVAPI32.dll
0x000007fefd530000 - 0x000007fefd5cf000 	C:\Windows\system32\msvcrt.dll
0x000007feff210000 - 0x000007feff22f000 	C:\Windows\SYSTEM32\sechost.dll
0x000007feff0e0000 - 0x000007feff20d000 	C:\Windows\system32\RPCRT4.dll
0x0000000077110000 - 0x000000007720a000 	C:\Windows\system32\USER32.dll
0x000007feff230000 - 0x000007feff297000 	C:\Windows\system32\GDI32.dll
0x000007fefde30000 - 0x000007fefde3e000 	C:\Windows\system32\LPK.dll
0x000007fefde40000 - 0x000007fefdf09000 	C:\Windows\system32\USP10.dll
0x000007fefb980000 - 0x000007fefbb74000 	C:\Windows\WinSxS\amd64_microsoft.windows.common-controls_6595b64144ccf1df_6.0.7601.17514_none_fa396087175ac9ac\COMCTL32.dll
0x000007fefee00000 - 0x000007fefee71000 	C:\Windows\system32\SHLWAPI.dll
0x000007feff380000 - 0x000007feff3ae000 	C:\Windows\system32\IMM32.DLL
0x000007feff400000 - 0x000007feff509000 	C:\Windows\system32\MSCTF.dll
0x00000000739f0000 - 0x0000000073ac1000 	C:\Program Files\Java\jdk1.7.0_11\jre\bin\msvcr100.dll
0x000000006a1c0000 - 0x000000006a8df000 	C:\Program Files\Java\jdk1.7.0_11\jre\bin\server\jvm.dll
0x000007fefb300000 - 0x000007fefb309000 	C:\Windows\system32\WSOCK32.dll
0x000007feff3b0000 - 0x000007feff3fd000 	C:\Windows\system32\WS2_32.dll
0x000007feff510000 - 0x000007feff518000 	C:\Windows\system32\NSI.dll
0x000007fefaf60000 - 0x000007fefaf9b000 	C:\Windows\system32\WINMM.dll
0x00000000773d0000 - 0x00000000773d7000 	C:\Windows\system32\PSAPI.DLL
0x00000000740a0000 - 0x00000000740af000 	C:\Program Files\Java\jdk1.7.0_11\jre\bin\verify.dll
0x0000000073b80000 - 0x0000000073ba8000 	C:\Program Files\Java\jdk1.7.0_11\jre\bin\java.dll
0x0000000073b60000 - 0x0000000073b75000 	C:\Program Files\Java\jdk1.7.0_11\jre\bin\zip.dll
0x0000000073b20000 - 0x0000000073b39000 	C:\Program Files\Java\jdk1.7.0_11\jre\bin\net.dll
0x000007fefc990000 - 0x000007fefc9e5000 	C:\Windows\system32\mswsock.dll
0x000007fefc980000 - 0x000007fefc987000 	C:\Windows\System32\wship6.dll
0x0000000073b40000 - 0x0000000073b51000 	C:\Program Files\Java\jdk1.7.0_11\jre\bin\nio.dll

VM Arguments:
jvm_args: -Djava.awt.headless=true -Xmx8g -Dfile.encoding=GBK -Duser.country=CN -Duser.language=zh -Duser.variant 
java_command: com.android.dx.command.Main --dex --force-jumbo --num-threads=4 --multi-dex --output E:\studio\VkoCircleS\app\build\intermediates\transforms\dex\debug\folders\1000\2\open_sdk_r5509_c34883d3954a3de654e75437773319756865c171 E:\studio\VkoCircleS\app\libs\open_sdk_r5509.jar
Launcher Type: SUN_STANDARD

Environment Variables:
JAVA_HOME=C:\Program Files\Java\jdk1.7.0_11
CLASSPATH=.;C:\Program Files\Java\jdk1.7.0_11\lib\dt.jar;C:\Program Files\Java\jdk1.7.0_11\lib\tools.jar;
PATH=C:\Program Files\Java\jdk1.7.0_11\bin;C:\Program Files\Java\jdk1.7.0_11\jre\bin;C:\Windows\system32;C:\Windows;C:\Windows\System32\Wbem;C:\Windows\System32\WindowsPowerShell\v1.0\;C:\Program Files\nodejs\;d:\dev\maven\bin;C:\Users\JiaRH\AppData\Local\Android\Sdk\platform-tools.*;C:\Program Files\TortoiseSVN\bin;F:\zookeeper\zookeeper-3.4.8\zookeeper-3.4.8\bin
USERNAME=JiaRH
OS=Windows_NT
PROCESSOR_IDENTIFIER=Intel64 Family 6 Model 58 Stepping 9, GenuineIntel



---------------  S Y S T E M  ---------------

OS: Windows 7 , 64 bit Build 7601 Service Pack 1

CPU:total 4 (2 cores per cpu, 2 threads per core) family 6 model 58 stepping 9, cmov, cx8, fxsr, mmx, sse, sse2, sse3, ssse3, sse4.1, sse4.2, popcnt, avx, ht, tsc, tscinvbit, tscinv

Memory: 4k page, physical 8279396k(2098088k free), swap 8687152k(5720k free)

vm_info: Java HotSpot(TM) 64-Bit Server VM (23.6-b04) for windows-amd64 JRE (1.7.0_11-b21), built on Jan 12 2013 02:38:42 by "java_re" with unknown MS VC++:1600

time: Wed Nov 02 12:07:09 2016
elapsed time: 15 seconds

