#
# There is insufficient memory for the Java Runtime Environment to continue.
# Native memory allocation (malloc) failed to allocate 876256 bytes for Chunk::new
# Possible reasons:
#   The system is out of physical RAM or swap space
#   In 32 bit mode, the process size limit was hit
# Possible solutions:
#   Reduce memory load on the system
#   Increase physical memory or swap space
#   Check if swap backing store is full
#   Use 64 bit Java on a 64 bit OS
#   Decrease Java heap size (-Xmx/-Xms)
#   Decrease number of Java threads
#   Decrease Java thread stack sizes (-Xss)
#   Set larger code cache with -XX:ReservedCodeCacheSize=
# This output file may be truncated or incomplete.
#
#  Out of Memory Error (allocation.cpp:328), pid=8660, tid=8856
#
# JRE version: 7.0_11-b21
# Java VM: Java HotSpot(TM) 64-Bit Server VM (23.6-b04 mixed mode windows-amd64 compressed oops)
# Failed to write core dump. Minidumps are not enabled by default on client versions of Windows
#

---------------  T H R E A D  ---------------

Current thread (0x000000001bffd000):  JavaThread "C2 CompilerThread0" daemon [_thread_in_native, id=8856, stack(0x000000001d730000,0x000000001d830000)]

Stack: [0x000000001d730000,0x000000001d830000]

Current CompileTask:
C2:   4025  283             com.android.dx.ssa.DeadCodeRemover::run (194 bytes)


---------------  P R O C E S S  ---------------

Java Threads: ( => current thread )
  0x000000001dc9c800 JavaThread "pool-2-thread-4" [_thread_blocked, id=6752, stack(0x000000001e6a0000,0x000000001e7a0000)]
  0x000000001dc9c000 JavaThread "pool-2-thread-3" [_thread_in_Java, id=8940, stack(0x000000001e5a0000,0x000000001e6a0000)]
  0x000000001dc97000 JavaThread "pool-2-thread-2" [_thread_in_Java, id=8836, stack(0x000000001e330000,0x000000001e430000)]
  0x000000001dc96000 JavaThread "pool-3-thread-1" [_thread_blocked, id=7096, stack(0x000000001de90000,0x000000001df90000)]
  0x000000001dc95800 JavaThread "pool-2-thread-1" [_thread_in_native, id=8468, stack(0x000000001e140000,0x000000001e240000)]
  0x000000001c008000 JavaThread "Service Thread" daemon [_thread_blocked, id=728, stack(0x000000001d990000,0x000000001da90000)]
  0x000000001bfff000 JavaThread "C2 CompilerThread1" daemon [_thread_in_native, id=7752, stack(0x000000001d860000,0x000000001d960000)]
=>0x000000001bffd000 JavaThread "C2 CompilerThread0" daemon [_thread_in_native, id=8856, stack(0x000000001d730000,0x000000001d830000)]
  0x000000001bffc000 JavaThread "Attach Listener" daemon [_thread_blocked, id=8848, stack(0x000000001d4b0000,0x000000001d5b0000)]
  0x000000001bff5000 JavaThread "Signal Dispatcher" daemon [_thread_blocked, id=8288, stack(0x000000001d380000,0x000000001d480000)]
  0x0000000002666800 JavaThread "Finalizer" daemon [_thread_blocked, id=8400, stack(0x000000001d1d0000,0x000000001d2d0000)]
  0x0000000002660000 JavaThread "Reference Handler" daemon [_thread_blocked, id=4132, stack(0x000000001d0c0000,0x000000001d1c0000)]
  0x000000000256c800 JavaThread "main" [_thread_in_Java, id=8752, stack(0x00000000029b0000,0x0000000002ab0000)]

Other Threads:
  0x000000001bf4f800 VMThread [stack: 0x000000001cef0000,0x000000001cff0000] [id=6160]
  0x000000001c021000 WatcherThread [stack: 0x000000001d5f0000,0x000000001d6f0000] [id=5412]

VM state:not at safepoint (normal execution)

VM Mutex/Monitor currently owned by a thread: None

Heap
 PSYoungGen      total 70144K, used 11858K [0x0000000755560000, 0x0000000759f20000, 0x0000000800000000)
  eden space 64768K, 10% used [0x0000000755560000,0x0000000755bb4e90,0x00000007594a0000)
  from space 5376K, 99% used [0x00000007599e0000,0x0000000759f1fc88,0x0000000759f20000)
  to   space 5376K, 0% used [0x00000007594a0000,0x00000007594a0000,0x00000007599e0000)
 ParOldGen       total 86272K, used 4019K [0x0000000600000000, 0x0000000605440000, 0x0000000755560000)
  object space 86272K, 4% used [0x0000000600000000,0x00000006003ecd28,0x0000000605440000)
 PSPermGen       total 21248K, used 6001K [0x00000005fae00000, 0x00000005fc2c0000, 0x0000000600000000)
  object space 21248K, 28% used [0x00000005fae00000,0x00000005fb3dc6e0,0x00000005fc2c0000)

Card table byte_map: [0x0000000005ab0000,0x0000000006ae0000] byte_map_base: 0x0000000002ad9000

Polling page: 0x0000000000240000

Code Cache  [0x0000000002ab0000, 0x0000000002d20000, 0x0000000005ab0000)
 total_blobs=519 nmethods=283 adapters=187 free_code_cache=48001Kb largest_free_block=49092480

Compilation events (10 events):
Event: 3.346 Thread 0x000000001bffd000 nmethod 278 0x0000000002bb9b50 code [0x0000000002bb9da0, 0x0000000002bba750]
Event: 3.347 Thread 0x000000001bffd000  279             com.android.dx.util.FixedSizeList::hashCode (8 bytes)
Event: 3.348 Thread 0x000000001bffd000 nmethod 279 0x0000000002bb6c10 code [0x0000000002bb6d60, 0x0000000002bb6ed8]
Event: 3.349 Thread 0x000000001bffd000  280             com.android.dx.ssa.SsaBasicBlock::getDomChildren (5 bytes)
Event: 3.364 Thread 0x000000001bffd000 nmethod 280 0x0000000002ba3390 code [0x0000000002ba34c0, 0x0000000002ba3538]
Event: 3.365 Thread 0x000000001bffd000  281             com.android.dx.ssa.SsaMethod::blockIndexToRopLabel (21 bytes)
Event: 3.366 Thread 0x000000001bffd000 nmethod 281 0x0000000002bb6810 code [0x0000000002bb6960, 0x0000000002bb6a58]
Event: 3.366 Thread 0x000000001bffd000  282             com.android.dx.ssa.SCCP::addBlockToWorklist (47 bytes)
Event: 3.374 Thread 0x000000001bffd000 nmethod 282 0x0000000002bb3bd0 code [0x0000000002bb3d60, 0x0000000002bb43b8]
Event: 3.374 Thread 0x000000001bffd000  283             com.android.dx.ssa.DeadCodeRemover::run (194 bytes)

GC Heap History (4 events):
Event: 2.437 GC heap before
{Heap before GC invocations=1 (full 0):
 PSYoungGen      total 37760K, used 32384K [0x0000000755560000, 0x0000000757f80000, 0x0000000800000000)
  eden space 32384K, 100% used [0x0000000755560000,0x0000000757500000,0x0000000757500000)
  from space 5376K, 0% used [0x0000000757a40000,0x0000000757a40000,0x0000000757f80000)
  to   space 5376K, 0% used [0x0000000757500000,0x0000000757500000,0x0000000757a40000)
 ParOldGen       total 86272K, used 0K [0x0000000600000000, 0x0000000605440000, 0x0000000755560000)
  object space 86272K, 0% used [0x0000000600000000,0x0000000600000000,0x0000000605440000)
 PSPermGen       total 21248K, used 5942K [0x00000005fae00000, 0x00000005fc2c0000, 0x0000000600000000)
  object space 21248K, 27% used [0x00000005fae00000,0x00000005fb3cda68,0x00000005fc2c0000)
Event: 2.616 GC heap after
Heap after GC invocations=1 (full 0):
 PSYoungGen      total 37760K, used 5373K [0x0000000755560000, 0x0000000759f20000, 0x0000000800000000)
  eden space 32384K, 0% used [0x0000000755560000,0x0000000755560000,0x0000000757500000)
  from space 5376K, 99% used [0x0000000757500000,0x0000000757a3f540,0x0000000757a40000)
  to   space 5376K, 0% used [0x00000007599e0000,0x00000007599e0000,0x0000000759f20000)
 ParOldGen       total 86272K, used 939K [0x0000000600000000, 0x0000000605440000, 0x0000000755560000)
  object space 86272K, 1% used [0x0000000600000000,0x00000006000eaeb0,0x0000000605440000)
 PSPermGen       total 21248K, used 5942K [0x00000005fae00000, 0x00000005fc2c0000, 0x0000000600000000)
  object space 21248K, 27% used [0x00000005fae00000,0x00000005fb3cda68,0x00000005fc2c0000)
}
Event: 3.974 GC heap before
{Heap before GC invocations=2 (full 0):
 PSYoungGen      total 37760K, used 37757K [0x0000000755560000, 0x0000000759f20000, 0x0000000800000000)
  eden space 32384K, 100% used [0x0000000755560000,0x0000000757500000,0x0000000757500000)
  from space 5376K, 99% used [0x0000000757500000,0x0000000757a3f540,0x0000000757a40000)
  to   space 5376K, 0% used [0x00000007599e0000,0x00000007599e0000,0x0000000759f20000)
 ParOldGen       total 86272K, used 939K [0x0000000600000000, 0x0000000605440000, 0x0000000755560000)
  object space 86272K, 1% used [0x0000000600000000,0x00000006000eaeb0,0x0000000605440000)
 PSPermGen       total 21248K, used 5996K [0x00000005fae00000, 0x00000005fc2c0000, 0x0000000600000000)
  object space 21248K, 28% used [0x00000005fae00000,0x00000005fb3db380,0x00000005fc2c0000)
Event: 3.990 GC heap after
Heap after GC invocations=2 (full 0):
 PSYoungGen      total 70144K, used 5375K [0x0000000755560000, 0x0000000759f20000, 0x0000000800000000)
  eden space 64768K, 0% used [0x0000000755560000,0x0000000755560000,0x00000007594a0000)
  from space 5376K, 99% used [0x00000007599e0000,0x0000000759f1fc88,0x0000000759f20000)
  to   space 5376K, 0% used [0x00000007594a0000,0x00000007594a0000,0x00000007599e0000)
 ParOldGen       total 86272K, used 4019K [0x0000000600000000, 0x0000000605440000, 0x0000000755560000)
  object space 86272K, 4% used [0x0000000600000000,0x00000006003ecd28,0x0000000605440000)
 PSPermGen       total 21248K, used 5996K [0x00000005fae00000, 0x00000005fc2c0000, 0x0000000600000000)
  object space 21248K, 28% used [0x00000005fae00000,0x00000005fb3db380,0x00000005fc2c0000)
}

Deoptimization events (9 events):
Event: 2.740 Thread 0x000000000256c800 Uncommon trap -83 fr.pc 0x0000000002b5aa98
Event: 3.296 Thread 0x000000001dc97000 Uncommon trap -34 fr.pc 0x0000000002b61f6c
Event: 3.391 Thread 0x000000001dc9c000 Uncommon trap -12 fr.pc 0x0000000002bc14bc
Event: 3.394 Thread 0x000000000256c800 Uncommon trap -34 fr.pc 0x0000000002b38674
Event: 3.408 Thread 0x000000001dc97000 Uncommon trap -34 fr.pc 0x0000000002b9c644
Event: 3.409 Thread 0x000000001dc97000 Uncommon trap -34 fr.pc 0x0000000002b9c644
Event: 3.409 Thread 0x000000001dc97000 Uncommon trap -34 fr.pc 0x0000000002b9c644
Event: 4.003 Thread 0x000000001dc97000 Uncommon trap -34 fr.pc 0x0000000002b9c644
Event: 4.007 Thread 0x000000000256c800 Uncommon trap -34 fr.pc 0x0000000002b38674

Internal exceptions (10 events):
Event: 0.746 Thread 0x000000001dc95800 Threw 0x0000000755cf6638 at C:\jdk7u1_64p\jdk7u11\hotspot\src\share\vm\prims\jvm.cpp:1166
Event: 0.747 Thread 0x000000001dc9c000 Threw 0x0000000755b79b30 at C:\jdk7u1_64p\jdk7u11\hotspot\src\share\vm\prims\jvm.cpp:1166
Event: 0.752 Thread 0x000000001dc9c000 Threw 0x0000000755b859c0 at C:\jdk7u1_64p\jdk7u11\hotspot\src\share\vm\prims\jvm.cpp:1166
Event: 0.757 Thread 0x000000001dc9c000 Threw 0x0000000755b94768 at C:\jdk7u1_64p\jdk7u11\hotspot\src\share\vm\prims\jvm.cpp:1166
Event: 0.778 Thread 0x000000001dc9c000 Threw 0x0000000756039b98 at C:\jdk7u1_64p\jdk7u11\hotspot\src\share\vm\prims\jvm.cpp:1166
Event: 0.913 Thread 0x000000000256c800 Threw 0x000000075620bc18 at C:\jdk7u1_64p\jdk7u11\hotspot\src\share\vm\prims\jvm.cpp:1166
Event: 1.024 Thread 0x000000001dc9c800 Threw 0x00000007565dacb0 at C:\jdk7u1_64p\jdk7u11\hotspot\src\share\vm\prims\jvm.cpp:1166
Event: 2.227 Thread 0x000000001dc97000 Threw 0x00000007573ab820 at C:\jdk7u1_64p\jdk7u11\hotspot\src\share\vm\prims\jvm.cpp:1166
Event: 3.223 Thread 0x000000001dc9c000 Threw 0x0000000756aa45c0 at C:\jdk7u1_64p\jdk7u11\hotspot\src\share\vm\prims\jvm.cpp:1166
Event: 3.391 Thread 0x000000001dc9c000 Implicit null exception at 0x0000000002bbf86d to 0x0000000002bc14b1

Events (10 events):
Event: 3.409 Thread 0x000000001dc97000 DEOPT PACKING pc=0x0000000002b9c644 sp=0x000000001e42ea50
Event: 3.409 Thread 0x000000001dc97000 DEOPT UNPACKING pc=0x0000000002ae9164 sp=0x000000001e42e9f8 mode 2
Event: 3.409 Thread 0x000000001dc97000 DEOPT PACKING pc=0x0000000002b9c644 sp=0x000000001e42ea50
Event: 3.409 Thread 0x000000001dc97000 DEOPT UNPACKING pc=0x0000000002ae9164 sp=0x000000001e42e9f8 mode 2
Event: 3.410 Executing VM operation: ParallelGCFailedAllocation
Event: 3.990 Executing VM operation: ParallelGCFailedAllocation done
Event: 4.003 Thread 0x000000001dc97000 DEOPT PACKING pc=0x0000000002b9c644 sp=0x000000001e42ea50
Event: 4.003 Thread 0x000000001dc97000 DEOPT UNPACKING pc=0x0000000002ae9164 sp=0x000000001e42e9f8 mode 2
Event: 4.007 Thread 0x000000000256c800 DEOPT PACKING pc=0x0000000002b38674 sp=0x0000000002aae470
Event: 4.007 Thread 0x000000000256c800 DEOPT UNPACKING pc=0x0000000002ae9164 sp=0x0000000002aae350 mode 2


Dynamic libraries:
0x000000013f3e0000 - 0x000000013f413000 	C:\Program Files\Java\jdk1.7.0_11\bin\java.exe
0x00000000775d0000 - 0x0000000077779000 	C:\Windows\SYSTEM32\ntdll.dll
0x00000000774b0000 - 0x00000000775cf000 	C:\Windows\system32\kernel32.dll
0x000007fefd740000 - 0x000007fefd7ab000 	C:\Windows\system32\KERNELBASE.dll
0x000007fefedc0000 - 0x000007fefee9b000 	C:\Windows\system32\ADVAPI32.dll
0x000007fefded0000 - 0x000007fefdf6f000 	C:\Windows\system32\msvcrt.dll
0x000007feff860000 - 0x000007feff87f000 	C:\Windows\SYSTEM32\sechost.dll
0x000007feff730000 - 0x000007feff85d000 	C:\Windows\system32\RPCRT4.dll
0x00000000773b0000 - 0x00000000774aa000 	C:\Windows\system32\USER32.dll
0x000007feff100000 - 0x000007feff167000 	C:\Windows\system32\GDI32.dll
0x000007fefdf70000 - 0x000007fefdf7e000 	C:\Windows\system32\LPK.dll
0x000007feff420000 - 0x000007feff4e9000 	C:\Windows\system32\USP10.dll
0x000007fefbf90000 - 0x000007fefc184000 	C:\Windows\WinSxS\amd64_microsoft.windows.common-controls_6595b64144ccf1df_6.0.7601.17514_none_fa396087175ac9ac\COMCTL32.dll
0x000007fefd8f0000 - 0x000007fefd961000 	C:\Windows\system32\SHLWAPI.dll
0x000007feff4f0000 - 0x000007feff51e000 	C:\Windows\system32\IMM32.DLL
0x000007feff540000 - 0x000007feff649000 	C:\Windows\system32\MSCTF.dll
0x0000000073e70000 - 0x0000000073f41000 	C:\Program Files\Java\jdk1.7.0_11\jre\bin\msvcr100.dll
0x0000000054dd0000 - 0x00000000554ef000 	C:\Program Files\Java\jdk1.7.0_11\jre\bin\server\jvm.dll
0x000007fef73e0000 - 0x000007fef73e9000 	C:\Windows\system32\WSOCK32.dll
0x000007fefeea0000 - 0x000007fefeeed000 	C:\Windows\system32\WS2_32.dll
0x000007fefed10000 - 0x000007fefed18000 	C:\Windows\system32\NSI.dll
0x000007fefb420000 - 0x000007fefb45b000 	C:\Windows\system32\WINMM.dll
0x00000000777a0000 - 0x00000000777a7000 	C:\Windows\system32\PSAPI.DLL
0x0000000074000000 - 0x000000007400f000 	C:\Program Files\Java\jdk1.7.0_11\jre\bin\verify.dll
0x0000000073b60000 - 0x0000000073b88000 	C:\Program Files\Java\jdk1.7.0_11\jre\bin\java.dll
0x00000000739b0000 - 0x00000000739c5000 	C:\Program Files\Java\jdk1.7.0_11\jre\bin\zip.dll
0x0000000073990000 - 0x00000000739a9000 	C:\Program Files\Java\jdk1.7.0_11\jre\bin\net.dll
0x000007fefcd50000 - 0x000007fefcda5000 	C:\Windows\system32\mswsock.dll
0x000007fefcd40000 - 0x000007fefcd47000 	C:\Windows\System32\wship6.dll
0x0000000073970000 - 0x0000000073981000 	C:\Program Files\Java\jdk1.7.0_11\jre\bin\nio.dll

VM Arguments:
jvm_args: -Djava.awt.headless=true -Xmx8g -Dfile.encoding=GBK -Duser.country=CN -Duser.language=zh -Duser.variant 
java_command: com.android.dx.command.Main --dex --force-jumbo --num-threads=4 --multi-dex --output E:\studio\VkoCircleS\app\build\intermediates\transforms\dex\official\debug\folders\1000\2\alipaySdk-20151112_ef72c0484c580d0e116375e8e8b610362442ba04 E:\studio\VkoCircleS\app\libs\alipaySdk-20151112.jar
Launcher Type: SUN_STANDARD

Environment Variables:
JAVA_HOME=C:\Program Files\Java\jdk1.7.0_11
CLASSPATH=.;C:\Program Files\Java\jdk1.7.0_11\lib\dt.jar;C:\Program Files\Java\jdk1.7.0_11\lib\tools.jar;
PATH=C:\Program Files\Java\jdk1.7.0_11\bin;C:\Program Files\Java\jdk1.7.0_11\jre\bin;C:\Windows\system32;C:\Windows;C:\Windows\System32\Wbem;C:\Windows\System32\WindowsPowerShell\v1.0\;C:\Program Files\nodejs\;d:\dev\maven\bin;C:\Users\JiaRH\AppData\Local\Android\Sdk\platform-tools.*;C:\Program Files\TortoiseSVN\bin;F:\zookeeper\zookeeper-3.4.8\zookeeper-3.4.8\bin
USERNAME=JiaRH
OS=Windows_NT
PROCESSOR_IDENTIFIER=Intel64 Family 6 Model 58 Stepping 9, GenuineIntel



---------------  S Y S T E M  ---------------

OS: Windows 7 , 64 bit Build 7601 Service Pack 1

CPU:total 4 (2 cores per cpu, 2 threads per core) family 6 model 58 stepping 9, cmov, cx8, fxsr, mmx, sse, sse2, sse3, ssse3, sse4.1, sse4.2, popcnt, avx, ht, tsc, tscinvbit, tscinv

Memory: 4k page, physical 8279396k(2270024k free), swap 8687152k(9940k free)

vm_info: Java HotSpot(TM) 64-Bit Server VM (23.6-b04) for windows-amd64 JRE (1.7.0_11-b21), built on Jan 12 2013 02:38:42 by "java_re" with unknown MS VC++:1600

time: Wed Nov 09 14:43:19 2016
elapsed time: 4 seconds

