#
# There is insufficient memory for the Java Runtime Environment to continue.
# Native memory allocation (malloc) failed to allocate 155216 bytes for Chunk::new
# Possible reasons:
#   The system is out of physical RAM or swap space
#   In 32 bit mode, the process size limit was hit
# Possible solutions:
#   Reduce memory load on the system
#   Increase physical memory or swap space
#   Check if swap backing store is full
#   Use 64 bit Java on a 64 bit OS
#   Decrease Java heap size (-Xmx/-Xms)
#   Decrease number of Java threads
#   Decrease Java thread stack sizes (-Xss)
#   Set larger code cache with -XX:ReservedCodeCacheSize=
# This output file may be truncated or incomplete.
#
#  Out of Memory Error (allocation.cpp:328), pid=7184, tid=6848
#
# JRE version: 7.0_11-b21
# Java VM: Java HotSpot(TM) 64-Bit Server VM (23.6-b04 mixed mode windows-amd64 compressed oops)
# Failed to write core dump. Minidumps are not enabled by default on client versions of Windows
#

---------------  T H R E A D  ---------------

Current thread (0x000000001bf32800):  JavaThread "C2 CompilerThread1" daemon [_thread_in_native, id=6848, stack(0x000000001d8f0000,0x000000001d9f0000)]

Stack: [0x000000001d8f0000,0x000000001d9f0000]

Current CompileTask:
C2:   6442  585   !         com.android.dx.rop.type.Prototype::intern (233 bytes)


---------------  P R O C E S S  ---------------

Java Threads: ( => current thread )
  0x000000001e024000 JavaThread "pool-2-thread-4" [_thread_blocked, id=7352, stack(0x000000001e7a0000,0x000000001e8a0000)]
  0x000000001dffa000 JavaThread "pool-2-thread-3" [_thread_blocked, id=10224, stack(0x000000001e640000,0x000000001e740000)]
  0x000000001dff9000 JavaThread "pool-2-thread-2" [_thread_blocked, id=10068, stack(0x000000001e410000,0x000000001e510000)]
  0x000000001e01f000 JavaThread "pool-3-thread-1" [_thread_blocked, id=9780, stack(0x000000001d180000,0x000000001d280000)]
  0x000000001e038800 JavaThread "pool-2-thread-1" [_thread_blocked, id=8320, stack(0x000000001da00000,0x000000001db00000)]
  0x000000001bf3b000 JavaThread "Service Thread" daemon [_thread_blocked, id=9036, stack(0x000000001db20000,0x000000001dc20000)]
=>0x000000001bf32800 JavaThread "C2 CompilerThread1" daemon [_thread_in_native, id=6848, stack(0x000000001d8f0000,0x000000001d9f0000)]
  0x000000001bf2d000 JavaThread "C2 CompilerThread0" daemon [_thread_in_native, id=8912, stack(0x000000001d740000,0x000000001d840000)]
  0x000000001bf2c000 JavaThread "Attach Listener" daemon [_thread_blocked, id=3992, stack(0x000000001d620000,0x000000001d720000)]
  0x000000001bf25000 JavaThread "Signal Dispatcher" daemon [_thread_blocked, id=8836, stack(0x000000001d480000,0x000000001d580000)]
  0x0000000002541000 JavaThread "Finalizer" daemon [_thread_blocked, id=5296, stack(0x000000001d2e0000,0x000000001d3e0000)]
  0x0000000002540000 JavaThread "Reference Handler" daemon [_thread_blocked, id=3036, stack(0x000000001d080000,0x000000001d180000)]
  0x00000000025bc800 JavaThread "main" [_thread_in_Java, id=9976, stack(0x00000000025d0000,0x00000000026d0000)]

Other Threads:
  0x000000001be7f800 VMThread [stack: 0x000000001cee0000,0x000000001cfe0000] [id=9812]
  0x000000001bf4c000 WatcherThread [stack: 0x000000001dd20000,0x000000001de20000] [id=6176]

VM state:not at safepoint (normal execution)

VM Mutex/Monitor currently owned by a thread: None

Heap
 PSYoungGen      total 80000K, used 27115K [0x0000000755560000, 0x000000075f1a0000, 0x0000000800000000)
  eden space 64768K, 20% used [0x0000000755560000,0x000000075621c8d8,0x00000007594a0000)
  from space 15232K, 92% used [0x000000075e2c0000,0x000000075f07e4f8,0x000000075f1a0000)
  to   space 5376K, 0% used [0x00000007594a0000,0x00000007594a0000,0x00000007599e0000)
 ParOldGen       total 86272K, used 25464K [0x0000000600000000, 0x0000000605440000, 0x0000000755560000)
  object space 86272K, 29% used [0x0000000600000000,0x00000006018de150,0x0000000605440000)
 PSPermGen       total 21248K, used 6019K [0x00000005fae00000, 0x00000005fc2c0000, 0x0000000600000000)
  object space 21248K, 28% used [0x00000005fae00000,0x00000005fb3e0d50,0x00000005fc2c0000)

Card table byte_map: [0x0000000005810000,0x0000000006840000] byte_map_base: 0x0000000002839000

Polling page: 0x0000000000230000

Code Cache  [0x0000000002810000, 0x0000000002a90000, 0x0000000005810000)
 total_blobs=822 nmethods=586 adapters=187 free_code_cache=46702Kb largest_free_block=47746944

Compilation events (10 events):
Event: 6.275 Thread 0x000000001bf32800 nmethod 580 0x000000000291f910 code [0x000000000291fa60, 0x000000000291fb38]
Event: 6.285 Thread 0x000000001bf32800  581             com.android.dx.rop.cst.CstInteger::getValue (5 bytes)
Event: 6.286 Thread 0x000000001bf32800 nmethod 581 0x000000000291f710 code [0x000000000291f840, 0x000000000291f898]
Event: 6.301 Thread 0x000000001bf32800  582             com.android.dx.ssa.SsaMethod$2::visitPhiInsn (6 bytes)
Event: 6.301 Thread 0x000000001bf32800 nmethod 582 0x000000000291f490 code [0x000000000291f5e0, 0x000000000291f668]
Event: 6.302 Thread 0x000000001bf32800  583             com.android.dx.ssa.back.FirstFitLocalCombiningAllocator::handleCheckCastResults (413 bytes)
Event: 6.338 Thread 0x000000001bf32800 nmethod 583 0x0000000002a6b810 code [0x0000000002a6baa0, 0x0000000002a6d700]
Event: 6.338 Thread 0x000000001bf32800  584             com.android.dx.cf.code.ExecutionStack::clear (40 bytes)
Event: 6.339 Thread 0x000000001bf32800 nmethod 584 0x000000000291f190 code [0x000000000291f2c0, 0x000000000291f3b8]
Event: 6.347 Thread 0x000000001bf32800  585   !         com.android.dx.rop.type.Prototype::intern (233 bytes)

GC Heap History (10 events):
Event: 2.187 GC heap before
{Heap before GC invocations=2 (full 0):
 PSYoungGen      total 37760K, used 37756K [0x0000000755560000, 0x0000000757f80000, 0x0000000800000000)
  eden space 32384K, 100% used [0x0000000755560000,0x0000000757500000,0x0000000757500000)
  from space 5376K, 99% used [0x0000000757500000,0x0000000757a3f228,0x0000000757a40000)
  to   space 5376K, 0% used [0x0000000757a40000,0x0000000757a40000,0x0000000757f80000)
 ParOldGen       total 86272K, used 1263K [0x0000000600000000, 0x0000000605440000, 0x0000000755560000)
  object space 86272K, 1% used [0x0000000600000000,0x000000060013bf68,0x0000000605440000)
 PSPermGen       total 21248K, used 5924K [0x00000005fae00000, 0x00000005fc2c0000, 0x0000000600000000)
  object space 21248K, 27% used [0x00000005fae00000,0x00000005fb3c92c0,0x00000005fc2c0000)
Event: 2.297 GC heap after
Heap after GC invocations=2 (full 0):
 PSYoungGen      total 37760K, used 5352K [0x0000000755560000, 0x0000000759f20000, 0x0000000800000000)
  eden space 32384K, 0% used [0x0000000755560000,0x0000000755560000,0x0000000757500000)
  from space 5376K, 99% used [0x0000000757a40000,0x0000000757f7a048,0x0000000757f80000)
  to   space 5376K, 0% used [0x0000000757500000,0x0000000757500000,0x0000000757a40000)
 ParOldGen       total 86272K, used 6415K [0x0000000600000000, 0x0000000605440000, 0x0000000755560000)
  object space 86272K, 7% used [0x0000000600000000,0x0000000600643d70,0x0000000605440000)
 PSPermGen       total 21248K, used 5924K [0x00000005fae00000, 0x00000005fc2c0000, 0x0000000600000000)
  object space 21248K, 27% used [0x00000005fae00000,0x00000005fb3c92c0,0x00000005fc2c0000)
}
Event: 3.371 GC heap before
{Heap before GC invocations=3 (full 0):
 PSYoungGen      total 37760K, used 37736K [0x0000000755560000, 0x0000000759f20000, 0x0000000800000000)
  eden space 32384K, 100% used [0x0000000755560000,0x0000000757500000,0x0000000757500000)
  from space 5376K, 99% used [0x0000000757a40000,0x0000000757f7a048,0x0000000757f80000)
  to   space 5376K, 0% used [0x0000000757500000,0x0000000757500000,0x0000000757a40000)
 ParOldGen       total 86272K, used 6415K [0x0000000600000000, 0x0000000605440000, 0x0000000755560000)
  object space 86272K, 7% used [0x0000000600000000,0x0000000600643d70,0x0000000605440000)
 PSPermGen       total 21248K, used 5944K [0x00000005fae00000, 0x00000005fc2c0000, 0x0000000600000000)
  object space 21248K, 27% used [0x00000005fae00000,0x00000005fb3ce1b8,0x00000005fc2c0000)
Event: 3.520 GC heap after
Heap after GC invocations=3 (full 0):
 PSYoungGen      total 37760K, used 5352K [0x0000000755560000, 0x0000000759f20000, 0x0000000800000000)
  eden space 32384K, 0% used [0x0000000755560000,0x0000000755560000,0x0000000757500000)
  from space 5376K, 99% used [0x0000000757500000,0x0000000757a3a048,0x0000000757a40000)
  to   space 5376K, 0% used [0x00000007599e0000,0x00000007599e0000,0x0000000759f20000)
 ParOldGen       total 86272K, used 11793K [0x0000000600000000, 0x0000000605440000, 0x0000000755560000)
  object space 86272K, 13% used [0x0000000600000000,0x0000000600b845f0,0x0000000605440000)
 PSPermGen       total 21248K, used 5944K [0x00000005fae00000, 0x00000005fc2c0000, 0x0000000600000000)
  object space 21248K, 27% used [0x00000005fae00000,0x00000005fb3ce1b8,0x00000005fc2c0000)
}
Event: 4.620 GC heap before
{Heap before GC invocations=4 (full 0):
 PSYoungGen      total 37760K, used 37736K [0x0000000755560000, 0x0000000759f20000, 0x0000000800000000)
  eden space 32384K, 100% used [0x0000000755560000,0x0000000757500000,0x0000000757500000)
  from space 5376K, 99% used [0x0000000757500000,0x0000000757a3a048,0x0000000757a40000)
  to   space 5376K, 0% used [0x00000007599e0000,0x00000007599e0000,0x0000000759f20000)
 ParOldGen       total 86272K, used 11793K [0x0000000600000000, 0x0000000605440000, 0x0000000755560000)
  object space 86272K, 13% used [0x0000000600000000,0x0000000600b845f0,0x0000000605440000)
 PSPermGen       total 21248K, used 5960K [0x00000005fae00000, 0x00000005fc2c0000, 0x0000000600000000)
  object space 21248K, 28% used [0x00000005fae00000,0x00000005fb3d20f8,0x00000005fc2c0000)
Event: 4.785 GC heap after
Heap after GC invocations=4 (full 0):
 PSYoungGen      total 70144K, used 5368K [0x0000000755560000, 0x0000000759f20000, 0x0000000800000000)
  eden space 64768K, 0% used [0x0000000755560000,0x0000000755560000,0x00000007594a0000)
  from space 5376K, 99% used [0x00000007599e0000,0x0000000759f1e058,0x0000000759f20000)
  to   space 5376K, 0% used [0x00000007594a0000,0x00000007594a0000,0x00000007599e0000)
 ParOldGen       total 86272K, used 16099K [0x0000000600000000, 0x0000000605440000, 0x0000000755560000)
  object space 86272K, 18% used [0x0000000600000000,0x0000000600fb8c60,0x0000000605440000)
 PSPermGen       total 21248K, used 5960K [0x00000005fae00000, 0x00000005fc2c0000, 0x0000000600000000)
  object space 21248K, 28% used [0x00000005fae00000,0x00000005fb3d20f8,0x00000005fc2c0000)
}
Event: 5.910 GC heap before
{Heap before GC invocations=5 (full 0):
 PSYoungGen      total 70144K, used 70136K [0x0000000755560000, 0x0000000759f20000, 0x0000000800000000)
  eden space 64768K, 100% used [0x0000000755560000,0x00000007594a0000,0x00000007594a0000)
  from space 5376K, 99% used [0x00000007599e0000,0x0000000759f1e058,0x0000000759f20000)
  to   space 5376K, 0% used [0x00000007594a0000,0x00000007594a0000,0x00000007599e0000)
 ParOldGen       total 86272K, used 16099K [0x0000000600000000, 0x0000000605440000, 0x0000000755560000)
  object space 86272K, 18% used [0x0000000600000000,0x0000000600fb8c60,0x0000000605440000)
 PSPermGen       total 21248K, used 5995K [0x00000005fae00000, 0x00000005fc2c0000, 0x0000000600000000)
  object space 21248K, 28% used [0x00000005fae00000,0x00000005fb3dac70,0x00000005fc2c0000)
Event: 5.935 GC heap after
Heap after GC invocations=5 (full 0):
 PSYoungGen      total 70144K, used 5368K [0x0000000755560000, 0x000000075f1a0000, 0x0000000800000000)
  eden space 64768K, 0% used [0x0000000755560000,0x0000000755560000,0x00000007594a0000)
  from space 5376K, 99% used [0x00000007594a0000,0x00000007599de038,0x00000007599e0000)
  to   space 15232K, 0% used [0x000000075e2c0000,0x000000075e2c0000,0x000000075f1a0000)
 ParOldGen       total 86272K, used 25464K [0x0000000600000000, 0x0000000605440000, 0x0000000755560000)
  object space 86272K, 29% used [0x0000000600000000,0x00000006018de150,0x0000000605440000)
 PSPermGen       total 21248K, used 5995K [0x00000005fae00000, 0x00000005fc2c0000, 0x0000000600000000)
  object space 21248K, 28% used [0x00000005fae00000,0x00000005fb3dac70,0x00000005fc2c0000)
}
Event: 6.366 GC heap before
{Heap before GC invocations=6 (full 0):
 PSYoungGen      total 70144K, used 70136K [0x0000000755560000, 0x000000075f1a0000, 0x0000000800000000)
  eden space 64768K, 100% used [0x0000000755560000,0x00000007594a0000,0x00000007594a0000)
  from space 5376K, 99% used [0x00000007594a0000,0x00000007599de038,0x00000007599e0000)
  to   space 15232K, 0% used [0x000000075e2c0000,0x000000075e2c0000,0x000000075f1a0000)
 ParOldGen       total 86272K, used 25464K [0x0000000600000000, 0x0000000605440000, 0x0000000755560000)
  object space 86272K, 29% used [0x0000000600000000,0x00000006018de150,0x0000000605440000)
 PSPermGen       total 21248K, used 6016K [0x00000005fae00000, 0x00000005fc2c0000, 0x0000000600000000)
  object space 21248K, 28% used [0x00000005fae00000,0x00000005fb3e03f0,0x00000005fc2c0000)
Event: 6.403 GC heap after
Heap after GC invocations=6 (full 0):
 PSYoungGen      total 80000K, used 14073K [0x0000000755560000, 0x000000075f1a0000, 0x0000000800000000)
  eden space 64768K, 0% used [0x0000000755560000,0x0000000755560000,0x00000007594a0000)
  from space 15232K, 92% used [0x000000075e2c0000,0x000000075f07e4f8,0x000000075f1a0000)
  to   space 5376K, 0% used [0x00000007594a0000,0x00000007594a0000,0x00000007599e0000)
 ParOldGen       total 86272K, used 25464K [0x0000000600000000, 0x0000000605440000, 0x0000000755560000)
  object space 86272K, 29% used [0x0000000600000000,0x00000006018de150,0x0000000605440000)
 PSPermGen       total 21248K, used 6016K [0x00000005fae00000, 0x00000005fc2c0000, 0x0000000600000000)
  object space 21248K, 28% used [0x00000005fae00000,0x00000005fb3e03f0,0x00000005fc2c0000)
}

Deoptimization events (10 events):
Event: 5.865 Thread 0x000000001e038800 Uncommon trap -58 fr.pc 0x0000000002a412bc
Event: 5.865 Thread 0x000000001e038800 Uncommon trap -58 fr.pc 0x0000000002a412bc
Event: 6.090 Thread 0x000000001dff9000 Uncommon trap -34 fr.pc 0x0000000002a26044
Event: 6.091 Thread 0x000000001dff9000 Uncommon trap -83 fr.pc 0x00000000029160d0
Event: 6.097 Thread 0x000000001dff9000 Uncommon trap -34 fr.pc 0x0000000002a26044
Event: 6.099 Thread 0x000000001dff9000 Uncommon trap -34 fr.pc 0x0000000002a26044
Event: 6.186 Thread 0x000000001e038800 Uncommon trap -58 fr.pc 0x0000000002a5b1ac
Event: 6.186 Thread 0x000000001e038800 Uncommon trap -58 fr.pc 0x0000000002a5bb40
Event: 6.186 Thread 0x000000001e038800 Uncommon trap -58 fr.pc 0x0000000002a5bb40
Event: 6.206 Thread 0x000000001e038800 Uncommon trap -34 fr.pc 0x0000000002a509d4

Internal exceptions (10 events):
Event: 1.535 Thread 0x00000000025bc800 Threw 0x00000007562be6b8 at C:\jdk7u1_64p\jdk7u11\hotspot\src\share\vm\prims\jvm.cpp:1166
Event: 1.537 Thread 0x00000000025bc800 Threw 0x00000007562c9520 at C:\jdk7u1_64p\jdk7u11\hotspot\src\share\vm\prims\jvm.cpp:1166
Event: 1.904 Thread 0x000000001dffa000 Threw 0x0000000755b36c98 at C:\jdk7u1_64p\jdk7u11\hotspot\src\share\vm\prims\jvm.cpp:1166
Event: 2.774 Thread 0x000000001dffa000 Threw 0x0000000755c44508 at C:\jdk7u1_64p\jdk7u11\hotspot\src\share\vm\prims\jvm.cpp:1166
Event: 2.781 Thread 0x00000000025bc800 Implicit null exception at 0x000000000293fd0f to 0x00000000029403e5
Event: 4.374 Thread 0x000000001dffa000 Implicit null exception at 0x00000000029c3be8 to 0x00000000029c7ba1
Event: 4.906 Thread 0x000000001e038800 Implicit null exception at 0x00000000029f1de8 to 0x00000000029f28b9
Event: 5.068 Thread 0x000000001dff9000 Implicit null exception at 0x0000000002a173a4 to 0x0000000002a17b81
Event: 5.759 Thread 0x000000001e038800 Threw 0x00000007574163f0 at C:\jdk7u1_64p\jdk7u11\hotspot\src\share\vm\prims\jvm.cpp:1166
Event: 6.348 Thread 0x00000000025bc800 Threw 0x0000000758f125e0 at C:\jdk7u1_64p\jdk7u11\hotspot\src\share\vm\prims\jvm.cpp:1166

Events (10 events):
Event: 6.186 Thread 0x000000001e038800 DEOPT PACKING pc=0x0000000002a5bb40 sp=0x000000001dafeb20
Event: 6.186 Thread 0x000000001e038800 DEOPT UNPACKING pc=0x0000000002849164 sp=0x000000001dafeac0 mode 2
Event: 6.186 Thread 0x000000001e038800 DEOPT PACKING pc=0x0000000002a5bb40 sp=0x000000001dafeb20
Event: 6.186 Thread 0x000000001e038800 DEOPT UNPACKING pc=0x0000000002849164 sp=0x000000001dafeac0 mode 2
Event: 6.206 Thread 0x000000001e038800 DEOPT PACKING pc=0x0000000002a509d4 sp=0x000000001dafebb0
Event: 6.206 Thread 0x000000001e038800 DEOPT UNPACKING pc=0x0000000002849164 sp=0x000000001dafeb28 mode 2
Event: 6.348 loading class 0x000000001de8b440
Event: 6.348 loading class 0x000000001de8b440 done
Event: 6.366 Executing VM operation: ParallelGCFailedAllocation
Event: 6.403 Executing VM operation: ParallelGCFailedAllocation done


Dynamic libraries:
0x000000013fe30000 - 0x000000013fe63000 	C:\Program Files\Java\jdk1.7.0_11\bin\java.exe
0x0000000077210000 - 0x00000000773b9000 	C:\Windows\SYSTEM32\ntdll.dll
0x0000000076ff0000 - 0x000000007710f000 	C:\Windows\system32\kernel32.dll
0x000007fefd310000 - 0x000007fefd37b000 	C:\Windows\system32\KERNELBASE.dll
0x000007fefe750000 - 0x000007fefe82b000 	C:\Windows\system32\ADVAPI32.dll
0x000007fefedd0000 - 0x000007fefee6f000 	C:\Windows\system32\msvcrt.dll
0x000007feff410000 - 0x000007feff42f000 	C:\Windows\SYSTEM32\sechost.dll
0x000007fefd530000 - 0x000007fefd65d000 	C:\Windows\system32\RPCRT4.dll
0x0000000077110000 - 0x000000007720a000 	C:\Windows\system32\USER32.dll
0x000007feff430000 - 0x000007feff497000 	C:\Windows\system32\GDI32.dll
0x000007fefedc0000 - 0x000007fefedce000 	C:\Windows\system32\LPK.dll
0x000007fefe860000 - 0x000007fefe929000 	C:\Windows\system32\USP10.dll
0x000007fefbc30000 - 0x000007fefbe24000 	C:\Windows\WinSxS\amd64_microsoft.windows.common-controls_6595b64144ccf1df_6.0.7601.17514_none_fa396087175ac9ac\COMCTL32.dll
0x000007feff390000 - 0x000007feff401000 	C:\Windows\system32\SHLWAPI.dll
0x000007fefe830000 - 0x000007fefe85e000 	C:\Windows\system32\IMM32.DLL
0x000007feff000000 - 0x000007feff109000 	C:\Windows\system32\MSCTF.dll
0x0000000070190000 - 0x0000000070261000 	C:\Program Files\Java\jdk1.7.0_11\jre\bin\msvcr100.dll
0x000000006a580000 - 0x000000006ac9f000 	C:\Program Files\Java\jdk1.7.0_11\jre\bin\server\jvm.dll
0x000007feee8c0000 - 0x000007feee8c9000 	C:\Windows\system32\WSOCK32.dll
0x000007feff240000 - 0x000007feff28d000 	C:\Windows\system32\WS2_32.dll
0x000007fefef50000 - 0x000007fefef58000 	C:\Windows\system32\NSI.dll
0x000007fefaf30000 - 0x000007fefaf6b000 	C:\Windows\system32\WINMM.dll
0x00000000773e0000 - 0x00000000773e7000 	C:\Windows\system32\PSAPI.DLL
0x0000000073fe0000 - 0x0000000073fef000 	C:\Program Files\Java\jdk1.7.0_11\jre\bin\verify.dll
0x0000000073fb0000 - 0x0000000073fd8000 	C:\Program Files\Java\jdk1.7.0_11\jre\bin\java.dll
0x0000000073f90000 - 0x0000000073fa5000 	C:\Program Files\Java\jdk1.7.0_11\jre\bin\zip.dll
0x0000000073f70000 - 0x0000000073f89000 	C:\Program Files\Java\jdk1.7.0_11\jre\bin\net.dll
0x000007fefc990000 - 0x000007fefc9e5000 	C:\Windows\system32\mswsock.dll
0x000007fefc980000 - 0x000007fefc987000 	C:\Windows\System32\wship6.dll
0x0000000073d70000 - 0x0000000073d81000 	C:\Program Files\Java\jdk1.7.0_11\jre\bin\nio.dll

VM Arguments:
jvm_args: -Djava.awt.headless=true -Xmx8g -Dfile.encoding=GBK -Duser.country=CN -Duser.language=zh -Duser.variant 
java_command: com.android.dx.command.Main --dex --force-jumbo --num-threads=4 --multi-dex --output E:\studio\VkoCircleS\app\build\intermediates\transforms\dex\debug\folders\1000\2\open_sdk_r5509_c34883d3954a3de654e75437773319756865c171 E:\studio\VkoCircleS\app\libs\open_sdk_r5509.jar
Launcher Type: SUN_STANDARD

Environment Variables:
JAVA_HOME=C:\Program Files\Java\jdk1.7.0_11
CLASSPATH=.;C:\Program Files\Java\jdk1.7.0_11\lib\dt.jar;C:\Program Files\Java\jdk1.7.0_11\lib\tools.jar;
PATH=C:\Program Files\Java\jdk1.7.0_11\bin;C:\Program Files\Java\jdk1.7.0_11\jre\bin;C:\Windows\system32;C:\Windows;C:\Windows\System32\Wbem;C:\Windows\System32\WindowsPowerShell\v1.0\;C:\Program Files\nodejs\;d:\dev\maven\bin;C:\Users\JiaRH\AppData\Local\Android\Sdk\platform-tools.*;C:\Program Files\TortoiseSVN\bin;F:\zookeeper\zookeeper-3.4.8\zookeeper-3.4.8\bin
USERNAME=JiaRH
OS=Windows_NT
PROCESSOR_IDENTIFIER=Intel64 Family 6 Model 58 Stepping 9, GenuineIntel



---------------  S Y S T E M  ---------------

OS: Windows 7 , 64 bit Build 7601 Service Pack 1

CPU:total 4 (2 cores per cpu, 2 threads per core) family 6 model 58 stepping 9, cmov, cx8, fxsr, mmx, sse, sse2, sse3, ssse3, sse4.1, sse4.2, popcnt, avx, ht, tsc, tscinvbit, tscinv

Memory: 4k page, physical 8279396k(2812780k free), swap 8687152k(522504k free)

vm_info: Java HotSpot(TM) 64-Bit Server VM (23.6-b04) for windows-amd64 JRE (1.7.0_11-b21), built on Jan 12 2013 02:38:42 by "java_re" with unknown MS VC++:1600

time: Mon Nov 14 17:18:51 2016
elapsed time: 6 seconds

