#
# There is insufficient memory for the Java Runtime Environment to continue.
# Native memory allocation (malloc) failed to allocate 32784 bytes for Chunk::new
# Possible reasons:
#   The system is out of physical RAM or swap space
#   In 32 bit mode, the process size limit was hit
# Possible solutions:
#   Reduce memory load on the system
#   Increase physical memory or swap space
#   Check if swap backing store is full
#   Use 64 bit Java on a 64 bit OS
#   Decrease Java heap size (-Xmx/-Xms)
#   Decrease number of Java threads
#   Decrease Java thread stack sizes (-Xss)
#   Set larger code cache with -XX:ReservedCodeCacheSize=
# This output file may be truncated or incomplete.
#
#  Out of Memory Error (allocation.cpp:328), pid=9496, tid=10180
#
# JRE version: 7.0_11-b21
# Java VM: Java HotSpot(TM) 64-Bit Server VM (23.6-b04 mixed mode windows-amd64 compressed oops)
# Failed to write core dump. Minidumps are not enabled by default on client versions of Windows
#

---------------  T H R E A D  ---------------

Current thread (0x000000001c05d000):  JavaThread "C2 CompilerThread0" daemon [_thread_in_native, id=10180, stack(0x000000001d6f0000,0x000000001d7f0000)]

Stack: [0x000000001d6f0000,0x000000001d7f0000]

Current CompileTask:
C2:   5192  512             com.android.dx.cf.code.Simulator$SimVisitor::visitConstant (332 bytes)


---------------  P R O C E S S  ---------------

Java Threads: ( => current thread )
  0x000000001e00a000 JavaThread "pool-2-thread-4" [_thread_in_Java, id=8184, stack(0x000000001e890000,0x000000001e990000)]
  0x000000001e072800 JavaThread "pool-2-thread-3" [_thread_blocked, id=5628, stack(0x000000001e720000,0x000000001e820000)]
  0x000000001de3d000 JavaThread "pool-2-thread-2" [_thread_blocked, id=8164, stack(0x000000001e580000,0x000000001e680000)]
  0x000000001ddea800 JavaThread "pool-3-thread-1" [_thread_blocked, id=8892, stack(0x000000001e430000,0x000000001e530000)]
  0x000000001de5d800 JavaThread "pool-2-thread-1" [_thread_blocked, id=6972, stack(0x000000001e240000,0x000000001e340000)]
  0x000000001c05f800 JavaThread "Service Thread" daemon [_thread_blocked, id=964, stack(0x000000001d9f0000,0x000000001daf0000)]
  0x000000001c05f000 JavaThread "C2 CompilerThread1" daemon [_thread_blocked, id=8448, stack(0x000000001d850000,0x000000001d950000)]
=>0x000000001c05d000 JavaThread "C2 CompilerThread0" daemon [_thread_in_native, id=10180, stack(0x000000001d6f0000,0x000000001d7f0000)]
  0x000000001c05c000 JavaThread "Attach Listener" daemon [_thread_blocked, id=3344, stack(0x000000001d5e0000,0x000000001d6e0000)]
  0x000000001c055000 JavaThread "Signal Dispatcher" daemon [_thread_blocked, id=7768, stack(0x000000001d3b0000,0x000000001d4b0000)]
  0x0000000002571000 JavaThread "Finalizer" daemon [_thread_blocked, id=9040, stack(0x000000001d2b0000,0x000000001d3b0000)]
  0x0000000002570000 JavaThread "Reference Handler" daemon [_thread_blocked, id=5460, stack(0x000000001d0f0000,0x000000001d1f0000)]
  0x000000000262c800 JavaThread "main" [_thread_blocked, id=9604, stack(0x00000000027d0000,0x00000000028d0000)]

Other Threads:
  0x000000001bfaf800 VMThread [stack: 0x000000001cfc0000,0x000000001d0c0000] [id=8820]
  0x000000001c060800 WatcherThread [stack: 0x000000001dc90000,0x000000001dd90000] [id=8648]

VM state:not at safepoint (normal execution)

VM Mutex/Monitor currently owned by a thread: None

Heap
 PSYoungGen      total 70144K, used 55993K [0x0000000755560000, 0x0000000759f20000, 0x0000000800000000)
  eden space 64768K, 78% used [0x0000000755560000,0x00000007586d0548,0x00000007594a0000)
  from space 5376K, 99% used [0x00000007599e0000,0x0000000759f1e058,0x0000000759f20000)
  to   space 5376K, 0% used [0x00000007594a0000,0x00000007594a0000,0x00000007599e0000)
 ParOldGen       total 86272K, used 3814K [0x0000000600000000, 0x0000000605440000, 0x0000000755560000)
  object space 86272K, 4% used [0x0000000600000000,0x00000006003b9b18,0x0000000605440000)
 PSPermGen       total 21248K, used 5565K [0x00000005fae00000, 0x00000005fc2c0000, 0x0000000600000000)
  object space 21248K, 26% used [0x00000005fae00000,0x00000005fb36f558,0x00000005fc2c0000)

Card table byte_map: [0x00000000058d0000,0x0000000006900000] byte_map_base: 0x00000000028f9000

Polling page: 0x0000000000140000

Code Cache  [0x00000000028d0000, 0x0000000002b40000, 0x00000000058d0000)
 total_blobs=725 nmethods=510 adapters=166 free_code_cache=47009Kb largest_free_block=48075904

Compilation events (10 events):
Event: 4.892 Thread 0x000000001c05f000  508             com.android.dx.rop.type.StdTypeList::get (9 bytes)
Event: 4.893 Thread 0x000000001c05f000 nmethod 508 0x0000000002ad2b90 code [0x0000000002ad2ce0, 0x0000000002ad2db8]
Event: 5.028 Thread 0x000000001c05d000 nmethod 497 0x0000000002ae78d0 code [0x0000000002ae9140, 0x0000000002aefb48]
Event: 5.076 Thread 0x000000001c05f000  509             com.android.dx.rop.cst.CstString::hashCode (8 bytes)
Event: 5.078 Thread 0x000000001c05f000 nmethod 509 0x0000000002ad27d0 code [0x0000000002ad2900, 0x0000000002ad2a98]
Event: 5.123 Thread 0x000000001c05d000  510             com.android.dx.rop.type.StdTypeList::withFirst (53 bytes)
Event: 5.127 Thread 0x000000001c05d000 nmethod 510 0x0000000002ad21d0 code [0x0000000002ad2320, 0x0000000002ad25b8]
Event: 5.185 Thread 0x000000001c05f000  511             com.android.dx.cf.code.BaseMachine::auxCstArg (20 bytes)
Event: 5.186 Thread 0x000000001c05f000 nmethod 511 0x0000000002a87ad0 code [0x0000000002a87c00, 0x0000000002a87c98]
Event: 5.186 Thread 0x000000001c05d000  512             com.android.dx.cf.code.Simulator$SimVisitor::visitConstant (332 bytes)

GC Heap History (4 events):
Event: 2.219 GC heap before
{Heap before GC invocations=1 (full 0):
 PSYoungGen      total 37760K, used 32384K [0x0000000755560000, 0x0000000757f80000, 0x0000000800000000)
  eden space 32384K, 100% used [0x0000000755560000,0x0000000757500000,0x0000000757500000)
  from space 5376K, 0% used [0x0000000757a40000,0x0000000757a40000,0x0000000757f80000)
  to   space 5376K, 0% used [0x0000000757500000,0x0000000757500000,0x0000000757a40000)
 ParOldGen       total 86272K, used 0K [0x0000000600000000, 0x0000000605440000, 0x0000000755560000)
  object space 86272K, 0% used [0x0000000600000000,0x0000000600000000,0x0000000605440000)
 PSPermGen       total 21248K, used 5439K [0x00000005fae00000, 0x00000005fc2c0000, 0x0000000600000000)
  object space 21248K, 25% used [0x00000005fae00000,0x00000005fb34fd60,0x00000005fc2c0000)
Event: 2.283 GC heap after
Heap after GC invocations=1 (full 0):
 PSYoungGen      total 37760K, used 5361K [0x0000000755560000, 0x0000000759f20000, 0x0000000800000000)
  eden space 32384K, 0% used [0x0000000755560000,0x0000000755560000,0x0000000757500000)
  from space 5376K, 99% used [0x0000000757500000,0x0000000757a3c728,0x0000000757a40000)
  to   space 5376K, 0% used [0x00000007599e0000,0x00000007599e0000,0x0000000759f20000)
 ParOldGen       total 86272K, used 630K [0x0000000600000000, 0x0000000605440000, 0x0000000755560000)
  object space 86272K, 0% used [0x0000000600000000,0x000000060009db18,0x0000000605440000)
 PSPermGen       total 21248K, used 5439K [0x00000005fae00000, 0x00000005fc2c0000, 0x0000000600000000)
  object space 21248K, 25% used [0x00000005fae00000,0x00000005fb34fd60,0x00000005fc2c0000)
}
Event: 3.044 GC heap before
{Heap before GC invocations=2 (full 0):
 PSYoungGen      total 37760K, used 37745K [0x0000000755560000, 0x0000000759f20000, 0x0000000800000000)
  eden space 32384K, 100% used [0x0000000755560000,0x0000000757500000,0x0000000757500000)
  from space 5376K, 99% used [0x0000000757500000,0x0000000757a3c728,0x0000000757a40000)
  to   space 5376K, 0% used [0x00000007599e0000,0x00000007599e0000,0x0000000759f20000)
 ParOldGen       total 86272K, used 630K [0x0000000600000000, 0x0000000605440000, 0x0000000755560000)
  object space 86272K, 0% used [0x0000000600000000,0x000000060009db18,0x0000000605440000)
 PSPermGen       total 21248K, used 5499K [0x00000005fae00000, 0x00000005fc2c0000, 0x0000000600000000)
  object space 21248K, 25% used [0x00000005fae00000,0x00000005fb35ef40,0x00000005fc2c0000)
Event: 3.059 GC heap after
Heap after GC invocations=2 (full 0):
 PSYoungGen      total 70144K, used 5368K [0x0000000755560000, 0x0000000759f20000, 0x0000000800000000)
  eden space 64768K, 0% used [0x0000000755560000,0x0000000755560000,0x00000007594a0000)
  from space 5376K, 99% used [0x00000007599e0000,0x0000000759f1e058,0x0000000759f20000)
  to   space 5376K, 0% used [0x00000007594a0000,0x00000007594a0000,0x00000007599e0000)
 ParOldGen       total 86272K, used 3814K [0x0000000600000000, 0x0000000605440000, 0x0000000755560000)
  object space 86272K, 4% used [0x0000000600000000,0x00000006003b9b18,0x0000000605440000)
 PSPermGen       total 21248K, used 5499K [0x00000005fae00000, 0x00000005fc2c0000, 0x0000000600000000)
  object space 21248K, 25% used [0x00000005fae00000,0x00000005fb35ef40,0x00000005fc2c0000)
}

Deoptimization events (10 events):
Event: 4.499 Thread 0x000000001e072800 Uncommon trap -58 fr.pc 0x0000000002a605a0
Event: 4.499 Thread 0x000000001e072800 Uncommon trap -58 fr.pc 0x0000000002a605a0
Event: 4.638 Thread 0x000000000262c800 Uncommon trap -12 fr.pc 0x0000000002ac1a94
Event: 4.674 Thread 0x000000001e072800 Uncommon trap -58 fr.pc 0x0000000002a605a0
Event: 4.766 Thread 0x000000001de3d000 Uncommon trap -58 fr.pc 0x0000000002a30f74
Event: 4.766 Thread 0x000000001de3d000 Uncommon trap -34 fr.pc 0x0000000002a85a24
Event: 4.766 Thread 0x000000001de3d000 Uncommon trap -83 fr.pc 0x0000000002a8b510
Event: 4.767 Thread 0x000000001de3d000 Uncommon trap -58 fr.pc 0x0000000002a30f74
Event: 4.767 Thread 0x000000001de3d000 Uncommon trap -34 fr.pc 0x0000000002a85a24
Event: 4.897 Thread 0x000000001de5d800 Uncommon trap -12 fr.pc 0x0000000002addb60

Internal exceptions (10 events):
Event: 1.718 Thread 0x000000000262c800 Threw 0x000000075585c308 at C:\jdk7u1_64p\jdk7u11\hotspot\src\share\vm\prims\jvm.cpp:1166
Event: 1.743 Thread 0x000000001e072800 Threw 0x00000007565950a0 at C:\jdk7u1_64p\jdk7u11\hotspot\src\share\vm\prims\jvm.cpp:1166
Event: 2.163 Thread 0x000000001de5d800 Threw 0x0000000756fce448 at C:\jdk7u1_64p\jdk7u11\hotspot\src\share\vm\prims\jvm.cpp:1166
Event: 2.927 Thread 0x000000001e072800 Threw 0x00000007569db990 at C:\jdk7u1_64p\jdk7u11\hotspot\src\share\vm\prims\jvm.cpp:1166
Event: 4.470 Thread 0x000000000262c800 Threw 0x0000000756352268 at C:\jdk7u1_64p\jdk7u11\hotspot\src\share\vm\prims\jvm.cpp:1166
Event: 4.471 Thread 0x000000000262c800 Threw 0x000000075635bfc0 at C:\jdk7u1_64p\jdk7u11\hotspot\src\share\vm\prims\jvm.cpp:1166
Event: 4.471 Thread 0x000000000262c800 Threw 0x000000075635e1e0 at C:\jdk7u1_64p\jdk7u11\hotspot\src\share\vm\prims\jvm.cpp:1166
Event: 4.638 Thread 0x000000000262c800 Implicit null exception at 0x0000000002ac13b3 to 0x0000000002ac1a85
Event: 4.711 Thread 0x000000001e072800 Threw 0x00000007577870e0 at C:\jdk7u1_64p\jdk7u11\hotspot\src\share\vm\prims\jvm.cpp:1166
Event: 4.897 Thread 0x000000001de5d800 Implicit null exception at 0x0000000002add090 to 0x0000000002addb51

Events (10 events):
Event: 4.766 Thread 0x000000001de3d000 DEOPT PACKING pc=0x0000000002a85a24 sp=0x000000001e67e790
Event: 4.766 Thread 0x000000001de3d000 DEOPT UNPACKING pc=0x0000000002909164 sp=0x000000001e67e718 mode 2
Event: 4.766 Thread 0x000000001de3d000 DEOPT PACKING pc=0x0000000002a8b510 sp=0x000000001e67e780
Event: 4.766 Thread 0x000000001de3d000 DEOPT UNPACKING pc=0x0000000002909164 sp=0x000000001e67e718 mode 2
Event: 4.767 Thread 0x000000001de3d000 DEOPT PACKING pc=0x0000000002a30f74 sp=0x000000001e67e740
Event: 4.767 Thread 0x000000001de3d000 DEOPT UNPACKING pc=0x0000000002909164 sp=0x000000001e67e5e8 mode 2
Event: 4.767 Thread 0x000000001de3d000 DEOPT PACKING pc=0x0000000002a85a24 sp=0x000000001e67e790
Event: 4.767 Thread 0x000000001de3d000 DEOPT UNPACKING pc=0x0000000002909164 sp=0x000000001e67e718 mode 2
Event: 4.898 Thread 0x000000001de5d800 DEOPT PACKING pc=0x0000000002addb60 sp=0x000000001e33eca0
Event: 4.898 Thread 0x000000001de5d800 DEOPT UNPACKING pc=0x0000000002909164 sp=0x000000001e33ebd8 mode 2


Dynamic libraries:
0x000000013fe30000 - 0x000000013fe63000 	C:\Program Files\Java\jdk1.7.0_11\bin\java.exe
0x0000000077210000 - 0x00000000773b9000 	C:\Windows\SYSTEM32\ntdll.dll
0x0000000076ff0000 - 0x000000007710f000 	C:\Windows\system32\kernel32.dll
0x000007fefd310000 - 0x000007fefd37b000 	C:\Windows\system32\KERNELBASE.dll
0x000007fefe750000 - 0x000007fefe82b000 	C:\Windows\system32\ADVAPI32.dll
0x000007fefedd0000 - 0x000007fefee6f000 	C:\Windows\system32\msvcrt.dll
0x000007feff410000 - 0x000007feff42f000 	C:\Windows\SYSTEM32\sechost.dll
0x000007fefd530000 - 0x000007fefd65d000 	C:\Windows\system32\RPCRT4.dll
0x0000000077110000 - 0x000000007720a000 	C:\Windows\system32\USER32.dll
0x000007feff430000 - 0x000007feff497000 	C:\Windows\system32\GDI32.dll
0x000007fefedc0000 - 0x000007fefedce000 	C:\Windows\system32\LPK.dll
0x000007fefe860000 - 0x000007fefe929000 	C:\Windows\system32\USP10.dll
0x000007fefbc30000 - 0x000007fefbe24000 	C:\Windows\WinSxS\amd64_microsoft.windows.common-controls_6595b64144ccf1df_6.0.7601.17514_none_fa396087175ac9ac\COMCTL32.dll
0x000007feff390000 - 0x000007feff401000 	C:\Windows\system32\SHLWAPI.dll
0x000007fefe830000 - 0x000007fefe85e000 	C:\Windows\system32\IMM32.DLL
0x000007feff000000 - 0x000007feff109000 	C:\Windows\system32\MSCTF.dll
0x0000000070190000 - 0x0000000070261000 	C:\Program Files\Java\jdk1.7.0_11\jre\bin\msvcr100.dll
0x000000006a580000 - 0x000000006ac9f000 	C:\Program Files\Java\jdk1.7.0_11\jre\bin\server\jvm.dll
0x000007feee8c0000 - 0x000007feee8c9000 	C:\Windows\system32\WSOCK32.dll
0x000007feff240000 - 0x000007feff28d000 	C:\Windows\system32\WS2_32.dll
0x000007fefef50000 - 0x000007fefef58000 	C:\Windows\system32\NSI.dll
0x000007fefaf30000 - 0x000007fefaf6b000 	C:\Windows\system32\WINMM.dll
0x00000000773e0000 - 0x00000000773e7000 	C:\Windows\system32\PSAPI.DLL
0x0000000073fe0000 - 0x0000000073fef000 	C:\Program Files\Java\jdk1.7.0_11\jre\bin\verify.dll
0x0000000073fb0000 - 0x0000000073fd8000 	C:\Program Files\Java\jdk1.7.0_11\jre\bin\java.dll
0x0000000073f90000 - 0x0000000073fa5000 	C:\Program Files\Java\jdk1.7.0_11\jre\bin\zip.dll

VM Arguments:
jvm_args: -Djava.awt.headless=true -Xmx8g -Dfile.encoding=GBK -Duser.country=CN -Duser.language=zh -Duser.variant 
java_command: com.android.dx.command.Main --dex --force-jumbo --num-threads=4 --multi-dex --output E:\studio\VkoCircleS\app\build\intermediates\transforms\dex\debug\folders\1000\5\slice_7 E:\studio\VkoCircleS\app\build\intermediates\transforms\instantRunSlicer\debug\folders\1\5\slice_7
Launcher Type: SUN_STANDARD

Environment Variables:
JAVA_HOME=C:\Program Files\Java\jdk1.7.0_11
CLASSPATH=.;C:\Program Files\Java\jdk1.7.0_11\lib\dt.jar;C:\Program Files\Java\jdk1.7.0_11\lib\tools.jar;
PATH=C:\Program Files\Java\jdk1.7.0_11\bin;C:\Program Files\Java\jdk1.7.0_11\jre\bin;C:\Windows\system32;C:\Windows;C:\Windows\System32\Wbem;C:\Windows\System32\WindowsPowerShell\v1.0\;C:\Program Files\nodejs\;d:\dev\maven\bin;C:\Users\JiaRH\AppData\Local\Android\Sdk\platform-tools.*;C:\Program Files\TortoiseSVN\bin;F:\zookeeper\zookeeper-3.4.8\zookeeper-3.4.8\bin
USERNAME=JiaRH
OS=Windows_NT
PROCESSOR_IDENTIFIER=Intel64 Family 6 Model 58 Stepping 9, GenuineIntel



---------------  S Y S T E M  ---------------

OS: Windows 7 , 64 bit Build 7601 Service Pack 1

CPU:total 4 (2 cores per cpu, 2 threads per core) family 6 model 58 stepping 9, cmov, cx8, fxsr, mmx, sse, sse2, sse3, ssse3, sse4.1, sse4.2, popcnt, avx, ht, tsc, tscinvbit, tscinv

Memory: 4k page, physical 8279396k(2792964k free), swap 8687152k(4700k free)

vm_info: Java HotSpot(TM) 64-Bit Server VM (23.6-b04) for windows-amd64 JRE (1.7.0_11-b21), built on Jan 12 2013 02:38:42 by "java_re" with unknown MS VC++:1600

time: Mon Nov 14 17:18:45 2016
elapsed time: 5 seconds

