#
# There is insufficient memory for the Java Runtime Environment to continue.
# Native memory allocation (malloc) failed to allocate 32744 bytes for ChunkPool::allocate
# Possible reasons:
#   The system is out of physical RAM or swap space
#   In 32 bit mode, the process size limit was hit
# Possible solutions:
#   Reduce memory load on the system
#   Increase physical memory or swap space
#   Check if swap backing store is full
#   Use 64 bit Java on a 64 bit OS
#   Decrease Java heap size (-Xmx/-Xms)
#   Decrease number of Java threads
#   Decrease Java thread stack sizes (-Xss)
#   Set larger code cache with -XX:ReservedCodeCacheSize=
# This output file may be truncated or incomplete.
#
#  Out of Memory Error (allocation.cpp:222), pid=7380, tid=8512
#
# JRE version: 7.0_11-b21
# Java VM: Java HotSpot(TM) 64-Bit Server VM (23.6-b04 mixed mode windows-amd64 compressed oops)
# Failed to write core dump. Minidumps are not enabled by default on client versions of Windows
#

---------------  T H R E A D  ---------------

Current thread (0x000000001bebd000):  JavaThread "C2 CompilerThread0" daemon [_thread_in_native, id=8512, stack(0x000000001d600000,0x000000001d700000)]

Stack: [0x000000001d600000,0x000000001d700000]

Current CompileTask:
C2:   6087  267             java.util.Properties$LineReader::readLine (452 bytes)


---------------  P R O C E S S  ---------------

Java Threads: ( => current thread )
  0x000000001f3de800 JavaThread "pool-1-thread-1" [_thread_in_vm, id=8420, stack(0x000000001ddb0000,0x000000001deb0000)]
  0x000000001bec8000 JavaThread "Service Thread" daemon [_thread_blocked, id=5108, stack(0x000000001d3d0000,0x000000001d4d0000)]
  0x000000001bebf000 JavaThread "C2 CompilerThread1" daemon [_thread_blocked, id=2444, stack(0x000000001d890000,0x000000001d990000)]
=>0x000000001bebd000 JavaThread "C2 CompilerThread0" daemon [_thread_in_native, id=8512, stack(0x000000001d600000,0x000000001d700000)]
  0x000000001bebc000 JavaThread "Attach Listener" daemon [_thread_blocked, id=9128, stack(0x000000001d190000,0x000000001d290000)]
  0x000000001beb5000 JavaThread "Signal Dispatcher" daemon [_thread_blocked, id=8972, stack(0x000000001d4f0000,0x000000001d5f0000)]
  0x0000000002581000 JavaThread "Finalizer" daemon [_thread_blocked, id=7204, stack(0x000000001d2d0000,0x000000001d3d0000)]
  0x0000000002580000 JavaThread "Reference Handler" daemon [_thread_blocked, id=360, stack(0x000000001d090000,0x000000001d190000)]
  0x00000000025ec800 JavaThread "main" [_thread_blocked, id=6008, stack(0x0000000002610000,0x0000000002710000)]

Other Threads:
  0x000000001be0f800 VMThread [stack: 0x000000001ce70000,0x000000001cf70000] [id=8984]
  0x000000001bee1000 WatcherThread [stack: 0x000000001d700000,0x000000001d800000] [id=6864]

VM state:not at safepoint (normal execution)

VM Mutex/Monitor currently owned by a thread: None

Heap
 PSYoungGen      total 37760K, used 31157K [0x0000000755560000, 0x0000000757f80000, 0x0000000800000000)
  eden space 32384K, 96% used [0x0000000755560000,0x00000007573cd5d0,0x0000000757500000)
  from space 5376K, 0% used [0x0000000757a40000,0x0000000757a40000,0x0000000757f80000)
  to   space 5376K, 0% used [0x0000000757500000,0x0000000757500000,0x0000000757a40000)
 ParOldGen       total 86272K, used 0K [0x0000000600000000, 0x0000000605440000, 0x0000000755560000)
  object space 86272K, 0% used [0x0000000600000000,0x0000000600000000,0x0000000605440000)
 PSPermGen       total 21248K, used 6182K [0x00000005fae00000, 0x00000005fc2c0000, 0x0000000600000000)
  object space 21248K, 29% used [0x00000005fae00000,0x00000005fb409840,0x00000005fc2c0000)

Card table byte_map: [0x00000000057d0000,0x0000000006800000] byte_map_base: 0x00000000027f9000

Polling page: 0x0000000000140000

Code Cache  [0x00000000027d0000, 0x0000000002a40000, 0x00000000057d0000)
 total_blobs=505 nmethods=266 adapters=190 free_code_cache=48152Kb largest_free_block=49272384

Compilation events (10 events):
Event: 4.023 Thread 0x000000001bebf000  263             java.util.TreeMap::get (19 bytes)
Event: 4.025 Thread 0x000000001bebd000 nmethod 262 0x00000000028c6210 code [0x00000000028c6340, 0x00000000028c6418]
Event: 4.025 Thread 0x000000001bebf000 nmethod 263 0x00000000028cb050 code [0x00000000028cb1a0, 0x00000000028cb2f8]
Event: 4.261 Thread 0x000000001bebd000  264             com.android.dx.dex.code.DalvInsnList::getOutsSize (105 bytes)
Event: 4.261 Thread 0x000000001bebf000  265   !         com.android.dx.dex.code.DalvInsnList::writeTo (254 bytes)
Event: 4.264 Thread 0x000000001bebf000 nmethod 265 0x00000000028c73d0 code [0x00000000028c7540, 0x00000000028c78f8]
Event: 4.265 Thread 0x000000001bebd000 nmethod 264 0x00000000028c6710 code [0x00000000028c68a0, 0x00000000028c6d58]
Event: 4.267 Thread 0x000000001bebf000  266             com.android.dx.dex.code.ZeroSizeInsn::writeTo (1 bytes)
Event: 4.267 Thread 0x000000001bebf000 nmethod 266 0x00000000028c5f90 code [0x00000000028c60c0, 0x00000000028c6118]
Event: 6.082 Thread 0x000000001bebd000  267             java.util.Properties$LineReader::readLine (452 bytes)

GC Heap History (0 events):
No events

Deoptimization events (3 events):
Event: 0.946 Thread 0x00000000025ec800 Uncommon trap -12 fr.pc 0x00000000028492e0
Event: 1.800 Thread 0x000000001da3e800 Uncommon trap -12 fr.pc 0x000000000285dfa8
Event: 1.804 Thread 0x000000001da3e800 Uncommon trap -83 fr.pc 0x00000000028954f8

Internal exceptions (10 events):
Event: 3.838 Thread 0x000000001f3de800 Threw 0x000000075728c220 at C:\jdk7u1_64p\jdk7u11\hotspot\src\share\vm\prims\jvm.cpp:1166
Event: 3.914 Thread 0x000000001f3de800 Threw 0x00000007572c2d50 at C:\jdk7u1_64p\jdk7u11\hotspot\src\share\vm\prims\jvm.cpp:1166
Event: 3.969 Thread 0x000000001f3de800 Threw 0x00000007572fadf8 at C:\jdk7u1_64p\jdk7u11\hotspot\src\share\vm\prims\jvm.cpp:1166
Event: 3.970 Thread 0x000000001f3de800 Threw 0x0000000757306758 at C:\jdk7u1_64p\jdk7u11\hotspot\src\share\vm\prims\jvm.cpp:1166
Event: 3.971 Thread 0x000000001f3de800 Threw 0x00000007573090a0 at C:\jdk7u1_64p\jdk7u11\hotspot\src\share\vm\prims\jvm.cpp:1166
Event: 4.010 Thread 0x000000001f3de800 Threw 0x0000000757355ec0 at C:\jdk7u1_64p\jdk7u11\hotspot\src\share\vm\prims\jvm.cpp:1166
Event: 4.014 Thread 0x000000001f3de800 Threw 0x000000075736fb58 at C:\jdk7u1_64p\jdk7u11\hotspot\src\share\vm\prims\jvm.cpp:1166
Event: 4.014 Thread 0x000000001f3de800 Threw 0x0000000757374db0 at C:\jdk7u1_64p\jdk7u11\hotspot\src\share\vm\prims\jvm.cpp:1166
Event: 4.017 Thread 0x000000001f3de800 Threw 0x0000000757385698 at C:\jdk7u1_64p\jdk7u11\hotspot\src\share\vm\prims\jvm.cpp:1166
Event: 4.272 Thread 0x000000001f3de800 Threw 0x0000000757388868 at C:\jdk7u1_64p\jdk7u11\hotspot\src\share\vm\prims\jvm.cpp:1166

Events (10 events):
Event: 6.083 loading class 0x000000001dc199c0
Event: 6.083 loading class 0x000000001dc199c0 done
Event: 6.083 loading class 0x000000001dc19e40
Event: 6.083 loading class 0x000000001dc19e40 done
Event: 6.083 loading class 0x000000001dc2f290
Event: 6.083 loading class 0x000000001dc2f290 done
Event: 6.083 loading class 0x000000001dc19f00
Event: 6.083 loading class 0x000000001dc19f00 done
Event: 6.083 loading class 0x000000001dc19e80
Event: 6.083 loading class 0x000000001dc19e80 done


Dynamic libraries:
0x000000013f3e0000 - 0x000000013f413000 	C:\Program Files\Java\jdk1.7.0_11\bin\java.exe
0x00000000775d0000 - 0x0000000077779000 	C:\Windows\SYSTEM32\ntdll.dll
0x00000000774b0000 - 0x00000000775cf000 	C:\Windows\system32\kernel32.dll
0x000007fefd740000 - 0x000007fefd7ab000 	C:\Windows\system32\KERNELBASE.dll
0x000007fefedc0000 - 0x000007fefee9b000 	C:\Windows\system32\ADVAPI32.dll
0x000007fefded0000 - 0x000007fefdf6f000 	C:\Windows\system32\msvcrt.dll
0x000007feff860000 - 0x000007feff87f000 	C:\Windows\SYSTEM32\sechost.dll
0x000007feff730000 - 0x000007feff85d000 	C:\Windows\system32\RPCRT4.dll
0x00000000773b0000 - 0x00000000774aa000 	C:\Windows\system32\USER32.dll
0x000007feff100000 - 0x000007feff167000 	C:\Windows\system32\GDI32.dll
0x000007fefdf70000 - 0x000007fefdf7e000 	C:\Windows\system32\LPK.dll
0x000007feff420000 - 0x000007feff4e9000 	C:\Windows\system32\USP10.dll
0x000007fefbf90000 - 0x000007fefc184000 	C:\Windows\WinSxS\amd64_microsoft.windows.common-controls_6595b64144ccf1df_6.0.7601.17514_none_fa396087175ac9ac\COMCTL32.dll
0x000007fefd8f0000 - 0x000007fefd961000 	C:\Windows\system32\SHLWAPI.dll
0x000007feff4f0000 - 0x000007feff51e000 	C:\Windows\system32\IMM32.DLL
0x000007feff540000 - 0x000007feff649000 	C:\Windows\system32\MSCTF.dll
0x0000000073e70000 - 0x0000000073f41000 	C:\Program Files\Java\jdk1.7.0_11\jre\bin\msvcr100.dll
0x0000000054dd0000 - 0x00000000554ef000 	C:\Program Files\Java\jdk1.7.0_11\jre\bin\server\jvm.dll
0x000007fef73e0000 - 0x000007fef73e9000 	C:\Windows\system32\WSOCK32.dll
0x000007fefeea0000 - 0x000007fefeeed000 	C:\Windows\system32\WS2_32.dll
0x000007fefed10000 - 0x000007fefed18000 	C:\Windows\system32\NSI.dll
0x000007fefb420000 - 0x000007fefb45b000 	C:\Windows\system32\WINMM.dll
0x00000000777a0000 - 0x00000000777a7000 	C:\Windows\system32\PSAPI.DLL
0x0000000074000000 - 0x000000007400f000 	C:\Program Files\Java\jdk1.7.0_11\jre\bin\verify.dll
0x0000000073b60000 - 0x0000000073b88000 	C:\Program Files\Java\jdk1.7.0_11\jre\bin\java.dll
0x00000000739b0000 - 0x00000000739c5000 	C:\Program Files\Java\jdk1.7.0_11\jre\bin\zip.dll
0x0000000073990000 - 0x00000000739a9000 	C:\Program Files\Java\jdk1.7.0_11\jre\bin\net.dll
0x000007fefcd50000 - 0x000007fefcda5000 	C:\Windows\system32\mswsock.dll
0x000007fefcd40000 - 0x000007fefcd47000 	C:\Windows\System32\wship6.dll
0x0000000073970000 - 0x0000000073981000 	C:\Program Files\Java\jdk1.7.0_11\jre\bin\nio.dll

VM Arguments:
jvm_args: -Djava.awt.headless=true -Xmx8g -Dfile.encoding=GBK -Duser.country=CN -Duser.language=zh -Duser.variant 
java_command: com.android.dx.command.Main --dex --force-jumbo --num-threads=4 --multi-dex --output E:\studio\VkoCircleS\app\build\intermediates\transforms\dex\official\debug\folders\1000\2\jikmediaplayer_8ec48ba63fee52227de2b9fa3b74d995ede408a1 E:\studio\VkoCircleS\app\libs\jikmediaplayer.jar
Launcher Type: SUN_STANDARD

Environment Variables:
JAVA_HOME=C:\Program Files\Java\jdk1.7.0_11
CLASSPATH=.;C:\Program Files\Java\jdk1.7.0_11\lib\dt.jar;C:\Program Files\Java\jdk1.7.0_11\lib\tools.jar;
PATH=C:\Program Files\Java\jdk1.7.0_11\bin;C:\Program Files\Java\jdk1.7.0_11\jre\bin;C:\Windows\system32;C:\Windows;C:\Windows\System32\Wbem;C:\Windows\System32\WindowsPowerShell\v1.0\;C:\Program Files\nodejs\;d:\dev\maven\bin;C:\Users\JiaRH\AppData\Local\Android\Sdk\platform-tools.*;C:\Program Files\TortoiseSVN\bin;F:\zookeeper\zookeeper-3.4.8\zookeeper-3.4.8\bin
USERNAME=JiaRH
OS=Windows_NT
PROCESSOR_IDENTIFIER=Intel64 Family 6 Model 58 Stepping 9, GenuineIntel



---------------  S Y S T E M  ---------------

OS: Windows 7 , 64 bit Build 7601 Service Pack 1

CPU:total 4 (2 cores per cpu, 2 threads per core) family 6 model 58 stepping 9, cmov, cx8, fxsr, mmx, sse, sse2, sse3, ssse3, sse4.1, sse4.2, popcnt, avx, ht, tsc, tscinvbit, tscinv

Memory: 4k page, physical 8279396k(2260420k free), swap 8687152k(5124k free)

vm_info: Java HotSpot(TM) 64-Bit Server VM (23.6-b04) for windows-amd64 JRE (1.7.0_11-b21), built on Jan 12 2013 02:38:42 by "java_re" with unknown MS VC++:1600

time: Wed Nov 09 14:43:26 2016
elapsed time: 6 seconds

