#
# There is insufficient memory for the Java Runtime Environment to continue.
# Native memory allocation (malloc) failed to allocate 56176 bytes for Chunk::new
# Possible reasons:
#   The system is out of physical RAM or swap space
#   In 32 bit mode, the process size limit was hit
# Possible solutions:
#   Reduce memory load on the system
#   Increase physical memory or swap space
#   Check if swap backing store is full
#   Use 64 bit Java on a 64 bit OS
#   Decrease Java heap size (-Xmx/-Xms)
#   Decrease number of Java threads
#   Decrease Java thread stack sizes (-Xss)
#   Set larger code cache with -XX:ReservedCodeCacheSize=
# This output file may be truncated or incomplete.
#
#  Out of Memory Error (allocation.cpp:328), pid=6824, tid=3596
#
# JRE version: 7.0_11-b21
# Java VM: Java HotSpot(TM) 64-Bit Server VM (23.6-b04 mixed mode windows-amd64 compressed oops)
# Failed to write core dump. Minidumps are not enabled by default on client versions of Windows
#

---------------  T H R E A D  ---------------

Current thread (0x000000001c18b800):  JavaThread "C2 CompilerThread0" daemon [_thread_in_native, id=3596, stack(0x000000001d720000,0x000000001d820000)]

Stack: [0x000000001d720000,0x000000001d820000]

Current CompileTask:
C2:   3484  257             com.android.dx.ssa.DomFront::calcDomFronts (154 bytes)


---------------  P R O C E S S  ---------------

Java Threads: ( => current thread )
  0x000000001de48000 JavaThread "pool-2-thread-4" [_thread_in_vm, id=2432, stack(0x000000001e6d0000,0x000000001e7d0000)]
  0x000000001de0d800 JavaThread "pool-2-thread-3" [_thread_blocked, id=7612, stack(0x000000001e5d0000,0x000000001e6d0000)]
  0x000000001de0d000 JavaThread "pool-2-thread-2" [_thread_blocked, id=360, stack(0x000000001e300000,0x000000001e400000)]
  0x000000001dd85000 JavaThread "pool-3-thread-1" [_thread_blocked, id=8736, stack(0x000000001e1a0000,0x000000001e2a0000)]
  0x000000001dd84800 JavaThread "pool-2-thread-1" [_thread_in_Java, id=5096, stack(0x000000001daa0000,0x000000001dba0000)]
  0x000000001c1a3800 JavaThread "Service Thread" daemon [_thread_blocked, id=7480, stack(0x000000001d840000,0x000000001d940000)]
  0x000000001c19e800 JavaThread "C2 CompilerThread1" daemon [_thread_in_native, id=7932, stack(0x000000001d980000,0x000000001da80000)]
=>0x000000001c18b800 JavaThread "C2 CompilerThread0" daemon [_thread_in_native, id=3596, stack(0x000000001d720000,0x000000001d820000)]
  0x000000001c18a800 JavaThread "Attach Listener" daemon [_thread_blocked, id=6364, stack(0x000000001d5f0000,0x000000001d6f0000)]
  0x000000001c183800 JavaThread "Signal Dispatcher" daemon [_thread_blocked, id=1976, stack(0x000000001d3e0000,0x000000001d4e0000)]
  0x0000000002577000 JavaThread "Finalizer" daemon [_thread_blocked, id=2372, stack(0x000000001d220000,0x000000001d320000)]
  0x0000000002570000 JavaThread "Reference Handler" daemon [_thread_blocked, id=1644, stack(0x000000001cf20000,0x000000001d020000)]
  0x000000000024c800 JavaThread "main" [_thread_blocked, id=1984, stack(0x0000000002740000,0x0000000002840000)]

Other Threads:
  0x000000001c0e1800 VMThread [stack: 0x000000001d030000,0x000000001d130000] [id=8400]
  0x000000001c1bc000 WatcherThread [stack: 0x000000001dbd0000,0x000000001dcd0000] [id=8488]

VM state:not at safepoint (normal execution)

VM Mutex/Monitor currently owned by a thread: None

Heap
 PSYoungGen      total 37760K, used 10006K [0x0000000755560000, 0x0000000757f80000, 0x0000000800000000)
  eden space 32384K, 14% used [0x0000000755560000,0x00000007559e97c0,0x0000000757500000)
  from space 5376K, 99% used [0x0000000757500000,0x0000000757a3c048,0x0000000757a40000)
  to   space 5376K, 0% used [0x0000000757a40000,0x0000000757a40000,0x0000000757f80000)
 ParOldGen       total 86272K, used 990K [0x0000000600000000, 0x0000000605440000, 0x0000000755560000)
  object space 86272K, 1% used [0x0000000600000000,0x00000006000f79e8,0x0000000605440000)
 PSPermGen       total 21248K, used 5852K [0x00000005fae00000, 0x00000005fc2c0000, 0x0000000600000000)
  object space 21248K, 27% used [0x00000005fae00000,0x00000005fb3b7008,0x00000005fc2c0000)

Card table byte_map: [0x0000000005840000,0x0000000006870000] byte_map_base: 0x0000000002869000

Polling page: 0x0000000000230000

Code Cache  [0x0000000002840000, 0x0000000002ab0000, 0x0000000005840000)
 total_blobs=494 nmethods=258 adapters=187 free_code_cache=48139Kb largest_free_block=49254592

Compilation events (10 events):
Event: 3.446 Thread 0x000000001c18b800 nmethod 253 0x000000000292d390 code [0x000000000292d4e0, 0x000000000292d6d8]
Event: 3.449 Thread 0x000000001c19e800  254             com.android.dx.rop.code.RegisterSpec::make (7 bytes)
Event: 3.449 Thread 0x000000001c19e800 nmethod 254 0x00000000029267d0 code [0x0000000002926920, 0x0000000002926988]
Event: 3.451 Thread 0x000000001c18b800  255             com.android.dx.util.IntList::contains (14 bytes)
Event: 3.454 Thread 0x000000001c18b800 nmethod 255 0x000000000293b910 code [0x000000000293ba60, 0x000000000293bc38]
Event: 3.464 Thread 0x000000001c19e800  256             com.android.dx.ssa.SsaMethod$2::visitNonMoveInsn (6 bytes)
Event: 3.464 Thread 0x000000001c19e800 nmethod 256 0x000000000293b690 code [0x000000000293b7e0, 0x000000000293b868]
Event: 3.471 Thread 0x000000001c18b800  257             com.android.dx.ssa.DomFront::calcDomFronts (154 bytes)
Event: 3.477 Thread 0x000000001c19e800  258             java.util.ArrayList::toArray (12 bytes)
Event: 3.479 Thread 0x000000001c19e800 nmethod 258 0x000000000292cf50 code [0x000000000292d0a0, 0x000000000292d258]

GC Heap History (2 events):
Event: 2.728 GC heap before
{Heap before GC invocations=1 (full 0):
 PSYoungGen      total 37760K, used 32384K [0x0000000755560000, 0x0000000757f80000, 0x0000000800000000)
  eden space 32384K, 100% used [0x0000000755560000,0x0000000757500000,0x0000000757500000)
  from space 5376K, 0% used [0x0000000757a40000,0x0000000757a40000,0x0000000757f80000)
  to   space 5376K, 0% used [0x0000000757500000,0x0000000757500000,0x0000000757a40000)
 ParOldGen       total 86272K, used 0K [0x0000000600000000, 0x0000000605440000, 0x0000000755560000)
  object space 86272K, 0% used [0x0000000600000000,0x0000000600000000,0x0000000605440000)
 PSPermGen       total 21248K, used 5840K [0x00000005fae00000, 0x00000005fc2c0000, 0x0000000600000000)
  object space 21248K, 27% used [0x00000005fae00000,0x00000005fb3b4110,0x00000005fc2c0000)
Event: 2.899 GC heap after
Heap after GC invocations=1 (full 0):
 PSYoungGen      total 37760K, used 5360K [0x0000000755560000, 0x0000000757f80000, 0x0000000800000000)
  eden space 32384K, 0% used [0x0000000755560000,0x0000000755560000,0x0000000757500000)
  from space 5376K, 99% used [0x0000000757500000,0x0000000757a3c048,0x0000000757a40000)
  to   space 5376K, 0% used [0x0000000757a40000,0x0000000757a40000,0x0000000757f80000)
 ParOldGen       total 86272K, used 990K [0x0000000600000000, 0x0000000605440000, 0x0000000755560000)
  object space 86272K, 1% used [0x0000000600000000,0x00000006000f79e8,0x0000000605440000)
 PSPermGen       total 21248K, used 5840K [0x00000005fae00000, 0x00000005fc2c0000, 0x0000000600000000)
  object space 21248K, 27% used [0x00000005fae00000,0x00000005fb3b4110,0x00000005fc2c0000)
}

Deoptimization events (7 events):
Event: 1.019 Thread 0x000000001de0d800 Uncommon trap -34 fr.pc 0x00000000028c4c18
Event: 1.113 Thread 0x000000000024c800 Uncommon trap -34 fr.pc 0x00000000028c4c18
Event: 1.115 Thread 0x000000000024c800 Uncommon trap -34 fr.pc 0x00000000028c4c18
Event: 1.150 Thread 0x000000000024c800 Uncommon trap -34 fr.pc 0x00000000028c4c18
Event: 1.190 Thread 0x000000000024c800 Uncommon trap -34 fr.pc 0x00000000028b5db4
Event: 2.279 Thread 0x000000001de0d000 Uncommon trap -83 fr.pc 0x00000000028cd058
Event: 3.043 Thread 0x000000001de48000 Uncommon trap -12 fr.pc 0x000000000293480c

Internal exceptions (10 events):
Event: 0.605 Thread 0x000000001de0d800 Threw 0x0000000755cadf80 at C:\jdk7u1_64p\jdk7u11\hotspot\src\share\vm\prims\jvm.cpp:1166
Event: 0.608 Thread 0x000000000024c800 Threw 0x0000000755ee4568 at C:\jdk7u1_64p\jdk7u11\hotspot\src\share\vm\prims\jvm.cpp:1166
Event: 0.611 Thread 0x000000001de0d800 Threw 0x0000000755cc6330 at C:\jdk7u1_64p\jdk7u11\hotspot\src\share\vm\prims\jvm.cpp:1166
Event: 0.642 Thread 0x000000001de0d800 Threw 0x0000000755ce7330 at C:\jdk7u1_64p\jdk7u11\hotspot\src\share\vm\prims\jvm.cpp:1166
Event: 0.655 Thread 0x000000001de0d800 Threw 0x0000000755f99230 at C:\jdk7u1_64p\jdk7u11\hotspot\src\share\vm\prims\jvm.cpp:1166
Event: 0.658 Thread 0x000000001de0d800 Threw 0x0000000755fa59b0 at C:\jdk7u1_64p\jdk7u11\hotspot\src\share\vm\prims\jvm.cpp:1166
Event: 0.662 Thread 0x000000001de0d800 Threw 0x0000000755fb4790 at C:\jdk7u1_64p\jdk7u11\hotspot\src\share\vm\prims\jvm.cpp:1166
Event: 1.138 Thread 0x000000001de0d800 Threw 0x0000000756521ed8 at C:\jdk7u1_64p\jdk7u11\hotspot\src\share\vm\prims\jvm.cpp:1166
Event: 1.443 Thread 0x000000001de0d000 Threw 0x000000075685af28 at C:\jdk7u1_64p\jdk7u11\hotspot\src\share\vm\prims\jvm.cpp:1166
Event: 3.043 Thread 0x000000001de48000 Implicit null exception at 0x0000000002932490 to 0x0000000002934801

Events (10 events):
Event: 1.190 Thread 0x000000000024c800 DEOPT PACKING pc=0x00000000028b5db4 sp=0x000000000283e5e0
Event: 1.190 Thread 0x000000000024c800 DEOPT UNPACKING pc=0x0000000002879164 sp=0x000000000283e530 mode 2
Event: 1.443 loading class 0x000000001ddd1c60
Event: 1.443 loading class 0x000000001ddd1c60 done
Event: 2.279 Thread 0x000000001de0d000 DEOPT PACKING pc=0x00000000028cd058 sp=0x000000001e3fe4e0
Event: 2.279 Thread 0x000000001de0d000 DEOPT UNPACKING pc=0x0000000002879164 sp=0x000000001e3fe480 mode 2
Event: 2.728 Executing VM operation: ParallelGCFailedAllocation
Event: 2.899 Executing VM operation: ParallelGCFailedAllocation done
Event: 3.043 Thread 0x000000001de48000 DEOPT PACKING pc=0x000000000293480c sp=0x000000001e7ce9a0
Event: 3.043 Thread 0x000000001de48000 DEOPT UNPACKING pc=0x0000000002879164 sp=0x000000001e7ce8f8 mode 2


Dynamic libraries:
0x000000013f3e0000 - 0x000000013f413000 	C:\Program Files\Java\jdk1.7.0_11\bin\java.exe
0x00000000775d0000 - 0x0000000077779000 	C:\Windows\SYSTEM32\ntdll.dll
0x00000000774b0000 - 0x00000000775cf000 	C:\Windows\system32\kernel32.dll
0x000007fefd740000 - 0x000007fefd7ab000 	C:\Windows\system32\KERNELBASE.dll
0x000007fefedc0000 - 0x000007fefee9b000 	C:\Windows\system32\ADVAPI32.dll
0x000007fefded0000 - 0x000007fefdf6f000 	C:\Windows\system32\msvcrt.dll
0x000007feff860000 - 0x000007feff87f000 	C:\Windows\SYSTEM32\sechost.dll
0x000007feff730000 - 0x000007feff85d000 	C:\Windows\system32\RPCRT4.dll
0x00000000773b0000 - 0x00000000774aa000 	C:\Windows\system32\USER32.dll
0x000007feff100000 - 0x000007feff167000 	C:\Windows\system32\GDI32.dll
0x000007fefdf70000 - 0x000007fefdf7e000 	C:\Windows\system32\LPK.dll
0x000007feff420000 - 0x000007feff4e9000 	C:\Windows\system32\USP10.dll
0x000007fefbf90000 - 0x000007fefc184000 	C:\Windows\WinSxS\amd64_microsoft.windows.common-controls_6595b64144ccf1df_6.0.7601.17514_none_fa396087175ac9ac\COMCTL32.dll
0x000007fefd8f0000 - 0x000007fefd961000 	C:\Windows\system32\SHLWAPI.dll
0x000007feff4f0000 - 0x000007feff51e000 	C:\Windows\system32\IMM32.DLL
0x000007feff540000 - 0x000007feff649000 	C:\Windows\system32\MSCTF.dll
0x0000000073e70000 - 0x0000000073f41000 	C:\Program Files\Java\jdk1.7.0_11\jre\bin\msvcr100.dll
0x0000000054dd0000 - 0x00000000554ef000 	C:\Program Files\Java\jdk1.7.0_11\jre\bin\server\jvm.dll
0x000007fef73e0000 - 0x000007fef73e9000 	C:\Windows\system32\WSOCK32.dll
0x000007fefeea0000 - 0x000007fefeeed000 	C:\Windows\system32\WS2_32.dll
0x000007fefed10000 - 0x000007fefed18000 	C:\Windows\system32\NSI.dll
0x000007fefb420000 - 0x000007fefb45b000 	C:\Windows\system32\WINMM.dll
0x00000000777a0000 - 0x00000000777a7000 	C:\Windows\system32\PSAPI.DLL
0x0000000074000000 - 0x000000007400f000 	C:\Program Files\Java\jdk1.7.0_11\jre\bin\verify.dll
0x0000000073b60000 - 0x0000000073b88000 	C:\Program Files\Java\jdk1.7.0_11\jre\bin\java.dll
0x00000000739b0000 - 0x00000000739c5000 	C:\Program Files\Java\jdk1.7.0_11\jre\bin\zip.dll
0x0000000073990000 - 0x00000000739a9000 	C:\Program Files\Java\jdk1.7.0_11\jre\bin\net.dll
0x000007fefcd50000 - 0x000007fefcda5000 	C:\Windows\system32\mswsock.dll
0x000007fefcd40000 - 0x000007fefcd47000 	C:\Windows\System32\wship6.dll
0x0000000073970000 - 0x0000000073981000 	C:\Program Files\Java\jdk1.7.0_11\jre\bin\nio.dll

VM Arguments:
jvm_args: -Djava.awt.headless=true -Xmx8g -Dfile.encoding=GBK -Duser.country=CN -Duser.language=zh -Duser.variant 
java_command: com.android.dx.command.Main --dex --force-jumbo --num-threads=4 --multi-dex --output E:\studio\VkoCircleS\app\build\intermediates\transforms\dex\official\debug\folders\1000\2\umeng-analytics-v5.5.3_cdb71c5a10911c796985e31e43d097fcc0bc75b4 E:\studio\VkoCircleS\app\libs\umeng-analytics-v5.5.3.jar
Launcher Type: SUN_STANDARD

Environment Variables:
JAVA_HOME=C:\Program Files\Java\jdk1.7.0_11
CLASSPATH=.;C:\Program Files\Java\jdk1.7.0_11\lib\dt.jar;C:\Program Files\Java\jdk1.7.0_11\lib\tools.jar;
PATH=C:\Program Files\Java\jdk1.7.0_11\bin;C:\Program Files\Java\jdk1.7.0_11\jre\bin;C:\Windows\system32;C:\Windows;C:\Windows\System32\Wbem;C:\Windows\System32\WindowsPowerShell\v1.0\;C:\Program Files\nodejs\;d:\dev\maven\bin;C:\Users\JiaRH\AppData\Local\Android\Sdk\platform-tools.*;C:\Program Files\TortoiseSVN\bin;F:\zookeeper\zookeeper-3.4.8\zookeeper-3.4.8\bin
USERNAME=JiaRH
OS=Windows_NT
PROCESSOR_IDENTIFIER=Intel64 Family 6 Model 58 Stepping 9, GenuineIntel



---------------  S Y S T E M  ---------------

OS: Windows 7 , 64 bit Build 7601 Service Pack 1

CPU:total 4 (2 cores per cpu, 2 threads per core) family 6 model 58 stepping 9, cmov, cx8, fxsr, mmx, sse, sse2, sse3, ssse3, sse4.1, sse4.2, popcnt, avx, ht, tsc, tscinvbit, tscinv

Memory: 4k page, physical 8279396k(2240284k free), swap 8687152k(5184k free)

vm_info: Java HotSpot(TM) 64-Bit Server VM (23.6-b04) for windows-amd64 JRE (1.7.0_11-b21), built on Jan 12 2013 02:38:42 by "java_re" with unknown MS VC++:1600

time: Wed Nov 09 14:48:46 2016
elapsed time: 3 seconds

