#
# There is insufficient memory for the Java Runtime Environment to continue.
# Native memory allocation (malloc) failed to allocate 433552 bytes for Chunk::new
# Possible reasons:
#   The system is out of physical RAM or swap space
#   In 32 bit mode, the process size limit was hit
# Possible solutions:
#   Reduce memory load on the system
#   Increase physical memory or swap space
#   Check if swap backing store is full
#   Use 64 bit Java on a 64 bit OS
#   Decrease Java heap size (-Xmx/-Xms)
#   Decrease number of Java threads
#   Decrease Java thread stack sizes (-Xss)
#   Set larger code cache with -XX:ReservedCodeCacheSize=
# This output file may be truncated or incomplete.
#
#  Out of Memory Error (allocation.cpp:328), pid=5032, tid=9000
#
# JRE version: 7.0_11-b21
# Java VM: Java HotSpot(TM) 64-Bit Server VM (23.6-b04 mixed mode windows-amd64 compressed oops)
# Failed to write core dump. Minidumps are not enabled by default on client versions of Windows
#

---------------  T H R E A D  ---------------

Current thread (0x000000001c27b800):  JavaThread "C2 CompilerThread0" daemon [_thread_in_native, id=9000, stack(0x000000001d660000,0x000000001d760000)]

Stack: [0x000000001d660000,0x000000001d760000]

Current CompileTask:
C2:   7889  682             com.android.dx.dex.cf.CfTranslator::translate0 (259 bytes)


---------------  P R O C E S S  ---------------

Java Threads: ( => current thread )
  0x000000001df05000 JavaThread "pool-2-thread-4" [_thread_blocked, id=5376, stack(0x000000001ed20000,0x000000001ee20000)]
  0x000000001de1e800 JavaThread "pool-2-thread-3" [_thread_blocked, id=480, stack(0x000000001e300000,0x000000001e400000)]
  0x000000001dced800 JavaThread "pool-2-thread-2" [_thread_in_Java, id=7800, stack(0x000000001e1d0000,0x000000001e2d0000)]
  0x000000001dc6b000 JavaThread "pool-3-thread-1" [_thread_blocked, id=5488, stack(0x000000001dfc0000,0x000000001e0c0000)]
  0x000000001dbce000 JavaThread "pool-2-thread-1" [_thread_in_Java, id=8856, stack(0x000000001d8d0000,0x000000001d9d0000)]
  0x000000001c27e000 JavaThread "Service Thread" daemon [_thread_blocked, id=2360, stack(0x000000001d7d0000,0x000000001d8d0000)]
  0x000000001c27d800 JavaThread "C2 CompilerThread1" daemon [_thread_blocked, id=4156, stack(0x000000001d560000,0x000000001d660000)]
=>0x000000001c27b800 JavaThread "C2 CompilerThread0" daemon [_thread_in_native, id=9000, stack(0x000000001d660000,0x000000001d760000)]
  0x000000001c27a800 JavaThread "Attach Listener" daemon [_thread_blocked, id=8468, stack(0x000000001d3b0000,0x000000001d4b0000)]
  0x000000001c273800 JavaThread "Signal Dispatcher" daemon [_thread_blocked, id=8132, stack(0x000000001d080000,0x000000001d180000)]
  0x0000000002487000 JavaThread "Finalizer" daemon [_thread_blocked, id=5200, stack(0x000000001d1b0000,0x000000001d2b0000)]
  0x0000000002480000 JavaThread "Reference Handler" daemon [_thread_blocked, id=8940, stack(0x000000001cf10000,0x000000001d010000)]
  0x000000000254c800 JavaThread "main" [_thread_in_native, id=2372, stack(0x0000000002840000,0x0000000002940000)]

Other Threads:
  0x000000001c1d1800 VMThread [stack: 0x000000001cdf0000,0x000000001cef0000] [id=5076]
  0x000000001c27f800 WatcherThread [stack: 0x000000001da80000,0x000000001db80000] [id=7840]

VM state:not at safepoint (normal execution)

VM Mutex/Monitor currently owned by a thread: None

Heap
 PSYoungGen      total 293248K, used 12859K [0x0000000755560000, 0x000000077be80000, 0x0000000800000000)
  eden space 252928K, 1% used [0x0000000755560000,0x0000000755873320,0x0000000764c60000)
  from space 40320K, 24% used [0x0000000764c60000,0x00000007655dbcb0,0x00000007673c0000)
  to   space 63040K, 0% used [0x00000007780f0000,0x00000007780f0000,0x000000077be80000)
 ParOldGen       total 86272K, used 86270K [0x0000000600000000, 0x0000000605440000, 0x0000000755560000)
  object space 86272K, 99% used [0x0000000600000000,0x000000060543f880,0x0000000605440000)
 PSPermGen       total 21248K, used 5629K [0x00000005fae00000, 0x00000005fc2c0000, 0x0000000600000000)
  object space 21248K, 26% used [0x00000005fae00000,0x00000005fb37f4e8,0x00000005fc2c0000)

Card table byte_map: [0x0000000005940000,0x0000000006970000] byte_map_base: 0x0000000002969000

Polling page: 0x0000000000340000

Code Cache  [0x0000000002940000, 0x0000000002c10000, 0x0000000005940000)
 total_blobs=898 nmethods=683 adapters=166 free_code_cache=46349Kb largest_free_block=47419648

Compilation events (10 events):
Event: 6.826 Thread 0x000000001c27d800 nmethod 678 0x0000000002bfbe10 code [0x0000000002bfbfe0, 0x0000000002bfd708]
Event: 6.840 Thread 0x000000001c27b800  680             com.android.dx.rop.type.Type::compareTo (12 bytes)
Event: 6.840 Thread 0x000000001c27b800 nmethod 680 0x0000000002becc50 code [0x0000000002becd80, 0x0000000002becef8]
Event: 6.845 Thread 0x000000001c27d800  681             com.android.dx.ssa.back.SsaToRop::moveParametersToHighRegisters (88 bytes)
Event: 6.850 Thread 0x000000001c27d800 nmethod 681 0x0000000002c04d10 code [0x0000000002c04ea0, 0x0000000002c05228]
Event: 6.908 Thread 0x000000001c27b800  682             com.android.dx.dex.cf.CfTranslator::translate0 (259 bytes)
Event: 6.925 Thread 0x000000001c27d800  683             com.android.dx.ssa.PhiInsn::updateSourcesToDefinitions (68 bytes)
Event: 6.934 Thread 0x000000001c27d800 nmethod 683 0x0000000002c06010 code [0x0000000002c061a0, 0x0000000002c06778]
Event: 6.934 Thread 0x000000001c27d800  684             com.android.dx.cf.code.SwitchList::getTarget (9 bytes)
Event: 6.935 Thread 0x000000001c27d800 nmethod 684 0x0000000002bfbad0 code [0x0000000002bfbc20, 0x0000000002bfbcd8]

GC Heap History (10 events):
Event: 3.889 GC heap before
{Heap before GC invocations=4 (full 0):
 PSYoungGen      total 70144K, used 70137K [0x0000000755560000, 0x000000075de60000, 0x0000000800000000)
  eden space 64768K, 100% used [0x0000000755560000,0x00000007594a0000,0x00000007594a0000)
  from space 5376K, 99% used [0x00000007594a0000,0x00000007599de750,0x00000007599e0000)
  to   space 5376K, 0% used [0x000000075d920000,0x000000075d920000,0x000000075de60000)
 ParOldGen       total 86272K, used 14992K [0x0000000600000000, 0x0000000605440000, 0x0000000755560000)
  object space 86272K, 17% used [0x0000000600000000,0x0000000600ea4268,0x0000000605440000)
 PSPermGen       total 21248K, used 5597K [0x00000005fae00000, 0x00000005fc2c0000, 0x0000000600000000)
  object space 21248K, 26% used [0x00000005fae00000,0x00000005fb377640,0x00000005fc2c0000)
Event: 3.919 GC heap after
Heap after GC invocations=4 (full 0):
 PSYoungGen      total 134912K, used 5375K [0x0000000755560000, 0x000000075de60000, 0x0000000800000000)
  eden space 129536K, 0% used [0x0000000755560000,0x0000000755560000,0x000000075d3e0000)
  from space 5376K, 99% used [0x000000075d920000,0x000000075de5fc30,0x000000075de60000)
  to   space 5376K, 0% used [0x000000075d3e0000,0x000000075d3e0000,0x000000075d920000)
 ParOldGen       total 86272K, used 23533K [0x0000000600000000, 0x0000000605440000, 0x0000000755560000)
  object space 86272K, 27% used [0x0000000600000000,0x00000006016fb6b0,0x0000000605440000)
 PSPermGen       total 21248K, used 5597K [0x00000005fae00000, 0x00000005fc2c0000, 0x0000000600000000)
  object space 21248K, 26% used [0x00000005fae00000,0x00000005fb377640,0x00000005fc2c0000)
}
Event: 4.793 GC heap before
{Heap before GC invocations=5 (full 0):
 PSYoungGen      total 134912K, used 134911K [0x0000000755560000, 0x000000075de60000, 0x0000000800000000)
  eden space 129536K, 100% used [0x0000000755560000,0x000000075d3e0000,0x000000075d3e0000)
  from space 5376K, 99% used [0x000000075d920000,0x000000075de5fc30,0x000000075de60000)
  to   space 5376K, 0% used [0x000000075d3e0000,0x000000075d3e0000,0x000000075d920000)
 ParOldGen       total 86272K, used 23533K [0x0000000600000000, 0x0000000605440000, 0x0000000755560000)
  object space 86272K, 27% used [0x0000000600000000,0x00000006016fb6b0,0x0000000605440000)
 PSPermGen       total 21248K, used 5612K [0x00000005fae00000, 0x00000005fc2c0000, 0x0000000600000000)
  object space 21248K, 26% used [0x00000005fae00000,0x00000005fb37b028,0x00000005fc2c0000)
Event: 4.887 GC heap after
Heap after GC invocations=5 (full 0):
 PSYoungGen      total 134912K, used 5371K [0x0000000755560000, 0x0000000769520000, 0x0000000800000000)
  eden space 129536K, 0% used [0x0000000755560000,0x0000000755560000,0x000000075d3e0000)
  from space 5376K, 99% used [0x000000075d3e0000,0x000000075d91ed78,0x000000075d920000)
  to   space 34176K, 0% used [0x00000007673c0000,0x00000007673c0000,0x0000000769520000)
 ParOldGen       total 86272K, used 54804K [0x0000000600000000, 0x0000000605440000, 0x0000000755560000)
  object space 86272K, 63% used [0x0000000600000000,0x0000000603585360,0x0000000605440000)
 PSPermGen       total 21248K, used 5612K [0x00000005fae00000, 0x00000005fc2c0000, 0x0000000600000000)
  object space 21248K, 26% used [0x00000005fae00000,0x00000005fb37b028,0x00000005fc2c0000)
}
Event: 5.564 GC heap before
{Heap before GC invocations=6 (full 0):
 PSYoungGen      total 134912K, used 134907K [0x0000000755560000, 0x0000000769520000, 0x0000000800000000)
  eden space 129536K, 100% used [0x0000000755560000,0x000000075d3e0000,0x000000075d3e0000)
  from space 5376K, 99% used [0x000000075d3e0000,0x000000075d91ed78,0x000000075d920000)
  to   space 34176K, 0% used [0x00000007673c0000,0x00000007673c0000,0x0000000769520000)
 ParOldGen       total 86272K, used 54804K [0x0000000600000000, 0x0000000605440000, 0x0000000755560000)
  object space 86272K, 63% used [0x0000000600000000,0x0000000603585360,0x0000000605440000)
 PSPermGen       total 21248K, used 5616K [0x00000005fae00000, 0x00000005fc2c0000, 0x0000000600000000)
  object space 21248K, 26% used [0x00000005fae00000,0x00000005fb37c3d8,0x00000005fc2c0000)
Event: 5.615 GC heap after
Heap after GC invocations=6 (full 0):
 PSYoungGen      total 287104K, used 32290K [0x0000000755560000, 0x000000076a120000, 0x0000000800000000)
  eden space 252928K, 0% used [0x0000000755560000,0x0000000755560000,0x0000000764c60000)
  from space 34176K, 94% used [0x00000007673c0000,0x0000000769348818,0x0000000769520000)
  to   space 40320K, 0% used [0x0000000764c60000,0x0000000764c60000,0x00000007673c0000)
 ParOldGen       total 86272K, used 54804K [0x0000000600000000, 0x0000000605440000, 0x0000000755560000)
  object space 86272K, 63% used [0x0000000600000000,0x0000000603585360,0x0000000605440000)
 PSPermGen       total 21248K, used 5616K [0x00000005fae00000, 0x00000005fc2c0000, 0x0000000600000000)
  object space 21248K, 26% used [0x00000005fae00000,0x00000005fb37c3d8,0x00000005fc2c0000)
}
Event: 6.940 GC heap before
{Heap before GC invocations=7 (full 0):
 PSYoungGen      total 287104K, used 285218K [0x0000000755560000, 0x000000076a120000, 0x0000000800000000)
  eden space 252928K, 100% used [0x0000000755560000,0x0000000764c60000,0x0000000764c60000)
  from space 34176K, 94% used [0x00000007673c0000,0x0000000769348818,0x0000000769520000)
  to   space 40320K, 0% used [0x0000000764c60000,0x0000000764c60000,0x00000007673c0000)
 ParOldGen       total 86272K, used 54804K [0x0000000600000000, 0x0000000605440000, 0x0000000755560000)
  object space 86272K, 63% used [0x0000000600000000,0x0000000603585360,0x0000000605440000)
 PSPermGen       total 21248K, used 5633K [0x00000005fae00000, 0x00000005fc2c0000, 0x0000000600000000)
  object space 21248K, 26% used [0x00000005fae00000,0x00000005fb380748,0x00000005fc2c0000)
Event: 7.055 GC heap after
Heap after GC invocations=7 (full 0):
 PSYoungGen      total 293248K, used 40318K [0x0000000755560000, 0x000000077be80000, 0x0000000800000000)
  eden space 252928K, 0% used [0x0000000755560000,0x0000000755560000,0x0000000764c60000)
  from space 40320K, 99% used [0x0000000764c60000,0x00000007673bfbb8,0x00000007673c0000)
  to   space 63040K, 0% used [0x00000007780f0000,0x00000007780f0000,0x000000077be80000)
 ParOldGen       total 86272K, used 84606K [0x0000000600000000, 0x0000000605440000, 0x0000000755560000)
  object space 86272K, 98% used [0x0000000600000000,0x000000060529f968,0x0000000605440000)
 PSPermGen       total 21248K, used 5633K [0x00000005fae00000, 0x00000005fc2c0000, 0x0000000600000000)
  object space 21248K, 26% used [0x00000005fae00000,0x00000005fb380748,0x00000005fc2c0000)
}
Event: 7.055 GC heap before
{Heap before GC invocations=8 (full 1):
 PSYoungGen      total 293248K, used 40318K [0x0000000755560000, 0x000000077be80000, 0x0000000800000000)
  eden space 252928K, 0% used [0x0000000755560000,0x0000000755560000,0x0000000764c60000)
  from space 40320K, 99% used [0x0000000764c60000,0x00000007673bfbb8,0x00000007673c0000)
  to   space 63040K, 0% used [0x00000007780f0000,0x00000007780f0000,0x000000077be80000)
 ParOldGen       total 86272K, used 84606K [0x0000000600000000, 0x0000000605440000, 0x0000000755560000)
  object space 86272K, 98% used [0x0000000600000000,0x000000060529f968,0x0000000605440000)
 PSPermGen       total 21248K, used 5633K [0x00000005fae00000, 0x00000005fc2c0000, 0x0000000600000000)
  object space 21248K, 26% used [0x00000005fae00000,0x00000005fb380748,0x00000005fc2c0000)
Event: 7.886 GC heap after
Heap after GC invocations=8 (full 1):
 PSYoungGen      total 293248K, used 9711K [0x0000000755560000, 0x000000077be80000, 0x0000000800000000)
  eden space 252928K, 0% used [0x0000000755560000,0x0000000755560000,0x0000000764c60000)
  from space 40320K, 24% used [0x0000000764c60000,0x00000007655dbcb0,0x00000007673c0000)
  to   space 63040K, 0% used [0x00000007780f0000,0x00000007780f0000,0x000000077be80000)
 ParOldGen       total 86272K, used 86270K [0x0000000600000000, 0x0000000605440000, 0x0000000755560000)
  object space 86272K, 99% used [0x0000000600000000,0x000000060543f880,0x0000000605440000)
 PSPermGen       total 21248K, used 5629K [0x00000005fae00000, 0x00000005fc2c0000, 0x0000000600000000)
  object space 21248K, 26% used [0x00000005fae00000,0x00000005fb37f4e8,0x00000005fc2c0000)
}

Deoptimization events (10 events):
Event: 4.431 Thread 0x000000001dced800 Uncommon trap -34 fr.pc 0x00000000029ebe94
Event: 4.573 Thread 0x000000000254c800 Uncommon trap -58 fr.pc 0x0000000002a44964
Event: 4.632 Thread 0x000000001de1e800 Uncommon trap -34 fr.pc 0x0000000002ac8ed8
Event: 4.971 Thread 0x000000001dced800 Uncommon trap -34 fr.pc 0x0000000002b9cbf8
Event: 4.971 Thread 0x000000001dced800 Uncommon trap -58 fr.pc 0x0000000002bc1308
Event: 6.737 Thread 0x000000001dced800 Uncommon trap -34 fr.pc 0x0000000002b9cbf8
Event: 6.737 Thread 0x000000001dced800 Uncommon trap -58 fr.pc 0x0000000002bc1308
Event: 6.749 Thread 0x000000001df05000 Uncommon trap -34 fr.pc 0x0000000002b9cbf8
Event: 6.797 Thread 0x000000001dbce000 Uncommon trap -34 fr.pc 0x0000000002b9cbf8
Event: 6.908 Thread 0x000000001dced800 Uncommon trap -12 fr.pc 0x0000000002bcb67c

Internal exceptions (10 events):
Event: 2.141 Thread 0x000000000254c800 Threw 0x0000000755a425f0 at C:\jdk7u1_64p\jdk7u11\hotspot\src\share\vm\prims\jvm.cpp:1166
Event: 2.142 Thread 0x000000000254c800 Threw 0x0000000755a4c348 at C:\jdk7u1_64p\jdk7u11\hotspot\src\share\vm\prims\jvm.cpp:1166
Event: 2.142 Thread 0x000000000254c800 Threw 0x0000000755ba81c8 at C:\jdk7u1_64p\jdk7u11\hotspot\src\share\vm\prims\jvm.cpp:1166
Event: 2.460 Thread 0x000000001dced800 Threw 0x00000007573a8158 at C:\jdk7u1_64p\jdk7u11\hotspot\src\share\vm\prims\jvm.cpp:1166
Event: 2.692 Thread 0x000000000254c800 Threw 0x0000000758507158 at C:\jdk7u1_64p\jdk7u11\hotspot\src\share\vm\prims\jvm.cpp:1166
Event: 3.062 Thread 0x000000001dced800 Threw 0x0000000756ea8b50 at C:\jdk7u1_64p\jdk7u11\hotspot\src\share\vm\prims\jvm.cpp:1166
Event: 3.072 Thread 0x000000001dced800 Threw 0x0000000756eee568 at C:\jdk7u1_64p\jdk7u11\hotspot\src\share\vm\prims\jvm.cpp:1166
Event: 3.927 Thread 0x000000000254c800 Implicit null exception at 0x0000000002b43973 to 0x0000000002b44045
Event: 4.243 Thread 0x000000001de1e800 Implicit null exception at 0x0000000002ad9d8b to 0x0000000002adcdfd
Event: 6.908 Thread 0x000000001dced800 Implicit null exception at 0x0000000002bc97fc to 0x0000000002bcb671

Events (10 events):
Event: 6.908 Thread 0x000000001dced800 DEOPT PACKING pc=0x0000000002bcb67c sp=0x000000001e2cedb0
Event: 6.908 Thread 0x000000001dced800 DEOPT UNPACKING pc=0x0000000002979164 sp=0x000000001e2ced18 mode 2
Event: 6.937 Executing VM operation: ParallelGCFailedAllocation
Event: 7.886 Executing VM operation: ParallelGCFailedAllocation done
Event: 7.886 Executing VM operation: RevokeBias
Event: 7.886 Executing VM operation: RevokeBias done
Event: 7.886 Executing VM operation: RevokeBias
Event: 7.886 Executing VM operation: RevokeBias done
Event: 7.886 Executing VM operation: RevokeBias
Event: 7.886 Executing VM operation: RevokeBias done


Dynamic libraries:
0x000000013f3e0000 - 0x000000013f413000 	C:\Program Files\Java\jdk1.7.0_11\bin\java.exe
0x00000000775d0000 - 0x0000000077779000 	C:\Windows\SYSTEM32\ntdll.dll
0x00000000774b0000 - 0x00000000775cf000 	C:\Windows\system32\kernel32.dll
0x000007fefd740000 - 0x000007fefd7ab000 	C:\Windows\system32\KERNELBASE.dll
0x000007fefedc0000 - 0x000007fefee9b000 	C:\Windows\system32\ADVAPI32.dll
0x000007fefded0000 - 0x000007fefdf6f000 	C:\Windows\system32\msvcrt.dll
0x000007feff860000 - 0x000007feff87f000 	C:\Windows\SYSTEM32\sechost.dll
0x000007feff730000 - 0x000007feff85d000 	C:\Windows\system32\RPCRT4.dll
0x00000000773b0000 - 0x00000000774aa000 	C:\Windows\system32\USER32.dll
0x000007feff100000 - 0x000007feff167000 	C:\Windows\system32\GDI32.dll
0x000007fefdf70000 - 0x000007fefdf7e000 	C:\Windows\system32\LPK.dll
0x000007feff420000 - 0x000007feff4e9000 	C:\Windows\system32\USP10.dll
0x000007fefbf90000 - 0x000007fefc184000 	C:\Windows\WinSxS\amd64_microsoft.windows.common-controls_6595b64144ccf1df_6.0.7601.17514_none_fa396087175ac9ac\COMCTL32.dll
0x000007fefd8f0000 - 0x000007fefd961000 	C:\Windows\system32\SHLWAPI.dll
0x000007feff4f0000 - 0x000007feff51e000 	C:\Windows\system32\IMM32.DLL
0x000007feff540000 - 0x000007feff649000 	C:\Windows\system32\MSCTF.dll
0x0000000073e70000 - 0x0000000073f41000 	C:\Program Files\Java\jdk1.7.0_11\jre\bin\msvcr100.dll
0x0000000054dd0000 - 0x00000000554ef000 	C:\Program Files\Java\jdk1.7.0_11\jre\bin\server\jvm.dll
0x000007fef73e0000 - 0x000007fef73e9000 	C:\Windows\system32\WSOCK32.dll
0x000007fefeea0000 - 0x000007fefeeed000 	C:\Windows\system32\WS2_32.dll
0x000007fefed10000 - 0x000007fefed18000 	C:\Windows\system32\NSI.dll
0x000007fefb420000 - 0x000007fefb45b000 	C:\Windows\system32\WINMM.dll
0x00000000777a0000 - 0x00000000777a7000 	C:\Windows\system32\PSAPI.DLL
0x0000000074000000 - 0x000000007400f000 	C:\Program Files\Java\jdk1.7.0_11\jre\bin\verify.dll
0x0000000073b60000 - 0x0000000073b88000 	C:\Program Files\Java\jdk1.7.0_11\jre\bin\java.dll
0x00000000739b0000 - 0x00000000739c5000 	C:\Program Files\Java\jdk1.7.0_11\jre\bin\zip.dll

VM Arguments:
jvm_args: -Djava.awt.headless=true -Xmx8g -Dfile.encoding=GBK -Duser.country=CN -Duser.language=zh -Duser.variant 
java_command: com.android.dx.command.Main --dex --force-jumbo --num-threads=4 --multi-dex --output E:\studio\VkoCircleS\app\build\intermediates\transforms\dex\official\debug\folders\1000\5\slice_7 E:\studio\VkoCircleS\app\build\intermediates\transforms\instantRunSlicer\official\debug\folders\1\5\slice_7
Launcher Type: SUN_STANDARD

Environment Variables:
JAVA_HOME=C:\Program Files\Java\jdk1.7.0_11
CLASSPATH=.;C:\Program Files\Java\jdk1.7.0_11\lib\dt.jar;C:\Program Files\Java\jdk1.7.0_11\lib\tools.jar;
PATH=C:\Program Files\Java\jdk1.7.0_11\bin;C:\Program Files\Java\jdk1.7.0_11\jre\bin;C:\Windows\system32;C:\Windows;C:\Windows\System32\Wbem;C:\Windows\System32\WindowsPowerShell\v1.0\;C:\Program Files\nodejs\;d:\dev\maven\bin;C:\Users\JiaRH\AppData\Local\Android\Sdk\platform-tools.*;C:\Program Files\TortoiseSVN\bin;F:\zookeeper\zookeeper-3.4.8\zookeeper-3.4.8\bin
USERNAME=JiaRH
OS=Windows_NT
PROCESSOR_IDENTIFIER=Intel64 Family 6 Model 58 Stepping 9, GenuineIntel



---------------  S Y S T E M  ---------------

OS: Windows 7 , 64 bit Build 7601 Service Pack 1

CPU:total 4 (2 cores per cpu, 2 threads per core) family 6 model 58 stepping 9, cmov, cx8, fxsr, mmx, sse, sse2, sse3, ssse3, sse4.1, sse4.2, popcnt, avx, ht, tsc, tscinvbit, tscinv

Memory: 4k page, physical 8279396k(1668024k free), swap 8687152k(3596k free)

vm_info: Java HotSpot(TM) 64-Bit Server VM (23.6-b04) for windows-amd64 JRE (1.7.0_11-b21), built on Jan 12 2013 02:38:42 by "java_re" with unknown MS VC++:1600

time: Wed Nov 09 14:44:23 2016
elapsed time: 7 seconds

