#
# There is insufficient memory for the Java Runtime Environment to continue.
# Native memory allocation (malloc) failed to allocate 886736 bytes for Chunk::new
# Possible reasons:
#   The system is out of physical RAM or swap space
#   In 32 bit mode, the process size limit was hit
# Possible solutions:
#   Reduce memory load on the system
#   Increase physical memory or swap space
#   Check if swap backing store is full
#   Use 64 bit Java on a 64 bit OS
#   Decrease Java heap size (-Xmx/-Xms)
#   Decrease number of Java threads
#   Decrease Java thread stack sizes (-Xss)
#   Set larger code cache with -XX:ReservedCodeCacheSize=
# This output file may be truncated or incomplete.
#
#  Out of Memory Error (allocation.cpp:328), pid=9120, tid=5324
#
# JRE version: 7.0_11-b21
# Java VM: Java HotSpot(TM) 64-Bit Server VM (23.6-b04 mixed mode windows-amd64 compressed oops)
# Failed to write core dump. Minidumps are not enabled by default on client versions of Windows
#

---------------  T H R E A D  ---------------

Current thread (0x000000001c079000):  JavaThread "C2 CompilerThread1" daemon [_thread_in_native, id=5324, stack(0x000000001da40000,0x000000001db40000)]

Stack: [0x000000001da40000,0x000000001db40000]

Current CompileTask:
C2:   4013  222             com.android.dx.ssa.SCCP::simulateBlock (54 bytes)


---------------  P R O C E S S  ---------------

Java Threads: ( => current thread )
  0x000000001ddff000 JavaThread "pool-2-thread-4" [_thread_in_vm, id=7404, stack(0x000000001d4a0000,0x000000001d5a0000)]
  0x000000001de1f000 JavaThread "pool-2-thread-3" [_thread_in_vm, id=8928, stack(0x000000001e750000,0x000000001e850000)]
  0x000000001dde4000 JavaThread "pool-2-thread-2" [_thread_in_Java, id=7844, stack(0x000000001e620000,0x000000001e720000)]
  0x000000001dde3000 JavaThread "pool-3-thread-1" [_thread_blocked, id=6432, stack(0x000000001e510000,0x000000001e610000)]
  0x000000001dde2800 JavaThread "pool-2-thread-1" [_thread_in_Java, id=4412, stack(0x000000001e3a0000,0x000000001e4a0000)]
  0x000000001c079800 JavaThread "Service Thread" daemon [_thread_blocked, id=8472, stack(0x000000001dc20000,0x000000001dd20000)]
=>0x000000001c079000 JavaThread "C2 CompilerThread1" daemon [_thread_in_native, id=5324, stack(0x000000001da40000,0x000000001db40000)]
  0x000000001c06b800 JavaThread "C2 CompilerThread0" daemon [_thread_in_native, id=8752, stack(0x000000001d890000,0x000000001d990000)]
  0x000000001c06a800 JavaThread "Attach Listener" daemon [_thread_blocked, id=8784, stack(0x000000001d780000,0x000000001d880000)]
  0x000000001c063800 JavaThread "Signal Dispatcher" daemon [_thread_blocked, id=5108, stack(0x000000001d5b0000,0x000000001d6b0000)]
  0x00000000025d7000 JavaThread "Finalizer" daemon [_thread_blocked, id=2476, stack(0x000000001d330000,0x000000001d430000)]
  0x00000000025d0000 JavaThread "Reference Handler" daemon [_thread_blocked, id=1236, stack(0x000000001d1c0000,0x000000001d2c0000)]
  0x000000000267c800 JavaThread "main" [_thread_in_Java, id=1864, stack(0x00000000027f0000,0x00000000028f0000)]

Other Threads:
  0x000000001bfc1800 VMThread [stack: 0x000000001cfc0000,0x000000001d0c0000] [id=8488]
  0x000000001c08a800 WatcherThread [stack: 0x000000001ce80000,0x000000001cf80000] [id=3672]

VM state:not at safepoint (normal execution)

VM Mutex/Monitor currently owned by a thread: None

Heap
 PSYoungGen      total 37760K, used 27200K [0x0000000755560000, 0x0000000759f20000, 0x0000000800000000)
  eden space 32384K, 67% used [0x0000000755560000,0x0000000756ab0480,0x0000000757500000)
  from space 5376K, 99% used [0x0000000757500000,0x0000000757a3fca8,0x0000000757a40000)
  to   space 5376K, 0% used [0x00000007599e0000,0x00000007599e0000,0x0000000759f20000)
 ParOldGen       total 86272K, used 1626K [0x0000000600000000, 0x0000000605440000, 0x0000000755560000)
  object space 86272K, 1% used [0x0000000600000000,0x0000000600196b18,0x0000000605440000)
 PSPermGen       total 21248K, used 5936K [0x00000005fae00000, 0x00000005fc2c0000, 0x0000000600000000)
  object space 21248K, 27% used [0x00000005fae00000,0x00000005fb3cc2b0,0x00000005fc2c0000)

Card table byte_map: [0x00000000058f0000,0x0000000006920000] byte_map_base: 0x0000000002919000

Polling page: 0x0000000000230000

Code Cache  [0x00000000028f0000, 0x0000000002b60000, 0x00000000058f0000)
 total_blobs=457 nmethods=221 adapters=187 free_code_cache=48322Kb largest_free_block=49451584

Compilation events (10 events):
Event: 3.952 Thread 0x000000001c079000 nmethod 215 0x00000000029b1b90 code [0x00000000029b1cc0, 0x00000000029b1d18]
Event: 3.952 Thread 0x000000001c079000  216             com.android.dx.rop.code.PlainInsn::<init> (73 bytes)
Event: 3.953 Thread 0x000000001c079000 nmethod 216 0x00000000029b4810 code [0x00000000029b4960, 0x00000000029b4ab8]
Event: 3.953 Thread 0x000000001c079000  218             java.util.Random::next (47 bytes)
Event: 3.955 Thread 0x000000001c079000 nmethod 218 0x00000000029b4510 code [0x00000000029b4640, 0x00000000029b4738]
Event: 3.955 Thread 0x000000001c079000  219             java.util.concurrent.atomic.AtomicLong::compareAndSet (13 bytes)
Event: 3.955 Thread 0x000000001c079000 nmethod 219 0x00000000029b1990 code [0x00000000029b1ac0, 0x00000000029b1b38]
Event: 3.955 Thread 0x000000001c079000  220             java.util.concurrent.atomic.AtomicLong::get (5 bytes)
Event: 3.955 Thread 0x000000001c079000 nmethod 220 0x00000000029b4310 code [0x00000000029b4440, 0x00000000029b4498]
Event: 3.955 Thread 0x000000001c079000  222             com.android.dx.ssa.SCCP::simulateBlock (54 bytes)

GC Heap History (2 events):
Event: 2.774 GC heap before
{Heap before GC invocations=1 (full 0):
 PSYoungGen      total 37760K, used 32384K [0x0000000755560000, 0x0000000757f80000, 0x0000000800000000)
  eden space 32384K, 100% used [0x0000000755560000,0x0000000757500000,0x0000000757500000)
  from space 5376K, 0% used [0x0000000757a40000,0x0000000757a40000,0x0000000757f80000)
  to   space 5376K, 0% used [0x0000000757500000,0x0000000757500000,0x0000000757a40000)
 ParOldGen       total 86272K, used 0K [0x0000000600000000, 0x0000000605440000, 0x0000000755560000)
  object space 86272K, 0% used [0x0000000600000000,0x0000000600000000,0x0000000605440000)
 PSPermGen       total 21248K, used 5870K [0x00000005fae00000, 0x00000005fc2c0000, 0x0000000600000000)
  object space 21248K, 27% used [0x00000005fae00000,0x00000005fb3bbaa0,0x00000005fc2c0000)
Event: 3.516 GC heap after
Heap after GC invocations=1 (full 0):
 PSYoungGen      total 37760K, used 5375K [0x0000000755560000, 0x0000000759f20000, 0x0000000800000000)
  eden space 32384K, 0% used [0x0000000755560000,0x0000000755560000,0x0000000757500000)
  from space 5376K, 99% used [0x0000000757500000,0x0000000757a3fca8,0x0000000757a40000)
  to   space 5376K, 0% used [0x00000007599e0000,0x00000007599e0000,0x0000000759f20000)
 ParOldGen       total 86272K, used 1626K [0x0000000600000000, 0x0000000605440000, 0x0000000755560000)
  object space 86272K, 1% used [0x0000000600000000,0x0000000600196b18,0x0000000605440000)
 PSPermGen       total 21248K, used 5870K [0x00000005fae00000, 0x00000005fc2c0000, 0x0000000600000000)
  object space 21248K, 27% used [0x00000005fae00000,0x00000005fb3bbaa0,0x00000005fc2c0000)
}

Deoptimization events (6 events):
Event: 2.388 Thread 0x000000000267c800 Uncommon trap -34 fr.pc 0x0000000002963e58
Event: 2.388 Thread 0x000000000267c800 Uncommon trap -34 fr.pc 0x0000000002963e58
Event: 2.388 Thread 0x000000000267c800 Uncommon trap -34 fr.pc 0x0000000002963e58
Event: 2.388 Thread 0x000000000267c800 Uncommon trap -34 fr.pc 0x0000000002963e58
Event: 2.398 Thread 0x000000000267c800 Uncommon trap -12 fr.pc 0x000000000297cda8
Event: 3.620 Thread 0x000000001dde2800 Uncommon trap -83 fr.pc 0x000000000296f298

Internal exceptions (10 events):
Event: 2.231 Thread 0x000000001dde2800 Threw 0x000000075649deb8 at C:\jdk7u1_64p\jdk7u11\hotspot\src\share\vm\prims\jvm.cpp:1166
Event: 2.373 Thread 0x000000001dde4000 Threw 0x0000000756a105a8 at C:\jdk7u1_64p\jdk7u11\hotspot\src\share\vm\prims\jvm.cpp:1166
Event: 2.398 Thread 0x000000000267c800 Implicit null exception at 0x000000000297cca2 to 0x000000000297cd9a
Event: 2.562 Thread 0x000000000267c800 Threw 0x00000007574753e0 at C:\jdk7u1_64p\jdk7u11\hotspot\src\share\vm\prims\jvm.cpp:1166
Event: 2.563 Thread 0x000000000267c800 Threw 0x000000075747c4a0 at C:\jdk7u1_64p\jdk7u11\hotspot\src\share\vm\prims\jvm.cpp:1166
Event: 3.816 Thread 0x000000000267c800 Threw 0x0000000755efc710 at C:\jdk7u1_64p\jdk7u11\hotspot\src\share\vm\prims\jvm.cpp:1166
Event: 3.816 Thread 0x000000000267c800 Threw 0x0000000755efeb60 at C:\jdk7u1_64p\jdk7u11\hotspot\src\share\vm\prims\jvm.cpp:1166
Event: 3.954 Thread 0x000000000267c800 Threw 0x0000000756642b20 at C:\jdk7u1_64p\jdk7u11\hotspot\src\share\vm\prims\jvm.cpp:1166
Event: 3.954 Thread 0x000000000267c800 Threw 0x0000000756648348 at C:\jdk7u1_64p\jdk7u11\hotspot\src\share\vm\prims\jvm.cpp:1166
Event: 3.955 Thread 0x000000000267c800 Threw 0x000000075664d8b0 at C:\jdk7u1_64p\jdk7u11\hotspot\src\share\vm\prims\jvm.cpp:1166

Events (10 events):
Event: 3.816 loading class 0x000000001ddcc750
Event: 3.816 loading class 0x000000001ddcc750 done
Event: 3.816 loading class 0x000000001dfc60e0
Event: 3.816 loading class 0x000000001dfc60e0 done
Event: 3.954 loading class 0x000000001dde54f0
Event: 3.954 loading class 0x000000001dde54f0 done
Event: 3.954 loading class 0x000000001dfdcc80
Event: 3.954 loading class 0x000000001dfdcc80 done
Event: 3.955 loading class 0x000000001dfdcc40
Event: 3.955 loading class 0x000000001dfdcc40 done


Dynamic libraries:
0x000000013f3e0000 - 0x000000013f413000 	C:\Program Files\Java\jdk1.7.0_11\bin\java.exe
0x00000000775d0000 - 0x0000000077779000 	C:\Windows\SYSTEM32\ntdll.dll
0x00000000774b0000 - 0x00000000775cf000 	C:\Windows\system32\kernel32.dll
0x000007fefd740000 - 0x000007fefd7ab000 	C:\Windows\system32\KERNELBASE.dll
0x000007fefedc0000 - 0x000007fefee9b000 	C:\Windows\system32\ADVAPI32.dll
0x000007fefded0000 - 0x000007fefdf6f000 	C:\Windows\system32\msvcrt.dll
0x000007feff860000 - 0x000007feff87f000 	C:\Windows\SYSTEM32\sechost.dll
0x000007feff730000 - 0x000007feff85d000 	C:\Windows\system32\RPCRT4.dll
0x00000000773b0000 - 0x00000000774aa000 	C:\Windows\system32\USER32.dll
0x000007feff100000 - 0x000007feff167000 	C:\Windows\system32\GDI32.dll
0x000007fefdf70000 - 0x000007fefdf7e000 	C:\Windows\system32\LPK.dll
0x000007feff420000 - 0x000007feff4e9000 	C:\Windows\system32\USP10.dll
0x000007fefbf90000 - 0x000007fefc184000 	C:\Windows\WinSxS\amd64_microsoft.windows.common-controls_6595b64144ccf1df_6.0.7601.17514_none_fa396087175ac9ac\COMCTL32.dll
0x000007fefd8f0000 - 0x000007fefd961000 	C:\Windows\system32\SHLWAPI.dll
0x000007feff4f0000 - 0x000007feff51e000 	C:\Windows\system32\IMM32.DLL
0x000007feff540000 - 0x000007feff649000 	C:\Windows\system32\MSCTF.dll
0x0000000073e70000 - 0x0000000073f41000 	C:\Program Files\Java\jdk1.7.0_11\jre\bin\msvcr100.dll
0x0000000054dd0000 - 0x00000000554ef000 	C:\Program Files\Java\jdk1.7.0_11\jre\bin\server\jvm.dll
0x000007fef73e0000 - 0x000007fef73e9000 	C:\Windows\system32\WSOCK32.dll
0x000007fefeea0000 - 0x000007fefeeed000 	C:\Windows\system32\WS2_32.dll
0x000007fefed10000 - 0x000007fefed18000 	C:\Windows\system32\NSI.dll
0x000007fefb420000 - 0x000007fefb45b000 	C:\Windows\system32\WINMM.dll
0x00000000777a0000 - 0x00000000777a7000 	C:\Windows\system32\PSAPI.DLL
0x0000000074000000 - 0x000000007400f000 	C:\Program Files\Java\jdk1.7.0_11\jre\bin\verify.dll
0x0000000073b60000 - 0x0000000073b88000 	C:\Program Files\Java\jdk1.7.0_11\jre\bin\java.dll
0x00000000739b0000 - 0x00000000739c5000 	C:\Program Files\Java\jdk1.7.0_11\jre\bin\zip.dll
0x0000000073990000 - 0x00000000739a9000 	C:\Program Files\Java\jdk1.7.0_11\jre\bin\net.dll
0x000007fefcd50000 - 0x000007fefcda5000 	C:\Windows\system32\mswsock.dll
0x000007fefcd40000 - 0x000007fefcd47000 	C:\Windows\System32\wship6.dll
0x0000000073970000 - 0x0000000073981000 	C:\Program Files\Java\jdk1.7.0_11\jre\bin\nio.dll

VM Arguments:
jvm_args: -Djava.awt.headless=true -Xmx8g -Dfile.encoding=GBK -Duser.country=CN -Duser.language=zh -Duser.variant 
java_command: com.android.dx.command.Main --dex --force-jumbo --num-threads=4 --multi-dex --output E:\studio\VkoCircleS\app\build\intermediates\transforms\dex\official\debug\folders\1000\2\TencentLocationSDK_v4.1.1_r175129_43fa3f2e3d6f479bbf9a8e32bde966422a46f233 E:\studio\VkoCircleS\app\libs\TencentLocationSDK_v4.1.1_r175129.jar
Launcher Type: SUN_STANDARD

Environment Variables:
JAVA_HOME=C:\Program Files\Java\jdk1.7.0_11
CLASSPATH=.;C:\Program Files\Java\jdk1.7.0_11\lib\dt.jar;C:\Program Files\Java\jdk1.7.0_11\lib\tools.jar;
PATH=C:\Program Files\Java\jdk1.7.0_11\bin;C:\Program Files\Java\jdk1.7.0_11\jre\bin;C:\Windows\system32;C:\Windows;C:\Windows\System32\Wbem;C:\Windows\System32\WindowsPowerShell\v1.0\;C:\Program Files\nodejs\;d:\dev\maven\bin;C:\Users\JiaRH\AppData\Local\Android\Sdk\platform-tools.*;C:\Program Files\TortoiseSVN\bin;F:\zookeeper\zookeeper-3.4.8\zookeeper-3.4.8\bin
USERNAME=JiaRH
OS=Windows_NT
PROCESSOR_IDENTIFIER=Intel64 Family 6 Model 58 Stepping 9, GenuineIntel



---------------  S Y S T E M  ---------------

OS: Windows 7 , 64 bit Build 7601 Service Pack 1

CPU:total 4 (2 cores per cpu, 2 threads per core) family 6 model 58 stepping 9, cmov, cx8, fxsr, mmx, sse, sse2, sse3, ssse3, sse4.1, sse4.2, popcnt, avx, ht, tsc, tscinvbit, tscinv

Memory: 4k page, physical 8279396k(2253224k free), swap 8687152k(5744k free)

vm_info: Java HotSpot(TM) 64-Bit Server VM (23.6-b04) for windows-amd64 JRE (1.7.0_11-b21), built on Jan 12 2013 02:38:42 by "java_re" with unknown MS VC++:1600

time: Wed Nov 09 14:39:59 2016
elapsed time: 4 seconds

