#
# There is insufficient memory for the Java Runtime Environment to continue.
# Native memory allocation (malloc) failed to allocate 1151376 bytes for Chunk::new
# Possible reasons:
#   The system is out of physical RAM or swap space
#   In 32 bit mode, the process size limit was hit
# Possible solutions:
#   Reduce memory load on the system
#   Increase physical memory or swap space
#   Check if swap backing store is full
#   Use 64 bit Java on a 64 bit OS
#   Decrease Java heap size (-Xmx/-Xms)
#   Decrease number of Java threads
#   Decrease Java thread stack sizes (-Xss)
#   Set larger code cache with -XX:ReservedCodeCacheSize=
# This output file may be truncated or incomplete.
#
#  Out of Memory Error (allocation.cpp:328), pid=1848, tid=5404
#
# JRE version: 7.0_11-b21
# Java VM: Java HotSpot(TM) 64-Bit Server VM (23.6-b04 mixed mode windows-amd64 compressed oops)
# Failed to write core dump. Minidumps are not enabled by default on client versions of Windows
#

---------------  T H R E A D  ---------------

Current thread (0x000000001c0db800):  JavaThread "C2 CompilerThread0" daemon [_thread_in_native, id=5404, stack(0x000000001d570000,0x000000001d670000)]

Stack: [0x000000001d570000,0x000000001d670000]
[error occurred during error reporting (printing stack bounds), id 0xc0000005]


[error occurred during error reporting (printing native stack), id 0xc0000005]


Current CompileTask:
C2:   8177  212             com.android.dx.ssa.SCCP::simulateBlock (54 bytes)


---------------  P R O C E S S  ---------------

Java Threads: ( => current thread )
  0x000000001dba2000 JavaThread "pool-2-thread-4" [_thread_blocked, id=9120, stack(0x000000001e800000,0x000000001e900000)]
  0x000000001dba1800 JavaThread "pool-2-thread-3" [_thread_blocked, id=7800, stack(0x000000001e540000,0x000000001e640000)]
  0x000000001dbc1800 JavaThread "pool-2-thread-2" [_thread_in_vm, id=7336, stack(0x000000001e250000,0x000000001e350000)]
  0x000000001db82000 JavaThread "pool-3-thread-1" [_thread_blocked, id=7736, stack(0x000000001e3c0000,0x000000001e4c0000)]
  0x000000001db81800 JavaThread "pool-2-thread-1" [_thread_blocked, id=9112, stack(0x000000001e120000,0x000000001e220000)]
  0x000000001c0de800 JavaThread "Service Thread" daemon [_thread_blocked, id=9132, stack(0x000000001d9c0000,0x000000001dac0000)]
  0x000000001c0dd800 JavaThread "C2 CompilerThread1" daemon [_thread_in_native, id=1976, stack(0x000000001d6f0000,0x000000001d7f0000)]
=>0x000000001c0db800 JavaThread "C2 CompilerThread0" daemon [_thread_in_native, id=5404, stack(0x000000001d570000,0x000000001d670000)]
  0x000000001c0da800 JavaThread "Attach Listener" daemon [_thread_blocked, id=2092, stack(0x000000001d440000,0x000000001d540000)]
  0x000000001c0d3800 JavaThread "Signal Dispatcher" daemon [_thread_blocked, id=1972, stack(0x000000001d230000,0x000000001d330000)]
  0x0000000002501800 JavaThread "Finalizer" daemon [_thread_blocked, id=7480, stack(0x000000001d030000,0x000000001d130000)]
  0x0000000002500000 JavaThread "Reference Handler" daemon [_thread_blocked, id=8936, stack(0x000000001d130000,0x000000001d230000)]
  0x000000000251c800 JavaThread "main" [_thread_blocked, id=8132, stack(0x0000000002690000,0x0000000002790000)]

Other Threads:
  0x000000001c031800 VMThread [stack: 0x000000001cf30000,0x000000001d030000] [id=8592]
  0x000000001c0df800 WatcherThread [stack: 0x000000001d880000,0x000000001d980000] [id=8608]

VM state:not at safepoint (normal execution)

VM Mutex/Monitor currently owned by a thread: None

Heap
 PSYoungGen      total 37760K, used 13348K [0x0000000755560000, 0x0000000759f20000, 0x0000000800000000)
  eden space 32384K, 24% used [0x0000000755560000,0x0000000755d307c8,0x0000000757500000)
  from space 5376K, 99% used [0x0000000757500000,0x0000000757a38ac8,0x0000000757a40000)
  to   space 5376K, 0% used [0x00000007599e0000,0x00000007599e0000,0x0000000759f20000)
 ParOldGen       total 86272K, used 1504K [0x0000000600000000, 0x0000000605440000, 0x0000000755560000)
  object space 86272K, 1% used [0x0000000600000000,0x0000000600178018,0x0000000605440000)
 PSPermGen       total 21248K, used 5885K [0x00000005fae00000, 0x00000005fc2c0000, 0x0000000600000000)
  object space 21248K, 27% used [0x00000005fae00000,0x00000005fb3bf768,0x00000005fc2c0000)

Card table byte_map: [0x0000000005850000,0x0000000006880000] byte_map_base: 0x0000000002879000

Polling page: 0x0000000000330000

Code Cache  [0x0000000002790000, 0x0000000002a00000, 0x0000000005790000)
 total_blobs=502 nmethods=265 adapters=188 free_code_cache=48118Kb largest_free_block=49240000

Compilation events (10 events):
Event: 8.042 Thread 0x000000001c0dd800 nmethod 262 0x000000000287e090 code [0x000000000287e1c0, 0x000000000287e278]
Event: 8.042 Thread 0x000000001c0dd800  263             java.util.ArrayList$SubList::size (9 bytes)
Event: 8.042 Thread 0x000000001c0dd800 nmethod 263 0x000000000288a990 code [0x000000000288aac0, 0x000000000288ab58]
Event: 8.042 Thread 0x000000001c0dd800  264             com.android.dx.rop.code.BasicBlockList$RegCountVisitor::visitPlainInsn (6 bytes)
Event: 8.047 Thread 0x000000001c0dd800 nmethod 264 0x00000000028807d0 code [0x0000000002880940, 0x0000000002880c18]
Event: 8.047 Thread 0x000000001c0dd800  265             com.android.dx.ssa.SsaConverter::edgeSplitSuccessors (98 bytes)
Event: 8.070 Thread 0x000000001c0dd800 nmethod 265 0x0000000002898590 code [0x0000000002898800, 0x0000000002899508]
Event: 8.070 Thread 0x000000001c0dd800  266             com.android.dx.ssa.SsaMethod$2::visitNonMoveInsn (6 bytes)
Event: 8.071 Thread 0x000000001c0dd800 nmethod 266 0x0000000002888f90 code [0x00000000028890e0, 0x0000000002889168]
Event: 8.071 Thread 0x000000001c0dd800  267   !         com.android.dx.cf.code.BytecodeArray::parseInstruction (2764 bytes)

GC Heap History (2 events):
Event: 6.769 GC heap before
{Heap before GC invocations=1 (full 0):
 PSYoungGen      total 37760K, used 32384K [0x0000000755560000, 0x0000000757f80000, 0x0000000800000000)
  eden space 32384K, 100% used [0x0000000755560000,0x0000000757500000,0x0000000757500000)
  from space 5376K, 0% used [0x0000000757a40000,0x0000000757a40000,0x0000000757f80000)
  to   space 5376K, 0% used [0x0000000757500000,0x0000000757500000,0x0000000757a40000)
 ParOldGen       total 86272K, used 0K [0x0000000600000000, 0x0000000605440000, 0x0000000755560000)
  object space 86272K, 0% used [0x0000000600000000,0x0000000600000000,0x0000000605440000)
 PSPermGen       total 21248K, used 5867K [0x00000005fae00000, 0x00000005fc2c0000, 0x0000000600000000)
  object space 21248K, 27% used [0x00000005fae00000,0x00000005fb3baff0,0x00000005fc2c0000)
Event: 7.039 GC heap after
Heap after GC invocations=1 (full 0):
 PSYoungGen      total 37760K, used 5346K [0x0000000755560000, 0x0000000759f20000, 0x0000000800000000)
  eden space 32384K, 0% used [0x0000000755560000,0x0000000755560000,0x0000000757500000)
  from space 5376K, 99% used [0x0000000757500000,0x0000000757a38ac8,0x0000000757a40000)
  to   space 5376K, 0% used [0x00000007599e0000,0x00000007599e0000,0x0000000759f20000)
 ParOldGen       total 86272K, used 1504K [0x0000000600000000, 0x0000000605440000, 0x0000000755560000)
  object space 86272K, 1% used [0x0000000600000000,0x0000000600178018,0x0000000605440000)
 PSPermGen       total 21248K, used 5867K [0x00000005fae00000, 0x00000005fc2c0000, 0x0000000600000000)
  object space 21248K, 27% used [0x00000005fae00000,0x00000005fb3baff0,0x00000005fc2c0000)
}

Deoptimization events (6 events):
Event: 6.099 Thread 0x000000001dbc1800 Uncommon trap -34 fr.pc 0x00000000028052b4
Event: 6.099 Thread 0x000000001dbc1800 Uncommon trap -34 fr.pc 0x00000000028052b4
Event: 6.100 Thread 0x000000001dbc1800 Uncommon trap -34 fr.pc 0x00000000028052b4
Event: 6.101 Thread 0x000000001dbc1800 Uncommon trap -34 fr.pc 0x00000000028052b4
Event: 8.019 Thread 0x000000001dbc1800 Uncommon trap -12 fr.pc 0x00000000028165a4
Event: 8.113 Thread 0x000000001dbc1800 Uncommon trap -83 fr.pc 0x00000000028772e8

Internal exceptions (10 events):
Event: 5.798 Thread 0x000000001dbc1800 Threw 0x0000000755f389b0 at C:\jdk7u1_64p\jdk7u11\hotspot\src\share\vm\prims\jvm.cpp:1166
Event: 5.799 Thread 0x000000001dbc1800 Threw 0x0000000755f3e7a0 at C:\jdk7u1_64p\jdk7u11\hotspot\src\share\vm\prims\jvm.cpp:1166
Event: 5.800 Thread 0x000000001dbc1800 Threw 0x0000000755f42c48 at C:\jdk7u1_64p\jdk7u11\hotspot\src\share\vm\prims\jvm.cpp:1166
Event: 5.811 Thread 0x000000001dbc1800 Threw 0x0000000755f6a218 at C:\jdk7u1_64p\jdk7u11\hotspot\src\share\vm\prims\jvm.cpp:1166
Event: 5.827 Thread 0x000000001dbc1800 Threw 0x0000000755f93a58 at C:\jdk7u1_64p\jdk7u11\hotspot\src\share\vm\prims\jvm.cpp:1166
Event: 5.828 Thread 0x000000001dba1800 Threw 0x0000000755ae7400 at C:\jdk7u1_64p\jdk7u11\hotspot\src\share\vm\prims\jvm.cpp:1166
Event: 5.841 Thread 0x000000001db81800 Threw 0x0000000755c245d0 at C:\jdk7u1_64p\jdk7u11\hotspot\src\share\vm\prims\jvm.cpp:1166
Event: 6.178 Thread 0x000000001dba1800 Threw 0x000000075631e420 at C:\jdk7u1_64p\jdk7u11\hotspot\src\share\vm\prims\jvm.cpp:1166
Event: 6.649 Thread 0x000000000251c800 Threw 0x0000000757219d18 at C:\jdk7u1_64p\jdk7u11\hotspot\src\share\vm\prims\jvm.cpp:1166
Event: 8.019 Thread 0x000000001dbc1800 Implicit null exception at 0x0000000002815b55 to 0x0000000002816589

Events (10 events):
Event: 7.593 loading class 0x000000001c04b900
Event: 7.594 loading class 0x000000001c04b900 done
Event: 7.594 loading class 0x000000001c042940
Event: 7.594 loading class 0x000000001c042940 done
Event: 7.594 Executing VM operation: Deoptimize
Event: 7.594 Executing VM operation: Deoptimize done
Event: 8.019 Thread 0x000000001dbc1800 DEOPT PACKING pc=0x00000000028165a4 sp=0x000000001e34e990
Event: 8.019 Thread 0x000000001dbc1800 DEOPT UNPACKING pc=0x00000000027c9164 sp=0x000000001e34e778 mode 2
Event: 8.113 Thread 0x000000001dbc1800 DEOPT PACKING pc=0x00000000028772e8 sp=0x000000001e34ebf0
Event: 8.113 Thread 0x000000001dbc1800 DEOPT UNPACKING pc=0x00000000027c9164 sp=0x000000001e34eb90 mode 2


Dynamic libraries:
0x000000013f3e0000 - 0x000000013f413000 	C:\Program Files\Java\jdk1.7.0_11\bin\java.exe
0x00000000775d0000 - 0x0000000077779000 	C:\Windows\SYSTEM32\ntdll.dll
0x00000000774b0000 - 0x00000000775cf000 	C:\Windows\system32\kernel32.dll
0x000007fefd740000 - 0x000007fefd7ab000 	C:\Windows\system32\KERNELBASE.dll
0x000007fefedc0000 - 0x000007fefee9b000 	C:\Windows\system32\ADVAPI32.dll
0x000007fefded0000 - 0x000007fefdf6f000 	C:\Windows\system32\msvcrt.dll
0x000007feff860000 - 0x000007feff87f000 	C:\Windows\SYSTEM32\sechost.dll
0x000007feff730000 - 0x000007feff85d000 	C:\Windows\system32\RPCRT4.dll
0x00000000773b0000 - 0x00000000774aa000 	C:\Windows\system32\USER32.dll
0x000007feff100000 - 0x000007feff167000 	C:\Windows\system32\GDI32.dll
0x000007fefdf70000 - 0x000007fefdf7e000 	C:\Windows\system32\LPK.dll
0x000007feff420000 - 0x000007feff4e9000 	C:\Windows\system32\USP10.dll
0x000007fefbf90000 - 0x000007fefc184000 	C:\Windows\WinSxS\amd64_microsoft.windows.common-controls_6595b64144ccf1df_6.0.7601.17514_none_fa396087175ac9ac\COMCTL32.dll
0x000007fefd8f0000 - 0x000007fefd961000 	C:\Windows\system32\SHLWAPI.dll
0x000007feff4f0000 - 0x000007feff51e000 	C:\Windows\system32\IMM32.DLL
0x000007feff540000 - 0x000007feff649000 	C:\Windows\system32\MSCTF.dll
0x0000000073e70000 - 0x0000000073f41000 	C:\Program Files\Java\jdk1.7.0_11\jre\bin\msvcr100.dll
0x0000000054dd0000 - 0x00000000554ef000 	C:\Program Files\Java\jdk1.7.0_11\jre\bin\server\jvm.dll
0x000007fef73e0000 - 0x000007fef73e9000 	C:\Windows\system32\WSOCK32.dll
0x000007fefeea0000 - 0x000007fefeeed000 	C:\Windows\system32\WS2_32.dll
0x000007fefed10000 - 0x000007fefed18000 	C:\Windows\system32\NSI.dll
0x000007fefb420000 - 0x000007fefb45b000 	C:\Windows\system32\WINMM.dll
0x00000000777a0000 - 0x00000000777a7000 	C:\Windows\system32\PSAPI.DLL
0x0000000074000000 - 0x000000007400f000 	C:\Program Files\Java\jdk1.7.0_11\jre\bin\verify.dll
0x0000000073b60000 - 0x0000000073b88000 	C:\Program Files\Java\jdk1.7.0_11\jre\bin\java.dll
0x00000000739b0000 - 0x00000000739c5000 	C:\Program Files\Java\jdk1.7.0_11\jre\bin\zip.dll
0x0000000073990000 - 0x00000000739a9000 	C:\Program Files\Java\jdk1.7.0_11\jre\bin\net.dll
0x000007fefcd50000 - 0x000007fefcda5000 	C:\Windows\system32\mswsock.dll
0x000007fefcd40000 - 0x000007fefcd47000 	C:\Windows\System32\wship6.dll
0x0000000073970000 - 0x0000000073981000 	C:\Program Files\Java\jdk1.7.0_11\jre\bin\nio.dll

VM Arguments:
jvm_args: -Djava.awt.headless=true -Xmx8g -Dfile.encoding=GBK -Duser.country=CN -Duser.language=zh -Duser.variant 
java_command: com.android.dx.command.Main --dex --force-jumbo --num-threads=4 --multi-dex --output E:\studio\VkoCircleS\app\build\intermediates\transforms\dex\official\debug\folders\1000\10\library-2.4.0_4c7c91b8c941c0597a3dae838aed114c437dbf34 C:\Users\JiaRH\.gradle\caches\modules-2\files-2.1\com.nineoldandroids\library\2.4.0\e9b63380f3a242dbdbf103a2355ad7e43bad17cb\library-2.4.0.jar
Launcher Type: SUN_STANDARD

Environment Variables:
JAVA_HOME=C:\Program Files\Java\jdk1.7.0_11
CLASSPATH=.;C:\Program Files\Java\jdk1.7.0_11\lib\dt.jar;C:\Program Files\Java\jdk1.7.0_11\lib\tools.jar;
PATH=C:\Program Files\Java\jdk1.7.0_11\bin;C:\Program Files\Java\jdk1.7.0_11\jre\bin;C:\Windows\system32;C:\Windows;C:\Windows\System32\Wbem;C:\Windows\System32\WindowsPowerShell\v1.0\;C:\Program Files\nodejs\;d:\dev\maven\bin;C:\Users\JiaRH\AppData\Local\Android\Sdk\platform-tools.*;C:\Program Files\TortoiseSVN\bin;F:\zookeeper\zookeeper-3.4.8\zookeeper-3.4.8\bin
USERNAME=JiaRH
OS=Windows_NT
PROCESSOR_IDENTIFIER=Intel64 Family 6 Model 58 Stepping 9, GenuineIntel



---------------  S Y S T E M  ---------------

OS: Windows 7 , 64 bit Build 7601 Service Pack 1

CPU:total 4 (2 cores per cpu, 2 threads per core) family 6 model 58 stepping 9, cmov, cx8, fxsr, mmx, sse, sse2, sse3, ssse3, sse4.1, sse4.2, popcnt, avx, ht, tsc, tscinvbit, tscinv

Memory: 4k page, physical 8279396k(2215712k free), swap 8687152k(7248k free)

vm_info: Java HotSpot(TM) 64-Bit Server VM (23.6-b04) for windows-amd64 JRE (1.7.0_11-b21), built on Jan 12 2013 02:38:42 by "java_re" with unknown MS VC++:1600

time: Wed Nov 09 14:39:00 2016
elapsed time: 8 seconds

