#
# There is insufficient memory for the Java Runtime Environment to continue.
# Native memory allocation (malloc) failed to allocate 134256 bytes for Chunk::new
# Possible reasons:
#   The system is out of physical RAM or swap space
#   In 32 bit mode, the process size limit was hit
# Possible solutions:
#   Reduce memory load on the system
#   Increase physical memory or swap space
#   Check if swap backing store is full
#   Use 64 bit Java on a 64 bit OS
#   Decrease Java heap size (-Xmx/-Xms)
#   Decrease number of Java threads
#   Decrease Java thread stack sizes (-Xss)
#   Set larger code cache with -XX:ReservedCodeCacheSize=
# This output file may be truncated or incomplete.
#
#  Out of Memory Error (allocation.cpp:328), pid=8368, tid=4044
#
# JRE version: 7.0_11-b21
# Java VM: Java HotSpot(TM) 64-Bit Server VM (23.6-b04 mixed mode windows-amd64 compressed oops)
# Failed to write core dump. Minidumps are not enabled by default on client versions of Windows
#

---------------  T H R E A D  ---------------

Current thread (0x000000001c0ae800):  JavaThread "C2 CompilerThread0" daemon [_thread_in_native, id=4044, stack(0x000000001d6b0000,0x000000001d7b0000)]

Stack: [0x000000001d6b0000,0x000000001d7b0000]
[error occurred during error reporting (printing stack bounds), id 0xc0000005]


[error occurred during error reporting (printing native stack), id 0xc0000005]


Current CompileTask:
C2:  13409  304             com.android.dx.ssa.LiteralOpUpgrader::access$000 (6 bytes)


---------------  P R O C E S S  ---------------

Java Threads: ( => current thread )
  0x000000001df5d000 JavaThread "pool-2-thread-4" [_thread_in_Java, id=8440, stack(0x000000001d5b0000,0x000000001d6b0000)]
  0x000000001df5c800 JavaThread "pool-2-thread-3" [_thread_blocked, id=2664, stack(0x000000001e6e0000,0x000000001e7e0000)]
  0x000000001df5b800 JavaThread "pool-2-thread-2" [_thread_blocked, id=8428, stack(0x000000001e560000,0x000000001e660000)]
  0x000000001de32800 JavaThread "pool-3-thread-1" [_thread_blocked, id=5944, stack(0x000000001e460000,0x000000001e560000)]
  0x000000001df9b800 JavaThread "pool-2-thread-1" [_thread_in_vm, id=9132, stack(0x000000001d380000,0x000000001d480000)]
  0x000000001c0bc800 JavaThread "Service Thread" daemon [_thread_blocked, id=8684, stack(0x000000001daf0000,0x000000001dbf0000)]
  0x000000001c0b0800 JavaThread "C2 CompilerThread1" daemon [_thread_in_native, id=8524, stack(0x000000001d8e0000,0x000000001d9e0000)]
=>0x000000001c0ae800 JavaThread "C2 CompilerThread0" daemon [_thread_in_native, id=4044, stack(0x000000001d6b0000,0x000000001d7b0000)]
  0x000000001c0ae000 JavaThread "Attach Listener" daemon [_thread_blocked, id=8264, stack(0x000000001d490000,0x000000001d590000)]
  0x000000001c0a6800 JavaThread "Signal Dispatcher" daemon [_thread_blocked, id=6968, stack(0x000000001d180000,0x000000001d280000)]
  0x00000000024fa800 JavaThread "Finalizer" daemon [_thread_blocked, id=6100, stack(0x000000001d280000,0x000000001d380000)]
  0x00000000024f4000 JavaThread "Reference Handler" daemon [_thread_blocked, id=7476, stack(0x000000001cec0000,0x000000001cfc0000)]
  0x000000000254c800 JavaThread "main" [_thread_blocked, id=8756, stack(0x0000000002840000,0x0000000002940000)]

Other Threads:
  0x000000001c001800 VMThread [stack: 0x000000001cff0000,0x000000001d0f0000] [id=3660]
  0x000000001c0c5000 WatcherThread [stack: 0x000000001dca0000,0x000000001dda0000] [id=8552]

VM state:not at safepoint (normal execution)

VM Mutex/Monitor currently owned by a thread: None

Heap
 PSYoungGen      total 37760K, used 27380K [0x0000000755560000, 0x0000000759f20000, 0x0000000800000000)
  eden space 32384K, 67% used [0x0000000755560000,0x0000000756ae0b48,0x0000000757500000)
  from space 5376K, 99% used [0x0000000757500000,0x0000000757a3c600,0x0000000757a40000)
  to   space 5376K, 0% used [0x00000007599e0000,0x00000007599e0000,0x0000000759f20000)
 ParOldGen       total 86272K, used 2146K [0x0000000600000000, 0x0000000605440000, 0x0000000755560000)
  object space 86272K, 2% used [0x0000000600000000,0x0000000600218a70,0x0000000605440000)
 PSPermGen       total 21248K, used 5945K [0x00000005fae00000, 0x00000005fc2c0000, 0x0000000600000000)
  object space 21248K, 27% used [0x00000005fae00000,0x00000005fb3ce4b0,0x00000005fc2c0000)

Card table byte_map: [0x0000000005940000,0x0000000006970000] byte_map_base: 0x0000000002969000

Polling page: 0x0000000000130000

Code Cache  [0x0000000002940000, 0x0000000002bb0000, 0x0000000005940000)
 total_blobs=537 nmethods=300 adapters=188 free_code_cache=48008Kb largest_free_block=49124416

Compilation events (10 events):
Event: 13.301 Thread 0x000000001c0ae800 nmethod 299 0x0000000002a5b910 code [0x0000000002a5baa0, 0x0000000002a5c358]
Event: 13.301 Thread 0x000000001c0ae800  300             com.android.dx.ssa.SsaMethod::getUseListForRegister (18 bytes)
Event: 13.302 Thread 0x000000001c0ae800 nmethod 300 0x0000000002a5b610 code [0x0000000002a5b760, 0x0000000002a5b848]
Event: 13.302 Thread 0x000000001c0ae800  301             com.android.dx.rop.code.Rop::canThrow (18 bytes)
Event: 13.302 Thread 0x000000001c0ae800 nmethod 301 0x0000000002a5b250 code [0x0000000002a5b3a0, 0x0000000002a5b458]
Event: 13.302 Thread 0x000000001c0ae800  302             com.android.dx.ssa.MoveParamCombiner$1::visitNonMoveInsn (213 bytes)
Event: 13.304 Thread 0x000000001c0ae800 nmethod 302 0x0000000002a5cd50 code [0x0000000002a5cea0, 0x0000000002a5d038]
Event: 13.304 Thread 0x000000001c0ae800  303             com.android.dx.ssa.LiteralOpUpgrader$1::visitNonMoveInsn (203 bytes)
Event: 13.376 Thread 0x000000001c0ae800 nmethod 303 0x0000000002a61f10 code [0x0000000002a622e0, 0x0000000002a63d90]
Event: 13.377 Thread 0x000000001c0ae800  304             com.android.dx.ssa.LiteralOpUpgrader::access$000 (6 bytes)

GC Heap History (2 events):
Event: 12.000 GC heap before
{Heap before GC invocations=1 (full 0):
 PSYoungGen      total 37760K, used 32384K [0x0000000755560000, 0x0000000757f80000, 0x0000000800000000)
  eden space 32384K, 100% used [0x0000000755560000,0x0000000757500000,0x0000000757500000)
  from space 5376K, 0% used [0x0000000757a40000,0x0000000757a40000,0x0000000757f80000)
  to   space 5376K, 0% used [0x0000000757500000,0x0000000757500000,0x0000000757a40000)
 ParOldGen       total 86272K, used 0K [0x0000000600000000, 0x0000000605440000, 0x0000000755560000)
  object space 86272K, 0% used [0x0000000600000000,0x0000000600000000,0x0000000605440000)
 PSPermGen       total 21248K, used 5905K [0x00000005fae00000, 0x00000005fc2c0000, 0x0000000600000000)
  object space 21248K, 27% used [0x00000005fae00000,0x00000005fb3c4510,0x00000005fc2c0000)
Event: 12.462 GC heap after
Heap after GC invocations=1 (full 0):
 PSYoungGen      total 37760K, used 5361K [0x0000000755560000, 0x0000000759f20000, 0x0000000800000000)
  eden space 32384K, 0% used [0x0000000755560000,0x0000000755560000,0x0000000757500000)
  from space 5376K, 99% used [0x0000000757500000,0x0000000757a3c600,0x0000000757a40000)
  to   space 5376K, 0% used [0x00000007599e0000,0x00000007599e0000,0x0000000759f20000)
 ParOldGen       total 86272K, used 2146K [0x0000000600000000, 0x0000000605440000, 0x0000000755560000)
  object space 86272K, 2% used [0x0000000600000000,0x0000000600218a70,0x0000000605440000)
 PSPermGen       total 21248K, used 5905K [0x00000005fae00000, 0x00000005fc2c0000, 0x0000000600000000)
  object space 21248K, 27% used [0x00000005fae00000,0x00000005fb3c4510,0x00000005fc2c0000)
}

Deoptimization events (7 events):
Event: 9.753 Thread 0x000000001df5c800 Uncommon trap -34 fr.pc 0x00000000029b738c
Event: 9.753 Thread 0x000000001df5c800 Uncommon trap -34 fr.pc 0x00000000029b738c
Event: 9.753 Thread 0x000000001df5c800 Uncommon trap -34 fr.pc 0x00000000029b738c
Event: 9.753 Thread 0x000000001df5c800 Uncommon trap -34 fr.pc 0x00000000029b738c
Event: 10.496 Thread 0x000000001df5d000 Uncommon trap -83 fr.pc 0x00000000029c5618
Event: 11.181 Thread 0x000000000254c800 Uncommon trap -12 fr.pc 0x0000000002a01c2c
Event: 13.059 Thread 0x000000001df9b800 Uncommon trap -12 fr.pc 0x00000000029e59e8

Internal exceptions (10 events):
Event: 10.408 Thread 0x000000001df5c800 Threw 0x0000000756304230 at C:\jdk7u1_64p\jdk7u11\hotspot\src\share\vm\prims\jvm.cpp:1166
Event: 10.409 Thread 0x000000000254c800 Threw 0x000000075652bf60 at C:\jdk7u1_64p\jdk7u11\hotspot\src\share\vm\prims\jvm.cpp:1166
Event: 10.409 Thread 0x000000001df5c800 Threw 0x00000007563095e8 at C:\jdk7u1_64p\jdk7u11\hotspot\src\share\vm\prims\jvm.cpp:1166
Event: 10.409 Thread 0x000000000254c800 Threw 0x000000075652e180 at C:\jdk7u1_64p\jdk7u11\hotspot\src\share\vm\prims\jvm.cpp:1166
Event: 10.411 Thread 0x000000000254c800 Threw 0x00000007565df0a0 at C:\jdk7u1_64p\jdk7u11\hotspot\src\share\vm\prims\jvm.cpp:1166
Event: 10.411 Thread 0x000000000254c800 Threw 0x00000007565e1320 at C:\jdk7u1_64p\jdk7u11\hotspot\src\share\vm\prims\jvm.cpp:1166
Event: 10.862 Thread 0x000000001df9b800 Threw 0x00000007569db5c0 at C:\jdk7u1_64p\jdk7u11\hotspot\src\share\vm\prims\jvm.cpp:1166
Event: 10.897 Thread 0x000000000254c800 Threw 0x0000000756669fc8 at C:\jdk7u1_64p\jdk7u11\hotspot\src\share\vm\prims\jvm.cpp:1166
Event: 11.181 Thread 0x000000000254c800 Implicit null exception at 0x0000000002a01547 to 0x0000000002a01c1d
Event: 13.059 Thread 0x000000001df9b800 Implicit null exception at 0x00000000029e58e2 to 0x00000000029e59da

Events (10 events):
Event: 12.881 Executing VM operation: RevokeBias done
Event: 12.881 Executing VM operation: RevokeBias
Event: 12.881 Executing VM operation: RevokeBias done
Event: 12.881 Executing VM operation: RevokeBias
Event: 12.881 Executing VM operation: RevokeBias done
Event: 12.881 Executing VM operation: BulkRevokeBias
Event: 12.881 Executing VM operation: BulkRevokeBias done
Event: 13.048 Thread 0x000000001c0ae800 flushing nmethod 0x00000000029b7050
Event: 13.059 Thread 0x000000001df9b800 DEOPT PACKING pc=0x00000000029e59e8 sp=0x000000001d47e7a0
Event: 13.059 Thread 0x000000001df9b800 DEOPT UNPACKING pc=0x0000000002979164 sp=0x000000001d47e738 mode 2


Dynamic libraries:
0x000000013f3e0000 - 0x000000013f413000 	C:\Program Files\Java\jdk1.7.0_11\bin\java.exe
0x00000000775d0000 - 0x0000000077779000 	C:\Windows\SYSTEM32\ntdll.dll
0x00000000774b0000 - 0x00000000775cf000 	C:\Windows\system32\kernel32.dll
0x000007fefd740000 - 0x000007fefd7ab000 	C:\Windows\system32\KERNELBASE.dll
0x000007fefedc0000 - 0x000007fefee9b000 	C:\Windows\system32\ADVAPI32.dll
0x000007fefded0000 - 0x000007fefdf6f000 	C:\Windows\system32\msvcrt.dll
0x000007feff860000 - 0x000007feff87f000 	C:\Windows\SYSTEM32\sechost.dll
0x000007feff730000 - 0x000007feff85d000 	C:\Windows\system32\RPCRT4.dll
0x00000000773b0000 - 0x00000000774aa000 	C:\Windows\system32\USER32.dll
0x000007feff100000 - 0x000007feff167000 	C:\Windows\system32\GDI32.dll
0x000007fefdf70000 - 0x000007fefdf7e000 	C:\Windows\system32\LPK.dll
0x000007feff420000 - 0x000007feff4e9000 	C:\Windows\system32\USP10.dll
0x000007fefbf90000 - 0x000007fefc184000 	C:\Windows\WinSxS\amd64_microsoft.windows.common-controls_6595b64144ccf1df_6.0.7601.17514_none_fa396087175ac9ac\COMCTL32.dll
0x000007fefd8f0000 - 0x000007fefd961000 	C:\Windows\system32\SHLWAPI.dll
0x000007feff4f0000 - 0x000007feff51e000 	C:\Windows\system32\IMM32.DLL
0x000007feff540000 - 0x000007feff649000 	C:\Windows\system32\MSCTF.dll
0x0000000073e70000 - 0x0000000073f41000 	C:\Program Files\Java\jdk1.7.0_11\jre\bin\msvcr100.dll
0x0000000054dd0000 - 0x00000000554ef000 	C:\Program Files\Java\jdk1.7.0_11\jre\bin\server\jvm.dll
0x000007fef73e0000 - 0x000007fef73e9000 	C:\Windows\system32\WSOCK32.dll
0x000007fefeea0000 - 0x000007fefeeed000 	C:\Windows\system32\WS2_32.dll
0x000007fefed10000 - 0x000007fefed18000 	C:\Windows\system32\NSI.dll
0x000007fefb420000 - 0x000007fefb45b000 	C:\Windows\system32\WINMM.dll
0x00000000777a0000 - 0x00000000777a7000 	C:\Windows\system32\PSAPI.DLL
0x0000000074000000 - 0x000000007400f000 	C:\Program Files\Java\jdk1.7.0_11\jre\bin\verify.dll
0x0000000073b60000 - 0x0000000073b88000 	C:\Program Files\Java\jdk1.7.0_11\jre\bin\java.dll
0x00000000739b0000 - 0x00000000739c5000 	C:\Program Files\Java\jdk1.7.0_11\jre\bin\zip.dll
0x0000000073990000 - 0x00000000739a9000 	C:\Program Files\Java\jdk1.7.0_11\jre\bin\net.dll
0x000007fefcd50000 - 0x000007fefcda5000 	C:\Windows\system32\mswsock.dll
0x000007fefcd40000 - 0x000007fefcd47000 	C:\Windows\System32\wship6.dll
0x0000000073970000 - 0x0000000073981000 	C:\Program Files\Java\jdk1.7.0_11\jre\bin\nio.dll

VM Arguments:
jvm_args: -Djava.awt.headless=true -Xmx8g -Dfile.encoding=GBK -Duser.country=CN -Duser.language=zh -Duser.variant 
java_command: com.android.dx.command.Main --dex --force-jumbo --num-threads=4 --multi-dex --output E:\studio\VkoCircleS\app\build\intermediates\transforms\dex\official\debug\folders\1000\10\com.android.support-support-v4-23.0.1_2e1fd7e81eea2a6e1eaa6dca01b8fc0059688401 E:\studio\VkoCircleS\app\build\intermediates\exploded-aar\com.android.support\support-v4\23.0.1\jars\classes.jar
Launcher Type: SUN_STANDARD

Environment Variables:
JAVA_HOME=C:\Program Files\Java\jdk1.7.0_11
CLASSPATH=.;C:\Program Files\Java\jdk1.7.0_11\lib\dt.jar;C:\Program Files\Java\jdk1.7.0_11\lib\tools.jar;
PATH=C:\Program Files\Java\jdk1.7.0_11\bin;C:\Program Files\Java\jdk1.7.0_11\jre\bin;C:\Windows\system32;C:\Windows;C:\Windows\System32\Wbem;C:\Windows\System32\WindowsPowerShell\v1.0\;C:\Program Files\nodejs\;d:\dev\maven\bin;C:\Users\JiaRH\AppData\Local\Android\Sdk\platform-tools.*;C:\Program Files\TortoiseSVN\bin;F:\zookeeper\zookeeper-3.4.8\zookeeper-3.4.8\bin
USERNAME=JiaRH
OS=Windows_NT
PROCESSOR_IDENTIFIER=Intel64 Family 6 Model 58 Stepping 9, GenuineIntel



---------------  S Y S T E M  ---------------

OS: Windows 7 , 64 bit Build 7601 Service Pack 1

CPU:total 4 (2 cores per cpu, 2 threads per core) family 6 model 58 stepping 9, cmov, cx8, fxsr, mmx, sse, sse2, sse3, ssse3, sse4.1, sse4.2, popcnt, avx, ht, tsc, tscinvbit, tscinv

Memory: 4k page, physical 8279396k(2224620k free), swap 8687152k(5076k free)

vm_info: Java HotSpot(TM) 64-Bit Server VM (23.6-b04) for windows-amd64 JRE (1.7.0_11-b21), built on Jan 12 2013 02:38:42 by "java_re" with unknown MS VC++:1600

time: Wed Nov 09 14:43:13 2016
elapsed time: 13 seconds

