#
# There is insufficient memory for the Java Runtime Environment to continue.
# Native memory allocation (malloc) failed to allocate 48336 bytes for Chunk::new
# Possible reasons:
#   The system is out of physical RAM or swap space
#   In 32 bit mode, the process size limit was hit
# Possible solutions:
#   Reduce memory load on the system
#   Increase physical memory or swap space
#   Check if swap backing store is full
#   Use 64 bit Java on a 64 bit OS
#   Decrease Java heap size (-Xmx/-Xms)
#   Decrease number of Java threads
#   Decrease Java thread stack sizes (-Xss)
#   Set larger code cache with -XX:ReservedCodeCacheSize=
# This output file may be truncated or incomplete.
#
#  Out of Memory Error (allocation.cpp:328), pid=8036, tid=5376
#
# JRE version: 7.0_11-b21
# Java VM: Java HotSpot(TM) 64-Bit Server VM (23.6-b04 mixed mode windows-amd64 compressed oops)
# Failed to write core dump. Minidumps are not enabled by default on client versions of Windows
#

---------------  T H R E A D  ---------------

Current thread (0x000000001c0ad800):  JavaThread "C2 CompilerThread1" daemon [_thread_in_native, id=5376, stack(0x000000001cdc0000,0x000000001cec0000)]

Stack: [0x000000001cdc0000,0x000000001cec0000]

Current CompileTask:
C2:  25336  762  s          com.android.dx.dex.file.MethodIdsSection::intern (55 bytes)


---------------  P R O C E S S  ---------------

Java Threads: ( => current thread )
  0x000000001dcde000 JavaThread "pool-1-thread-1" [_thread_in_Java, id=2584, stack(0x000000001d260000,0x000000001d360000)]
  0x000000001c0ae000 JavaThread "Service Thread" daemon [_thread_blocked, id=6624, stack(0x000000001d9a0000,0x000000001daa0000)]
=>0x000000001c0ad800 JavaThread "C2 CompilerThread1" daemon [_thread_in_native, id=5376, stack(0x000000001cdc0000,0x000000001cec0000)]
  0x000000001c0ab800 JavaThread "C2 CompilerThread0" daemon [_thread_blocked, id=6644, stack(0x000000001d7c0000,0x000000001d8c0000)]
  0x000000001c0aa800 JavaThread "Attach Listener" daemon [_thread_blocked, id=7640, stack(0x000000001d690000,0x000000001d790000)]
  0x000000001c0a3800 JavaThread "Signal Dispatcher" daemon [_thread_blocked, id=8096, stack(0x000000001d550000,0x000000001d650000)]
  0x0000000002601800 JavaThread "Finalizer" daemon [_thread_blocked, id=7832, stack(0x000000001d380000,0x000000001d480000)]
  0x0000000002600000 JavaThread "Reference Handler" daemon [_thread_blocked, id=7816, stack(0x000000001d150000,0x000000001d250000)]
  0x000000000269c800 JavaThread "main" [_thread_blocked, id=7588, stack(0x0000000002890000,0x0000000002990000)]

Other Threads:
  0x000000001c001800 VMThread [stack: 0x000000001cf40000,0x000000001d040000] [id=2928]
  0x000000001c0af800 WatcherThread [stack: 0x000000001db00000,0x000000001dc00000] [id=7936]

VM state:not at safepoint (normal execution)

VM Mutex/Monitor currently owned by a thread: None

Heap
 PSYoungGen      total 568064K, used 20918K [0x0000000755560000, 0x000000077f680000, 0x0000000800000000)
  eden space 458240K, 4% used [0x0000000755560000,0x00000007569cd850,0x00000007714e0000)
  from space 109824K, 0% used [0x0000000777e10000,0x0000000777e10000,0x000000077e950000)
  to   space 107712K, 0% used [0x00000007714e0000,0x00000007714e0000,0x0000000777e10000)
 ParOldGen       total 266624K, used 257540K [0x0000000600000000, 0x0000000610460000, 0x0000000755560000)
  object space 266624K, 96% used [0x0000000600000000,0x000000060fb81120,0x0000000610460000)
 PSPermGen       total 21248K, used 5764K [0x00000005fae00000, 0x00000005fc2c0000, 0x0000000600000000)
  object space 21248K, 27% used [0x00000005fae00000,0x00000005fb3a1080,0x00000005fc2c0000)

Card table byte_map: [0x0000000005990000,0x00000000069c0000] byte_map_base: 0x00000000029b9000

Polling page: 0x0000000000230000

Code Cache  [0x0000000002990000, 0x0000000002c50000, 0x0000000005990000)
 total_blobs=943 nmethods=728 adapters=166 free_code_cache=46563Kb largest_free_block=47452352

Compilation events (10 events):
Event: 20.175 Thread 0x000000001c0ab800 nmethod 758 0x0000000002aafb10 code [0x0000000002aafc40, 0x0000000002aafcb8]
Event: 20.217 Thread 0x000000001c0ad800 nmethod 757 0x0000000002b747d0 code [0x0000000002b74fe0, 0x0000000002b797b8]
Event: 20.667 Thread 0x000000001c0ab800  759   !         com.android.dx.rop.type.Type::putIntern (50 bytes)
Event: 20.675 Thread 0x000000001c0ab800 nmethod 759 0x0000000002aaecd0 code [0x0000000002aaee60, 0x0000000002aaf6b8]
Event: 20.832 Thread 0x000000001c0ad800  760             com.android.dx.dex.file.IndexedItem::<init> (10 bytes)
Event: 20.832 Thread 0x000000001c0ad800 nmethod 760 0x0000000002b95b10 code [0x0000000002b95c40, 0x0000000002b95c98]
Event: 25.290 Thread 0x000000001c0ab800  761             java.util.concurrent.locks.AbstractQueuedSynchronizer::getState (5 bytes)
Event: 25.290 Thread 0x000000001c0ab800 nmethod 761 0x0000000002ba0290 code [0x0000000002ba03c0, 0x0000000002ba0418]
Event: 25.326 Thread 0x000000001c0ad800  762  s          com.android.dx.dex.file.MethodIdsSection::intern (55 bytes)
Event: 25.332 Thread 0x000000001c0ab800  763             com.android.dx.rop.cst.Constant::compareTo (33 bytes)

GC Heap History (10 events):
Event: 12.751 GC heap before
{Heap before GC invocations=13 (full 2):
 PSYoungGen      total 377216K, used 62334K [0x0000000755560000, 0x000000077a1f0000, 0x0000000800000000)
  eden space 288192K, 0% used [0x0000000755560000,0x0000000755560000,0x0000000766ed0000)
  from space 89024K, 70% used [0x0000000766ed0000,0x000000076abaf9a8,0x000000076c5c0000)
  to   space 93248K, 0% used [0x00000007746e0000,0x00000007746e0000,0x000000077a1f0000)
 ParOldGen       total 161280K, used 161166K [0x0000000600000000, 0x0000000609d80000, 0x0000000755560000)
  object space 161280K, 99% used [0x0000000600000000,0x0000000609d63be8,0x0000000609d80000)
 PSPermGen       total 21248K, used 5639K [0x00000005fae00000, 0x00000005fc2c0000, 0x0000000600000000)
  object space 21248K, 26% used [0x00000005fae00000,0x00000005fb381f30,0x00000005fc2c0000)
Event: 14.650 GC heap after
Heap after GC invocations=13 (full 2):
 PSYoungGen      total 377216K, used 0K [0x0000000755560000, 0x000000077a1f0000, 0x0000000800000000)
  eden space 288192K, 0% used [0x0000000755560000,0x0000000755560000,0x0000000766ed0000)
  from space 89024K, 0% used [0x0000000766ed0000,0x0000000766ed0000,0x000000076c5c0000)
  to   space 93248K, 0% used [0x00000007746e0000,0x00000007746e0000,0x000000077a1f0000)
 ParOldGen       total 266624K, used 155364K [0x0000000600000000, 0x0000000610460000, 0x0000000755560000)
  object space 266624K, 58% used [0x0000000600000000,0x00000006097b9248,0x0000000610460000)
 PSPermGen       total 21248K, used 5639K [0x00000005fae00000, 0x00000005fc2c0000, 0x0000000600000000)
  object space 21248K, 26% used [0x00000005fae00000,0x00000005fb381cb0,0x00000005fc2c0000)
}
Event: 15.971 GC heap before
{Heap before GC invocations=14 (full 2):
 PSYoungGen      total 377216K, used 288192K [0x0000000755560000, 0x000000077a1f0000, 0x0000000800000000)
  eden space 288192K, 100% used [0x0000000755560000,0x0000000766ed0000,0x0000000766ed0000)
  from space 89024K, 0% used [0x0000000766ed0000,0x0000000766ed0000,0x000000076c5c0000)
  to   space 93248K, 0% used [0x00000007746e0000,0x00000007746e0000,0x000000077a1f0000)
 ParOldGen       total 266624K, used 155364K [0x0000000600000000, 0x0000000610460000, 0x0000000755560000)
  object space 266624K, 58% used [0x0000000600000000,0x00000006097b9248,0x0000000610460000)
 PSPermGen       total 21248K, used 5645K [0x00000005fae00000, 0x00000005fc2c0000, 0x0000000600000000)
  object space 21248K, 26% used [0x00000005fae00000,0x00000005fb383500,0x00000005fc2c0000)
Event: 16.542 GC heap after
Heap after GC invocations=14 (full 2):
 PSYoungGen      total 421696K, used 57015K [0x0000000755560000, 0x0000000777e90000, 0x0000000800000000)
  eden space 364672K, 0% used [0x0000000755560000,0x0000000755560000,0x000000076b980000)
  from space 57024K, 99% used [0x00000007746e0000,0x0000000777e8df40,0x0000000777e90000)
  to   space 94400K, 0% used [0x000000076c630000,0x000000076c630000,0x0000000772260000)
 ParOldGen       total 266624K, used 155364K [0x0000000600000000, 0x0000000610460000, 0x0000000755560000)
  object space 266624K, 58% used [0x0000000600000000,0x00000006097b9248,0x0000000610460000)
 PSPermGen       total 21248K, used 5645K [0x00000005fae00000, 0x00000005fc2c0000, 0x0000000600000000)
  object space 21248K, 26% used [0x00000005fae00000,0x00000005fb383500,0x00000005fc2c0000)
}
Event: 18.000 GC heap before
{Heap before GC invocations=15 (full 2):
 PSYoungGen      total 421696K, used 421687K [0x0000000755560000, 0x0000000777e90000, 0x0000000800000000)
  eden space 364672K, 100% used [0x0000000755560000,0x000000076b980000,0x000000076b980000)
  from space 57024K, 99% used [0x00000007746e0000,0x0000000777e8df40,0x0000000777e90000)
  to   space 94400K, 0% used [0x000000076c630000,0x000000076c630000,0x0000000772260000)
 ParOldGen       total 266624K, used 155364K [0x0000000600000000, 0x0000000610460000, 0x0000000755560000)
  object space 266624K, 58% used [0x0000000600000000,0x00000006097b9248,0x0000000610460000)
 PSPermGen       total 21248K, used 5663K [0x00000005fae00000, 0x00000005fc2c0000, 0x0000000600000000)
  object space 21248K, 26% used [0x00000005fae00000,0x00000005fb387ea8,0x00000005fc2c0000)
Event: 18.176 GC heap after
Heap after GC invocations=15 (full 2):
 PSYoungGen      total 472064K, used 94391K [0x0000000755560000, 0x000000077e950000, 0x0000000800000000)
  eden space 377664K, 0% used [0x0000000755560000,0x0000000755560000,0x000000076c630000)
  from space 94400K, 99% used [0x000000076c630000,0x000000077225ddc0,0x0000000772260000)
  to   space 109824K, 0% used [0x0000000777e10000,0x0000000777e10000,0x000000077e950000)
 ParOldGen       total 266624K, used 158299K [0x0000000600000000, 0x0000000610460000, 0x0000000755560000)
  object space 266624K, 59% used [0x0000000600000000,0x0000000609a96f40,0x0000000610460000)
 PSPermGen       total 21248K, used 5663K [0x00000005fae00000, 0x00000005fc2c0000, 0x0000000600000000)
  object space 21248K, 26% used [0x00000005fae00000,0x00000005fb387ea8,0x00000005fc2c0000)
}
Event: 20.910 GC heap before
{Heap before GC invocations=16 (full 2):
 PSYoungGen      total 472064K, used 472055K [0x0000000755560000, 0x000000077e950000, 0x0000000800000000)
  eden space 377664K, 100% used [0x0000000755560000,0x000000076c630000,0x000000076c630000)
  from space 94400K, 99% used [0x000000076c630000,0x000000077225ddc0,0x0000000772260000)
  to   space 109824K, 0% used [0x0000000777e10000,0x0000000777e10000,0x000000077e950000)
 ParOldGen       total 266624K, used 158299K [0x0000000600000000, 0x0000000610460000, 0x0000000755560000)
  object space 266624K, 59% used [0x0000000600000000,0x0000000609a96f40,0x0000000610460000)
 PSPermGen       total 21248K, used 5723K [0x00000005fae00000, 0x00000005fc2c0000, 0x0000000600000000)
  object space 21248K, 26% used [0x00000005fae00000,0x00000005fb396e08,0x00000005fc2c0000)
Event: 21.484 GC heap after
Heap after GC invocations=16 (full 2):
 PSYoungGen      total 568064K, used 58106K [0x0000000755560000, 0x000000077f680000, 0x0000000800000000)
  eden space 458240K, 0% used [0x0000000755560000,0x0000000755560000,0x00000007714e0000)
  from space 109824K, 52% used [0x0000000777e10000,0x000000077b6ce998,0x000000077e950000)
  to   space 107712K, 0% used [0x00000007714e0000,0x00000007714e0000,0x0000000777e10000)
 ParOldGen       total 266624K, used 233209K [0x0000000600000000, 0x0000000610460000, 0x0000000755560000)
  object space 266624K, 87% used [0x0000000600000000,0x000000060e3be4e0,0x0000000610460000)
 PSPermGen       total 21248K, used 5723K [0x00000005fae00000, 0x00000005fc2c0000, 0x0000000600000000)
  object space 21248K, 26% used [0x00000005fae00000,0x00000005fb396e08,0x00000005fc2c0000)
}
Event: 21.484 GC heap before
{Heap before GC invocations=17 (full 3):
 PSYoungGen      total 568064K, used 58106K [0x0000000755560000, 0x000000077f680000, 0x0000000800000000)
  eden space 458240K, 0% used [0x0000000755560000,0x0000000755560000,0x00000007714e0000)
  from space 109824K, 52% used [0x0000000777e10000,0x000000077b6ce998,0x000000077e950000)
  to   space 107712K, 0% used [0x00000007714e0000,0x00000007714e0000,0x0000000777e10000)
 ParOldGen       total 266624K, used 233209K [0x0000000600000000, 0x0000000610460000, 0x0000000755560000)
  object space 266624K, 87% used [0x0000000600000000,0x000000060e3be4e0,0x0000000610460000)
 PSPermGen       total 21248K, used 5723K [0x00000005fae00000, 0x00000005fc2c0000, 0x0000000600000000)
  object space 21248K, 26% used [0x00000005fae00000,0x00000005fb396e08,0x00000005fc2c0000)
Event: 25.152 GC heap after
Heap after GC invocations=17 (full 3):
 PSYoungGen      total 568064K, used 0K [0x0000000755560000, 0x000000077f680000, 0x0000000800000000)
  eden space 458240K, 0% used [0x0000000755560000,0x0000000755560000,0x00000007714e0000)
  from space 109824K, 0% used [0x0000000777e10000,0x0000000777e10000,0x000000077e950000)
  to   space 107712K, 0% used [0x00000007714e0000,0x00000007714e0000,0x0000000777e10000)
 ParOldGen       total 266624K, used 257540K [0x0000000600000000, 0x0000000610460000, 0x0000000755560000)
  object space 266624K, 96% used [0x0000000600000000,0x000000060fb81120,0x0000000610460000)
 PSPermGen       total 21248K, used 5723K [0x00000005fae00000, 0x00000005fc2c0000, 0x0000000600000000)
  object space 21248K, 26% used [0x00000005fae00000,0x00000005fb396d28,0x00000005fc2c0000)
}

Deoptimization events (10 events):
Event: 19.866 Thread 0x000000001dd17000 Uncommon trap -12 fr.pc 0x0000000002c14c40
Event: 19.909 Thread 0x000000000269c800 Uncommon trap -83 fr.pc 0x0000000002ab4ccc
Event: 19.918 Thread 0x000000001dd17000 Uncommon trap -58 fr.pc 0x0000000002c36004
Event: 19.923 Thread 0x000000001dd17000 Uncommon trap -58 fr.pc 0x0000000002c36004
Event: 19.923 Thread 0x000000001dd17000 Uncommon trap -58 fr.pc 0x0000000002c36004
Event: 19.924 Thread 0x000000001dd17000 Uncommon trap -58 fr.pc 0x0000000002c36004
Event: 20.498 Thread 0x000000000269c800 Uncommon trap -34 fr.pc 0x0000000002b90ec8
Event: 20.500 Thread 0x000000000269c800 Uncommon trap -34 fr.pc 0x0000000002b90ec8
Event: 20.500 Thread 0x000000000269c800 Uncommon trap -34 fr.pc 0x0000000002b90ec8
Event: 20.502 Thread 0x000000000269c800 Uncommon trap -34 fr.pc 0x0000000002b90ec8

Internal exceptions (10 events):
Event: 6.554 Thread 0x000000000269c800 Implicit null exception at 0x0000000002aaf210 to 0x0000000002aafcd1
Event: 6.574 Thread 0x000000000269c800 Threw 0x0000000756f3f648 at C:\jdk7u1_64p\jdk7u11\hotspot\src\share\vm\prims\jvm.cpp:1166
Event: 7.348 Thread 0x000000001dccd000 Implicit null exception at 0x0000000002ba056b to 0x0000000002ba279d
Event: 8.736 Thread 0x000000001dd16000 Implicit null exception at 0x0000000002bc3f68 to 0x0000000002bc4749
Event: 9.625 Thread 0x000000000269c800 Implicit null exception at 0x0000000002bc3f68 to 0x0000000002bc4749
Event: 17.652 Thread 0x000000000269c800 Threw 0x0000000766b1d3c0 at C:\jdk7u1_64p\jdk7u11\hotspot\src\share\vm\prims\jvm.cpp:1166
Event: 19.866 Thread 0x000000001dd17000 Implicit null exception at 0x0000000002c1331c to 0x0000000002c14c35
Event: 19.909 Thread 0x000000000269c800 Threw 0x0000000764f17388 at C:\jdk7u1_64p\jdk7u11\hotspot\src\share\vm\prims\jvm.cpp:1166
Event: 25.290 Thread 0x000000000269c800 Threw 0x000000075654f670 at C:\jdk7u1_64p\jdk7u11\hotspot\src\share\vm\prims\jvm.cpp:1166
Event: 25.312 Thread 0x000000001dcde000 Threw 0x0000000756804370 at C:\jdk7u1_64p\jdk7u11\hotspot\src\share\vm\prims\jvm.cpp:1166

Events (10 events):
Event: 25.310 loading class 0x000000001c01b800
Event: 25.310 loading class 0x000000001c01b800 done
Event: 25.310 loading class 0x000000001de7f2d0 done
Event: 25.310 loading class 0x000000001c01b890 done
Event: 25.311 loading class 0x000000001c0128e0
Event: 25.311 loading class 0x000000001c0128e0 done
Event: 25.312 loading class 0x000000001c01a1b0
Event: 25.312 loading class 0x000000001c01a1b0 done
Event: 25.312 loading class 0x000000001dcf4420
Event: 25.312 loading class 0x000000001dcf4420 done


Dynamic libraries:
0x000000013ff50000 - 0x000000013ff83000 	C:\Program Files\Java\jdk1.7.0_11\bin\java.exe
0x0000000077000000 - 0x00000000771a9000 	C:\Windows\SYSTEM32\ntdll.dll
0x0000000076ee0000 - 0x0000000076fff000 	C:\Windows\system32\kernel32.dll
0x000007fefd250000 - 0x000007fefd2bb000 	C:\Windows\system32\KERNELBASE.dll
0x000007fefe5f0000 - 0x000007fefe6cb000 	C:\Windows\system32\ADVAPI32.dll
0x000007fefec60000 - 0x000007fefecff000 	C:\Windows\system32\msvcrt.dll
0x000007fefeba0000 - 0x000007fefebbf000 	C:\Windows\SYSTEM32\sechost.dll
0x000007fefed80000 - 0x000007fefeead000 	C:\Windows\system32\RPCRT4.dll
0x0000000076de0000 - 0x0000000076eda000 	C:\Windows\system32\USER32.dll
0x000007fefeb30000 - 0x000007fefeb97000 	C:\Windows\system32\GDI32.dll
0x000007fefed00000 - 0x000007fefed0e000 	C:\Windows\system32\LPK.dll
0x000007feff0c0000 - 0x000007feff189000 	C:\Windows\system32\USP10.dll
0x000007fefb7b0000 - 0x000007fefb9a4000 	C:\Windows\WinSxS\amd64_microsoft.windows.common-controls_6595b64144ccf1df_6.0.7601.17514_none_fa396087175ac9ac\COMCTL32.dll
0x000007fefe770000 - 0x000007fefe7e1000 	C:\Windows\system32\SHLWAPI.dll
0x000007fefeeb0000 - 0x000007fefeede000 	C:\Windows\system32\IMM32.DLL
0x000007fefe8f0000 - 0x000007fefe9f9000 	C:\Windows\system32\MSCTF.dll
0x000000006b390000 - 0x000000006b461000 	C:\Program Files\Java\jdk1.7.0_11\jre\bin\msvcr100.dll
0x0000000065bd0000 - 0x00000000662ef000 	C:\Program Files\Java\jdk1.7.0_11\jre\bin\server\jvm.dll
0x000007feed140000 - 0x000007feed149000 	C:\Windows\system32\WSOCK32.dll
0x000007fefd810000 - 0x000007fefd85d000 	C:\Windows\system32\WS2_32.dll
0x000007fefed70000 - 0x000007fefed78000 	C:\Windows\system32\NSI.dll
0x000007fefae00000 - 0x000007fefae3b000 	C:\Windows\system32\WINMM.dll
0x00000000771d0000 - 0x00000000771d7000 	C:\Windows\system32\PSAPI.DLL
0x00000000730e0000 - 0x00000000730ef000 	C:\Program Files\Java\jdk1.7.0_11\jre\bin\verify.dll
0x00000000730b0000 - 0x00000000730d8000 	C:\Program Files\Java\jdk1.7.0_11\jre\bin\java.dll
0x0000000072880000 - 0x0000000072895000 	C:\Program Files\Java\jdk1.7.0_11\jre\bin\zip.dll

VM Arguments:
jvm_args: -Djava.awt.headless=true -Xmx8g -Dfile.encoding=GBK -Duser.country=CN -Duser.language=zh -Duser.variant 
java_command: com.android.dx.command.Main --dex --force-jumbo --num-threads=4 --multi-dex --output E:\studio\VkoCircleS\app\build\intermediates\transforms\dex\official\debug\folders\1000\5\slice_1 E:\studio\VkoCircleS\app\build\intermediates\transforms\instantRunSlicer\official\debug\folders\1\5\slice_1
Launcher Type: SUN_STANDARD

Environment Variables:
JAVA_HOME=C:\Program Files\Java\jdk1.7.0_11
CLASSPATH=.;C:\Program Files\Java\jdk1.7.0_11\lib\dt.jar;C:\Program Files\Java\jdk1.7.0_11\lib\tools.jar;
PATH=C:\Program Files\Java\jdk1.7.0_11\bin;C:\Program Files\Java\jdk1.7.0_11\jre\bin;C:\Windows\system32;C:\Windows;C:\Windows\System32\Wbem;C:\Windows\System32\WindowsPowerShell\v1.0\;C:\Program Files\nodejs\;d:\dev\maven\bin;C:\Users\JiaRH\AppData\Local\Android\Sdk\platform-tools.*;C:\Program Files\TortoiseSVN\bin;F:\zookeeper\zookeeper-3.4.8\zookeeper-3.4.8\bin
USERNAME=JiaRH
OS=Windows_NT
PROCESSOR_IDENTIFIER=Intel64 Family 6 Model 58 Stepping 9, GenuineIntel



---------------  S Y S T E M  ---------------

OS: Windows 7 , 64 bit Build 7601 Service Pack 1

CPU:total 4 (2 cores per cpu, 2 threads per core) family 6 model 58 stepping 9, cmov, cx8, fxsr, mmx, sse, sse2, sse3, ssse3, sse4.1, sse4.2, popcnt, avx, ht, tsc, tscinvbit, tscinv

Memory: 4k page, physical 8279396k(1927844k free), swap 8687152k(4856k free)

vm_info: Java HotSpot(TM) 64-Bit Server VM (23.6-b04) for windows-amd64 JRE (1.7.0_11-b21), built on Jan 12 2013 02:38:42 by "java_re" with unknown MS VC++:1600

time: Thu Nov 03 10:13:06 2016
elapsed time: 25 seconds

