#
# A fatal error has been detected by the Java Runtime Environment:
#
#  EXCEPTION_ACCESS_VIOLATION (0xc0000005) at pc=0x0000000054f7dbc7, pid=5376, tid=8400
#
# JRE version: 7.0_11-b21
# Java VM: Java HotSpot(TM) 64-Bit Server VM (23.6-b04 mixed mode windows-amd64 compressed oops)
# Problematic frame:
# V  [jvm.dll+0x1adbc7]
#
# Failed to write core dump. Minidumps are not enabled by default on client versions of Windows
#
# If you would like to submit a bug report, please visit:
#   http://bugreport.sun.com/bugreport/crash.jsp
#

---------------  T H R E A D  ---------------

Current thread (0x000000001dd98800):  JavaThread "pool-2-thread-4" [_thread_in_vm, id=8400, stack(0x000000001e580000,0x000000001e680000)]

siginfo: ExceptionCode=0xc0000005, writing address 0x000000001e67a940

Registers:
RAX=0x000000001e67a940, RBX=0x0000000000000006, RCX=0x0000000000005000, RDX=0x000000001e589170
RSP=0x000000001e67f940, RBP=0x0000000000000000, RSI=0x000000001e67f940, RDI=0x0000000000000006
R8 =0x0000000000000009, R9 =0x000000001dd98800, R10=0x000000001e67fb80, R11=0x000000001e67fc60
R12=0x000000001e67fc60, R13=0x000000001e67fa88, R14=0x000000001e67fb90, R15=0x00000000029b0880
RIP=0x0000000054f7dbc7, EFLAGS=0x0000000000010202

Top of Stack: (sp=0x000000001e67f940)
0x000000001e67f940:   000000001beec200 0000000000279b10
0x000000001e67f950:   00000000775d0000 000000001e67fa30
0x000000001e67f960:   0000000000000000 0000000054f7e707
0x000000001e67f970:   00000005fae38700 000000001beec200
0x000000001e67f980:   000000001dd98800 000000001dd98800
0x000000001e67f990:   0000000000000000 0000000000000000
0x000000001e67f9a0:   0000000000000000 0000000000000000
0x000000001e67f9b0:   0000000000000000 0000000054e50f5b
0x000000001e67f9c0:   0000000000000000 0000000000000000
0x000000001e67f9d0:   0000000000000000 00000000775fc338
0x000000001e67f9e0:   000000001beec200 0000000000000006
0x000000001e67f9f0:   000000001dd98800 0000000000000000
0x000000001e67fa00:   000000001e67fb90 000000001dd98800
0x000000001e67fa10:   00000005fae38738 00000005fae38738
0x000000001e67fa20:   0000000002517400 000000001e67fc60
0x000000001e67fa30:   0000000000000000 000000001e67fb90 

Instructions: (pc=0x0000000054f7dbc7)
0x0000000054f7dba7:   48 89 6c 24 30 33 ed 66 90 e8 2b 3c 06 00 ff c3
0x0000000054f7dbb7:   48 63 c8 48 8b c6 48 0f af cf 48 ff c7 48 2b c1
0x0000000054f7dbc7:   89 28 48 63 c3 48 3b 05 cd 17 4b 00 7e db 48 8b
0x0000000054f7dbd7:   6c 24 30 48 8b 5c 24 38 48 8b 74 24 40 48 83 c4 


Register to memory mapping:

RAX=0x000000001e67a940 is pointing into the stack for thread: 0x000000001dd98800
RBX=0x0000000000000006 is an unknown value
RCX=0x0000000000005000 is an unknown value
RDX=0x000000001e589170 is pointing into the stack for thread: 0x000000001dd98800
RSP=0x000000001e67f940 is pointing into the stack for thread: 0x000000001dd98800
RBP=0x0000000000000000 is an unknown value
RSI=0x000000001e67f940 is pointing into the stack for thread: 0x000000001dd98800
RDI=0x0000000000000006 is an unknown value
R8 =0x0000000000000009 is an unknown value
R9 =0x000000001dd98800 is a thread
R10=0x000000001e67fb80 is pointing into the stack for thread: 0x000000001dd98800
R11=0x000000001e67fc60 is pointing into the stack for thread: 0x000000001dd98800
R12=0x000000001e67fc60 is pointing into the stack for thread: 0x000000001dd98800
R13=0x000000001e67fa88 is pointing into the stack for thread: 0x000000001dd98800
R14=0x000000001e67fb90 is pointing into the stack for thread: 0x000000001dd98800
R15=0x00000000029b0880 is an Interpreter codelet
method entry point (kind = zerolocals)  [0x00000000029b0880, 0x00000000029b0b80]  768 bytes


Stack: [0x000000001e580000,0x000000001e680000],  sp=0x000000001e67f940,  free space=1022k
Native frames: (J=compiled Java code, j=interpreted, Vv=VM code, C=native code)
V  [jvm.dll+0x1adbc7]

[error occurred during error reporting (printing native stack), id 0xc0000005]


