#
# There is insufficient memory for the Java Runtime Environment to continue.
# Native memory allocation (malloc) failed to allocate 131088 bytes for Chunk::new
# Possible reasons:
#   The system is out of physical RAM or swap space
#   In 32 bit mode, the process size limit was hit
# Possible solutions:
#   Reduce memory load on the system
#   Increase physical memory or swap space
#   Check if swap backing store is full
#   Use 64 bit Java on a 64 bit OS
#   Decrease Java heap size (-Xmx/-Xms)
#   Decrease number of Java threads
#   Decrease Java thread stack sizes (-Xss)
#   Set larger code cache with -XX:ReservedCodeCacheSize=
# This output file may be truncated or incomplete.
#
#  Out of Memory Error (allocation.cpp:328), pid=8904, tid=7972
#
# JRE version: 7.0_11-b21
# Java VM: Java HotSpot(TM) 64-Bit Server VM (23.6-b04 mixed mode windows-amd64 compressed oops)
# Failed to write core dump. Minidumps are not enabled by default on client versions of Windows
#

---------------  T H R E A D  ---------------

Current thread (0x000000001c105800):  JavaThread "C2 CompilerThread1" daemon [_thread_in_native, id=7972, stack(0x000000001d920000,0x000000001da20000)]

Stack: [0x000000001d920000,0x000000001da20000]

Current CompileTask:
C2:   7222  679   !         com.android.dx.cf.code.BytecodeArray::parseInstruction (2764 bytes)


---------------  P R O C E S S  ---------------

Java Threads: ( => current thread )
  0x000000001de7a800 JavaThread "pool-2-thread-4" [_thread_in_Java, id=5256, stack(0x000000001e650000,0x000000001e750000)]
  0x000000001df88800 JavaThread "pool-2-thread-3" [_thread_in_Java, id=3244, stack(0x000000001e340000,0x000000001e440000)]
  0x000000001dde7000 JavaThread "pool-2-thread-2" [_thread_blocked, id=8836, stack(0x000000001e470000,0x000000001e570000)]
  0x000000001dd0d000 JavaThread "pool-3-thread-1" [_thread_blocked, id=5568, stack(0x000000001da50000,0x000000001db50000)]
  0x000000001dd85000 JavaThread "pool-2-thread-1" [_thread_in_Java, id=7452, stack(0x000000001e1c0000,0x000000001e2c0000)]
  0x000000001c106000 JavaThread "Service Thread" daemon [_thread_blocked, id=9496, stack(0x000000001d490000,0x000000001d590000)]
=>0x000000001c105800 JavaThread "C2 CompilerThread1" daemon [_thread_in_native, id=7972, stack(0x000000001d920000,0x000000001da20000)]
  0x000000001c0ed000 JavaThread "C2 CompilerThread0" daemon [_thread_blocked, id=8964, stack(0x000000001d810000,0x000000001d910000)]
  0x000000001c0ec000 JavaThread "Attach Listener" daemon [_thread_blocked, id=5744, stack(0x000000001d640000,0x000000001d740000)]
  0x000000001c0e5000 JavaThread "Signal Dispatcher" daemon [_thread_blocked, id=8356, stack(0x000000001d270000,0x000000001d370000)]
  0x0000000002536800 JavaThread "Finalizer" daemon [_thread_blocked, id=6456, stack(0x000000001d390000,0x000000001d490000)]
  0x0000000002530000 JavaThread "Reference Handler" daemon [_thread_blocked, id=5296, stack(0x000000001cf50000,0x000000001d050000)]
  0x000000000259c800 JavaThread "main" [_thread_in_Java, id=6156, stack(0x00000000028c0000,0x00000000029c0000)]

Other Threads:
  0x000000001c03f800 VMThread [stack: 0x000000001d0c0000,0x000000001d1c0000] [id=5712]
  0x000000001c11f000 WatcherThread [stack: 0x000000001dba0000,0x000000001dca0000] [id=9796]

VM state:not at safepoint (normal execution)

VM Mutex/Monitor currently owned by a thread: None

Heap
 PSYoungGen      total 207744K, used 80373K [0x0000000755560000, 0x00000007691c0000, 0x0000000800000000)
  eden space 175296K, 27% used [0x0000000755560000,0x00000007584326e8,0x0000000760090000)
  from space 32448K, 99% used [0x0000000767210000,0x00000007691bae98,0x00000007691c0000)
  to   space 47104K, 0% used [0x00000007635c0000,0x00000007635c0000,0x00000007663c0000)
 ParOldGen       total 122752K, used 59395K [0x0000000600000000, 0x00000006077e0000, 0x0000000755560000)
  object space 122752K, 48% used [0x0000000600000000,0x0000000603a00ca0,0x00000006077e0000)
 PSPermGen       total 21248K, used 5612K [0x00000005fae00000, 0x00000005fc2c0000, 0x0000000600000000)
  object space 21248K, 26% used [0x00000005fae00000,0x00000005fb37b148,0x00000005fc2c0000)

Card table byte_map: [0x00000000059c0000,0x00000000069f0000] byte_map_base: 0x00000000029e9000

Polling page: 0x0000000000230000

Code Cache  [0x00000000029c0000, 0x0000000002c80000, 0x00000000059c0000)
 total_blobs=890 nmethods=675 adapters=166 free_code_cache=46393Kb largest_free_block=47457920

Compilation events (10 events):
Event: 7.180 Thread 0x000000001c105800  676             java.util.ArrayList::rangeCheckForAdd (26 bytes)
Event: 7.180 Thread 0x000000001c105800 nmethod 676 0x0000000002c6bcd0 code [0x0000000002c6be00, 0x0000000002c6be78]
Event: 7.180 Thread 0x000000001c0ed000 nmethod 674 0x0000000002c79650 code [0x0000000002c797e0, 0x0000000002c79e28]
Event: 7.181 Thread 0x000000001c105800  677   !         com.android.dx.cf.code.Ropper::doit (126 bytes)
Event: 7.186 Thread 0x000000001c0ed000   11 %           com.android.dx.ssa.back.FirstFitLocalCombiningAllocator::handleNormalUnassociated @ 10 (99 bytes)
Event: 7.202 Thread 0x000000001c0ed000 nmethod 11% 0x0000000002c71850 code [0x0000000002c71a40, 0x0000000002c72670]
Event: 7.204 Thread 0x000000001c0ed000  678             com.android.dx.ssa.back.FirstFitLocalCombiningAllocator::handleNormalUnassociated (99 bytes)
Event: 7.212 Thread 0x000000001c105800 nmethod 677 0x0000000002c7a8d0 code [0x0000000002c7abe0, 0x0000000002c7be18]
Event: 7.220 Thread 0x000000001c0ed000 nmethod 678 0x0000000002a82290 code [0x0000000002a82480, 0x0000000002a83050]
Event: 7.220 Thread 0x000000001c105800  679   !         com.android.dx.cf.code.BytecodeArray::parseInstruction (2764 bytes)

GC Heap History (10 events):
Event: 3.642 GC heap before
{Heap before GC invocations=3 (full 0):
 PSYoungGen      total 70144K, used 70131K [0x0000000755560000, 0x0000000759f20000, 0x0000000800000000)
  eden space 64768K, 100% used [0x0000000755560000,0x00000007594a0000,0x00000007594a0000)
  from space 5376K, 99% used [0x00000007599e0000,0x0000000759f1cfe8,0x0000000759f20000)
  to   space 5376K, 0% used [0x00000007594a0000,0x00000007594a0000,0x00000007599e0000)
 ParOldGen       total 86272K, used 10175K [0x0000000600000000, 0x0000000605440000, 0x0000000755560000)
  object space 86272K, 11% used [0x0000000600000000,0x00000006009effd8,0x0000000605440000)
 PSPermGen       total 21248K, used 5568K [0x00000005fae00000, 0x00000005fc2c0000, 0x0000000600000000)
  object space 21248K, 26% used [0x00000005fae00000,0x00000005fb370118,0x00000005fc2c0000)
Event: 3.897 GC heap after
Heap after GC invocations=3 (full 0):
 PSYoungGen      total 70144K, used 5357K [0x0000000755560000, 0x000000075de60000, 0x0000000800000000)
  eden space 64768K, 0% used [0x0000000755560000,0x0000000755560000,0x00000007594a0000)
  from space 5376K, 99% used [0x00000007594a0000,0x00000007599db490,0x00000007599e0000)
  to   space 5376K, 0% used [0x000000075d920000,0x000000075d920000,0x000000075de60000)
 ParOldGen       total 86272K, used 24471K [0x0000000600000000, 0x0000000605440000, 0x0000000755560000)
  object space 86272K, 28% used [0x0000000600000000,0x00000006017e5ca0,0x0000000605440000)
 PSPermGen       total 21248K, used 5568K [0x00000005fae00000, 0x00000005fc2c0000, 0x0000000600000000)
  object space 21248K, 26% used [0x00000005fae00000,0x00000005fb370118,0x00000005fc2c0000)
}
Event: 4.700 GC heap before
{Heap before GC invocations=4 (full 0):
 PSYoungGen      total 70144K, used 70125K [0x0000000755560000, 0x000000075de60000, 0x0000000800000000)
  eden space 64768K, 100% used [0x0000000755560000,0x00000007594a0000,0x00000007594a0000)
  from space 5376K, 99% used [0x00000007594a0000,0x00000007599db490,0x00000007599e0000)
  to   space 5376K, 0% used [0x000000075d920000,0x000000075d920000,0x000000075de60000)
 ParOldGen       total 86272K, used 24471K [0x0000000600000000, 0x0000000605440000, 0x0000000755560000)
  object space 86272K, 28% used [0x0000000600000000,0x00000006017e5ca0,0x0000000605440000)
 PSPermGen       total 21248K, used 5576K [0x00000005fae00000, 0x00000005fc2c0000, 0x0000000600000000)
  object space 21248K, 26% used [0x00000005fae00000,0x00000005fb372050,0x00000005fc2c0000)
Event: 4.776 GC heap after
Heap after GC invocations=4 (full 0):
 PSYoungGen      total 134912K, used 5356K [0x0000000755560000, 0x000000075de60000, 0x0000000800000000)
  eden space 129536K, 0% used [0x0000000755560000,0x0000000755560000,0x000000075d3e0000)
  from space 5376K, 99% used [0x000000075d920000,0x000000075de5b110,0x000000075de60000)
  to   space 5376K, 0% used [0x000000075d3e0000,0x000000075d3e0000,0x000000075d920000)
 ParOldGen       total 86272K, used 38838K [0x0000000600000000, 0x0000000605440000, 0x0000000755560000)
  object space 86272K, 45% used [0x0000000600000000,0x00000006025ed888,0x0000000605440000)
 PSPermGen       total 21248K, used 5576K [0x00000005fae00000, 0x00000005fc2c0000, 0x0000000600000000)
  object space 21248K, 26% used [0x00000005fae00000,0x00000005fb372050,0x00000005fc2c0000)
}
Event: 5.869 GC heap before
{Heap before GC invocations=5 (full 0):
 PSYoungGen      total 134912K, used 134892K [0x0000000755560000, 0x000000075de60000, 0x0000000800000000)
  eden space 129536K, 100% used [0x0000000755560000,0x000000075d3e0000,0x000000075d3e0000)
  from space 5376K, 99% used [0x000000075d920000,0x000000075de5b110,0x000000075de60000)
  to   space 5376K, 0% used [0x000000075d3e0000,0x000000075d3e0000,0x000000075d920000)
 ParOldGen       total 86272K, used 38838K [0x0000000600000000, 0x0000000605440000, 0x0000000755560000)
  object space 86272K, 45% used [0x0000000600000000,0x00000006025ed888,0x0000000605440000)
 PSPermGen       total 21248K, used 5613K [0x00000005fae00000, 0x00000005fc2c0000, 0x0000000600000000)
  object space 21248K, 26% used [0x00000005fae00000,0x00000005fb37b480,0x00000005fc2c0000)
Event: 5.919 GC heap after
Heap after GC invocations=5 (full 0):
 PSYoungGen      total 134912K, used 5359K [0x0000000755560000, 0x00000007691c0000, 0x0000000800000000)
  eden space 129536K, 0% used [0x0000000755560000,0x0000000755560000,0x000000075d3e0000)
  from space 5376K, 99% used [0x000000075d3e0000,0x000000075d91bd20,0x000000075d920000)
  to   space 32448K, 0% used [0x0000000767210000,0x0000000767210000,0x00000007691c0000)
 ParOldGen       total 86272K, used 64300K [0x0000000600000000, 0x0000000605440000, 0x0000000755560000)
  object space 86272K, 74% used [0x0000000600000000,0x0000000603ecb130,0x0000000605440000)
 PSPermGen       total 21248K, used 5613K [0x00000005fae00000, 0x00000005fc2c0000, 0x0000000600000000)
  object space 21248K, 26% used [0x00000005fae00000,0x00000005fb37b480,0x00000005fc2c0000)
}
Event: 5.919 GC heap before
{Heap before GC invocations=6 (full 1):
 PSYoungGen      total 134912K, used 5359K [0x0000000755560000, 0x00000007691c0000, 0x0000000800000000)
  eden space 129536K, 0% used [0x0000000755560000,0x0000000755560000,0x000000075d3e0000)
  from space 5376K, 99% used [0x000000075d3e0000,0x000000075d91bd20,0x000000075d920000)
  to   space 32448K, 0% used [0x0000000767210000,0x0000000767210000,0x00000007691c0000)
 ParOldGen       total 86272K, used 64300K [0x0000000600000000, 0x0000000605440000, 0x0000000755560000)
  object space 86272K, 74% used [0x0000000600000000,0x0000000603ecb130,0x0000000605440000)
 PSPermGen       total 21248K, used 5613K [0x00000005fae00000, 0x00000005fc2c0000, 0x0000000600000000)
  object space 21248K, 26% used [0x00000005fae00000,0x00000005fb37b480,0x00000005fc2c0000)
Event: 6.711 GC heap after
Heap after GC invocations=6 (full 1):
 PSYoungGen      total 134912K, used 0K [0x0000000755560000, 0x00000007691c0000, 0x0000000800000000)
  eden space 129536K, 0% used [0x0000000755560000,0x0000000755560000,0x000000075d3e0000)
  from space 5376K, 0% used [0x000000075d3e0000,0x000000075d3e0000,0x000000075d920000)
  to   space 32448K, 0% used [0x0000000767210000,0x0000000767210000,0x00000007691c0000)
 ParOldGen       total 122752K, used 43546K [0x0000000600000000, 0x00000006077e0000, 0x0000000755560000)
  object space 122752K, 35% used [0x0000000600000000,0x0000000602a86830,0x00000006077e0000)
 PSPermGen       total 21248K, used 5608K [0x00000005fae00000, 0x00000005fc2c0000, 0x0000000600000000)
  object space 21248K, 26% used [0x00000005fae00000,0x00000005fb37a360,0x00000005fc2c0000)
}
Event: 7.088 GC heap before
{Heap before GC invocations=7 (full 1):
 PSYoungGen      total 134912K, used 129536K [0x0000000755560000, 0x00000007691c0000, 0x0000000800000000)
  eden space 129536K, 100% used [0x0000000755560000,0x000000075d3e0000,0x000000075d3e0000)
  from space 5376K, 0% used [0x000000075d3e0000,0x000000075d3e0000,0x000000075d920000)
  to   space 32448K, 0% used [0x0000000767210000,0x0000000767210000,0x00000007691c0000)
 ParOldGen       total 122752K, used 43546K [0x0000000600000000, 0x00000006077e0000, 0x0000000755560000)
  object space 122752K, 35% used [0x0000000600000000,0x0000000602a86830,0x00000006077e0000)
 PSPermGen       total 21248K, used 5611K [0x00000005fae00000, 0x00000005fc2c0000, 0x0000000600000000)
  object space 21248K, 26% used [0x00000005fae00000,0x00000005fb37aeb0,0x00000005fc2c0000)
Event: 7.123 GC heap after
Heap after GC invocations=7 (full 1):
 PSYoungGen      total 207744K, used 32427K [0x0000000755560000, 0x00000007691c0000, 0x0000000800000000)
  eden space 175296K, 0% used [0x0000000755560000,0x0000000755560000,0x0000000760090000)
  from space 32448K, 99% used [0x0000000767210000,0x00000007691bae98,0x00000007691c0000)
  to   space 47104K, 0% used [0x00000007635c0000,0x00000007635c0000,0x00000007663c0000)
 ParOldGen       total 122752K, used 59395K [0x0000000600000000, 0x00000006077e0000, 0x0000000755560000)
  object space 122752K, 48% used [0x0000000600000000,0x0000000603a00ca0,0x00000006077e0000)
 PSPermGen       total 21248K, used 5611K [0x00000005fae00000, 0x00000005fc2c0000, 0x0000000600000000)
  object space 21248K, 26% used [0x00000005fae00000,0x00000005fb37aeb0,0x00000005fc2c0000)
}

Deoptimization events (10 events):
Event: 7.140 Thread 0x000000001dde7000 Uncommon trap -34 fr.pc 0x0000000002bfac0c
Event: 7.151 Thread 0x000000001dde7000 Uncommon trap -34 fr.pc 0x0000000002b5b840
Event: 7.211 Thread 0x000000001dde7000 Uncommon trap -58 fr.pc 0x0000000002c103b0
Event: 7.211 Thread 0x000000001dde7000 Uncommon trap -58 fr.pc 0x0000000002c103b0
Event: 7.217 Thread 0x000000001de7a800 Uncommon trap -58 fr.pc 0x0000000002b9ff44
Event: 7.217 Thread 0x000000001de7a800 Uncommon trap -58 fr.pc 0x0000000002b9fe44
Event: 7.217 Thread 0x000000001de7a800 Uncommon trap -58 fr.pc 0x0000000002b9fec4
Event: 7.217 Thread 0x000000001de7a800 Uncommon trap -58 fr.pc 0x0000000002b9fec4
Event: 7.218 Thread 0x000000001de7a800 Uncommon trap -83 fr.pc 0x0000000002c559f0
Event: 7.218 Thread 0x000000001de7a800 Uncommon trap -34 fr.pc 0x0000000002bca6f4

Internal exceptions (10 events):
Event: 1.105 Thread 0x000000000259c800 Threw 0x00000007574350c8 at C:\jdk7u1_64p\jdk7u11\hotspot\src\share\vm\prims\jvm.cpp:1166
Event: 1.227 Thread 0x000000000259c800 Threw 0x0000000755680a20 at C:\jdk7u1_64p\jdk7u11\hotspot\src\share\vm\prims\jvm.cpp:1166
Event: 1.296 Thread 0x000000001df88800 Threw 0x0000000755d2f5e8 at C:\jdk7u1_64p\jdk7u11\hotspot\src\share\vm\prims\jvm.cpp:1166
Event: 1.301 Thread 0x000000001df88800 Threw 0x0000000755d75000 at C:\jdk7u1_64p\jdk7u11\hotspot\src\share\vm\prims\jvm.cpp:1166
Event: 1.349 Thread 0x000000000259c800 Implicit null exception at 0x0000000002a8a5af to 0x0000000002a8ac75
Event: 1.634 Thread 0x000000001dd85000 Threw 0x00000007566edd38 at C:\jdk7u1_64p\jdk7u11\hotspot\src\share\vm\prims\jvm.cpp:1166
Event: 3.100 Thread 0x000000001dde7000 Threw 0x0000000755c62650 at C:\jdk7u1_64p\jdk7u11\hotspot\src\share\vm\prims\jvm.cpp:1166
Event: 3.260 Thread 0x000000000259c800 Threw 0x0000000758d57a98 at C:\jdk7u1_64p\jdk7u11\hotspot\src\share\vm\prims\jvm.cpp:1166
Event: 5.228 Thread 0x000000001df88800 Implicit null exception at 0x0000000002be1994 to 0x0000000002be2171
Event: 5.251 Thread 0x000000001df88800 Threw 0x000000075a893398 at C:\jdk7u1_64p\jdk7u11\hotspot\src\share\vm\prims\jvm.cpp:1166

Events (10 events):
Event: 7.217 Thread 0x000000001de7a800 DEOPT PACKING pc=0x0000000002b9fe44 sp=0x000000001e74ee30
Event: 7.217 Thread 0x000000001de7a800 DEOPT UNPACKING pc=0x00000000029f9164 sp=0x000000001e74edc8 mode 2
Event: 7.217 Thread 0x000000001de7a800 DEOPT PACKING pc=0x0000000002b9fec4 sp=0x000000001e74ee30
Event: 7.217 Thread 0x000000001de7a800 DEOPT UNPACKING pc=0x00000000029f9164 sp=0x000000001e74edc8 mode 2
Event: 7.217 Thread 0x000000001de7a800 DEOPT PACKING pc=0x0000000002b9fec4 sp=0x000000001e74ee30
Event: 7.217 Thread 0x000000001de7a800 DEOPT UNPACKING pc=0x00000000029f9164 sp=0x000000001e74edc8 mode 2
Event: 7.218 Thread 0x000000001de7a800 DEOPT PACKING pc=0x0000000002c559f0 sp=0x000000001e74ede0
Event: 7.218 Thread 0x000000001de7a800 DEOPT UNPACKING pc=0x00000000029f9164 sp=0x000000001e74ed88 mode 2
Event: 7.218 Thread 0x000000001de7a800 DEOPT PACKING pc=0x0000000002bca6f4 sp=0x000000001e74f0a0
Event: 7.218 Thread 0x000000001de7a800 DEOPT UNPACKING pc=0x00000000029f9164 sp=0x000000001e74f028 mode 2


Dynamic libraries:
0x000000013fe30000 - 0x000000013fe63000 	C:\Program Files\Java\jdk1.7.0_11\bin\java.exe
0x0000000077210000 - 0x00000000773b9000 	C:\Windows\SYSTEM32\ntdll.dll
0x0000000076ff0000 - 0x000000007710f000 	C:\Windows\system32\kernel32.dll
0x000007fefd310000 - 0x000007fefd37b000 	C:\Windows\system32\KERNELBASE.dll
0x000007fefe750000 - 0x000007fefe82b000 	C:\Windows\system32\ADVAPI32.dll
0x000007fefedd0000 - 0x000007fefee6f000 	C:\Windows\system32\msvcrt.dll
0x000007feff410000 - 0x000007feff42f000 	C:\Windows\SYSTEM32\sechost.dll
0x000007fefd530000 - 0x000007fefd65d000 	C:\Windows\system32\RPCRT4.dll
0x0000000077110000 - 0x000000007720a000 	C:\Windows\system32\USER32.dll
0x000007feff430000 - 0x000007feff497000 	C:\Windows\system32\GDI32.dll
0x000007fefedc0000 - 0x000007fefedce000 	C:\Windows\system32\LPK.dll
0x000007fefe860000 - 0x000007fefe929000 	C:\Windows\system32\USP10.dll
0x000007fefbc30000 - 0x000007fefbe24000 	C:\Windows\WinSxS\amd64_microsoft.windows.common-controls_6595b64144ccf1df_6.0.7601.17514_none_fa396087175ac9ac\COMCTL32.dll
0x000007feff390000 - 0x000007feff401000 	C:\Windows\system32\SHLWAPI.dll
0x000007fefe830000 - 0x000007fefe85e000 	C:\Windows\system32\IMM32.DLL
0x000007feff000000 - 0x000007feff109000 	C:\Windows\system32\MSCTF.dll
0x0000000070190000 - 0x0000000070261000 	C:\Program Files\Java\jdk1.7.0_11\jre\bin\msvcr100.dll
0x000000006a580000 - 0x000000006ac9f000 	C:\Program Files\Java\jdk1.7.0_11\jre\bin\server\jvm.dll
0x000007feee8c0000 - 0x000007feee8c9000 	C:\Windows\system32\WSOCK32.dll
0x000007feff240000 - 0x000007feff28d000 	C:\Windows\system32\WS2_32.dll
0x000007fefef50000 - 0x000007fefef58000 	C:\Windows\system32\NSI.dll
0x000007fefaf30000 - 0x000007fefaf6b000 	C:\Windows\system32\WINMM.dll
0x00000000773e0000 - 0x00000000773e7000 	C:\Windows\system32\PSAPI.DLL
0x0000000073fe0000 - 0x0000000073fef000 	C:\Program Files\Java\jdk1.7.0_11\jre\bin\verify.dll
0x0000000073fb0000 - 0x0000000073fd8000 	C:\Program Files\Java\jdk1.7.0_11\jre\bin\java.dll
0x0000000073f90000 - 0x0000000073fa5000 	C:\Program Files\Java\jdk1.7.0_11\jre\bin\zip.dll

VM Arguments:
jvm_args: -Djava.awt.headless=true -Xmx8g -Dfile.encoding=GBK -Duser.country=CN -Duser.language=zh -Duser.variant 
java_command: com.android.dx.command.Main --dex --force-jumbo --num-threads=4 --multi-dex --output E:\studio\VkoCircleS\app\build\intermediates\transforms\dex\debug\folders\1000\5\slice_1 E:\studio\VkoCircleS\app\build\intermediates\transforms\instantRunSlicer\debug\folders\1\5\slice_1
Launcher Type: SUN_STANDARD

Environment Variables:
JAVA_HOME=C:\Program Files\Java\jdk1.7.0_11
CLASSPATH=.;C:\Program Files\Java\jdk1.7.0_11\lib\dt.jar;C:\Program Files\Java\jdk1.7.0_11\lib\tools.jar;
PATH=C:\Program Files\Java\jdk1.7.0_11\bin;C:\Program Files\Java\jdk1.7.0_11\jre\bin;C:\Windows\system32;C:\Windows;C:\Windows\System32\Wbem;C:\Windows\System32\WindowsPowerShell\v1.0\;C:\Program Files\nodejs\;d:\dev\maven\bin;C:\Users\JiaRH\AppData\Local\Android\Sdk\platform-tools.*;C:\Program Files\TortoiseSVN\bin;F:\zookeeper\zookeeper-3.4.8\zookeeper-3.4.8\bin
USERNAME=JiaRH
OS=Windows_NT
PROCESSOR_IDENTIFIER=Intel64 Family 6 Model 58 Stepping 9, GenuineIntel



---------------  S Y S T E M  ---------------

OS: Windows 7 , 64 bit Build 7601 Service Pack 1

CPU:total 4 (2 cores per cpu, 2 threads per core) family 6 model 58 stepping 9, cmov, cx8, fxsr, mmx, sse, sse2, sse3, ssse3, sse4.1, sse4.2, popcnt, avx, ht, tsc, tscinvbit, tscinv

Memory: 4k page, physical 8279396k(2394220k free), swap 8687152k(5204k free)

vm_info: Java HotSpot(TM) 64-Bit Server VM (23.6-b04) for windows-amd64 JRE (1.7.0_11-b21), built on Jan 12 2013 02:38:42 by "java_re" with unknown MS VC++:1600

time: Mon Nov 14 17:15:46 2016
elapsed time: 7 seconds

