#
# There is insufficient memory for the Java Runtime Environment to continue.
# Native memory allocation (malloc) failed to allocate 77776 bytes for Chunk::new
# Possible reasons:
#   The system is out of physical RAM or swap space
#   In 32 bit mode, the process size limit was hit
# Possible solutions:
#   Reduce memory load on the system
#   Increase physical memory or swap space
#   Check if swap backing store is full
#   Use 64 bit Java on a 64 bit OS
#   Decrease Java heap size (-Xmx/-Xms)
#   Decrease number of Java threads
#   Decrease Java thread stack sizes (-Xss)
#   Set larger code cache with -XX:ReservedCodeCacheSize=
# This output file may be truncated or incomplete.
#
#  Out of Memory Error (allocation.cpp:328), pid=9532, tid=5256
#
# JRE version: 7.0_11-b21
# Java VM: Java HotSpot(TM) 64-Bit Server VM (23.6-b04 mixed mode windows-amd64 compressed oops)
# Failed to write core dump. Minidumps are not enabled by default on client versions of Windows
#

---------------  T H R E A D  ---------------

Current thread (0x000000001c17d800):  JavaThread "C2 CompilerThread1" daemon [_thread_in_native, id=5256, stack(0x000000001d570000,0x000000001d670000)]

Stack: [0x000000001d570000,0x000000001d670000]

Current CompileTask:
C2:   2718   65             com.android.dx.ssa.SsaMethod::deleteInsns (239 bytes)


---------------  P R O C E S S  ---------------

Java Threads: ( => current thread )
  0x000000001dc29000 JavaThread "pool-2-thread-4" [_thread_in_Java, id=10176, stack(0x000000001e640000,0x000000001e740000)]
  0x000000001dc28800 JavaThread "pool-2-thread-3" [_thread_in_vm, id=10172, stack(0x000000001e530000,0x000000001e630000)]
  0x000000001dc55000 JavaThread "pool-2-thread-2" [_thread_in_Java, id=9128, stack(0x000000001e310000,0x000000001e410000)]
  0x000000001dc3b800 JavaThread "pool-3-thread-1" [_thread_blocked, id=4340, stack(0x000000001e140000,0x000000001e240000)]
  0x000000001dc0a800 JavaThread "pool-2-thread-1" [_thread_in_vm, id=7092, stack(0x000000001dfb0000,0x000000001e0b0000)]
  0x000000001c17e800 JavaThread "Service Thread" daemon [_thread_blocked, id=4032, stack(0x000000001d850000,0x000000001d950000)]
=>0x000000001c17d800 JavaThread "C2 CompilerThread1" daemon [_thread_in_native, id=5256, stack(0x000000001d570000,0x000000001d670000)]
  0x000000001c17b800 JavaThread "C2 CompilerThread0" daemon [_thread_in_native, id=5568, stack(0x000000001d700000,0x000000001d800000)]
  0x000000001c17a800 JavaThread "Attach Listener" daemon [_thread_blocked, id=8704, stack(0x000000001d340000,0x000000001d440000)]
  0x000000001c173800 JavaThread "Signal Dispatcher" daemon [_thread_blocked, id=10004, stack(0x000000001d460000,0x000000001d560000)]
  0x0000000002621800 JavaThread "Finalizer" daemon [_thread_blocked, id=9712, stack(0x000000001d0f0000,0x000000001d1f0000)]
  0x0000000002620000 JavaThread "Reference Handler" daemon [_thread_blocked, id=7368, stack(0x000000001d1f0000,0x000000001d2f0000)]
  0x000000000252c800 JavaThread "main" [_thread_in_vm, id=9260, stack(0x0000000002960000,0x0000000002a60000)]

Other Threads:
  0x000000001c0d1800 VMThread [stack: 0x000000001cfa0000,0x000000001d0a0000] [id=7352]
  0x000000001c17f800 WatcherThread [stack: 0x000000001da30000,0x000000001db30000] [id=1168]

VM state:not at safepoint (normal execution)

VM Mutex/Monitor currently owned by a thread: None

Heap
 PSYoungGen      total 37760K, used 14545K [0x0000000755560000, 0x0000000757f80000, 0x0000000800000000)
  eden space 32384K, 44% used [0x0000000755560000,0x0000000756394530,0x0000000757500000)
  from space 5376K, 0% used [0x0000000757a40000,0x0000000757a40000,0x0000000757f80000)
  to   space 5376K, 0% used [0x0000000757500000,0x0000000757500000,0x0000000757a40000)
 ParOldGen       total 86272K, used 0K [0x0000000600000000, 0x0000000605440000, 0x0000000755560000)
  object space 86272K, 0% used [0x0000000600000000,0x0000000600000000,0x0000000605440000)
 PSPermGen       total 21248K, used 5687K [0x00000005fae00000, 0x00000005fc2c0000, 0x0000000600000000)
  object space 21248K, 26% used [0x00000005fae00000,0x00000005fb38dc28,0x00000005fc2c0000)

Card table byte_map: [0x0000000005a60000,0x0000000006a90000] byte_map_base: 0x0000000002a89000

Polling page: 0x0000000000330000

Code Cache  [0x0000000002a60000, 0x0000000002cd0000, 0x0000000005a60000)
 total_blobs=300 nmethods=63 adapters=188 free_code_cache=48673Kb largest_free_block=49825664

Compilation events (10 events):
Event: 2.706 Thread 0x000000001c17d800 nmethod 60 0x0000000002ad76d0 code [0x0000000002ad7800, 0x0000000002ad7878]
Event: 2.706 Thread 0x000000001c17d800   61             java.util.HashMap::get (29 bytes)
Event: 2.709 Thread 0x000000001c17d800 nmethod 61 0x0000000002ad8c50 code [0x0000000002ad8dc0, 0x0000000002ad8fe8]
Event: 2.709 Thread 0x000000001c17d800   62   !         com.android.dx.util.FixedSizeList::set0 (22 bytes)
Event: 2.710 Thread 0x000000001c17d800 nmethod 62 0x0000000002ad88d0 code [0x0000000002ad8a20, 0x0000000002ad8b38]
Event: 2.710 Thread 0x000000001c17d800   63             com.android.dx.util.MutabilityControl::setImmutable (6 bytes)
Event: 2.710 Thread 0x000000001c17d800 nmethod 63 0x0000000002ad9f50 code [0x0000000002ada080, 0x0000000002ada0d8]
Event: 2.710 Thread 0x000000001c17d800   64             com.android.dx.rop.code.Insn::getSources (5 bytes)
Event: 2.710 Thread 0x000000001c17d800 nmethod 64 0x0000000002ad7490 code [0x0000000002ad75c0, 0x0000000002ad7638]
Event: 2.710 Thread 0x000000001c17d800   65             com.android.dx.ssa.SsaMethod::deleteInsns (239 bytes)

GC Heap History (0 events):
No events

Deoptimization events (0 events):
No events

Internal exceptions (10 events):
Event: 1.741 Thread 0x000000001dc29000 Threw 0x0000000755e198d0 at C:\jdk7u1_64p\jdk7u11\hotspot\src\share\vm\prims\jvm.cpp:1166
Event: 1.741 Thread 0x000000001dc29000 Threw 0x0000000755e1db50 at C:\jdk7u1_64p\jdk7u11\hotspot\src\share\vm\prims\jvm.cpp:1166
Event: 1.742 Thread 0x000000001dc29000 Threw 0x0000000755e23138 at C:\jdk7u1_64p\jdk7u11\hotspot\src\share\vm\prims\jvm.cpp:1166
Event: 2.091 Thread 0x000000001dc29000 Threw 0x0000000755e2b9a8 at C:\jdk7u1_64p\jdk7u11\hotspot\src\share\vm\prims\jvm.cpp:1166
Event: 2.091 Thread 0x000000001dc29000 Threw 0x0000000755e30980 at C:\jdk7u1_64p\jdk7u11\hotspot\src\share\vm\prims\jvm.cpp:1166
Event: 2.092 Thread 0x000000001dc28800 Threw 0x00000007559ecdb8 at C:\jdk7u1_64p\jdk7u11\hotspot\src\share\vm\prims\jvm.cpp:1166
Event: 2.095 Thread 0x000000001dc28800 Threw 0x00000007559f53d8 at C:\jdk7u1_64p\jdk7u11\hotspot\src\share\vm\prims\jvm.cpp:1166
Event: 2.099 Thread 0x000000000252c800 Threw 0x0000000755d26d30 at C:\jdk7u1_64p\jdk7u11\hotspot\src\share\vm\prims\jvm.cpp:1166
Event: 2.100 Thread 0x000000001dc28800 Threw 0x0000000755a06d98 at C:\jdk7u1_64p\jdk7u11\hotspot\src\share\vm\prims\jvm.cpp:1166
Event: 2.111 Thread 0x000000001dc55000 Threw 0x0000000755f41df0 at C:\jdk7u1_64p\jdk7u11\hotspot\src\share\vm\prims\jvm.cpp:1166

Events (10 events):
Event: 2.100 loading class 0x000000001dbd6b50
Event: 2.100 loading class 0x000000001dbd6b50 done
Event: 2.111 loading class 0x000000001de02840
Event: 2.111 loading class 0x000000001de02840 done
Event: 2.356 loading class 0x000000001c0eb860
Event: 2.356 loading class 0x000000001c0eb860 done
Event: 2.356 loading class 0x000000001c0e28a0
Event: 2.356 loading class 0x000000001c0e28a0 done
Event: 2.554 loading class 0x00000000026176b0
Event: 2.554 loading class 0x00000000026176b0 done


Dynamic libraries:
0x000000013fe30000 - 0x000000013fe63000 	C:\Program Files\Java\jdk1.7.0_11\bin\java.exe
0x0000000077210000 - 0x00000000773b9000 	C:\Windows\SYSTEM32\ntdll.dll
0x0000000076ff0000 - 0x000000007710f000 	C:\Windows\system32\kernel32.dll
0x000007fefd310000 - 0x000007fefd37b000 	C:\Windows\system32\KERNELBASE.dll
0x000007fefe750000 - 0x000007fefe82b000 	C:\Windows\system32\ADVAPI32.dll
0x000007fefedd0000 - 0x000007fefee6f000 	C:\Windows\system32\msvcrt.dll
0x000007feff410000 - 0x000007feff42f000 	C:\Windows\SYSTEM32\sechost.dll
0x000007fefd530000 - 0x000007fefd65d000 	C:\Windows\system32\RPCRT4.dll
0x0000000077110000 - 0x000000007720a000 	C:\Windows\system32\USER32.dll
0x000007feff430000 - 0x000007feff497000 	C:\Windows\system32\GDI32.dll
0x000007fefedc0000 - 0x000007fefedce000 	C:\Windows\system32\LPK.dll
0x000007fefe860000 - 0x000007fefe929000 	C:\Windows\system32\USP10.dll
0x000007fefbc30000 - 0x000007fefbe24000 	C:\Windows\WinSxS\amd64_microsoft.windows.common-controls_6595b64144ccf1df_6.0.7601.17514_none_fa396087175ac9ac\COMCTL32.dll
0x000007feff390000 - 0x000007feff401000 	C:\Windows\system32\SHLWAPI.dll
0x000007fefe830000 - 0x000007fefe85e000 	C:\Windows\system32\IMM32.DLL
0x000007feff000000 - 0x000007feff109000 	C:\Windows\system32\MSCTF.dll
0x0000000070190000 - 0x0000000070261000 	C:\Program Files\Java\jdk1.7.0_11\jre\bin\msvcr100.dll
0x000000006a580000 - 0x000000006ac9f000 	C:\Program Files\Java\jdk1.7.0_11\jre\bin\server\jvm.dll
0x000007feee8c0000 - 0x000007feee8c9000 	C:\Windows\system32\WSOCK32.dll
0x000007feff240000 - 0x000007feff28d000 	C:\Windows\system32\WS2_32.dll
0x000007fefef50000 - 0x000007fefef58000 	C:\Windows\system32\NSI.dll
0x000007fefaf30000 - 0x000007fefaf6b000 	C:\Windows\system32\WINMM.dll
0x00000000773e0000 - 0x00000000773e7000 	C:\Windows\system32\PSAPI.DLL
0x0000000073fe0000 - 0x0000000073fef000 	C:\Program Files\Java\jdk1.7.0_11\jre\bin\verify.dll
0x0000000073fb0000 - 0x0000000073fd8000 	C:\Program Files\Java\jdk1.7.0_11\jre\bin\java.dll
0x0000000073f90000 - 0x0000000073fa5000 	C:\Program Files\Java\jdk1.7.0_11\jre\bin\zip.dll
0x0000000073f70000 - 0x0000000073f89000 	C:\Program Files\Java\jdk1.7.0_11\jre\bin\net.dll
0x000007fefc990000 - 0x000007fefc9e5000 	C:\Windows\system32\mswsock.dll
0x000007fefc980000 - 0x000007fefc987000 	C:\Windows\System32\wship6.dll
0x0000000073d70000 - 0x0000000073d81000 	C:\Program Files\Java\jdk1.7.0_11\jre\bin\nio.dll

VM Arguments:
jvm_args: -Djava.awt.headless=true -Xmx8g -Dfile.encoding=GBK -Duser.country=CN -Duser.language=zh -Duser.variant 
java_command: com.android.dx.command.Main --dex --force-jumbo --num-threads=4 --multi-dex --output E:\studio\VkoCircleS\app\build\intermediates\transforms\dex\debug\folders\1000\10\okio-1.6.0_671a812466aa5c41dec3ace1068711b80cf40b21 C:\Users\JiaRH\.gradle\caches\modules-2\files-2.1\com.squareup.okio\okio\1.6.0\98476622f10715998eacf9240d6b479f12c66143\okio-1.6.0.jar
Launcher Type: SUN_STANDARD

Environment Variables:
JAVA_HOME=C:\Program Files\Java\jdk1.7.0_11
CLASSPATH=.;C:\Program Files\Java\jdk1.7.0_11\lib\dt.jar;C:\Program Files\Java\jdk1.7.0_11\lib\tools.jar;
PATH=C:\Program Files\Java\jdk1.7.0_11\bin;C:\Program Files\Java\jdk1.7.0_11\jre\bin;C:\Windows\system32;C:\Windows;C:\Windows\System32\Wbem;C:\Windows\System32\WindowsPowerShell\v1.0\;C:\Program Files\nodejs\;d:\dev\maven\bin;C:\Users\JiaRH\AppData\Local\Android\Sdk\platform-tools.*;C:\Program Files\TortoiseSVN\bin;F:\zookeeper\zookeeper-3.4.8\zookeeper-3.4.8\bin
USERNAME=JiaRH
OS=Windows_NT
PROCESSOR_IDENTIFIER=Intel64 Family 6 Model 58 Stepping 9, GenuineIntel



---------------  S Y S T E M  ---------------

OS: Windows 7 , 64 bit Build 7601 Service Pack 1

CPU:total 4 (2 cores per cpu, 2 threads per core) family 6 model 58 stepping 9, cmov, cx8, fxsr, mmx, sse, sse2, sse3, ssse3, sse4.1, sse4.2, popcnt, avx, ht, tsc, tscinvbit, tscinv

Memory: 4k page, physical 8279396k(2806240k free), swap 8687152k(4824k free)

vm_info: Java HotSpot(TM) 64-Bit Server VM (23.6-b04) for windows-amd64 JRE (1.7.0_11-b21), built on Jan 12 2013 02:38:42 by "java_re" with unknown MS VC++:1600

time: Mon Nov 14 17:18:31 2016
elapsed time: 2 seconds

