#
# There is insufficient memory for the Java Runtime Environment to continue.
# Native memory allocation (malloc) failed to allocate 49040 bytes for Chunk::new
# Possible reasons:
#   The system is out of physical RAM or swap space
#   In 32 bit mode, the process size limit was hit
# Possible solutions:
#   Reduce memory load on the system
#   Increase physical memory or swap space
#   Check if swap backing store is full
#   Use 64 bit Java on a 64 bit OS
#   Decrease Java heap size (-Xmx/-Xms)
#   Decrease number of Java threads
#   Decrease Java thread stack sizes (-Xss)
#   Set larger code cache with -XX:ReservedCodeCacheSize=
# This output file may be truncated or incomplete.
#
#  Out of Memory Error (allocation.cpp:328), pid=4576, tid=5368
#
# JRE version: 7.0_11-b21
# Java VM: Java HotSpot(TM) 64-Bit Server VM (23.6-b04 mixed mode windows-amd64 compressed oops)
# Failed to write core dump. Minidumps are not enabled by default on client versions of Windows
#

---------------  T H R E A D  ---------------

Current thread (0x000000001c09b800):  JavaThread "C2 CompilerThread0" daemon [_thread_in_native, id=5368, stack(0x000000001d860000,0x000000001d960000)]

Stack: [0x000000001d860000,0x000000001d960000]

Current CompileTask:
C2:  13418  421             com.android.dx.dex.code.BlockAddresses::setupArrays (113 bytes)


---------------  P R O C E S S  ---------------

Java Threads: ( => current thread )
  0x000000001dbb7000 JavaThread "pool-2-thread-4" [_thread_in_Java, id=8616, stack(0x000000001ceb0000,0x000000001cfb0000)]
  0x000000001dbb6000 JavaThread "pool-2-thread-3" [_thread_blocked, id=5192, stack(0x000000001e5c0000,0x000000001e6c0000)]
  0x000000001dbb5800 JavaThread "pool-2-thread-2" [_thread_blocked, id=7932, stack(0x000000001e450000,0x000000001e550000)]
  0x000000001dba3000 JavaThread "pool-3-thread-1" [_thread_blocked, id=6880, stack(0x000000001e220000,0x000000001e320000)]
  0x000000001daf9800 JavaThread "pool-2-thread-1" [_thread_blocked, id=3596, stack(0x000000001e0a0000,0x000000001e1a0000)]
  0x000000001c0a6800 JavaThread "Service Thread" daemon [_thread_blocked, id=7936, stack(0x000000001d980000,0x000000001da80000)]
  0x000000001c0a5800 JavaThread "C2 CompilerThread1" daemon [_thread_in_vm, id=5128, stack(0x000000001d0b0000,0x000000001d1b0000)]
=>0x000000001c09b800 JavaThread "C2 CompilerThread0" daemon [_thread_in_native, id=5368, stack(0x000000001d860000,0x000000001d960000)]
  0x000000001c09a800 JavaThread "Attach Listener" daemon [_thread_blocked, id=8236, stack(0x000000001d5d0000,0x000000001d6d0000)]
  0x000000001c093800 JavaThread "Signal Dispatcher" daemon [_thread_blocked, id=8884, stack(0x000000001d360000,0x000000001d460000)]
  0x0000000002531800 JavaThread "Finalizer" daemon [_thread_blocked, id=5376, stack(0x000000001d480000,0x000000001d580000)]
  0x0000000002530000 JavaThread "Reference Handler" daemon [_thread_blocked, id=8472, stack(0x000000001d1d0000,0x000000001d2d0000)]
  0x0000000001d5c800 JavaThread "main" [_thread_blocked, id=8504, stack(0x0000000002580000,0x0000000002680000)]

Other Threads:
  0x000000001bff1800 VMThread [stack: 0x000000001cfb0000,0x000000001d0b0000] [id=6008]
  0x000000001da90800 WatcherThread [stack: 0x000000001d760000,0x000000001d860000] [id=8452]

VM state:not at safepoint (normal execution)

VM Mutex/Monitor currently owned by a thread: None

Heap
 PSYoungGen      total 70144K, used 14000K [0x0000000755560000, 0x0000000759f20000, 0x0000000800000000)
  eden space 64768K, 13% used [0x0000000755560000,0x0000000755dd0530,0x00000007594a0000)
  from space 5376K, 99% used [0x00000007599e0000,0x0000000759f1bd68,0x0000000759f20000)
  to   space 5376K, 0% used [0x00000007594a0000,0x00000007594a0000,0x00000007599e0000)
 ParOldGen       total 86272K, used 5222K [0x0000000600000000, 0x0000000605440000, 0x0000000755560000)
  object space 86272K, 6% used [0x0000000600000000,0x0000000600519818,0x0000000605440000)
 PSPermGen       total 21248K, used 5942K [0x00000005fae00000, 0x00000005fc2c0000, 0x0000000600000000)
  object space 21248K, 27% used [0x00000005fae00000,0x00000005fb3cdb28,0x00000005fc2c0000)

Card table byte_map: [0x0000000005790000,0x00000000067c0000] byte_map_base: 0x00000000027b9000

Polling page: 0x0000000000230000

Code Cache  [0x0000000002790000, 0x0000000002a00000, 0x0000000005790000)
 total_blobs=657 nmethods=420 adapters=188 free_code_cache=47371Kb largest_free_block=48446784

Compilation events (10 events):
Event: 12.990 Thread 0x000000001c09b800 nmethod 417 0x0000000002929150 code [0x0000000002929280, 0x00000000029292f8]
Event: 12.990 Thread 0x000000001c09b800  418             com.android.dx.ssa.LocalVariableExtractor::processBlock (383 bytes)
Event: 13.001 Thread 0x000000001c0a5800 nmethod 416 0x0000000002935090 code [0x0000000002935240, 0x0000000002935958]
Event: 13.001 Thread 0x000000001c0a5800  419   !         com.android.dx.cf.cst.ConstantPoolParser::parse0 (731 bytes)
Event: 13.069 Thread 0x000000001c0a5800 nmethod 419 0x000000000294e910 code [0x000000000294ee40, 0x0000000002951330]
Event: 13.088 Thread 0x000000001c09b800 nmethod 418 0x0000000002957550 code [0x0000000002957800, 0x00000000029594e0]
Event: 13.409 Thread 0x000000001c0a5800  420             com.android.dx.rop.code.LocalVariableExtractor::doit (49 bytes)
Event: 13.411 Thread 0x000000001c09b800  421             com.android.dx.dex.code.BlockAddresses::setupArrays (113 bytes)
Event: 13.412 Thread 0x000000001c0a5800 nmethod 420 0x000000000292be90 code [0x000000000292bfe0, 0x000000000292c1a8]
Event: 13.413 Thread 0x000000001c0a5800  422             com.android.dx.dex.code.RopTranslator::outputInstructions (69 bytes)

GC Heap History (4 events):
Event: 10.340 GC heap before
{Heap before GC invocations=1 (full 0):
 PSYoungGen      total 37760K, used 32384K [0x0000000755560000, 0x0000000757f80000, 0x0000000800000000)
  eden space 32384K, 100% used [0x0000000755560000,0x0000000757500000,0x0000000757500000)
  from space 5376K, 0% used [0x0000000757a40000,0x0000000757a40000,0x0000000757f80000)
  to   space 5376K, 0% used [0x0000000757500000,0x0000000757500000,0x0000000757a40000)
 ParOldGen       total 86272K, used 0K [0x0000000600000000, 0x0000000605440000, 0x0000000755560000)
  object space 86272K, 0% used [0x0000000600000000,0x0000000600000000,0x0000000605440000)
 PSPermGen       total 21248K, used 5866K [0x00000005fae00000, 0x00000005fc2c0000, 0x0000000600000000)
  object space 21248K, 27% used [0x00000005fae00000,0x00000005fb3baa00,0x00000005fc2c0000)
Event: 11.060 GC heap after
Heap after GC invocations=1 (full 0):
 PSYoungGen      total 37760K, used 5363K [0x0000000755560000, 0x0000000759f20000, 0x0000000800000000)
  eden space 32384K, 0% used [0x0000000755560000,0x0000000755560000,0x0000000757500000)
  from space 5376K, 99% used [0x0000000757500000,0x0000000757a3cdf0,0x0000000757a40000)
  to   space 5376K, 0% used [0x00000007599e0000,0x00000007599e0000,0x0000000759f20000)
 ParOldGen       total 86272K, used 1455K [0x0000000600000000, 0x0000000605440000, 0x0000000755560000)
  object space 86272K, 1% used [0x0000000600000000,0x000000060016bfd0,0x0000000605440000)
 PSPermGen       total 21248K, used 5866K [0x00000005fae00000, 0x00000005fc2c0000, 0x0000000600000000)
  object space 21248K, 27% used [0x00000005fae00000,0x00000005fb3baa00,0x00000005fc2c0000)
}
Event: 12.461 GC heap before
{Heap before GC invocations=2 (full 0):
 PSYoungGen      total 37760K, used 37747K [0x0000000755560000, 0x0000000759f20000, 0x0000000800000000)
  eden space 32384K, 100% used [0x0000000755560000,0x0000000757500000,0x0000000757500000)
  from space 5376K, 99% used [0x0000000757500000,0x0000000757a3cdf0,0x0000000757a40000)
  to   space 5376K, 0% used [0x00000007599e0000,0x00000007599e0000,0x0000000759f20000)
 ParOldGen       total 86272K, used 1455K [0x0000000600000000, 0x0000000605440000, 0x0000000755560000)
  object space 86272K, 1% used [0x0000000600000000,0x000000060016bfd0,0x0000000605440000)
 PSPermGen       total 21248K, used 5924K [0x00000005fae00000, 0x00000005fc2c0000, 0x0000000600000000)
  object space 21248K, 27% used [0x00000005fae00000,0x00000005fb3c9340,0x00000005fc2c0000)
Event: 12.544 GC heap after
Heap after GC invocations=2 (full 0):
 PSYoungGen      total 70144K, used 5359K [0x0000000755560000, 0x0000000759f20000, 0x0000000800000000)
  eden space 64768K, 0% used [0x0000000755560000,0x0000000755560000,0x00000007594a0000)
  from space 5376K, 99% used [0x00000007599e0000,0x0000000759f1bd68,0x0000000759f20000)
  to   space 5376K, 0% used [0x00000007594a0000,0x00000007594a0000,0x00000007599e0000)
 ParOldGen       total 86272K, used 5222K [0x0000000600000000, 0x0000000605440000, 0x0000000755560000)
  object space 86272K, 6% used [0x0000000600000000,0x0000000600519818,0x0000000605440000)
 PSPermGen       total 21248K, used 5924K [0x00000005fae00000, 0x00000005fc2c0000, 0x0000000600000000)
  object space 21248K, 27% used [0x00000005fae00000,0x00000005fb3c9340,0x00000005fc2c0000)
}

Deoptimization events (8 events):
Event: 9.809 Thread 0x000000001dbb7000 Uncommon trap -34 fr.pc 0x0000000002804d9c
Event: 9.809 Thread 0x000000001dbb7000 Uncommon trap -34 fr.pc 0x0000000002804d9c
Event: 9.809 Thread 0x000000001dbb7000 Uncommon trap -34 fr.pc 0x0000000002804d9c
Event: 9.810 Thread 0x000000001dbb7000 Uncommon trap -34 fr.pc 0x0000000002804d9c
Event: 9.860 Thread 0x000000001daf9800 Uncommon trap -12 fr.pc 0x0000000002812540
Event: 11.535 Thread 0x000000001daf9800 Uncommon trap -12 fr.pc 0x000000000281bb5c
Event: 12.011 Thread 0x000000001dbb7000 Uncommon trap -83 fr.pc 0x0000000002847208
Event: 12.037 Thread 0x000000001daf9800 Uncommon trap -83 fr.pc 0x00000000028a9b68

Internal exceptions (10 events):
Event: 9.508 Thread 0x000000001dbb6000 Threw 0x0000000755e969e8 at C:\jdk7u1_64p\jdk7u11\hotspot\src\share\vm\prims\jvm.cpp:1166
Event: 9.509 Thread 0x000000001dbb6000 Threw 0x0000000755e9ae90 at C:\jdk7u1_64p\jdk7u11\hotspot\src\share\vm\prims\jvm.cpp:1166
Event: 9.510 Thread 0x000000001dbb6000 Threw 0x0000000755ea39a0 at C:\jdk7u1_64p\jdk7u11\hotspot\src\share\vm\prims\jvm.cpp:1166
Event: 9.526 Thread 0x000000001dbb6000 Threw 0x0000000755ed1bc8 at C:\jdk7u1_64p\jdk7u11\hotspot\src\share\vm\prims\jvm.cpp:1166
Event: 9.577 Thread 0x000000001dbb7000 Threw 0x0000000755fcd290 at C:\jdk7u1_64p\jdk7u11\hotspot\src\share\vm\prims\jvm.cpp:1166
Event: 9.662 Thread 0x000000001dbb5800 Threw 0x0000000755cea1a8 at C:\jdk7u1_64p\jdk7u11\hotspot\src\share\vm\prims\jvm.cpp:1166
Event: 9.859 Thread 0x000000001daf9800 Implicit null exception at 0x0000000002811cb4 to 0x0000000002812525
Event: 9.971 Thread 0x000000001daf9800 Threw 0x00000007560f9730 at C:\jdk7u1_64p\jdk7u11\hotspot\src\share\vm\prims\jvm.cpp:1166
Event: 10.303 Thread 0x0000000001d5c800 Threw 0x00000007573ffa70 at C:\jdk7u1_64p\jdk7u11\hotspot\src\share\vm\prims\jvm.cpp:1166
Event: 11.535 Thread 0x000000001daf9800 Implicit null exception at 0x000000000281b0b9 to 0x000000000281bb41

Events (10 events):
Event: 12.548 Executing VM operation: RevokeBias
Event: 12.549 Executing VM operation: RevokeBias done
Event: 12.549 Executing VM operation: RevokeBias
Event: 12.549 Executing VM operation: RevokeBias done
Event: 12.549 Executing VM operation: BulkRevokeBias
Event: 12.549 Executing VM operation: BulkRevokeBias done
Event: 13.049 loading class 0x0000000002539c10
Event: 13.050 loading class 0x0000000002539c10 done
Event: 13.050 loading class 0x000000000253d4f0
Event: 13.050 loading class 0x000000000253d4f0 done


Dynamic libraries:
0x000000013f3e0000 - 0x000000013f413000 	C:\Program Files\Java\jdk1.7.0_11\bin\java.exe
0x00000000775d0000 - 0x0000000077779000 	C:\Windows\SYSTEM32\ntdll.dll
0x00000000774b0000 - 0x00000000775cf000 	C:\Windows\system32\kernel32.dll
0x000007fefd740000 - 0x000007fefd7ab000 	C:\Windows\system32\KERNELBASE.dll
0x000007fefedc0000 - 0x000007fefee9b000 	C:\Windows\system32\ADVAPI32.dll
0x000007fefded0000 - 0x000007fefdf6f000 	C:\Windows\system32\msvcrt.dll
0x000007feff860000 - 0x000007feff87f000 	C:\Windows\SYSTEM32\sechost.dll
0x000007feff730000 - 0x000007feff85d000 	C:\Windows\system32\RPCRT4.dll
0x00000000773b0000 - 0x00000000774aa000 	C:\Windows\system32\USER32.dll
0x000007feff100000 - 0x000007feff167000 	C:\Windows\system32\GDI32.dll
0x000007fefdf70000 - 0x000007fefdf7e000 	C:\Windows\system32\LPK.dll
0x000007feff420000 - 0x000007feff4e9000 	C:\Windows\system32\USP10.dll
0x000007fefbf90000 - 0x000007fefc184000 	C:\Windows\WinSxS\amd64_microsoft.windows.common-controls_6595b64144ccf1df_6.0.7601.17514_none_fa396087175ac9ac\COMCTL32.dll
0x000007fefd8f0000 - 0x000007fefd961000 	C:\Windows\system32\SHLWAPI.dll
0x000007feff4f0000 - 0x000007feff51e000 	C:\Windows\system32\IMM32.DLL
0x000007feff540000 - 0x000007feff649000 	C:\Windows\system32\MSCTF.dll
0x0000000073e70000 - 0x0000000073f41000 	C:\Program Files\Java\jdk1.7.0_11\jre\bin\msvcr100.dll
0x0000000054dd0000 - 0x00000000554ef000 	C:\Program Files\Java\jdk1.7.0_11\jre\bin\server\jvm.dll
0x000007fef73e0000 - 0x000007fef73e9000 	C:\Windows\system32\WSOCK32.dll
0x000007fefeea0000 - 0x000007fefeeed000 	C:\Windows\system32\WS2_32.dll
0x000007fefed10000 - 0x000007fefed18000 	C:\Windows\system32\NSI.dll
0x000007fefb420000 - 0x000007fefb45b000 	C:\Windows\system32\WINMM.dll
0x00000000777a0000 - 0x00000000777a7000 	C:\Windows\system32\PSAPI.DLL
0x0000000074000000 - 0x000000007400f000 	C:\Program Files\Java\jdk1.7.0_11\jre\bin\verify.dll
0x0000000073b60000 - 0x0000000073b88000 	C:\Program Files\Java\jdk1.7.0_11\jre\bin\java.dll
0x00000000739b0000 - 0x00000000739c5000 	C:\Program Files\Java\jdk1.7.0_11\jre\bin\zip.dll
0x0000000073990000 - 0x00000000739a9000 	C:\Program Files\Java\jdk1.7.0_11\jre\bin\net.dll
0x000007fefcd50000 - 0x000007fefcda5000 	C:\Windows\system32\mswsock.dll
0x000007fefcd40000 - 0x000007fefcd47000 	C:\Windows\System32\wship6.dll
0x0000000073970000 - 0x0000000073981000 	C:\Program Files\Java\jdk1.7.0_11\jre\bin\nio.dll

VM Arguments:
jvm_args: -Djava.awt.headless=true -Xmx8g -Dfile.encoding=GBK -Duser.country=CN -Duser.language=zh -Duser.variant 
java_command: com.android.dx.command.Main --dex --force-jumbo --num-threads=4 --multi-dex --output E:\studio\VkoCircleS\app\build\intermediates\transforms\dex\official\debug\folders\1000\10\library-2.4.0_4c7c91b8c941c0597a3dae838aed114c437dbf34 C:\Users\JiaRH\.gradle\caches\modules-2\files-2.1\com.nineoldandroids\library\2.4.0\e9b63380f3a242dbdbf103a2355ad7e43bad17cb\library-2.4.0.jar
Launcher Type: SUN_STANDARD

Environment Variables:
JAVA_HOME=C:\Program Files\Java\jdk1.7.0_11
CLASSPATH=.;C:\Program Files\Java\jdk1.7.0_11\lib\dt.jar;C:\Program Files\Java\jdk1.7.0_11\lib\tools.jar;
PATH=C:\Program Files\Java\jdk1.7.0_11\bin;C:\Program Files\Java\jdk1.7.0_11\jre\bin;C:\Windows\system32;C:\Windows;C:\Windows\System32\Wbem;C:\Windows\System32\WindowsPowerShell\v1.0\;C:\Program Files\nodejs\;d:\dev\maven\bin;C:\Users\JiaRH\AppData\Local\Android\Sdk\platform-tools.*;C:\Program Files\TortoiseSVN\bin;F:\zookeeper\zookeeper-3.4.8\zookeeper-3.4.8\bin
USERNAME=JiaRH
OS=Windows_NT
PROCESSOR_IDENTIFIER=Intel64 Family 6 Model 58 Stepping 9, GenuineIntel



---------------  S Y S T E M  ---------------

OS: Windows 7 , 64 bit Build 7601 Service Pack 1

CPU:total 4 (2 cores per cpu, 2 threads per core) family 6 model 58 stepping 9, cmov, cx8, fxsr, mmx, sse, sse2, sse3, ssse3, sse4.1, sse4.2, popcnt, avx, ht, tsc, tscinvbit, tscinv

Memory: 4k page, physical 8279396k(2225484k free), swap 8687152k(5080k free)

vm_info: Java HotSpot(TM) 64-Bit Server VM (23.6-b04) for windows-amd64 JRE (1.7.0_11-b21), built on Jan 12 2013 02:38:42 by "java_re" with unknown MS VC++:1600

time: Wed Nov 09 14:43:13 2016
elapsed time: 13 seconds

