#
# There is insufficient memory for the Java Runtime Environment to continue.
# Native memory allocation (malloc) failed to allocate 648816 bytes for Chunk::new
# Possible reasons:
#   The system is out of physical RAM or swap space
#   In 32 bit mode, the process size limit was hit
# Possible solutions:
#   Reduce memory load on the system
#   Increase physical memory or swap space
#   Check if swap backing store is full
#   Use 64 bit Java on a 64 bit OS
#   Decrease Java heap size (-Xmx/-Xms)
#   Decrease number of Java threads
#   Decrease Java thread stack sizes (-Xss)
#   Set larger code cache with -XX:ReservedCodeCacheSize=
# This output file may be truncated or incomplete.
#
#  Out of Memory Error (allocation.cpp:328), pid=7092, tid=6868
#
# JRE version: 7.0_11-b21
# Java VM: Java HotSpot(TM) 64-Bit Server VM (23.6-b04 mixed mode windows-amd64 compressed oops)
# Failed to write core dump. Minidumps are not enabled by default on client versions of Windows
#

---------------  T H R E A D  ---------------

Current thread (0x000000001c091000):  JavaThread "C2 CompilerThread1" daemon [_thread_in_native, id=6868, stack(0x000000001d9d0000,0x000000001dad0000)]

Stack: [0x000000001d9d0000,0x000000001dad0000]

Current CompileTask:
C2:   3966  273   !         com.android.dx.cf.code.Ropper::processBlock (1101 bytes)


---------------  P R O C E S S  ---------------

Java Threads: ( => current thread )
  0x000000001e0b1800 JavaThread "pool-2-thread-4" [_thread_in_vm, id=7944, stack(0x000000001ea40000,0x000000001eb40000)]
  0x000000001e0b1000 JavaThread "pool-2-thread-3" [_thread_in_vm, id=5932, stack(0x000000001e860000,0x000000001e960000)]
  0x000000001e02d800 JavaThread "pool-2-thread-2" [_thread_in_vm, id=8640, stack(0x000000001e720000,0x000000001e820000)]
  0x000000001df9d000 JavaThread "pool-3-thread-1" [_thread_blocked, id=4960, stack(0x000000001e620000,0x000000001e720000)]
  0x000000001dfa1800 JavaThread "pool-2-thread-1" [_thread_in_vm, id=7224, stack(0x000000001e380000,0x000000001e480000)]
  0x000000001c091800 JavaThread "Service Thread" daemon [_thread_blocked, id=6820, stack(0x000000001dcb0000,0x000000001ddb0000)]
=>0x000000001c091000 JavaThread "C2 CompilerThread1" daemon [_thread_in_native, id=6868, stack(0x000000001d9d0000,0x000000001dad0000)]
  0x000000001c08b800 JavaThread "C2 CompilerThread0" daemon [_thread_in_native, id=8520, stack(0x000000001d7f0000,0x000000001d8f0000)]
  0x000000001c08a800 JavaThread "Attach Listener" daemon [_thread_blocked, id=7788, stack(0x000000001d650000,0x000000001d750000)]
  0x000000001c083800 JavaThread "Signal Dispatcher" daemon [_thread_blocked, id=5832, stack(0x000000001d510000,0x000000001d610000)]
  0x00000000025c7000 JavaThread "Finalizer" daemon [_thread_blocked, id=2108, stack(0x000000001d310000,0x000000001d410000)]
  0x00000000025c0000 JavaThread "Reference Handler" daemon [_thread_blocked, id=5356, stack(0x000000001d150000,0x000000001d250000)]
  0x00000000024cc800 JavaThread "main" [_thread_in_vm, id=1260, stack(0x00000000027d0000,0x00000000028d0000)]

Other Threads:
  0x000000001bfe1800 VMThread [stack: 0x000000001cfd0000,0x000000001d0d0000] [id=9120]
  0x000000001c0ab000 WatcherThread [stack: 0x000000001ddf0000,0x000000001def0000] [id=6856]

VM state:not at safepoint (normal execution)

VM Mutex/Monitor currently owned by a thread: None

Heap
 PSYoungGen      total 37760K, used 35761K [0x0000000755560000, 0x0000000759f20000, 0x0000000800000000)
  eden space 32384K, 93% used [0x0000000755560000,0x0000000757313388,0x0000000757500000)
  from space 5376K, 99% used [0x0000000757500000,0x0000000757a393b0,0x0000000757a40000)
  to   space 5376K, 0% used [0x00000007599e0000,0x00000007599e0000,0x0000000759f20000)
 ParOldGen       total 86272K, used 963K [0x0000000600000000, 0x0000000605440000, 0x0000000755560000)
  object space 86272K, 1% used [0x0000000600000000,0x00000006000f0c50,0x0000000605440000)
 PSPermGen       total 21248K, used 5955K [0x00000005fae00000, 0x00000005fc2c0000, 0x0000000600000000)
  object space 21248K, 28% used [0x00000005fae00000,0x00000005fb3d0ca8,0x00000005fc2c0000)

Card table byte_map: [0x00000000058d0000,0x0000000006900000] byte_map_base: 0x00000000028f9000

Polling page: 0x0000000000330000

Code Cache  [0x00000000028d0000, 0x0000000002b40000, 0x00000000058d0000)
 total_blobs=528 nmethods=291 adapters=188 free_code_cache=47825Kb largest_free_block=48950528

Compilation events (10 events):
Event: 3.932 Thread 0x000000001c08b800 nmethod 285 0x0000000002a0dc10 code [0x0000000002a0dd60, 0x0000000002a0deb8]
Event: 3.932 Thread 0x000000001c08b800  286             java.util.ArrayList::subListRangeCheck (110 bytes)
Event: 3.932 Thread 0x000000001c08b800 nmethod 286 0x0000000002a0d990 code [0x0000000002a0dac0, 0x0000000002a0db38]
Event: 3.932 Thread 0x000000001c08b800  287             java.util.ArrayList$SubList::<init> (46 bytes)
Event: 3.933 Thread 0x000000001c08b800 nmethod 287 0x0000000002a0d710 code [0x0000000002a0d840, 0x0000000002a0d8f8]
Event: 3.933 Thread 0x000000001c08b800  288             java.util.ArrayList$SubList::size (9 bytes)
Event: 3.934 Thread 0x000000001c08b800 nmethod 288 0x0000000002a0d490 code [0x0000000002a0d5c0, 0x0000000002a0d658]
Event: 3.934 Thread 0x000000001c08b800  289             com.android.dx.ssa.SsaMethod::forEachBlockDepthFirstDom (128 bytes)
Event: 3.961 Thread 0x000000001c08b800 nmethod 289 0x0000000002a1e9d0 code [0x0000000002a1ec20, 0x0000000002a1fa00]
Event: 3.961 Thread 0x000000001c08b800  290             com.android.dx.rop.code.RegisterSpecSet::localItemToSpec (49 bytes)

GC Heap History (2 events):
Event: 2.094 GC heap before
{Heap before GC invocations=1 (full 0):
 PSYoungGen      total 37760K, used 32384K [0x0000000755560000, 0x0000000757f80000, 0x0000000800000000)
  eden space 32384K, 100% used [0x0000000755560000,0x0000000757500000,0x0000000757500000)
  from space 5376K, 0% used [0x0000000757a40000,0x0000000757a40000,0x0000000757f80000)
  to   space 5376K, 0% used [0x0000000757500000,0x0000000757500000,0x0000000757a40000)
 ParOldGen       total 86272K, used 0K [0x0000000600000000, 0x0000000605440000, 0x0000000755560000)
  object space 86272K, 0% used [0x0000000600000000,0x0000000600000000,0x0000000605440000)
 PSPermGen       total 21248K, used 5864K [0x00000005fae00000, 0x00000005fc2c0000, 0x0000000600000000)
  object space 21248K, 27% used [0x00000005fae00000,0x00000005fb3ba040,0x00000005fc2c0000)
Event: 2.132 GC heap after
Heap after GC invocations=1 (full 0):
 PSYoungGen      total 37760K, used 5348K [0x0000000755560000, 0x0000000759f20000, 0x0000000800000000)
  eden space 32384K, 0% used [0x0000000755560000,0x0000000755560000,0x0000000757500000)
  from space 5376K, 99% used [0x0000000757500000,0x0000000757a393b0,0x0000000757a40000)
  to   space 5376K, 0% used [0x00000007599e0000,0x00000007599e0000,0x0000000759f20000)
 ParOldGen       total 86272K, used 963K [0x0000000600000000, 0x0000000605440000, 0x0000000755560000)
  object space 86272K, 1% used [0x0000000600000000,0x00000006000f0c50,0x0000000605440000)
 PSPermGen       total 21248K, used 5864K [0x00000005fae00000, 0x00000005fc2c0000, 0x0000000600000000)
  object space 21248K, 27% used [0x00000005fae00000,0x00000005fb3ba040,0x00000005fc2c0000)
}

Deoptimization events (10 events):
Event: 0.918 Thread 0x000000001e0b1000 Uncommon trap -34 fr.pc 0x0000000002946234
Event: 0.982 Thread 0x000000001e0b1000 Uncommon trap -122 fr.pc 0x000000000295d48c
Event: 1.049 Thread 0x000000001e02d800 Uncommon trap -58 fr.pc 0x0000000002965d74
Event: 1.049 Thread 0x000000001e02d800 Uncommon trap -58 fr.pc 0x0000000002965d74
Event: 1.654 Thread 0x000000001e02d800 Uncommon trap -58 fr.pc 0x0000000002965d74
Event: 1.654 Thread 0x000000001e02d800 Uncommon trap -58 fr.pc 0x0000000002965d74
Event: 1.655 Thread 0x000000001e02d800 Uncommon trap -58 fr.pc 0x0000000002960860
Event: 1.655 Thread 0x000000001e02d800 Uncommon trap -58 fr.pc 0x0000000002976ef8
Event: 2.351 Thread 0x000000001e0b1000 Uncommon trap -12 fr.pc 0x0000000002990d8c
Event: 2.376 Thread 0x000000001e0b1000 Uncommon trap -12 fr.pc 0x000000000299b2d4

Internal exceptions (10 events):
Event: 0.758 Thread 0x000000001e0b1000 Threw 0x0000000756028a40 at C:\jdk7u1_64p\jdk7u11\hotspot\src\share\vm\prims\jvm.cpp:1166
Event: 0.865 Thread 0x000000001dfa1800 Implicit null exception at 0x000000000294af83 to 0x000000000294b309
Event: 2.351 Thread 0x000000001e0b1000 Implicit null exception at 0x000000000298fe84 to 0x0000000002990d71
Event: 2.376 Thread 0x000000001e0b1000 Implicit null exception at 0x000000000299a464 to 0x000000000299b2a5
Event: 2.550 Thread 0x00000000024cc800 Threw 0x0000000755e58090 at C:\jdk7u1_64p\jdk7u11\hotspot\src\share\vm\prims\jvm.cpp:1166
Event: 2.551 Thread 0x00000000024cc800 Threw 0x0000000755e61da8 at C:\jdk7u1_64p\jdk7u11\hotspot\src\share\vm\prims\jvm.cpp:1166
Event: 2.551 Thread 0x00000000024cc800 Threw 0x0000000755e63fc8 at C:\jdk7u1_64p\jdk7u11\hotspot\src\share\vm\prims\jvm.cpp:1166
Event: 2.743 Thread 0x000000001e02d800 Threw 0x00000007561febb0 at C:\jdk7u1_64p\jdk7u11\hotspot\src\share\vm\prims\jvm.cpp:1166
Event: 2.942 Thread 0x00000000024cc800 Threw 0x00000007566bdb48 at C:\jdk7u1_64p\jdk7u11\hotspot\src\share\vm\prims\jvm.cpp:1166
Event: 2.943 Thread 0x00000000024cc800 Threw 0x00000007566bfdc8 at C:\jdk7u1_64p\jdk7u11\hotspot\src\share\vm\prims\jvm.cpp:1166

Events (10 events):
Event: 2.551 loading class 0x000000001df24650
Event: 2.551 loading class 0x000000001df24650 done
Event: 2.551 loading class 0x000000001e18c390
Event: 2.551 loading class 0x000000001e18c390 done
Event: 2.743 loading class 0x000000001dfebfe0
Event: 2.743 loading class 0x000000001dfebfe0 done
Event: 2.942 loading class 0x000000001df64660
Event: 2.942 loading class 0x000000001df64660 done
Event: 2.943 loading class 0x000000001df246a0
Event: 2.943 loading class 0x000000001df246a0 done


Dynamic libraries:
0x000000013f3e0000 - 0x000000013f413000 	C:\Program Files\Java\jdk1.7.0_11\bin\java.exe
0x00000000775d0000 - 0x0000000077779000 	C:\Windows\SYSTEM32\ntdll.dll
0x00000000774b0000 - 0x00000000775cf000 	C:\Windows\system32\kernel32.dll
0x000007fefd740000 - 0x000007fefd7ab000 	C:\Windows\system32\KERNELBASE.dll
0x000007fefedc0000 - 0x000007fefee9b000 	C:\Windows\system32\ADVAPI32.dll
0x000007fefded0000 - 0x000007fefdf6f000 	C:\Windows\system32\msvcrt.dll
0x000007feff860000 - 0x000007feff87f000 	C:\Windows\SYSTEM32\sechost.dll
0x000007feff730000 - 0x000007feff85d000 	C:\Windows\system32\RPCRT4.dll
0x00000000773b0000 - 0x00000000774aa000 	C:\Windows\system32\USER32.dll
0x000007feff100000 - 0x000007feff167000 	C:\Windows\system32\GDI32.dll
0x000007fefdf70000 - 0x000007fefdf7e000 	C:\Windows\system32\LPK.dll
0x000007feff420000 - 0x000007feff4e9000 	C:\Windows\system32\USP10.dll
0x000007fefbf90000 - 0x000007fefc184000 	C:\Windows\WinSxS\amd64_microsoft.windows.common-controls_6595b64144ccf1df_6.0.7601.17514_none_fa396087175ac9ac\COMCTL32.dll
0x000007fefd8f0000 - 0x000007fefd961000 	C:\Windows\system32\SHLWAPI.dll
0x000007feff4f0000 - 0x000007feff51e000 	C:\Windows\system32\IMM32.DLL
0x000007feff540000 - 0x000007feff649000 	C:\Windows\system32\MSCTF.dll
0x0000000073e70000 - 0x0000000073f41000 	C:\Program Files\Java\jdk1.7.0_11\jre\bin\msvcr100.dll
0x0000000054dd0000 - 0x00000000554ef000 	C:\Program Files\Java\jdk1.7.0_11\jre\bin\server\jvm.dll
0x000007fef73e0000 - 0x000007fef73e9000 	C:\Windows\system32\WSOCK32.dll
0x000007fefeea0000 - 0x000007fefeeed000 	C:\Windows\system32\WS2_32.dll
0x000007fefed10000 - 0x000007fefed18000 	C:\Windows\system32\NSI.dll
0x000007fefb420000 - 0x000007fefb45b000 	C:\Windows\system32\WINMM.dll
0x00000000777a0000 - 0x00000000777a7000 	C:\Windows\system32\PSAPI.DLL
0x0000000074000000 - 0x000000007400f000 	C:\Program Files\Java\jdk1.7.0_11\jre\bin\verify.dll
0x0000000073b60000 - 0x0000000073b88000 	C:\Program Files\Java\jdk1.7.0_11\jre\bin\java.dll
0x00000000739b0000 - 0x00000000739c5000 	C:\Program Files\Java\jdk1.7.0_11\jre\bin\zip.dll
0x0000000073990000 - 0x00000000739a9000 	C:\Program Files\Java\jdk1.7.0_11\jre\bin\net.dll
0x000007fefcd50000 - 0x000007fefcda5000 	C:\Windows\system32\mswsock.dll
0x000007fefcd40000 - 0x000007fefcd47000 	C:\Windows\System32\wship6.dll
0x0000000073970000 - 0x0000000073981000 	C:\Program Files\Java\jdk1.7.0_11\jre\bin\nio.dll

VM Arguments:
jvm_args: -Djava.awt.headless=true -Xmx8g -Dfile.encoding=GBK -Duser.country=CN -Duser.language=zh -Duser.variant 
java_command: com.android.dx.command.Main --dex --force-jumbo --num-threads=4 --multi-dex --output E:\studio\VkoCircleS\app\build\intermediates\transforms\dex\official\debug\folders\1000\8\universal-image-loader-1.9.4_fab5dfc0194df13c69f5cbb6a5a66d5e0ccb5324 E:\studio\VkoCircleS\app\build\intermediates\exploded-aar\VkoCircleS\uikit\unspecified\jars\libs\universal-image-loader-1.9.4.jar
Launcher Type: SUN_STANDARD

Environment Variables:
JAVA_HOME=C:\Program Files\Java\jdk1.7.0_11
CLASSPATH=.;C:\Program Files\Java\jdk1.7.0_11\lib\dt.jar;C:\Program Files\Java\jdk1.7.0_11\lib\tools.jar;
PATH=C:\Program Files\Java\jdk1.7.0_11\bin;C:\Program Files\Java\jdk1.7.0_11\jre\bin;C:\Windows\system32;C:\Windows;C:\Windows\System32\Wbem;C:\Windows\System32\WindowsPowerShell\v1.0\;C:\Program Files\nodejs\;d:\dev\maven\bin;C:\Users\JiaRH\AppData\Local\Android\Sdk\platform-tools.*;C:\Program Files\TortoiseSVN\bin;F:\zookeeper\zookeeper-3.4.8\zookeeper-3.4.8\bin
USERNAME=JiaRH
OS=Windows_NT
PROCESSOR_IDENTIFIER=Intel64 Family 6 Model 58 Stepping 9, GenuineIntel



---------------  S Y S T E M  ---------------

OS: Windows 7 , 64 bit Build 7601 Service Pack 1

CPU:total 4 (2 cores per cpu, 2 threads per core) family 6 model 58 stepping 9, cmov, cx8, fxsr, mmx, sse, sse2, sse3, ssse3, sse4.1, sse4.2, popcnt, avx, ht, tsc, tscinvbit, tscinv

Memory: 4k page, physical 8279396k(2258276k free), swap 8687152k(4988k free)

vm_info: Java HotSpot(TM) 64-Bit Server VM (23.6-b04) for windows-amd64 JRE (1.7.0_11-b21), built on Jan 12 2013 02:38:42 by "java_re" with unknown MS VC++:1600

time: Wed Nov 09 14:48:51 2016
elapsed time: 3 seconds

